Running in wrapper mode for '20054'

Running python job.

{u'nfeatures': array([100]), u'bow_size': array([250]), u'svm_gamma': array([ 3.3127875]), u'edgeThreshold': array([ 50.]), u'svm_C': array([ 5.]), u'sigma': array([ 2.]), u'contrastThreshold': array([ 0.01])}
----- Fold: 0
Testing with 951 pos 1473 neg
Training with 3349 pos 5490 neg
--- Gather features---
--- Train BOW---
--- Make hists---
--- No histograms for 43 images ---
--- Fit model---
/usr/local/lib/python2.7/dist-packages/sklearn/svm/base.py:176: FutureWarning: elementwise comparison failed; returning scalar instead, but in the future will perform elementwise comparison
  (self.gamma == 'auto')):
/usr/local/lib/python2.7/dist-packages/sklearn/svm/base.py:179: FutureWarning: elementwise comparison failed; returning scalar instead, but in the future will perform elementwise comparison
  elif self.gamma == 'auto':
--- Overall training model took 1528.33755183 ---
--- No histograms for 26 images ---
TP: 0 FP: 1 TN 1472 FN: 951
--- kfold: 0, accuracy: 0.607260726073, hans_kappa: 0.0
----- Fold: 1
Testing with 900 pos 1372 neg
Training with 3400 pos 5591 neg
--- Gather features---
--- Train BOW---
--- Make hists---
--- No histograms for 56 images ---
--- Fit model---
--- Overall training model took 1354.31215906 ---
--- No histograms for 13 images ---
TP: 0 FP: 0 TN 1372 FN: 900
--- kfold: 1, accuracy: 0.603873239437, hans_kappa: 0.0
----- Fold: 2
Testing with 785 pos 1569 neg
Training with 3515 pos 5394 neg
--- Gather features---
--- Train BOW---
--- Make hists---
--- No histograms for 54 images ---
--- Fit model---
--- Overall training model took 1518.61016583 ---
--- No histograms for 15 images ---
TP: 0 FP: 0 TN 1569 FN: 785
--- kfold: 2, accuracy: 0.666525063721, hans_kappa: 0.0
----- Fold: 3
Testing with 889 pos 1174 neg
Training with 3411 pos 5789 neg
--- Gather features---
--- Train BOW---
--- Make hists---
--- No histograms for 54 images ---
--- Fit model---
--- Overall training model took 1535.17256689 ---
--- No histograms for 15 images ---
TP: 0 FP: 0 TN 1174 FN: 889
--- kfold: 3, accuracy: 0.569074163839, hans_kappa: 0.0
----- Fold: 4
Testing with 775 pos 1375 neg
Training with 3525 pos 5588 neg
--- Gather features---
--- Train BOW---
--- Make hists---
--- No histograms for 69 images ---
--- Fit model---
--- Overall training model took 1337.85960197 ---
TP: 0 FP: 0 TN 1375 FN: 775
--- kfold: 4, accuracy: 0.639534883721, hans_kappa: 0.0
----- Overall accuracy: 0.0
----- Overall kfold took 7618.78761101 ---
Got result -0.000000

Job file reloaded.
Completed successfully in 7623.11 seconds. [-0.000000]
setting job 20054 complete
set...
