Running in wrapper mode for '20051'

Running python job.

{u'nfeatures': array([100]), u'bow_size': array([250]), u'svm_gamma': array([-2.18702582]), u'edgeThreshold': array([ 3.]), u'svm_C': array([ 5.]), u'sigma': array([ 0.94094151]), u'contrastThreshold': array([ 0.01])}
----- Fold: 0
Testing with 951 pos 1473 neg
Training with 3349 pos 5490 neg
--- Gather features---
--- Train BOW---
--- Make hists---
--- No histograms for 134 images ---
--- Fit model---
/usr/local/lib/python2.7/dist-packages/sklearn/svm/base.py:176: FutureWarning: elementwise comparison failed; returning scalar instead, but in the future will perform elementwise comparison
  (self.gamma == 'auto')):
/usr/local/lib/python2.7/dist-packages/sklearn/svm/base.py:179: FutureWarning: elementwise comparison failed; returning scalar instead, but in the future will perform elementwise comparison
  elif self.gamma == 'auto':
--- Overall training model took 1751.570611 ---
--- No histograms for 90 images ---
TP: 636 FP: 303 TN 1170 FN: 315
--- kfold: 0, accuracy: 0.74504950495, hans_kappa: 0.652168411729
----- Fold: 1
Testing with 900 pos 1372 neg
Training with 3400 pos 5591 neg
--- Gather features---
--- Train BOW---
--- Make hists---
--- No histograms for 187 images ---
--- Fit model---
--- Overall training model took 1873.02238703 ---
--- No histograms for 37 images ---
TP: 652 FP: 286 TN 1086 FN: 248
--- kfold: 1, accuracy: 0.764964788732, hans_kappa: 0.683776164449
----- Fold: 2
Testing with 785 pos 1569 neg
Training with 3515 pos 5394 neg
--- Gather features---
--- Train BOW---
--- Make hists---
--- No histograms for 168 images ---
--- Fit model---
--- Overall training model took 1835.43685508 ---
--- No histograms for 56 images ---
TP: 540 FP: 320 TN 1249 FN: 245
--- kfold: 2, accuracy: 0.759983007647, hans_kappa: 0.612969512557
----- Fold: 3
Testing with 889 pos 1174 neg
Training with 3411 pos 5789 neg
--- Gather features---
--- Train BOW---
--- Make hists---
--- No histograms for 188 images ---
--- Fit model---
--- Overall training model took 1580.90506601 ---
--- No histograms for 36 images ---
TP: 686 FP: 203 TN 971 FN: 203
--- kfold: 3, accuracy: 0.80319922443, hans_kappa: 0.758187945848
----- Fold: 4
Testing with 775 pos 1375 neg
Training with 3525 pos 5588 neg
--- Gather features---
--- Train BOW---
--- Make hists---
--- No histograms for 219 images ---
--- Fit model---
--- Overall training model took 1709.70015407 ---
--- No histograms for 5 images ---
TP: 551 FP: 285 TN 1090 FN: 224
--- kfold: 4, accuracy: 0.763255813953, hans_kappa: 0.657558139535
----- Overall accuracy: 0.672932034824
----- Overall kfold took 8956.03815913 ---
Got result -0.672932

Job file reloaded.
Completed successfully in 8956.50 seconds. [-0.672932]
setting job 20051 complete
set...
