Running in wrapper mode for '20027'

Running python job.

{u'nfeatures': array([23]), u'bow_size': array([250]), u'svm_gamma': array([ 0.54068195]), u'edgeThreshold': array([ 19.92232495]), u'svm_C': array([ 0.89555001]), u'sigma': array([ 1.7716161]), u'contrastThreshold': array([ 0.01])}
----- Fold: 0
Testing with 951 pos 1473 neg
Training with 3349 pos 5490 neg
--- Gather features---
--- Train BOW---
--- Make hists---
--- No histograms for 41 images ---
--- Fit model---
/usr/local/lib/python2.7/dist-packages/sklearn/svm/base.py:176: FutureWarning: elementwise comparison failed; returning scalar instead, but in the future will perform elementwise comparison
  (self.gamma == 'auto')):
/usr/local/lib/python2.7/dist-packages/sklearn/svm/base.py:179: FutureWarning: elementwise comparison failed; returning scalar instead, but in the future will perform elementwise comparison
  elif self.gamma == 'auto':
--- Overall training model took 532.835201979 ---
--- No histograms for 34 images ---
TP: 720 FP: 258 TN 1215 FN: 231
--- kfold: 0, accuracy: 0.798267326733, hans_kappa: 0.725870133026
----- Fold: 1
Testing with 900 pos 1372 neg
Training with 3400 pos 5591 neg
--- Gather features---
--- Train BOW---
--- Make hists---
--- No histograms for 63 images ---
--- Fit model---
--- Overall training model took 527.698863983 ---
--- No histograms for 12 images ---
TP: 665 FP: 222 TN 1150 FN: 235
--- kfold: 1, accuracy: 0.798855633803, hans_kappa: 0.745758372104
----- Fold: 2
Testing with 785 pos 1569 neg
Training with 3515 pos 5394 neg
--- Gather features---
--- Train BOW---
--- Make hists---
--- No histograms for 61 images ---
--- Fit model---
--- Overall training model took 546.480267048 ---
--- No histograms for 14 images ---
TP: 586 FP: 250 TN 1319 FN: 199
--- kfold: 2, accuracy: 0.809260832625, hans_kappa: 0.696788119987
----- Fold: 3
Testing with 889 pos 1174 neg
Training with 3411 pos 5789 neg
--- Gather features---
--- Train BOW---
--- Make hists---
--- No histograms for 60 images ---
--- Fit model---
--- Overall training model took 484.776988029 ---
--- No histograms for 15 images ---
TP: 736 FP: 151 TN 1023 FN: 153
--- kfold: 3, accuracy: 0.85264178381, hans_kappa: 0.823730067693
----- Fold: 4
Testing with 775 pos 1375 neg
Training with 3525 pos 5588 neg
--- Gather features---
--- Train BOW---
--- Make hists---
--- No histograms for 75 images ---
--- Fit model---
--- Overall training model took 547.422605038 ---
TP: 557 FP: 288 TN 1087 FN: 218
--- kfold: 4, accuracy: 0.764651162791, hans_kappa: 0.659171597633
----- Overall accuracy: 0.730263658089
----- Overall kfold took 2799.13234305 ---
Got result -0.730264

Job file reloaded.
Completed successfully in 2805.72 seconds. [-0.730264]
setting job 20027 complete
set...
