Running in wrapper mode for '20025'

Running python job.

{u'nfeatures': array([58]), u'bow_size': array([250]), u'svm_gamma': array([-0.70393923]), u'edgeThreshold': array([ 22.62752286]), u'svm_C': array([ 1.59038946]), u'sigma': array([ 2.]), u'contrastThreshold': array([ 0.01])}
----- Fold: 0
Testing with 951 pos 1473 neg
Training with 3349 pos 5490 neg
--- Gather features---
--- Train BOW---
--- Make hists---
--- No histograms for 49 images ---
--- Fit model---
/usr/local/lib/python2.7/dist-packages/sklearn/svm/base.py:176: FutureWarning: elementwise comparison failed; returning scalar instead, but in the future will perform elementwise comparison
  (self.gamma == 'auto')):
/usr/local/lib/python2.7/dist-packages/sklearn/svm/base.py:179: FutureWarning: elementwise comparison failed; returning scalar instead, but in the future will perform elementwise comparison
  elif self.gamma == 'auto':
--- Overall training model took 1012.43818307 ---
--- No histograms for 29 images ---
TP: 717 FP: 286 TN 1187 FN: 234
--- kfold: 0, accuracy: 0.785478547855, hans_kappa: 0.706303120342
----- Fold: 1
Testing with 900 pos 1372 neg
Training with 3400 pos 5591 neg
--- Gather features---
--- Train BOW---
--- Make hists---
----------------------------------------
Problem running the job:
(<type 'exceptions.SystemExit'>, SystemExit(0,), <traceback object at 0x7f6c6717aab8>)
Traceback (most recent call last):
  File "/home/hans/wart-detection/spearmint/spearmint/spearmint/runner.py", line 41, in job_runner
    elif job.language == PYTHON: run_python_job(job)
  File "/home/hans/wart-detection/spearmint/spearmint/spearmint/runner.py", line 131, in run_python_job
    result = module.main(job.id, params)
  File "/home/hans/wart-detection/bay_opt/experiment.py", line 38, in main
    kappa = cross_validate_with_participants(5, parts, dect_params=dect_params, bow_size=params['bow_size'], model_params=model_params)
  File "/home/hans/wart-detection/analyze_training.py", line 44, in cross_validate_with_participants
    model, vocabulary = train_model(train_set_pos, train_set_neg, detector_name, descriptor_name, dect_params, n_features, bow_size, k, model_params=model_params)
  File "/home/hans/wart-detection/analyze_training.py", line 130, in train_model
    hists, labels, _ = hist_using_vocabulary([pos_feat_p_img, neg_feat_p_img], vocabulary)
  File "/home/hans/wart-detection/analyze_training.py", line 229, in hist_using_vocabulary
    hist = hist_with_img(descs, vocabulary, norm)
  File "/home/hans/wart-detection/analyze_training.py", line 200, in hist_with_img
    match = np.sum(np.square(np.abs(vocabulary - desc)),1).argmin()
  File "/usr/local/lib/python2.7/dist-packages/numpy/core/fromnumeric.py", line 1840, in sum
    out=out, keepdims=keepdims)
  File "/usr/local/lib/python2.7/dist-packages/numpy/core/_methods.py", line 32, in _sum
    return umr_sum(a, axis, dtype, out, keepdims)
  File "/home/hans/wart-detection/spearmint/spearmint/bin/../spearmint/main.py", line 323, in sigint_handler
    sys.exit(0)
SystemExit: 0
None
----------------------------------------
Job file reloaded.
Could not find value in output file.
Job failed in 2007.71 seconds.
