Running in wrapper mode for '7'

Running python job.

{u'nfeatures': array([89]), u'bow_size': array([1763]), u'svm_gamma': array([ 0.375]), u'edgeThreshold': array([ 8.875]), u'svm_C': array([-3.125]), u'sigma': array([ 2.]), u'contrastThreshold': array([ 0.062875])}
----- Fold: 0
Testing with 951 pos 1473 neg
Training with 3349 pos 5490 neg
--- Gather features---
--- Train BOW---
--- Make hists---
--- No histograms for 4194 images ---
--- Fit model---
/usr/local/lib/python2.7/dist-packages/sklearn/svm/base.py:176: FutureWarning: elementwise comparison failed; returning scalar instead, but in the future will perform elementwise comparison
  (self.gamma == 'auto')):
/usr/local/lib/python2.7/dist-packages/sklearn/svm/base.py:179: FutureWarning: elementwise comparison failed; returning scalar instead, but in the future will perform elementwise comparison
  elif self.gamma == 'auto':
--- Overall training model took 271.158858061 ---
--- No histograms for 1310 images ---
TP: 0 FP: 0 TN 1473 FN: 951
--- kfold: 0, accuracy: 0.607673267327, youden*coverage: 0.0
----- Fold: 1
Testing with 900 pos 1372 neg
Training with 3400 pos 5591 neg
--- Gather features---
--- Train BOW---
--- Make hists---
--- No histograms for 4461 images ---
--- Fit model---
--- Overall training model took 275.26082921 ---
--- No histograms for 1043 images ---
TP: 0 FP: 0 TN 1372 FN: 900
--- kfold: 1, accuracy: 0.603873239437, youden*coverage: 0.0
----- Fold: 2
Testing with 785 pos 1569 neg
Training with 3515 pos 5394 neg
--- Gather features---
--- Train BOW---
--- Make hists---
--- No histograms for 4310 images ---
--- Fit model---
--- Overall training model took 356.771351099 ---
--- No histograms for 1194 images ---
TP: 491 FP: 669 TN 900 FN: 294
--- kfold: 2, accuracy: 0.590909090909, youden*coverage: 0.0981079479756
----- Fold: 3
Testing with 889 pos 1174 neg
Training with 3411 pos 5789 neg
--- Gather features---
--- Train BOW---
--- Make hists---
--- No histograms for 4575 images ---
--- Fit model---
--- Overall training model took 260.999248028 ---
--- No histograms for 929 images ---
TP: 0 FP: 0 TN 1174 FN: 889
--- kfold: 3, accuracy: 0.569074163839, youden*coverage: 0.0
----- Fold: 4
Testing with 775 pos 1375 neg
Training with 3525 pos 5588 neg
--- Gather features---
--- Train BOW---
--- Make hists---
--- No histograms for 4476 images ---
--- Fit model---
--- Overall training model took 264.413324118 ---
--- No histograms for 1028 images ---
TP: 0 FP: 0 TN 1375 FN: 775
--- kfold: 4, accuracy: 0.639534883721, youden*coverage: 0.0
----- Overall youden: 0.0196215895951
----- Overall kfold took 1584.73701 ---
Got result -0.019622

Job file reloaded.
Completed successfully in 1584.96 seconds. [-0.019622]
setting job 7 complete
set...
