Running in wrapper mode for '1'

Running python job.

{u'nfeatures': array([55]), u'bow_size': array([1050]), u'svm_gamma': array([-0.5]), u'edgeThreshold': array([ 26.5]), u'svm_C': array([-0.5]), u'sigma': array([ 2.6]), u'contrastThreshold': array([ 0.0505])}
----- Fold: 0
Testing with 951 pos 1473 neg
Training with 3349 pos 5490 neg
--- Gather features---
----------------------------------------
Problem running the job:
(<type 'exceptions.SystemExit'>, SystemExit(0,), <traceback object at 0x7f58d25612d8>)
Traceback (most recent call last):
  File "/home/hans/wart-detection/spearmint/spearmint/spearmint/runner.py", line 41, in job_runner
    elif job.language == PYTHON: run_python_job(job)
  File "/home/hans/wart-detection/spearmint/spearmint/spearmint/runner.py", line 131, in run_python_job
    result = module.main(job.id, params)
  File "/home/hans/wart-detection/bay_opt/experiment.py", line 38, in main
    kappa = cross_validate_with_participants(5, parts, dect_params=dect_params, bow_size=params['bow_size'], model_params=model_params)
  File "/home/hans/wart-detection/analyze_training.py", line 44, in cross_validate_with_participants
    model, vocabulary = train_model(train_set_pos, train_set_neg, detector_name, descriptor_name, dect_params, n_features, bow_size, k, model_params=model_params)
  File "/home/hans/wart-detection/analyze_training.py", line 107, in train_model
    pos_feat_p_img, neg_feat_p_img = extract_features([train_pos, train_neg], detector_name, descriptor_name, dect_params, n_features)
  File "/home/hans/wart-detection/analyze_training.py", line 171, in extract_features
    features = get_features_array(c, detector_name, descriptor_name, dect_params, max_features=n_features)
  File "/home/hans/wart-detection/detectors_descriptors.py", line 56, in get_features_array
    desc = get_features(filename, detector, descriptor, dect_params, sensitivity, max_features, gray_detector, gray_descriptor, testing)
  File "/home/hans/wart-detection/detectors_descriptors.py", line 81, in get_features
    dect, kps = kps_with_detector(gray, detector, sensitivity, max_features, dect_params)
  File "/home/hans/wart-detection/detectors_descriptors.py", line 134, in kps_with_detector
    return detector_func(img, sensitivity, n_features, params)
  File "/home/hans/wart-detection/detectors_descriptors.py", line 191, in SIFT_detector
    return sift, sift.detect(img)
  File "/home/hans/wart-detection/spearmint/spearmint/bin/../spearmint/main.py", line 323, in sigint_handler
    sys.exit(0)
SystemExit: 0
None
----------------------------------------
Job file reloaded.
Could not find value in output file.
Job failed in 6.76 seconds.
