Running in wrapper mode for '4'

Running python job.

{u'nfeatures': array([21]), u'bow_size': array([1288]), u'svm_gamma': array([-1.375]), u'edgeThreshold': array([ 44.125]), u'svm_C': array([-1.375]), u'sigma': array([ 0.8]), u'contrastThreshold': array([ 0.087625])}
----- Fold: 0
Testing with 951 pos 1473 neg
Training with 3349 pos 5490 neg
--- Gather features---
--- Train BOW---
--- Make hists---
--- No histograms for 5779 images ---
--- Fit model---
/usr/local/lib/python2.7/dist-packages/sklearn/svm/base.py:176: FutureWarning: elementwise comparison failed; returning scalar instead, but in the future will perform elementwise comparison
  (self.gamma == 'auto')):
/usr/local/lib/python2.7/dist-packages/sklearn/svm/base.py:179: FutureWarning: elementwise comparison failed; returning scalar instead, but in the future will perform elementwise comparison
  elif self.gamma == 'auto':
--- Overall training model took 97.1625840664 ---
--- No histograms for 1728 images ---
TP: 484 FP: 212 TN 1261 FN: 467
--- kfold: 0, accuracy: 0.719884488449, youden*coverage: 0.104805998663
----- Fold: 1
Testing with 900 pos 1372 neg
Training with 3400 pos 5591 neg
--- Gather features---
--- Train BOW---
--- Make hists---
--- No histograms for 5989 images ---
--- Fit model---
--- Overall training model took 154.076303005 ---
--- No histograms for 1518 images ---
TP: 0 FP: 0 TN 1372 FN: 900
--- kfold: 1, accuracy: 0.603873239437, youden*coverage: 0.0
----- Fold: 2
Testing with 785 pos 1569 neg
Training with 3515 pos 5394 neg
--- Gather features---
--- Train BOW---
--- Make hists---
--- No histograms for 5922 images ---
--- Fit model---
--- Overall training model took 130.096882105 ---
--- No histograms for 1585 images ---
TP: 0 FP: 0 TN 1569 FN: 785
--- kfold: 2, accuracy: 0.666525063721, youden*coverage: 0.0
----- Fold: 3
Testing with 889 pos 1174 neg
Training with 3411 pos 5789 neg
--- Gather features---
--- Train BOW---
--- Make hists---
--- No histograms for 6188 images ---
--- Fit model---
--- Overall training model took 128.625355005 ---
--- No histograms for 1319 images ---
TP: 0 FP: 0 TN 1174 FN: 889
--- kfold: 3, accuracy: 0.569074163839, youden*coverage: 0.0
----- Fold: 4
Testing with 775 pos 1375 neg
Training with 3525 pos 5588 neg
--- Gather features---
--- Train BOW---
--- Make hists---
--- No histograms for 6150 images ---
--- Fit model---
--- Overall training model took 104.679425955 ---
--- No histograms for 1357 images ---
TP: 460 FP: 333 TN 1042 FN: 315
--- kfold: 4, accuracy: 0.698604651163, youden*coverage: 0.129597064721
----- Overall youden: 0.0468806126768
----- Overall kfold took 691.784726858 ---
Got result -0.046881

Job file reloaded.
Completed successfully in 692.01 seconds. [-0.046881]
setting job 4 complete
set...
