Running in wrapper mode for '6'

Running python job.

{u'nfeatures': array([44]), u'bow_size': array([812]), u'svm_gamma': array([-3.125]), u'edgeThreshold': array([ 32.375]), u'svm_C': array([ 0.375]), u'sigma': array([ 4.4]), u'contrastThreshold': array([ 0.013375])}
----- Fold: 0
Testing with 951 pos 1473 neg
Training with 3349 pos 5490 neg
--- Gather features---
--- Train BOW---
--- Make hists---
--- No histograms for 380 images ---
--- Fit model---
/usr/local/lib/python2.7/dist-packages/sklearn/svm/base.py:176: FutureWarning: elementwise comparison failed; returning scalar instead, but in the future will perform elementwise comparison
  (self.gamma == 'auto')):
/usr/local/lib/python2.7/dist-packages/sklearn/svm/base.py:179: FutureWarning: elementwise comparison failed; returning scalar instead, but in the future will perform elementwise comparison
  elif self.gamma == 'auto':
--- Overall training model took 935.112031221 ---
--- No histograms for 136 images ---
TP: 946 FP: 1342 TN 131 FN: 5
--- kfold: 0, accuracy: 0.444306930693, youden*coverage: 0.0789818019496
----- Fold: 1
Testing with 900 pos 1372 neg
Training with 3400 pos 5591 neg
--- Gather features---
--- Train BOW---
--- Make hists---
--- No histograms for 437 images ---
--- Fit model---
--- Overall training model took 861.79422307 ---
--- No histograms for 79 images ---
TP: 899 FP: 1294 TN 78 FN: 1
--- kfold: 1, accuracy: 0.430017605634, youden*coverage: 0.0538020512531
----- Fold: 2
Testing with 785 pos 1569 neg
Training with 3515 pos 5394 neg
--- Gather features---
--- Train BOW---
--- Make hists---
--- No histograms for 433 images ---
--- Fit model---
--- Overall training model took 797.329249859 ---
--- No histograms for 83 images ---
TP: 782 FP: 1489 TN 80 FN: 3
--- kfold: 2, accuracy: 0.366185216653, youden*coverage: 0.0455031937775
----- Fold: 3
Testing with 889 pos 1174 neg
Training with 3411 pos 5789 neg
--- Gather features---
--- Train BOW---
--- Make hists---
--- No histograms for 399 images ---
--- Fit model---
--- Overall training model took 822.8120749 ---
--- No histograms for 117 images ---
TP: 0 FP: 0 TN 1174 FN: 889
--- kfold: 3, accuracy: 0.569074163839, youden*coverage: 0.0
----- Fold: 4
Testing with 775 pos 1375 neg
Training with 3525 pos 5588 neg
--- Gather features---
--- Train BOW---
--- Make hists---
--- No histograms for 415 images ---
--- Fit model---
--- Overall training model took 815.791296959 ---
--- No histograms for 101 images ---
TP: 0 FP: 0 TN 1375 FN: 775
--- kfold: 4, accuracy: 0.639534883721, youden*coverage: 0.0
----- Overall youden: 0.035657409396
----- Overall kfold took 4577.84123492 ---
Got result -0.035657

Job file reloaded.
Completed successfully in 4578.07 seconds. [-0.035657]
setting job 6 complete
set...
