Running in wrapper mode for '20023'

Running python job.

{u'nfeatures': array([65]), u'bow_size': array([100]), u'svm_gamma': array([-4.]), u'edgeThreshold': array([ 3.]), u'svm_C': array([-4.]), u'sigma': array([ 0.98443464]), u'contrastThreshold': array([ 0.03644149])}
----- Fold: 0
Testing with 951 pos 1473 neg
Training with 3349 pos 5490 neg
--- Gather features---
--- Train BOW---
--- Make hists---
--- No histograms for 2457 images ---
--- Fit model---
/usr/local/lib/python2.7/dist-packages/sklearn/svm/base.py:176: FutureWarning: elementwise comparison failed; returning scalar instead, but in the future will perform elementwise comparison
  (self.gamma == 'auto')):
/usr/local/lib/python2.7/dist-packages/sklearn/svm/base.py:179: FutureWarning: elementwise comparison failed; returning scalar instead, but in the future will perform elementwise comparison
  elif self.gamma == 'auto':
--- Overall training model took 151.777554035 ---
--- No histograms for 776 images ---
TP: 0 FP: 0 TN 1473 FN: 951
--- kfold: 0, accuracy: 0.607673267327, youden*coverage: 0.0
----- Fold: 1
Testing with 900 pos 1372 neg
Training with 3400 pos 5591 neg
--- Gather features---
--- Train BOW---
--- Make hists---
--- No histograms for 2578 images ---
--- Fit model---
--- Overall training model took 131.760041952 ---
--- No histograms for 655 images ---
TP: 760 FP: 857 TN 515 FN: 140
--- kfold: 1, accuracy: 0.561179577465, youden*coverage: 0.156439679745
----- Fold: 2
Testing with 785 pos 1569 neg
Training with 3515 pos 5394 neg
--- Gather features---
--- Train BOW---
--- Make hists---
--- No histograms for 2485 images ---
--- Fit model---
--- Overall training model took 133.533541918 ---
--- No histograms for 748 images ---
TP: 666 FP: 940 TN 629 FN: 119
--- kfold: 2, accuracy: 0.550127442651, youden*coverage: 0.170083130764
----- Fold: 3
Testing with 889 pos 1174 neg
Training with 3411 pos 5789 neg
--- Gather features---
--- Train BOW---
--- Make hists---
--- No histograms for 2730 images ---
--- Fit model---
--- Overall training model took 128.976243973 ---
--- No histograms for 503 images ---
TP: 829 FP: 731 TN 443 FN: 60
--- kfold: 3, accuracy: 0.616577799321, youden*coverage: 0.23430311906
----- Fold: 4
Testing with 775 pos 1375 neg
Training with 3525 pos 5588 neg
--- Gather features---
--- Train BOW---
--- Make hists---
--- No histograms for 2682 images ---
--- Fit model---
--- Overall training model took 141.560222864 ---
--- No histograms for 551 images ---
TP: 0 FP: 0 TN 1375 FN: 775
--- kfold: 4, accuracy: 0.639534883721, youden*coverage: 0.0
----- Overall youden: 0.112165185914
----- Overall kfold took 760.516304016 ---
Got result -0.112165

Job file reloaded.
Completed successfully in 760.75 seconds. [-0.112165]
setting job 20023 complete
set...
