Running in wrapper mode for '20037'

Running python job.

{u'nfeatures': array([70]), u'bow_size': array([100]), u'svm_gamma': array([-4.]), u'edgeThreshold': array([ 5.88887977]), u'svm_C': array([-4.]), u'sigma': array([ 2.53616752]), u'contrastThreshold': array([ 0.03693596])}
----- Fold: 0
Testing with 951 pos 1473 neg
Training with 3349 pos 5490 neg
--- Gather features---
--- Train BOW---
--- Make hists---
--- No histograms for 2519 images ---
--- Fit model---
/usr/local/lib/python2.7/dist-packages/sklearn/svm/base.py:176: FutureWarning: elementwise comparison failed; returning scalar instead, but in the future will perform elementwise comparison
  (self.gamma == 'auto')):
/usr/local/lib/python2.7/dist-packages/sklearn/svm/base.py:179: FutureWarning: elementwise comparison failed; returning scalar instead, but in the future will perform elementwise comparison
  elif self.gamma == 'auto':
--- Overall training model took 164.260757923 ---
--- No histograms for 840 images ---
TP: 822 FP: 762 TN 711 FN: 129
--- kfold: 0, accuracy: 0.632425742574, youden*coverage: 0.226779726936
----- Fold: 1
Testing with 900 pos 1372 neg
Training with 3400 pos 5591 neg
--- Gather features---
--- Train BOW---
--- Make hists---
--- No histograms for 2731 images ---
--- Fit model---
--- Overall training model took 169.661731005 ---
--- No histograms for 628 images ---
TP: 0 FP: 0 TN 1372 FN: 900
--- kfold: 1, accuracy: 0.603873239437, youden*coverage: 0.0
----- Fold: 2
Testing with 785 pos 1569 neg
Training with 3515 pos 5394 neg
--- Gather features---
--- Train BOW---
--- Make hists---
--- No histograms for 2645 images ---
--- Fit model---
--- Overall training model took 184.842071056 ---
--- No histograms for 714 images ---
TP: 666 FP: 974 TN 595 FN: 119
--- kfold: 2, accuracy: 0.535683942226, youden*coverage: 0.158586800295
----- Fold: 3
Testing with 889 pos 1174 neg
Training with 3411 pos 5789 neg
--- Gather features---
--- Train BOW---
--- Make hists---
--- No histograms for 2815 images ---
--- Fit model---
--- Overall training model took 181.894517899 ---
--- No histograms for 544 images ---
TP: 0 FP: 0 TN 1174 FN: 889
--- kfold: 3, accuracy: 0.569074163839, youden*coverage: 0.0
----- Fold: 4
Testing with 775 pos 1375 neg
Training with 3525 pos 5588 neg
--- Gather features---
--- Train BOW---
--- Make hists---
--- No histograms for 2726 images ---
--- Fit model---
--- Overall training model took 182.628606081 ---
--- No histograms for 633 images ---
TP: 0 FP: 0 TN 1375 FN: 775
--- kfold: 4, accuracy: 0.639534883721, youden*coverage: 0.0
----- Overall youden: 0.0770733054461
----- Overall kfold took 1007.94539595 ---
Got result -0.077073

Job file reloaded.
Completed successfully in 1008.37 seconds. [-0.077073]
setting job 20037 complete
set...
