Running in wrapper mode for '20015'

Running python job.

{u'nfeatures': array([53]), u'bow_size': array([1474]), u'svm_gamma': array([ 3.]), u'edgeThreshold': array([ 22.33697579]), u'svm_C': array([-4.]), u'sigma': array([ 1.40120692]), u'contrastThreshold': array([ 0.001])}
----- Fold: 0
Testing with 951 pos 1473 neg
Training with 3349 pos 5490 neg
--- Gather features---
--- Train BOW---
--- Make hists---
--- Fit model---
/usr/local/lib/python2.7/dist-packages/sklearn/svm/base.py:176: FutureWarning: elementwise comparison failed; returning scalar instead, but in the future will perform elementwise comparison
  (self.gamma == 'auto')):
/usr/local/lib/python2.7/dist-packages/sklearn/svm/base.py:179: FutureWarning: elementwise comparison failed; returning scalar instead, but in the future will perform elementwise comparison
  elif self.gamma == 'auto':
--- Overall training model took 3711.12057185 ---
TP: 951 FP: 1473 TN 0 FN: 0
--- kfold: 0, accuracy: 0.392326732673, youden*coverage: 0.0
----- Fold: 1
Testing with 900 pos 1372 neg
Training with 3400 pos 5591 neg
--- Gather features---
--- Train BOW---
--- Make hists---
--- Fit model---
--- Overall training model took 4097.50003505 ---
TP: 900 FP: 1372 TN 0 FN: 0
--- kfold: 1, accuracy: 0.396126760563, youden*coverage: 0.0
----- Fold: 2
Testing with 785 pos 1569 neg
Training with 3515 pos 5394 neg
--- Gather features---
--- Train BOW---
--- Make hists---
--- Fit model---
--- Overall training model took 4121.61238194 ---
TP: 785 FP: 1569 TN 0 FN: 0
--- kfold: 2, accuracy: 0.333474936279, youden*coverage: 0.0
----- Fold: 3
Testing with 889 pos 1174 neg
Training with 3411 pos 5789 neg
--- Gather features---
--- Train BOW---
--- Make hists---
--- Fit model---
--- Overall training model took 3999.25939298 ---
TP: 889 FP: 1174 TN 0 FN: 0
--- kfold: 3, accuracy: 0.430925836161, youden*coverage: 0.0
----- Fold: 4
Testing with 775 pos 1375 neg
Training with 3525 pos 5588 neg
--- Gather features---
--- Train BOW---
--- Make hists---
--- Fit model---
--- Overall training model took 3812.94406986 ---
TP: 0 FP: 0 TN 1375 FN: 775
--- kfold: 4, accuracy: 0.639534883721, youden*coverage: 0.0
----- Overall youden: 0.0
----- Overall kfold took 20239.5968239 ---
Got result -0.000000

Job file reloaded.
Completed successfully in 20239.83 seconds. [-0.000000]
setting job 20015 complete
set...
