Running in wrapper mode for '20044'

Running python job.

{u'nfeatures': array([100]), u'bow_size': array([126]), u'svm_gamma': array([-4.]), u'edgeThreshold': array([ 3.95158839]), u'svm_C': array([-3.90081992]), u'sigma': array([ 3.14174064]), u'contrastThreshold': array([ 0.04335216])}
----- Fold: 0
Testing with 951 pos 1473 neg
Training with 3349 pos 5490 neg
--- Gather features---
--- Train BOW---
--- Make hists---
--- No histograms for 3798 images ---
--- Fit model---
/usr/local/lib/python2.7/dist-packages/sklearn/svm/base.py:176: FutureWarning: elementwise comparison failed; returning scalar instead, but in the future will perform elementwise comparison
  (self.gamma == 'auto')):
/usr/local/lib/python2.7/dist-packages/sklearn/svm/base.py:179: FutureWarning: elementwise comparison failed; returning scalar instead, but in the future will perform elementwise comparison
  elif self.gamma == 'auto':
--- Overall training model took 141.078099966 ---
--- No histograms for 1160 images ---
TP: 0 FP: 0 TN 1473 FN: 951
--- kfold: 0, accuracy: 0.607673267327, youden*coverage: 0.0
----- Fold: 1
Testing with 900 pos 1372 neg
Training with 3400 pos 5591 neg
--- Gather features---
--- Train BOW---
--- Make hists---
--- No histograms for 4061 images ---
--- Fit model---
--- Overall training model took 146.879268885 ---
--- No histograms for 897 images ---
TP: 670 FP: 705 TN 667 FN: 230
--- kfold: 1, accuracy: 0.588468309859, youden*coverage: 0.139555266691
----- Fold: 2
Testing with 785 pos 1569 neg
Training with 3515 pos 5394 neg
--- Gather features---
--- Train BOW---
--- Make hists---
--- No histograms for 3868 images ---
--- Fit model---
--- Overall training model took 135.214318037 ---
--- No histograms for 1090 images ---
TP: 0 FP: 0 TN 1569 FN: 785
--- kfold: 2, accuracy: 0.666525063721, youden*coverage: 0.0
----- Fold: 3
Testing with 889 pos 1174 neg
Training with 3411 pos 5789 neg
--- Gather features---
--- Train BOW---
--- Make hists---
--- No histograms for 4128 images ---
--- Fit model---
--- Overall training model took 139.057203054 ---
--- No histograms for 830 images ---
TP: 0 FP: 0 TN 1174 FN: 889
--- kfold: 3, accuracy: 0.569074163839, youden*coverage: 0.0
----- Fold: 4
Testing with 775 pos 1375 neg
Training with 3525 pos 5588 neg
--- Gather features---
--- Train BOW---
--- Make hists---
--- No histograms for 3977 images ---
--- Fit model---
--- Overall training model took 148.644944906 ---
--- No histograms for 981 images ---
TP: 0 FP: 0 TN 1375 FN: 775
--- kfold: 4, accuracy: 0.639534883721, youden*coverage: 0.0
----- Overall youden: 0.0279110533382
----- Overall kfold took 836.438198805 ---
Got result -0.027911

Job file reloaded.
Completed successfully in 836.67 seconds. [-0.027911]
setting job 20044 complete
set...
