Running in wrapper mode for '20102'

Running python job.

{u'nfeatures': array([52]), u'bow_size': array([731]), u'svm_gamma': array([-1.68892335]), u'edgeThreshold': array([ 42.19737393]), u'svm_C': array([ 2.74364625]), u'sigma': array([ 1.51944965]), u'contrastThreshold': array([ 0.00676058])}
----- Fold: 0
Testing with 951 pos 1473 neg
Training with 3349 pos 5490 neg
--- Gather features---
--- Train BOW---
--- Make hists---
--- No histograms for 11 images ---
--- Fit model---
/usr/local/lib/python2.7/dist-packages/sklearn/svm/base.py:176: FutureWarning: elementwise comparison failed; returning scalar instead, but in the future will perform elementwise comparison
  (self.gamma == 'auto')):
/usr/local/lib/python2.7/dist-packages/sklearn/svm/base.py:179: FutureWarning: elementwise comparison failed; returning scalar instead, but in the future will perform elementwise comparison
  elif self.gamma == 'auto':
--- Overall training model took 2213.23343801 ---
--- No histograms for 9 images ---
TP: 721 FP: 268 TN 1205 FN: 230
--- kfold: 0, accuracy: 0.794554455446, youden*coverage: 0.574068315731
----- Fold: 1
Testing with 900 pos 1372 neg
Training with 3400 pos 5591 neg
--- Gather features---
--- Train BOW---
--- Make hists---
--- No histograms for 17 images ---
--- Fit model---
--- Overall training model took 2222.30728889 ---
--- No histograms for 3 images ---
TP: 694 FP: 224 TN 1148 FN: 206
--- kfold: 1, accuracy: 0.81073943662, youden*coverage: 0.60704319169
----- Fold: 2
Testing with 785 pos 1569 neg
Training with 3515 pos 5394 neg
--- Gather features---
--- Train BOW---
--- Make hists---
--- No histograms for 20 images ---
--- Fit model---
--- Overall training model took 2212.91485882 ---
TP: 592 FP: 265 TN 1304 FN: 193
--- kfold: 2, accuracy: 0.805437553101, youden*coverage: 0.585242740518
----- Fold: 3
Testing with 889 pos 1174 neg
Training with 3411 pos 5789 neg
--- Gather features---
--- Train BOW---
--- Make hists---
--- No histograms for 12 images ---
--- Fit model---
--- Overall training model took 2230.9917469 ---
--- No histograms for 8 images ---
TP: 731 FP: 174 TN 1000 FN: 158
--- kfold: 3, accuracy: 0.839069316529, youden*coverage: 0.671447066506
----- Fold: 4
Testing with 775 pos 1375 neg
Training with 3525 pos 5588 neg
--- Gather features---
--- Train BOW---
--- Make hists---
--- No histograms for 20 images ---
--- Fit model---
--- Overall training model took 2182.10547686 ---
TP: 568 FP: 262 TN 1113 FN: 207
--- kfold: 4, accuracy: 0.781860465116, youden*coverage: 0.542357771261
----- Overall youden: 0.596031817141
----- Overall kfold took 11324.66906 ---
Got result -0.596032

Job file reloaded.
Completed successfully in 11324.89 seconds. [-0.596032]
setting job 20102 complete
set...
