Running in wrapper mode for '20085'

Running python job.

{u'nfeatures': array([49]), u'bow_size': array([494]), u'svm_gamma': array([-1.62547109]), u'edgeThreshold': array([ 37.77138616]), u'svm_C': array([ 2.91636152]), u'sigma': array([ 1.55019937]), u'contrastThreshold': array([ 0.00419402])}
----- Fold: 0
Testing with 951 pos 1473 neg
Training with 3349 pos 5490 neg
--- Gather features---
--- Train BOW---
--- Make hists---
--- No histograms for 2 images ---
--- Fit model---
/usr/local/lib/python2.7/dist-packages/sklearn/svm/base.py:176: FutureWarning: elementwise comparison failed; returning scalar instead, but in the future will perform elementwise comparison
  (self.gamma == 'auto')):
/usr/local/lib/python2.7/dist-packages/sklearn/svm/base.py:179: FutureWarning: elementwise comparison failed; returning scalar instead, but in the future will perform elementwise comparison
  elif self.gamma == 'auto':
--- Overall training model took 1470.21719813 ---
TP: 716 FP: 298 TN 1175 FN: 235
--- kfold: 0, accuracy: 0.780115511551, youden*coverage: 0.550583478427
----- Fold: 1
Testing with 900 pos 1372 neg
Training with 3400 pos 5591 neg
--- Gather features---
--- Train BOW---
--- Make hists---
--- No histograms for 2 images ---
--- Fit model---
--- Overall training model took 1481.58059597 ---
TP: 686 FP: 250 TN 1122 FN: 214
--- kfold: 1, accuracy: 0.795774647887, youden*coverage: 0.580006478782
----- Fold: 2
Testing with 785 pos 1569 neg
Training with 3515 pos 5394 neg
--- Gather features---
--- Train BOW---
--- Make hists---
--- No histograms for 2 images ---
--- Fit model---
--- Overall training model took 1472.20393109 ---
TP: 590 FP: 228 TN 1341 FN: 195
--- kfold: 2, accuracy: 0.820305862362, youden*coverage: 0.606276869116
----- Fold: 3
Testing with 889 pos 1174 neg
Training with 3411 pos 5789 neg
--- Gather features---
--- Train BOW---
--- Make hists---
--- Fit model---
--- Overall training model took 1515.99628186 ---
--- No histograms for 2 images ---
TP: 725 FP: 175 TN 999 FN: 164
--- kfold: 3, accuracy: 0.835676199709, youden*coverage: 0.665813919613
----- Fold: 4
Testing with 775 pos 1375 neg
Training with 3525 pos 5588 neg
--- Gather features---
--- Train BOW---
--- Make hists---
--- No histograms for 2 images ---
--- Fit model---
--- Overall training model took 1525.85291219 ---
TP: 555 FP: 264 TN 1111 FN: 220
--- kfold: 4, accuracy: 0.77488372093, youden*coverage: 0.524129032258
----- Overall youden: 0.585361955639
----- Overall kfold took 7697.97438407 ---
Got result -0.585362

Job file reloaded.
Completed successfully in 7698.28 seconds. [-0.585362]
setting job 20085 complete
set...
