Running in wrapper mode for '20110'

Running python job.

{u'nfeatures': array([41]), u'bow_size': array([557]), u'svm_gamma': array([-1.81055666]), u'edgeThreshold': array([ 50.]), u'svm_C': array([ 2.42885853]), u'sigma': array([ 1.52899371]), u'contrastThreshold': array([ 0.01094954])}
----- Fold: 0
Testing with 951 pos 1473 neg
Training with 3349 pos 5490 neg
--- Gather features---
--- Train BOW---
--- Make hists---
--- No histograms for 47 images ---
--- Fit model---
/usr/local/lib/python2.7/dist-packages/sklearn/svm/base.py:176: FutureWarning: elementwise comparison failed; returning scalar instead, but in the future will perform elementwise comparison
  (self.gamma == 'auto')):
/usr/local/lib/python2.7/dist-packages/sklearn/svm/base.py:179: FutureWarning: elementwise comparison failed; returning scalar instead, but in the future will perform elementwise comparison
  elif self.gamma == 'auto':
--- Overall training model took 1343.42799902 ---
--- No histograms for 30 images ---
TP: 723 FP: 280 TN 1193 FN: 228
--- kfold: 0, accuracy: 0.790429042904, youden*coverage: 0.563107624151
----- Fold: 1
Testing with 900 pos 1372 neg
Training with 3400 pos 5591 neg
--- Gather features---
--- Train BOW---
--- Make hists---
--- No histograms for 65 images ---
--- Fit model---
--- Overall training model took 1290.15517497 ---
--- No histograms for 12 images ---
TP: 672 FP: 216 TN 1156 FN: 228
--- kfold: 1, accuracy: 0.804577464789, youden*coverage: 0.586120122093
----- Fold: 2
Testing with 785 pos 1569 neg
Training with 3515 pos 5394 neg
--- Gather features---
--- Train BOW---
--- Make hists---
--- No histograms for 58 images ---
--- Fit model---
--- Overall training model took 1306.35009694 ---
--- No histograms for 19 images ---
TP: 590 FP: 257 TN 1312 FN: 195
--- kfold: 2, accuracy: 0.807986406117, youden*coverage: 0.583049459187
----- Fold: 3
Testing with 889 pos 1174 neg
Training with 3411 pos 5789 neg
--- Gather features---
--- Train BOW---
--- Make hists---
--- No histograms for 61 images ---
--- Fit model---
--- Overall training model took 1267.18479586 ---
--- No histograms for 16 images ---
TP: 737 FP: 170 TN 1004 FN: 152
--- kfold: 3, accuracy: 0.843916626272, youden*coverage: 0.678910702773
----- Fold: 4
Testing with 775 pos 1375 neg
Training with 3525 pos 5588 neg
--- Gather features---
--- Train BOW---
--- Make hists---
--- No histograms for 77 images ---
--- Fit model---
--- Overall training model took 1423.35772395 ---
TP: 546 FP: 267 TN 1108 FN: 229
--- kfold: 4, accuracy: 0.769302325581, youden*coverage: 0.51033431085
----- Overall youden: 0.584304443811
----- Overall kfold took 6833.35304904 ---
Got result -0.584304

Job file reloaded.
Completed successfully in 6833.61 seconds. [-0.584304]
setting job 20110 complete
set...
