Running in wrapper mode for '20096'

Running python job.

{u'nfeatures': array([59]), u'bow_size': array([691]), u'svm_gamma': array([-1.96776746]), u'edgeThreshold': array([ 47.15067502]), u'svm_C': array([ 3.]), u'sigma': array([ 1.49590178]), u'contrastThreshold': array([ 0.0081672])}
----- Fold: 0
Testing with 951 pos 1473 neg
Training with 3349 pos 5490 neg
--- Gather features---
--- Train BOW---
--- Make hists---
--- No histograms for 22 images ---
--- Fit model---
/usr/local/lib/python2.7/dist-packages/sklearn/svm/base.py:176: FutureWarning: elementwise comparison failed; returning scalar instead, but in the future will perform elementwise comparison
  (self.gamma == 'auto')):
/usr/local/lib/python2.7/dist-packages/sklearn/svm/base.py:179: FutureWarning: elementwise comparison failed; returning scalar instead, but in the future will perform elementwise comparison
  elif self.gamma == 'auto':
--- Overall training model took 2267.82996297 ---
--- No histograms for 15 images ---
TP: 719 FP: 279 TN 1194 FN: 232
--- kfold: 0, accuracy: 0.789191419142, youden*coverage: 0.563130482001
----- Fold: 1
Testing with 900 pos 1372 neg
Training with 3400 pos 5591 neg
--- Gather features---
--- Train BOW---
--- Make hists---
--- No histograms for 32 images ---
--- Fit model---
--- Overall training model took 2268.67212605 ---
--- No histograms for 5 images ---
TP: 682 FP: 225 TN 1147 FN: 218
--- kfold: 1, accuracy: 0.805017605634, youden*coverage: 0.592476866585
----- Fold: 2
Testing with 785 pos 1569 neg
Training with 3515 pos 5394 neg
--- Gather features---
--- Train BOW---
--- Make hists---
--- No histograms for 32 images ---
--- Fit model---
--- Overall training model took 2305.00462317 ---
--- No histograms for 5 images ---
TP: 586 FP: 247 TN 1322 FN: 199
--- kfold: 2, accuracy: 0.810535259133, youden*coverage: 0.587820489427
----- Fold: 3
Testing with 889 pos 1174 neg
Training with 3411 pos 5789 neg
--- Gather features---
--- Train BOW---
--- Make hists---
--- No histograms for 25 images ---
--- Fit model---
--- Overall training model took 2355.274472 ---
--- No histograms for 12 images ---
TP: 720 FP: 156 TN 1018 FN: 169
--- kfold: 3, accuracy: 0.842462433349, youden*coverage: 0.673081647535
----- Fold: 4
Testing with 775 pos 1375 neg
Training with 3525 pos 5588 neg
--- Gather features---
--- Train BOW---
--- Make hists---
--- No histograms for 37 images ---
--- Fit model---
--- Overall training model took 2223.44293594 ---
TP: 549 FP: 263 TN 1112 FN: 226
--- kfold: 4, accuracy: 0.772558139535, youden*coverage: 0.517114369501
----- Overall youden: 0.58672477101
----- Overall kfold took 11683.270273 ---
Got result -0.586725

Job file reloaded.
Completed successfully in 11686.68 seconds. [-0.586725]
setting job 20096 complete
set...
