Running in wrapper mode for '20055'

Running python job.

{u'nfeatures': array([10]), u'bow_size': array([100]), u'svm_gamma': array([-4.]), u'edgeThreshold': array([ 3.]), u'svm_C': array([ 3.]), u'sigma': array([ 1.28824834]), u'contrastThreshold': array([ 0.04385807])}
----- Fold: 0
Testing with 951 pos 1473 neg
Training with 3349 pos 5490 neg
--- Gather features---
--- Train BOW---
--- Make hists---
--- No histograms for 3231 images ---
--- Fit model---
/usr/local/lib/python2.7/dist-packages/sklearn/svm/base.py:176: FutureWarning: elementwise comparison failed; returning scalar instead, but in the future will perform elementwise comparison
  (self.gamma == 'auto')):
/usr/local/lib/python2.7/dist-packages/sklearn/svm/base.py:179: FutureWarning: elementwise comparison failed; returning scalar instead, but in the future will perform elementwise comparison
  elif self.gamma == 'auto':
--- Overall training model took 71.8958010674 ---
--- No histograms for 1006 images ---
TP: 589 FP: 221 TN 1252 FN: 362
--- kfold: 0, accuracy: 0.759488448845, youden*coverage: 0.274541010096
----- Fold: 1
Testing with 900 pos 1372 neg
Training with 3400 pos 5591 neg
--- Gather features---
--- Train BOW---
--- Make hists---
--- No histograms for 3431 images ---
--- Fit model---
--- Overall training model took 73.7150959969 ---
--- No histograms for 806 images ---
TP: 502 FP: 180 TN 1192 FN: 398
--- kfold: 1, accuracy: 0.745598591549, youden*coverage: 0.275250818973
----- Fold: 2
Testing with 785 pos 1569 neg
Training with 3515 pos 5394 neg
--- Gather features---
--- Train BOW---
--- Make hists---
--- No histograms for 3275 images ---
--- Fit model---
--- Overall training model took 86.6599030495 ---
--- No histograms for 962 images ---
TP: 489 FP: 224 TN 1345 FN: 296
--- kfold: 2, accuracy: 0.779099405268, youden*coverage: 0.283937157947
----- Fold: 3
Testing with 889 pos 1174 neg
Training with 3411 pos 5789 neg
--- Gather features---
--- Train BOW---
--- Make hists---
--- No histograms for 3540 images ---
--- Fit model---
--- Overall training model took 74.9268670082 ---
--- No histograms for 697 images ---
TP: 602 FP: 153 TN 1021 FN: 287
--- kfold: 3, accuracy: 0.786718371304, youden*coverage: 0.36208711949
----- Fold: 4
Testing with 775 pos 1375 neg
Training with 3525 pos 5588 neg
--- Gather features---
--- Train BOW---
--- Make hists---
--- No histograms for 3471 images ---
--- Fit model---
--- Overall training model took 72.4776940346 ---
--- No histograms for 766 images ---
TP: 468 FP: 248 TN 1127 FN: 307
--- kfold: 4, accuracy: 0.741860465116, youden*coverage: 0.272620533315
----- Overall youden: 0.293687327964
----- Overall kfold took 449.158410072 ---
Got result -0.293687

Job file reloaded.
Completed successfully in 449.38 seconds. [-0.293687]
setting job 20055 complete
set...
