Running in wrapper mode for '20074'

Running python job.

{u'nfeatures': array([43]), u'bow_size': array([504]), u'svm_gamma': array([-3.38586622]), u'edgeThreshold': array([ 19.63103097]), u'svm_C': array([ 2.92133379]), u'sigma': array([ 1.52247928]), u'contrastThreshold': array([ 0.00254914])}
----- Fold: 0
Testing with 951 pos 1473 neg
Training with 3349 pos 5490 neg
--- Gather features---
--- Train BOW---
--- Make hists---
--- Fit model---
/usr/local/lib/python2.7/dist-packages/sklearn/svm/base.py:176: FutureWarning: elementwise comparison failed; returning scalar instead, but in the future will perform elementwise comparison
  (self.gamma == 'auto')):
/usr/local/lib/python2.7/dist-packages/sklearn/svm/base.py:179: FutureWarning: elementwise comparison failed; returning scalar instead, but in the future will perform elementwise comparison
  elif self.gamma == 'auto':
--- Overall training model took 1340.22633195 ---
TP: 692 FP: 322 TN 1151 FN: 259
--- kfold: 0, accuracy: 0.760313531353, youden*coverage: 0.509053606344
----- Fold: 1
Testing with 900 pos 1372 neg
Training with 3400 pos 5591 neg
--- Gather features---
--- Train BOW---
--- Make hists---
--- Fit model---
--- Overall training model took 1393.01800299 ---
TP: 621 FP: 168 TN 1204 FN: 279
--- kfold: 1, accuracy: 0.803257042254, youden*coverage: 0.567551020408
----- Fold: 2
Testing with 785 pos 1569 neg
Training with 3515 pos 5394 neg
--- Gather features---
--- Train BOW---
--- Make hists---
--- Fit model---
--- Overall training model took 1440.38032293 ---
TP: 560 FP: 226 TN 1343 FN: 225
--- kfold: 2, accuracy: 0.808411214953, youden*coverage: 0.569335005866
----- Fold: 3
Testing with 889 pos 1174 neg
Training with 3411 pos 5789 neg
--- Gather features---
--- Train BOW---
--- Make hists---
--- Fit model---
--- Overall training model took 1435.319031 ---
TP: 706 FP: 151 TN 1023 FN: 183
--- kfold: 3, accuracy: 0.838099854581, youden*coverage: 0.665530628944
----- Fold: 4
Testing with 775 pos 1375 neg
Training with 3525 pos 5588 neg
--- Gather features---
--- Train BOW---
--- Make hists---
--- Fit model---
--- Overall training model took 1430.31252599 ---
TP: 536 FP: 286 TN 1089 FN: 239
--- kfold: 4, accuracy: 0.755813953488, youden*coverage: 0.483612903226
----- Overall youden: 0.559016632958
----- Overall kfold took 7273.50508094 ---
Got result -0.559017

Job file reloaded.
Completed successfully in 7273.73 seconds. [-0.559017]
setting job 20074 complete
set...
