Running in wrapper mode for '20062'

Running python job.

{u'nfeatures': array([19]), u'bow_size': array([100]), u'svm_gamma': array([-4.]), u'edgeThreshold': array([ 20.53380091]), u'svm_C': array([ 3.]), u'sigma': array([ 1.52459036]), u'contrastThreshold': array([ 0.001])}
----- Fold: 0
Testing with 951 pos 1473 neg
Training with 3349 pos 5490 neg
--- Gather features---
--- Train BOW---
--- Make hists---
--- Fit model---
/usr/local/lib/python2.7/dist-packages/sklearn/svm/base.py:176: FutureWarning: elementwise comparison failed; returning scalar instead, but in the future will perform elementwise comparison
  (self.gamma == 'auto')):
/usr/local/lib/python2.7/dist-packages/sklearn/svm/base.py:179: FutureWarning: elementwise comparison failed; returning scalar instead, but in the future will perform elementwise comparison
  elif self.gamma == 'auto':
--- Overall training model took 210.466302156 ---
TP: 696 FP: 364 TN 1109 FN: 255
--- kfold: 0, accuracy: 0.744636963696, youden*coverage: 0.484746466898
----- Fold: 1
Testing with 900 pos 1372 neg
Training with 3400 pos 5591 neg
--- Gather features---
--- Train BOW---
--- Make hists---
--- Fit model---
--- Overall training model took 200.889899969 ---
TP: 634 FP: 209 TN 1163 FN: 266
--- kfold: 1, accuracy: 0.790933098592, youden*coverage: 0.552112082928
----- Fold: 2
Testing with 785 pos 1569 neg
Training with 3515 pos 5394 neg
--- Gather features---
--- Train BOW---
--- Make hists---
--- Fit model---
--- Overall training model took 196.486776114 ---
TP: 548 FP: 250 TN 1319 FN: 237
--- kfold: 2, accuracy: 0.793118096856, youden*coverage: 0.538752014549
----- Fold: 3
Testing with 889 pos 1174 neg
Training with 3411 pos 5789 neg
--- Gather features---
--- Train BOW---
--- Make hists---
--- Fit model---
--- Overall training model took 209.644562006 ---
TP: 682 FP: 197 TN 977 FN: 207
--- kfold: 3, accuracy: 0.804168686379, youden*coverage: 0.599351720728
----- Fold: 4
Testing with 775 pos 1375 neg
Training with 3525 pos 5588 neg
--- Gather features---
--- Train BOW---
--- Make hists---
--- Fit model---
--- Overall training model took 216.922861099 ---
TP: 530 FP: 288 TN 1087 FN: 245
--- kfold: 4, accuracy: 0.752093023256, youden*coverage: 0.474416422287
----- Overall youden: 0.529875741478
----- Overall kfold took 1165.172575 ---
Got result -0.529876

Job file reloaded.
Completed successfully in 1165.40 seconds. [-0.529876]
setting job 20062 complete
set...
