Running in wrapper mode for '20012'

Running python job.

{u'nfeatures': array([10]), u'bow_size': array([100]), u'svm_gamma': array([ 3.]), u'edgeThreshold': array([ 50.]), u'svm_C': array([ 3.]), u'sigma': array([ 2.58941268]), u'contrastThreshold': array([ 0.04933814])}
----- Fold: 0
Testing with 951 pos 1473 neg
Training with 3349 pos 5490 neg
--- Gather features---
--- Train BOW---
--- Make hists---
--- No histograms for 3139 images ---
--- Fit model---
/usr/local/lib/python2.7/dist-packages/sklearn/svm/base.py:176: FutureWarning: elementwise comparison failed; returning scalar instead, but in the future will perform elementwise comparison
  (self.gamma == 'auto')):
/usr/local/lib/python2.7/dist-packages/sklearn/svm/base.py:179: FutureWarning: elementwise comparison failed; returning scalar instead, but in the future will perform elementwise comparison
  elif self.gamma == 'auto':
--- Overall training model took 93.1781499386 ---
--- No histograms for 1048 images ---
TP: 131 FP: 57 TN 1416 FN: 820
--- kfold: 0, accuracy: 0.638201320132, youden*coverage: 0.0562282188244
----- Fold: 1
Testing with 900 pos 1372 neg
Training with 3400 pos 5591 neg
--- Gather features---
--- Train BOW---
--- Make hists---
--- No histograms for 3385 images ---
--- Fit model---
--- Overall training model took 101.052963972 ---
--- No histograms for 802 images ---
TP: 73 FP: 43 TN 1329 FN: 827
--- kfold: 1, accuracy: 0.617077464789, youden*coverage: 0.0322015425889
----- Fold: 2
Testing with 785 pos 1569 neg
Training with 3515 pos 5394 neg
--- Gather features---
--- Train BOW---
--- Make hists---
--- No histograms for 3304 images ---
--- Fit model---
--- Overall training model took 95.9676258564 ---
--- No histograms for 883 images ---
TP: 106 FP: 56 TN 1513 FN: 679
--- kfold: 2, accuracy: 0.687765505523, youden*coverage: 0.0620771522572
----- Fold: 3
Testing with 889 pos 1174 neg
Training with 3411 pos 5789 neg
--- Gather features---
--- Train BOW---
--- Make hists---
--- No histograms for 3536 images ---
--- Fit model---
--- Overall training model took 97.4934959412 ---
--- No histograms for 651 images ---
TP: 98 FP: 37 TN 1137 FN: 791
--- kfold: 3, accuracy: 0.598642753272, youden*coverage: 0.0538791524568
----- Fold: 4
Testing with 775 pos 1375 neg
Training with 3525 pos 5588 neg
--- Gather features---
--- Train BOW---
--- Make hists---
--- No histograms for 3384 images ---
--- Fit model---
--- Overall training model took 99.989782095 ---
--- No histograms for 803 images ---
TP: 87 FP: 53 TN 1322 FN: 688
--- kfold: 4, accuracy: 0.655348837209, youden*coverage: 0.04618180727
----- Overall youden: 0.0501135746795
----- Overall kfold took 592.579422951 ---
Got result -0.050114

Job file reloaded.
Completed successfully in 592.80 seconds. [-0.050114]
setting job 20012 complete
set...
