Running in wrapper mode for '20086'

Running python job.

{u'nfeatures': array([43]), u'bow_size': array([371]), u'svm_gamma': array([-2.07153157]), u'edgeThreshold': array([ 28.45252002]), u'svm_C': array([ 3.]), u'sigma': array([ 1.44289081]), u'contrastThreshold': array([ 0.0076515])}
----- Fold: 0
Testing with 951 pos 1473 neg
Training with 3349 pos 5490 neg
--- Gather features---
--- Train BOW---
--- Make hists---
--- No histograms for 19 images ---
--- Fit model---
/usr/local/lib/python2.7/dist-packages/sklearn/svm/base.py:176: FutureWarning: elementwise comparison failed; returning scalar instead, but in the future will perform elementwise comparison
  (self.gamma == 'auto')):
/usr/local/lib/python2.7/dist-packages/sklearn/svm/base.py:179: FutureWarning: elementwise comparison failed; returning scalar instead, but in the future will perform elementwise comparison
  elif self.gamma == 'auto':
--- Overall training model took 1011.20187998 ---
--- No histograms for 14 images ---
TP: 713 FP: 266 TN 1207 FN: 238
--- kfold: 0, accuracy: 0.792079207921, youden*coverage: 0.565866087434
----- Fold: 1
Testing with 900 pos 1372 neg
Training with 3400 pos 5591 neg
--- Gather features---
--- Train BOW---
--- Make hists---
--- No histograms for 28 images ---
--- Fit model---
--- Overall training model took 1023.72321296 ---
--- No histograms for 5 images ---
TP: 692 FP: 230 TN 1142 FN: 208
--- kfold: 1, accuracy: 0.807218309859, youden*coverage: 0.599927230617
----- Fold: 2
Testing with 785 pos 1569 neg
Training with 3515 pos 5394 neg
--- Gather features---
--- Train BOW---
--- Make hists---
--- No histograms for 30 images ---
--- Fit model---
--- Overall training model took 953.929841042 ---
--- No histograms for 3 images ---
TP: 568 FP: 262 TN 1307 FN: 217
--- kfold: 2, accuracy: 0.796516567545, youden*coverage: 0.555872215733
----- Fold: 3
Testing with 889 pos 1174 neg
Training with 3411 pos 5789 neg
--- Gather features---
--- Train BOW---
--- Make hists---
--- No histograms for 22 images ---
--- Fit model---
--- Overall training model took 1027.74776697 ---
--- No histograms for 11 images ---
TP: 706 FP: 163 TN 1011 FN: 183
--- kfold: 3, accuracy: 0.832283082889, youden*coverage: 0.651815028723
----- Fold: 4
Testing with 775 pos 1375 neg
Training with 3525 pos 5588 neg
--- Gather features---
--- Train BOW---
--- Make hists---
--- No histograms for 33 images ---
--- Fit model---
--- Overall training model took 1037.09022093 ---
TP: 524 FP: 251 TN 1124 FN: 251
--- kfold: 4, accuracy: 0.766511627907, youden*coverage: 0.493583577713
----- Overall youden: 0.573412828044
----- Overall kfold took 5236.83004689 ---
Got result -0.573413

Job file reloaded.
Completed successfully in 5237.06 seconds. [-0.573413]
setting job 20086 complete
set...
