Running in wrapper mode for '20059'

Running python job.

{u'nfeatures': array([17]), u'bow_size': array([100]), u'svm_gamma': array([-4.]), u'edgeThreshold': array([ 17.04334499]), u'svm_C': array([ 3.]), u'sigma': array([ 1.54225105]), u'contrastThreshold': array([ 0.00825075])}
----- Fold: 0
Testing with 951 pos 1473 neg
Training with 3349 pos 5490 neg
--- Gather features---
--- Train BOW---
--- Make hists---
--- No histograms for 26 images ---
--- Fit model---
/usr/local/lib/python2.7/dist-packages/sklearn/svm/base.py:176: FutureWarning: elementwise comparison failed; returning scalar instead, but in the future will perform elementwise comparison
  (self.gamma == 'auto')):
/usr/local/lib/python2.7/dist-packages/sklearn/svm/base.py:179: FutureWarning: elementwise comparison failed; returning scalar instead, but in the future will perform elementwise comparison
  elif self.gamma == 'auto':
--- Overall training model took 191.276161909 ---
--- No histograms for 20 images ---
TP: 724 FP: 367 TN 1106 FN: 227
--- kfold: 0, accuracy: 0.75495049505, youden*coverage: 0.50792681824
----- Fold: 1
Testing with 900 pos 1372 neg
Training with 3400 pos 5591 neg
--- Gather features---
--- Train BOW---
--- Make hists---
--- No histograms for 41 images ---
--- Fit model---
--- Overall training model took 186.973563194 ---
--- No histograms for 5 images ---
TP: 628 FP: 211 TN 1161 FN: 272
--- kfold: 1, accuracy: 0.787411971831, youden*coverage: 0.542790534306
----- Fold: 2
Testing with 785 pos 1569 neg
Training with 3515 pos 5394 neg
--- Gather features---
--- Train BOW---
--- Make hists---
--- No histograms for 39 images ---
--- Fit model---
--- Overall training model took 176.491275072 ---
--- No histograms for 7 images ---
TP: 552 FP: 263 TN 1306 FN: 233
--- kfold: 2, accuracy: 0.789294817332, youden*coverage: 0.533969443405
----- Fold: 3
Testing with 889 pos 1174 neg
Training with 3411 pos 5789 neg
--- Gather features---
--- Train BOW---
--- Make hists---
--- No histograms for 32 images ---
--- Fit model---
--- Overall training model took 181.667411089 ---
--- No histograms for 14 images ---
TP: 683 FP: 207 TN 967 FN: 206
--- kfold: 3, accuracy: 0.79980610761, youden*coverage: 0.587941522564
----- Fold: 4
Testing with 775 pos 1375 neg
Training with 3525 pos 5588 neg
--- Gather features---
--- Train BOW---
--- Make hists---
--- No histograms for 46 images ---
--- Fit model---
--- Overall training model took 183.23989296 ---
TP: 518 FP: 289 TN 1086 FN: 257
--- kfold: 4, accuracy: 0.746046511628, youden*coverage: 0.458205278592
----- Overall youden: 0.526166719421
----- Overall kfold took 1043.576617 ---
Got result -0.526167

Job file reloaded.
Completed successfully in 1043.80 seconds. [-0.526167]
setting job 20059 complete
set...
