Running in wrapper mode for '20064'

Running python job.

{u'nfeatures': array([47]), u'bow_size': array([100]), u'svm_gamma': array([-4.]), u'edgeThreshold': array([ 13.765799]), u'svm_C': array([ 3.]), u'sigma': array([ 1.49743921]), u'contrastThreshold': array([ 0.00297446])}
----- Fold: 0
Testing with 951 pos 1473 neg
Training with 3349 pos 5490 neg
--- Gather features---
--- Train BOW---
--- Make hists---
--- No histograms for 1 images ---
--- Fit model---
/usr/local/lib/python2.7/dist-packages/sklearn/svm/base.py:176: FutureWarning: elementwise comparison failed; returning scalar instead, but in the future will perform elementwise comparison
  (self.gamma == 'auto')):
/usr/local/lib/python2.7/dist-packages/sklearn/svm/base.py:179: FutureWarning: elementwise comparison failed; returning scalar instead, but in the future will perform elementwise comparison
  elif self.gamma == 'auto':
--- Overall training model took 381.888437986 ---
TP: 680 FP: 338 TN 1135 FN: 271
--- kfold: 0, accuracy: 0.748762376238, youden*coverage: 0.485573123799
----- Fold: 1
Testing with 900 pos 1372 neg
Training with 3400 pos 5591 neg
--- Gather features---
--- Train BOW---
--- Make hists---
--- No histograms for 1 images ---
--- Fit model---
--- Overall training model took 368.42238307 ---
TP: 638 FP: 215 TN 1157 FN: 262
--- kfold: 1, accuracy: 0.790052816901, youden*coverage: 0.55218334953
----- Fold: 2
Testing with 785 pos 1569 neg
Training with 3515 pos 5394 neg
--- Gather features---
--- Train BOW---
--- Make hists---
--- No histograms for 1 images ---
--- Fit model---
--- Overall training model took 359.03275919 ---
TP: 544 FP: 229 TN 1340 FN: 241
--- kfold: 2, accuracy: 0.800339847069, youden*coverage: 0.547040794372
----- Fold: 3
Testing with 889 pos 1174 neg
Training with 3411 pos 5789 neg
--- Gather features---
--- Train BOW---
--- Make hists---
--- Fit model---
--- Overall training model took 396.601639986 ---
--- No histograms for 1 images ---
TP: 691 FP: 170 TN 1004 FN: 198
--- kfold: 3, accuracy: 0.821619001454, youden*coverage: 0.632167172066
----- Fold: 4
Testing with 775 pos 1375 neg
Training with 3525 pos 5588 neg
--- Gather features---
--- Train BOW---
--- Make hists---
--- No histograms for 1 images ---
--- Fit model---
--- Overall training model took 401.136558056 ---
TP: 521 FP: 285 TN 1090 FN: 254
--- kfold: 4, accuracy: 0.749302325581, youden*coverage: 0.464985337243
----- Overall youden: 0.536389955402
----- Overall kfold took 2062.79479408 ---
Got result -0.536390

Job file reloaded.
Completed successfully in 2063.06 seconds. [-0.536390]
setting job 20064 complete
set...
