Running in wrapper mode for '20039'

Running python job.

{u'nfeatures': array([100]), u'bow_size': array([224]), u'svm_gamma': array([-4.]), u'edgeThreshold': array([ 3.]), u'svm_C': array([-4.]), u'sigma': array([ 3.93942578]), u'contrastThreshold': array([ 0.04730936])}
----- Fold: 0
Testing with 951 pos 1473 neg
Training with 3349 pos 5490 neg
--- Gather features---
--- Train BOW---
--- Make hists---
--- No histograms for 4899 images ---
--- Fit model---
/usr/local/lib/python2.7/dist-packages/sklearn/svm/base.py:176: FutureWarning: elementwise comparison failed; returning scalar instead, but in the future will perform elementwise comparison
  (self.gamma == 'auto')):
/usr/local/lib/python2.7/dist-packages/sklearn/svm/base.py:179: FutureWarning: elementwise comparison failed; returning scalar instead, but in the future will perform elementwise comparison
  elif self.gamma == 'auto':
--- Overall training model took 132.953845978 ---
--- No histograms for 1443 images ---
TP: 0 FP: 0 TN 1473 FN: 951
--- kfold: 0, accuracy: 0.607673267327, youden*coverage: 0.0
----- Fold: 1
Testing with 900 pos 1372 neg
Training with 3400 pos 5591 neg
--- Gather features---
--- Train BOW---
--- Make hists---
--- No histograms for 5176 images ---
--- Fit model---
--- Overall training model took 123.270807028 ---
--- No histograms for 1166 images ---
TP: 0 FP: 0 TN 1372 FN: 900
--- kfold: 1, accuracy: 0.603873239437, youden*coverage: 0.0
----- Fold: 2
Testing with 785 pos 1569 neg
Training with 3515 pos 5394 neg
--- Gather features---
--- Train BOW---
--- Make hists---
--- No histograms for 4962 images ---
--- Fit model---
--- Overall training model took 132.674958944 ---
--- No histograms for 1380 images ---
TP: 0 FP: 0 TN 1569 FN: 785
--- kfold: 2, accuracy: 0.666525063721, youden*coverage: 0.0
----- Fold: 3
Testing with 889 pos 1174 neg
Training with 3411 pos 5789 neg
--- Gather features---
--- Train BOW---
--- Make hists---
--- No histograms for 5249 images ---
--- Fit model---
--- Overall training model took 133.848396063 ---
--- No histograms for 1093 images ---
TP: 585 FP: 385 TN 789 FN: 304
--- kfold: 3, accuracy: 0.666020358701, youden*coverage: 0.155211319071
----- Fold: 4
Testing with 775 pos 1375 neg
Training with 3525 pos 5588 neg
--- Gather features---
--- Train BOW---
--- Make hists---
--- No histograms for 5082 images ---
--- Fit model---
--- Overall training model took 132.349476099 ---
--- No histograms for 1260 images ---
TP: 420 FP: 470 TN 905 FN: 355
--- kfold: 4, accuracy: 0.616279069767, youden*coverage: 0.0828392552684
----- Overall youden: 0.0476101148679
----- Overall kfold took 788.976275921 ---
Got result -0.047610

Job file reloaded.
Completed successfully in 789.22 seconds. [-0.047610]
setting job 20039 complete
set...
