Running in wrapper mode for '20021'

Running python job.

{u'nfeatures': array([100]), u'bow_size': array([100]), u'svm_gamma': array([-4.]), u'edgeThreshold': array([ 30.8014505]), u'svm_C': array([-4.]), u'sigma': array([ 2.12481852]), u'contrastThreshold': array([ 0.04455359])}
----- Fold: 0
Testing with 951 pos 1473 neg
Training with 3349 pos 5490 neg
--- Gather features---
--- Train BOW---
--- Make hists---
--- No histograms for 2530 images ---
--- Fit model---
/usr/local/lib/python2.7/dist-packages/sklearn/svm/base.py:176: FutureWarning: elementwise comparison failed; returning scalar instead, but in the future will perform elementwise comparison
  (self.gamma == 'auto')):
/usr/local/lib/python2.7/dist-packages/sklearn/svm/base.py:179: FutureWarning: elementwise comparison failed; returning scalar instead, but in the future will perform elementwise comparison
  elif self.gamma == 'auto':
--- Overall training model took 149.86986208 ---
--- No histograms for 890 images ---
TP: 0 FP: 0 TN 1473 FN: 951
--- kfold: 0, accuracy: 0.607673267327, youden*coverage: 0.0
----- Fold: 1
Testing with 900 pos 1372 neg
Training with 3400 pos 5591 neg
--- Gather features---
--- Train BOW---
--- Make hists---
--- No histograms for 2777 images ---
--- Fit model---
--- Overall training model took 155.520452976 ---
--- No histograms for 643 images ---
TP: 0 FP: 0 TN 1372 FN: 900
--- kfold: 1, accuracy: 0.603873239437, youden*coverage: 0.0
----- Fold: 2
Testing with 785 pos 1569 neg
Training with 3515 pos 5394 neg
--- Gather features---
--- Train BOW---
--- Make hists---
--- No histograms for 2695 images ---
--- Fit model---
--- Overall training model took 138.957168102 ---
--- No histograms for 725 images ---
TP: 630 FP: 999 TN 570 FN: 155
--- kfold: 2, accuracy: 0.509770603229, youden*coverage: 0.114761105186
----- Fold: 3
Testing with 889 pos 1174 neg
Training with 3411 pos 5789 neg
--- Gather features---
--- Train BOW---
--- Make hists---
--- No histograms for 2904 images ---
--- Fit model---
--- Overall training model took 136.772784948 ---
--- No histograms for 516 images ---
TP: 797 FP: 750 TN 424 FN: 92
--- kfold: 3, accuracy: 0.591856519632, youden*coverage: 0.19322230112
----- Fold: 4
Testing with 775 pos 1375 neg
Training with 3525 pos 5588 neg
--- Gather features---
--- Train BOW---
--- Make hists---
--- No histograms for 2774 images ---
--- Fit model---
--- Overall training model took 131.982800961 ---
--- No histograms for 646 images ---
TP: 618 FP: 886 TN 489 FN: 157
--- kfold: 4, accuracy: 0.51488372093, youden*coverage: 0.107067814226
----- Overall youden: 0.0830102441065
----- Overall kfold took 825.266552925 ---
Got result -0.083010

Job file reloaded.
Completed successfully in 825.54 seconds. [-0.083010]
setting job 20021 complete
set...
