Running in wrapper mode for '20066'

Running python job.

{u'nfeatures': array([25]), u'bow_size': array([100]), u'svm_gamma': array([-4.]), u'edgeThreshold': array([ 16.54002932]), u'svm_C': array([ 2.97431606]), u'sigma': array([ 1.48500672]), u'contrastThreshold': array([ 0.0036137])}
----- Fold: 0
Testing with 951 pos 1473 neg
Training with 3349 pos 5490 neg
--- Gather features---
--- Train BOW---
--- Make hists---
--- Fit model---
/usr/local/lib/python2.7/dist-packages/sklearn/svm/base.py:176: FutureWarning: elementwise comparison failed; returning scalar instead, but in the future will perform elementwise comparison
  (self.gamma == 'auto')):
/usr/local/lib/python2.7/dist-packages/sklearn/svm/base.py:179: FutureWarning: elementwise comparison failed; returning scalar instead, but in the future will perform elementwise comparison
  elif self.gamma == 'auto':
--- Overall training model took 250.135286093 ---
TP: 683 FP: 350 TN 1123 FN: 268
--- kfold: 0, accuracy: 0.74504950495, youden*coverage: 0.480581058421
----- Fold: 1
Testing with 900 pos 1372 neg
Training with 3400 pos 5591 neg
--- Gather features---
--- Train BOW---
--- Make hists---
--- Fit model---
--- Overall training model took 254.892050982 ---
TP: 632 FP: 211 TN 1161 FN: 268
--- kfold: 1, accuracy: 0.789172535211, youden*coverage: 0.548432134759
----- Fold: 2
Testing with 785 pos 1569 neg
Training with 3515 pos 5394 neg
--- Gather features---
--- Train BOW---
--- Make hists---
--- Fit model---
--- Overall training model took 226.011307001 ---
TP: 540 FP: 239 TN 1330 FN: 245
--- kfold: 2, accuracy: 0.794392523364, youden*coverage: 0.535571766674
----- Fold: 3
Testing with 889 pos 1174 neg
Training with 3411 pos 5789 neg
--- Gather features---
--- Train BOW---
--- Make hists---
--- Fit model---
--- Overall training model took 253.148916006 ---
TP: 686 FP: 184 TN 990 FN: 203
--- kfold: 3, accuracy: 0.812409112942, youden*coverage: 0.614924412132
----- Fold: 4
Testing with 775 pos 1375 neg
Training with 3525 pos 5588 neg
--- Gather features---
--- Train BOW---
--- Make hists---
--- Fit model---
--- Overall training model took 262.964645863 ---
TP: 529 FP: 287 TN 1088 FN: 246
--- kfold: 4, accuracy: 0.752093023256, youden*coverage: 0.473853372434
----- Overall youden: 0.530672548884
----- Overall kfold took 1381.62001085 ---
Got result -0.530673

Job file reloaded.
Completed successfully in 1381.84 seconds. [-0.530673]
setting job 20066 complete
set...
