Running in wrapper mode for '20048'

Running python job.

{u'nfeatures': array([100]), u'bow_size': array([100]), u'svm_gamma': array([-4.]), u'edgeThreshold': array([ 19.83904771]), u'svm_C': array([-4.]), u'sigma': array([ 3.37118993]), u'contrastThreshold': array([ 0.046174])}
----- Fold: 0
Testing with 951 pos 1473 neg
Training with 3349 pos 5490 neg
--- Gather features---
--- Train BOW---
--- Make hists---
--- No histograms for 3230 images ---
--- Fit model---
/usr/local/lib/python2.7/dist-packages/sklearn/svm/base.py:176: FutureWarning: elementwise comparison failed; returning scalar instead, but in the future will perform elementwise comparison
  (self.gamma == 'auto')):
/usr/local/lib/python2.7/dist-packages/sklearn/svm/base.py:179: FutureWarning: elementwise comparison failed; returning scalar instead, but in the future will perform elementwise comparison
  elif self.gamma == 'auto':
--- Overall training model took 138.217236996 ---
--- No histograms for 1066 images ---
TP: 0 FP: 0 TN 1473 FN: 951
--- kfold: 0, accuracy: 0.607673267327, youden*coverage: 0.0
----- Fold: 1
Testing with 900 pos 1372 neg
Training with 3400 pos 5591 neg
--- Gather features---
--- Train BOW---
--- Make hists---
--- No histograms for 3509 images ---
--- Fit model---
--- Overall training model took 162.318104982 ---
--- No histograms for 787 images ---
TP: 0 FP: 0 TN 1372 FN: 900
--- kfold: 1, accuracy: 0.603873239437, youden*coverage: 0.0
----- Fold: 2
Testing with 785 pos 1569 neg
Training with 3515 pos 5394 neg
--- Gather features---
--- Train BOW---
--- Make hists---
--- No histograms for 3389 images ---
--- Fit model---
--- Overall training model took 141.551481962 ---
--- No histograms for 907 images ---
TP: 0 FP: 0 TN 1569 FN: 785
--- kfold: 2, accuracy: 0.666525063721, youden*coverage: 0.0
----- Fold: 3
Testing with 889 pos 1174 neg
Training with 3411 pos 5789 neg
--- Gather features---
--- Train BOW---
--- Make hists---
--- No histograms for 3619 images ---
--- Fit model---
--- Overall training model took 160.395701885 ---
--- No histograms for 677 images ---
TP: 725 FP: 661 TN 513 FN: 164
--- kfold: 3, accuracy: 0.600096946195, youden*coverage: 0.169632621725
----- Fold: 4
Testing with 775 pos 1375 neg
Training with 3525 pos 5588 neg
--- Gather features---
--- Train BOW---
--- Make hists---
--- No histograms for 3437 images ---
--- Fit model---
--- Overall training model took 138.578457117 ---
--- No histograms for 859 images ---
TP: 534 FP: 757 TN 618 FN: 241
--- kfold: 4, accuracy: 0.535813953488, youden*coverage: 0.0831564945782
----- Overall youden: 0.0505578232607
----- Overall kfold took 880.127479076 ---
Got result -0.050558

Job file reloaded.
Completed successfully in 880.36 seconds. [-0.050558]
setting job 20048 complete
set...
