Running in wrapper mode for '20011'

Running python job.

{u'nfeatures': array([10]), u'bow_size': array([100]), u'svm_gamma': array([-4.]), u'edgeThreshold': array([ 29.13013785]), u'svm_C': array([-4.]), u'sigma': array([ 1.41768639]), u'contrastThreshold': array([ 0.04757682])}
----- Fold: 0
Testing with 951 pos 1473 neg
Training with 3349 pos 5490 neg
--- Gather features---
--- Train BOW---
--- Make hists---
--- No histograms for 2676 images ---
--- Fit model---
/usr/local/lib/python2.7/dist-packages/sklearn/svm/base.py:176: FutureWarning: elementwise comparison failed; returning scalar instead, but in the future will perform elementwise comparison
  (self.gamma == 'auto')):
/usr/local/lib/python2.7/dist-packages/sklearn/svm/base.py:179: FutureWarning: elementwise comparison failed; returning scalar instead, but in the future will perform elementwise comparison
  elif self.gamma == 'auto':
--- Overall training model took 78.5577161312 ---
--- No histograms for 913 images ---
TP: 0 FP: 0 TN 1473 FN: 951
--- kfold: 0, accuracy: 0.607673267327, youden*coverage: 0.0
----- Fold: 1
Testing with 900 pos 1372 neg
Training with 3400 pos 5591 neg
--- Gather features---
--- Train BOW---
--- Make hists---
--- No histograms for 2907 images ---
--- Fit model---
--- Overall training model took 79.6404309273 ---
--- No histograms for 682 images ---
TP: 0 FP: 0 TN 1372 FN: 900
--- kfold: 1, accuracy: 0.603873239437, youden*coverage: 0.0
----- Fold: 2
Testing with 785 pos 1569 neg
Training with 3515 pos 5394 neg
--- Gather features---
--- Train BOW---
--- Make hists---
--- No histograms for 2802 images ---
--- Fit model---
--- Overall training model took 83.229557991 ---
--- No histograms for 787 images ---
TP: 611 FP: 956 TN 613 FN: 174
--- kfold: 2, accuracy: 0.519966015293, youden*coverage: 0.112524884763
----- Fold: 3
Testing with 889 pos 1174 neg
Training with 3411 pos 5789 neg
--- Gather features---
--- Train BOW---
--- Make hists---
--- No histograms for 3038 images ---
--- Fit model---
--- Overall training model took 79.4279551506 ---
--- No histograms for 551 images ---
TP: 792 FP: 720 TN 454 FN: 97
--- kfold: 3, accuracy: 0.603974793989, youden*coverage: 0.203457251717
----- Fold: 4
Testing with 775 pos 1375 neg
Training with 3525 pos 5588 neg
--- Gather features---
--- Train BOW---
--- Make hists---
--- No histograms for 2933 images ---
--- Fit model---
--- Overall training model took 78.5386419296 ---
--- No histograms for 656 images ---
TP: 628 FP: 866 TN 509 FN: 147
--- kfold: 4, accuracy: 0.528837209302, youden*coverage: 0.125429568301
----- Overall youden: 0.0882823409563
----- Overall kfold took 472.91140008 ---
Got result -0.088282

Job file reloaded.
Completed successfully in 473.17 seconds. [-0.088282]
setting job 20011 complete
set...
