Running in wrapper mode for '20054'

Running python job.

{u'nfeatures': array([23]), u'bow_size': array([100]), u'svm_gamma': array([-4.]), u'edgeThreshold': array([ 3.]), u'svm_C': array([ 3.]), u'sigma': array([ 1.1749598]), u'contrastThreshold': array([ 0.04151413])}
----- Fold: 0
Testing with 951 pos 1473 neg
Training with 3349 pos 5490 neg
--- Gather features---
--- Train BOW---
--- Make hists---
--- No histograms for 2974 images ---
--- Fit model---
/usr/local/lib/python2.7/dist-packages/sklearn/svm/base.py:176: FutureWarning: elementwise comparison failed; returning scalar instead, but in the future will perform elementwise comparison
  (self.gamma == 'auto')):
/usr/local/lib/python2.7/dist-packages/sklearn/svm/base.py:179: FutureWarning: elementwise comparison failed; returning scalar instead, but in the future will perform elementwise comparison
  elif self.gamma == 'auto':
--- Overall training model took 99.3554570675 ---
--- No histograms for 922 images ---
TP: 611 FP: 261 TN 1212 FN: 340
--- kfold: 0, accuracy: 0.752062706271, youden*coverage: 0.288312239192
----- Fold: 1
Testing with 900 pos 1372 neg
Training with 3400 pos 5591 neg
--- Gather features---
--- Train BOW---
--- Make hists---
--- No histograms for 3148 images ---
--- Fit model---
--- Overall training model took 90.767580986 ---
--- No histograms for 748 images ---
TP: 529 FP: 206 TN 1166 FN: 371
--- kfold: 1, accuracy: 0.746038732394, youden*coverage: 0.293552454181
----- Fold: 2
Testing with 785 pos 1569 neg
Training with 3515 pos 5394 neg
--- Gather features---
--- Train BOW---
--- Make hists---
--- No histograms for 3001 images ---
--- Fit model---
--- Overall training model took 102.856733084 ---
--- No histograms for 895 images ---
TP: 498 FP: 257 TN 1312 FN: 287
--- kfold: 2, accuracy: 0.768903993203, youden*coverage: 0.291673751643
----- Fold: 3
Testing with 889 pos 1174 neg
Training with 3411 pos 5789 neg
--- Gather features---
--- Train BOW---
--- Make hists---
--- No histograms for 3275 images ---
--- Fit model---
--- Overall training model took 89.3742620945 ---
--- No histograms for 621 images ---
TP: 651 FP: 176 TN 998 FN: 238
--- kfold: 3, accuracy: 0.799321376636, youden*coverage: 0.407065236958
----- Fold: 4
Testing with 775 pos 1375 neg
Training with 3525 pos 5588 neg
--- Gather features---
--- Train BOW---
--- Make hists---
--- No histograms for 3186 images ---
--- Fit model---
--- Overall training model took 101.26783514 ---
--- No histograms for 710 images ---
TP: 481 FP: 261 TN 1114 FN: 294
--- kfold: 4, accuracy: 0.741860465116, youden*coverage: 0.288553883926
----- Overall youden: 0.31383151318
----- Overall kfold took 554.259692907 ---
Got result -0.313832

Job file reloaded.
Completed successfully in 554.49 seconds. [-0.313832]
setting job 20054 complete
set...
