Running in wrapper mode for '20090'

Running python job.

{u'nfeatures': array([62]), u'bow_size': array([409]), u'svm_gamma': array([-1.16375005]), u'edgeThreshold': array([ 36.33689211]), u'svm_C': array([ 3.]), u'sigma': array([ 1.49724032]), u'contrastThreshold': array([ 0.00366539])}
----- Fold: 0
Testing with 951 pos 1473 neg
Training with 3349 pos 5490 neg
--- Gather features---
--- Train BOW---
--- Make hists---
--- No histograms for 1 images ---
--- Fit model---
/usr/local/lib/python2.7/dist-packages/sklearn/svm/base.py:176: FutureWarning: elementwise comparison failed; returning scalar instead, but in the future will perform elementwise comparison
  (self.gamma == 'auto')):
/usr/local/lib/python2.7/dist-packages/sklearn/svm/base.py:179: FutureWarning: elementwise comparison failed; returning scalar instead, but in the future will perform elementwise comparison
  elif self.gamma == 'auto':
--- Overall training model took 1598.84828687 ---
TP: 704 FP: 292 TN 1181 FN: 247
--- kfold: 0, accuracy: 0.777640264026, youden*coverage: 0.542038501652
----- Fold: 1
Testing with 900 pos 1372 neg
Training with 3400 pos 5591 neg
--- Gather features---
--- Train BOW---
--- Make hists---
--- No histograms for 1 images ---
--- Fit model---
--- Overall training model took 1546.9610281 ---
TP: 681 FP: 237 TN 1135 FN: 219
--- kfold: 1, accuracy: 0.799295774648, youden*coverage: 0.583926141885
----- Fold: 2
Testing with 785 pos 1569 neg
Training with 3515 pos 5394 neg
--- Gather features---
--- Train BOW---
--- Make hists---
--- No histograms for 1 images ---
--- Fit model---
--- Overall training model took 1571.17815495 ---
TP: 578 FP: 280 TN 1289 FN: 207
--- kfold: 2, accuracy: 0.793118096856, youden*coverage: 0.557848116168
----- Fold: 3
Testing with 889 pos 1174 neg
Training with 3411 pos 5789 neg
--- Gather features---
--- Train BOW---
--- Make hists---
--- Fit model---
--- Overall training model took 1659.29526782 ---
--- No histograms for 1 images ---
TP: 722 FP: 165 TN 1009 FN: 167
--- kfold: 3, accuracy: 0.839069316529, youden*coverage: 0.671277789696
----- Fold: 4
Testing with 775 pos 1375 neg
Training with 3525 pos 5588 neg
--- Gather features---
--- Train BOW---
--- Make hists---
--- No histograms for 1 images ---
--- Fit model---
--- Overall training model took 1647.68438196 ---
TP: 563 FP: 284 TN 1091 FN: 212
--- kfold: 4, accuracy: 0.769302325581, youden*coverage: 0.519906158358
----- Overall youden: 0.574999341552
----- Overall kfold took 8258.79825211 ---
Got result -0.574999

Job file reloaded.
Completed successfully in 8267.09 seconds. [-0.574999]
setting job 20090 complete
set...
