Running in wrapper mode for '20049'

Running python job.

{u'nfeatures': array([24]), u'bow_size': array([100]), u'svm_gamma': array([-4.]), u'edgeThreshold': array([ 3.]), u'svm_C': array([ 3.]), u'sigma': array([ 1.64219026]), u'contrastThreshold': array([ 0.04223101])}
----- Fold: 0
Testing with 951 pos 1473 neg
Training with 3349 pos 5490 neg
--- Gather features---
--- Train BOW---
--- Make hists---
--- No histograms for 3216 images ---
--- Fit model---
/usr/local/lib/python2.7/dist-packages/sklearn/svm/base.py:176: FutureWarning: elementwise comparison failed; returning scalar instead, but in the future will perform elementwise comparison
  (self.gamma == 'auto')):
/usr/local/lib/python2.7/dist-packages/sklearn/svm/base.py:179: FutureWarning: elementwise comparison failed; returning scalar instead, but in the future will perform elementwise comparison
  elif self.gamma == 'auto':
--- Overall training model took 107.051658154 ---
--- No histograms for 1010 images ---
TP: 595 FP: 204 TN 1269 FN: 356
--- kfold: 0, accuracy: 0.76897689769, youden*coverage: 0.284179193231
----- Fold: 1
Testing with 900 pos 1372 neg
Training with 3400 pos 5591 neg
--- Gather features---
--- Train BOW---
--- Make hists---
--- No histograms for 3425 images ---
--- Fit model---
--- Overall training model took 107.359181166 ---
--- No histograms for 801 images ---
TP: 522 FP: 195 TN 1177 FN: 378
--- kfold: 1, accuracy: 0.747799295775, youden*coverage: 0.283498811748
----- Fold: 2
Testing with 785 pos 1569 neg
Training with 3515 pos 5394 neg
--- Gather features---
--- Train BOW---
--- Make hists---
--- No histograms for 3276 images ---
--- Fit model---
--- Overall training model took 110.651408195 ---
--- No histograms for 950 images ---
TP: 511 FP: 241 TN 1328 FN: 274
--- kfold: 2, accuracy: 0.781223449448, youden*coverage: 0.296637880006
----- Fold: 3
Testing with 889 pos 1174 neg
Training with 3411 pos 5789 neg
--- Gather features---
--- Train BOW---
--- Make hists---
--- No histograms for 3530 images ---
--- Fit model---
--- Overall training model took 102.612401962 ---
--- No histograms for 696 images ---
TP: 628 FP: 156 TN 1018 FN: 261
--- kfold: 3, accuracy: 0.797867183713, youden*coverage: 0.380038359682
----- Fold: 4
Testing with 775 pos 1375 neg
Training with 3525 pos 5588 neg
--- Gather features---
--- Train BOW---
--- Make hists---
--- No histograms for 3457 images ---
--- Fit model---
--- Overall training model took 97.0329930782 ---
--- No histograms for 769 images ---
TP: 472 FP: 242 TN 1133 FN: 303
--- kfold: 4, accuracy: 0.746511627907, youden*coverage: 0.278147696924
----- Overall youden: 0.304500388318
----- Overall kfold took 607.389334917 ---
Got result -0.304500

Job file reloaded.
Completed successfully in 607.64 seconds. [-0.304500]
setting job 20049 complete
set...
