Running in wrapper mode for '20069'

Running python job.

{u'nfeatures': array([33]), u'bow_size': array([100]), u'svm_gamma': array([-4.]), u'edgeThreshold': array([ 11.0514378]), u'svm_C': array([ 2.99129374]), u'sigma': array([ 1.42469056]), u'contrastThreshold': array([ 0.001])}
----- Fold: 0
Testing with 951 pos 1473 neg
Training with 3349 pos 5490 neg
--- Gather features---
--- Train BOW---
--- Make hists---
--- Fit model---
/usr/local/lib/python2.7/dist-packages/sklearn/svm/base.py:176: FutureWarning: elementwise comparison failed; returning scalar instead, but in the future will perform elementwise comparison
  (self.gamma == 'auto')):
/usr/local/lib/python2.7/dist-packages/sklearn/svm/base.py:179: FutureWarning: elementwise comparison failed; returning scalar instead, but in the future will perform elementwise comparison
  elif self.gamma == 'auto':
--- Overall training model took 275.34505105 ---
TP: 671 FP: 312 TN 1161 FN: 280
--- kfold: 0, accuracy: 0.755775577558, youden*coverage: 0.493760453676
----- Fold: 1
Testing with 900 pos 1372 neg
Training with 3400 pos 5591 neg
--- Gather features---
--- Train BOW---
--- Make hists---
--- Fit model---
--- Overall training model took 334.062046051 ---
TP: 618 FP: 196 TN 1176 FN: 282
--- kfold: 1, accuracy: 0.789612676056, youden*coverage: 0.54380952381
----- Fold: 2
Testing with 785 pos 1569 neg
Training with 3515 pos 5394 neg
--- Gather features---
--- Train BOW---
--- Make hists---
--- Fit model---
--- Overall training model took 315.971466064 ---
TP: 536 FP: 236 TN 1333 FN: 249
--- kfold: 2, accuracy: 0.793967714528, youden*coverage: 0.532388271161
----- Fold: 3
Testing with 889 pos 1174 neg
Training with 3411 pos 5789 neg
--- Gather features---
--- Train BOW---
--- Make hists---
--- Fit model---
--- Overall training model took 309.422549963 ---
TP: 687 FP: 174 TN 1000 FN: 202
--- kfold: 3, accuracy: 0.81774115366, youden*coverage: 0.624567159088
----- Fold: 4
Testing with 775 pos 1375 neg
Training with 3525 pos 5588 neg
--- Gather features---
--- Train BOW---
--- Make hists---
--- Fit model---
--- Overall training model took 295.763615847 ---
TP: 536 FP: 299 TN 1076 FN: 239
--- kfold: 4, accuracy: 0.74976744186, youden*coverage: 0.474158357771
----- Overall youden: 0.533736753101
----- Overall kfold took 1672.74948812 ---
Got result -0.533737

Job file reloaded.
Completed successfully in 1672.97 seconds. [-0.533737]
setting job 20069 complete
set...
