Running in wrapper mode for '20006'

Running python job.

{u'nfeatures': array([10]), u'bow_size': array([311]), u'svm_gamma': array([ 3.]), u'edgeThreshold': array([ 3.]), u'svm_C': array([-4.]), u'sigma': array([ 5.]), u'contrastThreshold': array([ 0.0603667])}
----- Fold: 0
Testing with 951 pos 1473 neg
Training with 3349 pos 5490 neg
--- Gather features---
--- Train BOW---
--- Make hists---
--- No histograms for 6134 images ---
--- Fit model---
/usr/local/lib/python2.7/dist-packages/sklearn/svm/base.py:176: FutureWarning: elementwise comparison failed; returning scalar instead, but in the future will perform elementwise comparison
  (self.gamma == 'auto')):
/usr/local/lib/python2.7/dist-packages/sklearn/svm/base.py:179: FutureWarning: elementwise comparison failed; returning scalar instead, but in the future will perform elementwise comparison
  elif self.gamma == 'auto':
--- Overall training model took 117.95363903 ---
--- No histograms for 1750 images ---
TP: 0 FP: 0 TN 1473 FN: 951
--- kfold: 0, accuracy: 0.607673267327, youden*coverage: 0.0
----- Fold: 1
Testing with 900 pos 1372 neg
Training with 3400 pos 5591 neg
--- Gather features---
--- Train BOW---
--- Make hists---
--- No histograms for 6392 images ---
--- Fit model---
--- Overall training model took 125.499130011 ---
--- No histograms for 1492 images ---
TP: 395 FP: 385 TN 987 FN: 505
--- kfold: 1, accuracy: 0.608274647887, youden*coverage: 0.054337932356
----- Fold: 2
Testing with 785 pos 1569 neg
Training with 3515 pos 5394 neg
--- Gather features---
--- Train BOW---
--- Make hists---
--- No histograms for 6185 images ---
--- Fit model---
--- Overall training model took 124.5939188 ---
--- No histograms for 1699 images ---
TP: 0 FP: 0 TN 1569 FN: 785
--- kfold: 2, accuracy: 0.666525063721, youden*coverage: 0.0
----- Fold: 3
Testing with 889 pos 1174 neg
Training with 3411 pos 5789 neg
--- Gather features---
--- Train BOW---
--- Make hists---
--- No histograms for 6495 images ---
--- Fit model---
--- Overall training model took 123.775102854 ---
--- No histograms for 1389 images ---
TP: 0 FP: 0 TN 1174 FN: 889
--- kfold: 3, accuracy: 0.569074163839, youden*coverage: 0.0
----- Fold: 4
Testing with 775 pos 1375 neg
Training with 3525 pos 5588 neg
--- Gather features---
--- Train BOW---
--- Make hists---
--- No histograms for 6330 images ---
--- Fit model---
--- Overall training model took 121.286575079 ---
--- No histograms for 1554 images ---
TP: 266 FP: 330 TN 1045 FN: 509
--- kfold: 4, accuracy: 0.60976744186, youden*coverage: 0.0286151537884
----- Overall youden: 0.0165906172289
----- Overall kfold took 765.848335981 ---
Got result -0.016591

Job file reloaded.
Completed successfully in 766.08 seconds. [-0.016591]
setting job 20006 complete
set...
