Running in wrapper mode for '20026'

Running python job.

{u'nfeatures': array([77]), u'bow_size': array([254]), u'svm_gamma': array([-4.]), u'edgeThreshold': array([ 3.]), u'svm_C': array([-4.]), u'sigma': array([ 1.14435871]), u'contrastThreshold': array([ 0.0480586])}
----- Fold: 0
Testing with 951 pos 1473 neg
Training with 3349 pos 5490 neg
--- Gather features---
--- Train BOW---
--- Make hists---
--- No histograms for 3520 images ---
--- Fit model---
/usr/local/lib/python2.7/dist-packages/sklearn/svm/base.py:176: FutureWarning: elementwise comparison failed; returning scalar instead, but in the future will perform elementwise comparison
  (self.gamma == 'auto')):
/usr/local/lib/python2.7/dist-packages/sklearn/svm/base.py:179: FutureWarning: elementwise comparison failed; returning scalar instead, but in the future will perform elementwise comparison
  elif self.gamma == 'auto':
--- Overall training model took 216.748674154 ---
--- No histograms for 1104 images ---
TP: 722 FP: 598 TN 875 FN: 229
--- kfold: 0, accuracy: 0.658828382838, youden*coverage: 0.192351140001
----- Fold: 1
Testing with 900 pos 1372 neg
Training with 3400 pos 5591 neg
--- Gather features---
--- Train BOW---
--- Make hists---
--- No histograms for 3745 images ---
--- Fit model---
--- Overall training model took 238.270390987 ---
--- No histograms for 879 images ---
TP: 0 FP: 0 TN 1372 FN: 900
--- kfold: 1, accuracy: 0.603873239437, youden*coverage: 0.0
----- Fold: 2
Testing with 785 pos 1569 neg
Training with 3515 pos 5394 neg
--- Gather features---
--- Train BOW---
--- Make hists---
--- No histograms for 3563 images ---
--- Fit model---
--- Overall training model took 222.818462849 ---
--- No histograms for 1061 images ---
TP: 584 FP: 709 TN 860 FN: 201
--- kfold: 2, accuracy: 0.613423959218, youden*coverage: 0.160426951531
----- Fold: 3
Testing with 889 pos 1174 neg
Training with 3411 pos 5789 neg
--- Gather features---
--- Train BOW---
--- Make hists---
--- No histograms for 3871 images ---
--- Fit model---
--- Overall training model took 218.012497902 ---
--- No histograms for 753 images ---
TP: 0 FP: 0 TN 1174 FN: 889
--- kfold: 3, accuracy: 0.569074163839, youden*coverage: 0.0
----- Fold: 4
Testing with 775 pos 1375 neg
Training with 3525 pos 5588 neg
--- Gather features---
--- Train BOW---
--- Make hists---
--- No histograms for 3797 images ---
--- Fit model---
--- Overall training model took 216.38163209 ---
--- No histograms for 827 images ---
TP: 608 FP: 715 TN 660 FN: 167
--- kfold: 4, accuracy: 0.58976744186, youden*coverage: 0.162769692423
----- Overall youden: 0.103109556791
----- Overall kfold took 1189.58112693 ---
Got result -0.103110

Job file reloaded.
Completed successfully in 1189.83 seconds. [-0.103110]
setting job 20026 complete
set...
