Running in wrapper mode for '20112'

Running python job.

{u'nfeatures': array([49]), u'bow_size': array([587]), u'svm_gamma': array([-1.79741023]), u'edgeThreshold': array([ 39.48646225]), u'svm_C': array([ 2.33401826]), u'sigma': array([ 1.49711897]), u'contrastThreshold': array([ 0.00636197])}
----- Fold: 0
Testing with 951 pos 1473 neg
Training with 3349 pos 5490 neg
--- Gather features---
--- Train BOW---
--- Make hists---
--- No histograms for 9 images ---
--- Fit model---
/usr/local/lib/python2.7/dist-packages/sklearn/svm/base.py:176: FutureWarning: elementwise comparison failed; returning scalar instead, but in the future will perform elementwise comparison
  (self.gamma == 'auto')):
/usr/local/lib/python2.7/dist-packages/sklearn/svm/base.py:179: FutureWarning: elementwise comparison failed; returning scalar instead, but in the future will perform elementwise comparison
  elif self.gamma == 'auto':
--- Overall training model took 1839.8949759 ---
--- No histograms for 7 images ---
TP: 712 FP: 260 TN 1213 FN: 239
--- kfold: 0, accuracy: 0.794141914191, youden*coverage: 0.570522750618
----- Fold: 1
Testing with 900 pos 1372 neg
Training with 3400 pos 5591 neg
--- Gather features---
--- Train BOW---
--- Make hists---
--- No histograms for 14 images ---
--- Fit model---
--- Overall training model took 1795.34674692 ---
--- No histograms for 2 images ---
TP: 676 FP: 211 TN 1161 FN: 224
--- kfold: 1, accuracy: 0.808538732394, youden*coverage: 0.596795212887
----- Fold: 2
Testing with 785 pos 1569 neg
Training with 3515 pos 5394 neg
--- Gather features---
--- Train BOW---
--- Make hists---
--- No histograms for 16 images ---
--- Fit model---
--- Overall training model took 1743.39661908 ---
TP: 569 FP: 221 TN 1348 FN: 216
--- kfold: 2, accuracy: 0.814358538658, youden*coverage: 0.583986717167
----- Fold: 3
Testing with 889 pos 1174 neg
Training with 3411 pos 5789 neg
--- Gather features---
--- Train BOW---
--- Make hists---
--- No histograms for 9 images ---
--- Fit model---
--- Overall training model took 1832.9108119 ---
--- No histograms for 7 images ---
TP: 728 FP: 155 TN 1019 FN: 161
--- kfold: 3, accuracy: 0.846825012118, youden*coverage: 0.684539749114
----- Fold: 4
Testing with 775 pos 1375 neg
Training with 3525 pos 5588 neg
--- Gather features---
--- Train BOW---
--- Make hists---
--- No histograms for 16 images ---
--- Fit model---
--- Overall training model took 1866.51668501 ---
TP: 552 FP: 270 TN 1105 FN: 223
--- kfold: 4, accuracy: 0.770697674419, youden*coverage: 0.515894428152
----- Overall youden: 0.590347771588
----- Overall kfold took 9310.48207712 ---
Got result -0.590348

Job file reloaded.
Completed successfully in 9310.73 seconds. [-0.590348]
setting job 20112 complete
set...
