Running in wrapper mode for '20092'

Running python job.

{u'nfeatures': array([49]), u'bow_size': array([112]), u'svm_gamma': array([-1.45728614]), u'edgeThreshold': array([ 36.0835112]), u'svm_C': array([ 2.94874067]), u'sigma': array([ 1.49893651]), u'contrastThreshold': array([ 0.00581111])}
----- Fold: 0
Testing with 951 pos 1473 neg
Training with 3349 pos 5490 neg
--- Gather features---
--- Train BOW---
--- Make hists---
--- No histograms for 8 images ---
--- Fit model---
/usr/local/lib/python2.7/dist-packages/sklearn/svm/base.py:176: FutureWarning: elementwise comparison failed; returning scalar instead, but in the future will perform elementwise comparison
  (self.gamma == 'auto')):
/usr/local/lib/python2.7/dist-packages/sklearn/svm/base.py:179: FutureWarning: elementwise comparison failed; returning scalar instead, but in the future will perform elementwise comparison
  elif self.gamma == 'auto':
--- Overall training model took 489.790224075 ---
--- No histograms for 4 images ---
TP: 714 FP: 292 TN 1181 FN: 237
--- kfold: 0, accuracy: 0.781765676568, youden*coverage: 0.551641943895
----- Fold: 1
Testing with 900 pos 1372 neg
Training with 3400 pos 5591 neg
--- Gather features---
--- Train BOW---
--- Make hists---
--- No histograms for 10 images ---
--- Fit model---
--- Overall training model took 488.9831779 ---
--- No histograms for 2 images ---
TP: 672 FP: 236 TN 1136 FN: 228
--- kfold: 1, accuracy: 0.795774647887, youden*coverage: 0.57414914658
----- Fold: 2
Testing with 785 pos 1569 neg
Training with 3515 pos 5394 neg
--- Gather features---
--- Train BOW---
--- Make hists---
--- No histograms for 12 images ---
--- Fit model---
--- Overall training model took 475.188014984 ---
TP: 585 FP: 253 TN 1316 FN: 200
--- kfold: 2, accuracy: 0.807561597281, youden*coverage: 0.583973726622
----- Fold: 3
Testing with 889 pos 1174 neg
Training with 3411 pos 5789 neg
--- Gather features---
--- Train BOW---
--- Make hists---
--- No histograms for 6 images ---
--- Fit model---
--- Overall training model took 433.860208035 ---
--- No histograms for 6 images ---
TP: 711 FP: 180 TN 994 FN: 178
--- kfold: 3, accuracy: 0.826466311197, youden*coverage: 0.644572917065
----- Fold: 4
Testing with 775 pos 1375 neg
Training with 3525 pos 5588 neg
--- Gather features---
--- Train BOW---
--- Make hists---
--- No histograms for 12 images ---
--- Fit model---
--- Overall training model took 494.087795019 ---
TP: 541 FP: 262 TN 1113 FN: 234
--- kfold: 4, accuracy: 0.769302325581, youden*coverage: 0.507519061584
----- Overall youden: 0.572371359149
----- Overall kfold took 2562.99239397 ---
Got result -0.572371

Job file reloaded.
Completed successfully in 2563.27 seconds. [-0.572371]
setting job 20092 complete
set...
