Running in wrapper mode for '20058'

Running python job.

{u'nfeatures': array([22]), u'bow_size': array([100]), u'svm_gamma': array([-4.]), u'edgeThreshold': array([ 3.]), u'svm_C': array([ 3.]), u'sigma': array([ 1.57155557]), u'contrastThreshold': array([ 0.001])}
----- Fold: 0
Testing with 951 pos 1473 neg
Training with 3349 pos 5490 neg
--- Gather features---
--- Train BOW---
--- Make hists---
--- Fit model---
/usr/local/lib/python2.7/dist-packages/sklearn/svm/base.py:176: FutureWarning: elementwise comparison failed; returning scalar instead, but in the future will perform elementwise comparison
  (self.gamma == 'auto')):
/usr/local/lib/python2.7/dist-packages/sklearn/svm/base.py:179: FutureWarning: elementwise comparison failed; returning scalar instead, but in the future will perform elementwise comparison
  elif self.gamma == 'auto':
--- Overall training model took 204.901687145 ---
TP: 667 FP: 368 TN 1105 FN: 284
--- kfold: 0, accuracy: 0.73102310231, youden*coverage: 0.451536703781
----- Fold: 1
Testing with 900 pos 1372 neg
Training with 3400 pos 5591 neg
--- Gather features---
--- Train BOW---
--- Make hists---
--- Fit model---
--- Overall training model took 211.296104908 ---
TP: 627 FP: 237 TN 1135 FN: 273
--- kfold: 1, accuracy: 0.775528169014, youden*coverage: 0.523926141885
----- Fold: 2
Testing with 785 pos 1569 neg
Training with 3515 pos 5394 neg
--- Gather features---
--- Train BOW---
--- Make hists---
--- Fit model---
--- Overall training model took 223.448448896 ---
TP: 544 FP: 280 TN 1289 FN: 241
--- kfold: 2, accuracy: 0.778674596432, youden*coverage: 0.514536014257
----- Fold: 3
Testing with 889 pos 1174 neg
Training with 3411 pos 5789 neg
--- Gather features---
--- Train BOW---
--- Make hists---
--- Fit model---
--- Overall training model took 219.503425121 ---
TP: 685 FP: 199 TN 975 FN: 204
--- kfold: 3, accuracy: 0.804653417353, youden*coverage: 0.601022721393
----- Fold: 4
Testing with 775 pos 1375 neg
Training with 3525 pos 5588 neg
--- Gather features---
--- Train BOW---
--- Make hists---
--- Fit model---
--- Overall training model took 212.236707926 ---
TP: 542 FP: 328 TN 1047 FN: 233
--- kfold: 4, accuracy: 0.739069767442, youden*coverage: 0.460809384164
----- Overall youden: 0.510366193096
----- Overall kfold took 1198.62252212 ---
Got result -0.510366

Job file reloaded.
Completed successfully in 1198.85 seconds. [-0.510366]
setting job 20058 complete
set...
