Running in wrapper mode for '20072'

Running python job.

{u'nfeatures': array([42]), u'bow_size': array([100]), u'svm_gamma': array([-4.]), u'edgeThreshold': array([ 17.95101551]), u'svm_C': array([ 2.89026344]), u'sigma': array([ 1.48976777]), u'contrastThreshold': array([ 0.00253957])}
----- Fold: 0
Testing with 951 pos 1473 neg
Training with 3349 pos 5490 neg
--- Gather features---
--- Train BOW---
--- Make hists---
--- Fit model---
/usr/local/lib/python2.7/dist-packages/sklearn/svm/base.py:176: FutureWarning: elementwise comparison failed; returning scalar instead, but in the future will perform elementwise comparison
  (self.gamma == 'auto')):
/usr/local/lib/python2.7/dist-packages/sklearn/svm/base.py:179: FutureWarning: elementwise comparison failed; returning scalar instead, but in the future will perform elementwise comparison
  elif self.gamma == 'auto':
--- Overall training model took 373.289757967 ---
TP: 683 FP: 394 TN 1079 FN: 268
--- kfold: 0, accuracy: 0.726897689769, youden*coverage: 0.45071004688
----- Fold: 1
Testing with 900 pos 1372 neg
Training with 3400 pos 5591 neg
--- Gather features---
--- Train BOW---
--- Make hists---
--- Fit model---
--- Overall training model took 426.311505079 ---
TP: 649 FP: 228 TN 1144 FN: 251
--- kfold: 1, accuracy: 0.789172535211, youden*coverage: 0.554930353094
----- Fold: 2
Testing with 785 pos 1569 neg
Training with 3515 pos 5394 neg
--- Gather features---
--- Train BOW---
--- Make hists---
--- Fit model---
--- Overall training model took 413.918371916 ---
TP: 551 FP: 237 TN 1332 FN: 234
--- kfold: 2, accuracy: 0.799915038233, youden*coverage: 0.550859202786
----- Fold: 3
Testing with 889 pos 1174 neg
Training with 3411 pos 5789 neg
--- Gather features---
--- Train BOW---
--- Make hists---
--- Fit model---
--- Overall training model took 396.844186068 ---
TP: 687 FP: 181 TN 993 FN: 202
--- kfold: 3, accuracy: 0.81434803684, youden*coverage: 0.618604637793
----- Fold: 4
Testing with 775 pos 1375 neg
Training with 3525 pos 5588 neg
--- Gather features---
--- Train BOW---
--- Make hists---
--- Fit model---
--- Overall training model took 411.503596067 ---
TP: 529 FP: 291 TN 1084 FN: 246
--- kfold: 4, accuracy: 0.75023255814, youden*coverage: 0.470944281525
----- Overall youden: 0.529209704416
----- Overall kfold took 2175.29754615 ---
Got result -0.529210

Job file reloaded.
Completed successfully in 2175.53 seconds. [-0.529210]
setting job 20072 complete
set...
