Running in wrapper mode for '20042'

Running python job.

{u'nfeatures': array([100]), u'bow_size': array([100]), u'svm_gamma': array([-4.]), u'edgeThreshold': array([ 50.]), u'svm_C': array([ 0.65329354]), u'sigma': array([ 5.]), u'contrastThreshold': array([ 0.05072144])}
----- Fold: 0
Testing with 951 pos 1473 neg
Training with 3349 pos 5490 neg
--- Gather features---
--- Train BOW---
--- Make hists---
--- No histograms for 4182 images ---
--- Fit model---
/usr/local/lib/python2.7/dist-packages/sklearn/svm/base.py:176: FutureWarning: elementwise comparison failed; returning scalar instead, but in the future will perform elementwise comparison
  (self.gamma == 'auto')):
/usr/local/lib/python2.7/dist-packages/sklearn/svm/base.py:179: FutureWarning: elementwise comparison failed; returning scalar instead, but in the future will perform elementwise comparison
  elif self.gamma == 'auto':
--- Overall training model took 147.137944937 ---
--- No histograms for 1322 images ---
TP: 0 FP: 0 TN 1473 FN: 951
--- kfold: 0, accuracy: 0.607673267327, youden*coverage: 0.0
----- Fold: 1
Testing with 900 pos 1372 neg
Training with 3400 pos 5591 neg
--- Gather features---
--- Train BOW---
--- Make hists---
--- No histograms for 4485 images ---
--- Fit model---
--- Overall training model took 151.883108139 ---
--- No histograms for 1019 images ---
TP: 0 FP: 0 TN 1372 FN: 900
--- kfold: 1, accuracy: 0.603873239437, youden*coverage: 0.0
----- Fold: 2
Testing with 785 pos 1569 neg
Training with 3515 pos 5394 neg
--- Gather features---
--- Train BOW---
--- Make hists---
--- No histograms for 4360 images ---
--- Fit model---
--- Overall training model took 146.935400009 ---
--- No histograms for 1144 images ---
TP: 0 FP: 0 TN 1569 FN: 785
--- kfold: 2, accuracy: 0.666525063721, youden*coverage: 0.0
----- Fold: 3
Testing with 889 pos 1174 neg
Training with 3411 pos 5789 neg
--- Gather features---
--- Train BOW---
--- Make hists---
--- No histograms for 4609 images ---
--- Fit model---
--- Overall training model took 148.213247061 ---
--- No histograms for 895 images ---
TP: 564 FP: 604 TN 570 FN: 325
--- kfold: 3, accuracy: 0.549684924867, youden*coverage: 0.067906086782
----- Fold: 4
Testing with 775 pos 1375 neg
Training with 3525 pos 5588 neg
--- Gather features---
--- Train BOW---
--- Make hists---
--- No histograms for 4380 images ---
--- Fit model---
--- Overall training model took 148.725186825 ---
--- No histograms for 1124 images ---
TP: 0 FP: 0 TN 1375 FN: 775
--- kfold: 4, accuracy: 0.639534883721, youden*coverage: 0.0
----- Overall youden: 0.0135812173564
----- Overall kfold took 914.071666956 ---
Got result -0.013581

Job file reloaded.
Completed successfully in 914.30 seconds. [-0.013581]
setting job 20042 complete
set...
