Running in wrapper mode for '20070'

Running python job.

{u'nfeatures': array([35]), u'bow_size': array([100]), u'svm_gamma': array([-4.]), u'edgeThreshold': array([ 14.3143397]), u'svm_C': array([ 2.73278821]), u'sigma': array([ 1.49457886]), u'contrastThreshold': array([ 0.00337826])}
----- Fold: 0
Testing with 951 pos 1473 neg
Training with 3349 pos 5490 neg
--- Gather features---
--- Train BOW---
--- Make hists---
--- No histograms for 1 images ---
--- Fit model---
/usr/local/lib/python2.7/dist-packages/sklearn/svm/base.py:176: FutureWarning: elementwise comparison failed; returning scalar instead, but in the future will perform elementwise comparison
  (self.gamma == 'auto')):
/usr/local/lib/python2.7/dist-packages/sklearn/svm/base.py:179: FutureWarning: elementwise comparison failed; returning scalar instead, but in the future will perform elementwise comparison
  elif self.gamma == 'auto':
--- Overall training model took 289.702744007 ---
TP: 691 FP: 396 TN 1077 FN: 260
--- kfold: 0, accuracy: 0.729372937294, youden*coverage: 0.457764471314
----- Fold: 1
Testing with 900 pos 1372 neg
Training with 3400 pos 5591 neg
--- Gather features---
--- Train BOW---
--- Make hists---
--- No histograms for 1 images ---
--- Fit model---
--- Overall training model took 328.070172071 ---
TP: 633 FP: 210 TN 1162 FN: 267
--- kfold: 1, accuracy: 0.790052816901, youden*coverage: 0.550272108844
----- Fold: 2
Testing with 785 pos 1569 neg
Training with 3515 pos 5394 neg
--- Gather features---
--- Train BOW---
--- Make hists---
--- No histograms for 1 images ---
--- Fit model---
--- Overall training model took 301.782777071 ---
TP: 527 FP: 247 TN 1322 FN: 258
--- kfold: 2, accuracy: 0.785471537808, youden*coverage: 0.513912468082
----- Fold: 3
Testing with 889 pos 1174 neg
Training with 3411 pos 5789 neg
--- Gather features---
--- Train BOW---
--- Make hists---
--- Fit model---
--- Overall training model took 343.483431101 ---
--- No histograms for 1 images ---
TP: 672 FP: 170 TN 1004 FN: 217
--- kfold: 3, accuracy: 0.812409112942, youden*coverage: 0.610805203437
----- Fold: 4
Testing with 775 pos 1375 neg
Training with 3525 pos 5588 neg
--- Gather features---
--- Train BOW---
--- Make hists---
--- No histograms for 1 images ---
--- Fit model---
--- Overall training model took 345.371224165 ---
TP: 540 FP: 312 TN 1063 FN: 235
--- kfold: 4, accuracy: 0.745581395349, youden*coverage: 0.469865102639
----- Overall youden: 0.520523870863
----- Overall kfold took 1753.20918489 ---
Got result -0.520524

Job file reloaded.
Completed successfully in 1753.60 seconds. [-0.520524]
setting job 20070 complete
set...
