Running in wrapper mode for '20078'

Running python job.

{u'nfeatures': array([30]), u'bow_size': array([462]), u'svm_gamma': array([-1.02665057]), u'edgeThreshold': array([ 23.21947917]), u'svm_C': array([ 2.87759909]), u'sigma': array([ 1.48374628]), u'contrastThreshold': array([ 0.00579743])}
----- Fold: 0
Testing with 951 pos 1473 neg
Training with 3349 pos 5490 neg
--- Gather features---
--- Train BOW---
--- Make hists---
--- No histograms for 7 images ---
--- Fit model---
/usr/local/lib/python2.7/dist-packages/sklearn/svm/base.py:176: FutureWarning: elementwise comparison failed; returning scalar instead, but in the future will perform elementwise comparison
  (self.gamma == 'auto')):
/usr/local/lib/python2.7/dist-packages/sklearn/svm/base.py:179: FutureWarning: elementwise comparison failed; returning scalar instead, but in the future will perform elementwise comparison
  elif self.gamma == 'auto':
--- Overall training model took 935.011365891 ---
--- No histograms for 3 images ---
TP: 709 FP: 259 TN 1214 FN: 242
--- kfold: 0, accuracy: 0.793316831683, youden*coverage: 0.568994310367
----- Fold: 1
Testing with 900 pos 1372 neg
Training with 3400 pos 5591 neg
--- Gather features---
--- Train BOW---
--- Make hists---
--- No histograms for 8 images ---
--- Fit model---
--- Overall training model took 943.594219923 ---
--- No histograms for 2 images ---
TP: 672 FP: 270 TN 1102 FN: 228
--- kfold: 1, accuracy: 0.780809859155, youden*coverage: 0.549389620033
----- Fold: 2
Testing with 785 pos 1569 neg
Training with 3515 pos 5394 neg
--- Gather features---
--- Train BOW---
--- Make hists---
--- No histograms for 10 images ---
--- Fit model---
--- Overall training model took 908.420597792 ---
TP: 574 FP: 280 TN 1289 FN: 211
--- kfold: 2, accuracy: 0.791418861512, youden*coverage: 0.552752574767
----- Fold: 3
Testing with 889 pos 1174 neg
Training with 3411 pos 5789 neg
--- Gather features---
--- Train BOW---
--- Make hists---
--- No histograms for 5 images ---
--- Fit model---
--- Overall training model took 957.336009026 ---
--- No histograms for 5 images ---
TP: 713 FP: 171 TN 1003 FN: 176
--- kfold: 3, accuracy: 0.831798351915, youden*coverage: 0.654778057956
----- Fold: 4
Testing with 775 pos 1375 neg
Training with 3525 pos 5588 neg
--- Gather features---
--- Train BOW---
--- Make hists---
--- No histograms for 10 images ---
--- Fit model---
--- Overall training model took 1002.08450222 ---
TP: 537 FP: 274 TN 1101 FN: 238
--- kfold: 4, accuracy: 0.761860465116, youden*coverage: 0.493630498534
----- Overall youden: 0.563909012331
----- Overall kfold took 4920.34211206 ---
Got result -0.563909

Job file reloaded.
Completed successfully in 4920.57 seconds. [-0.563909]
setting job 20078 complete
set...
