Running in wrapper mode for '20024'

Running python job.

{u'nfeatures': array([63]), u'bow_size': array([414]), u'svm_gamma': array([-1.78279708]), u'edgeThreshold': array([ 33.15185617]), u'svm_C': array([-4.]), u'sigma': array([ 2.1892319]), u'contrastThreshold': array([ 0.04675169])}
----- Fold: 0
Testing with 951 pos 1473 neg
Training with 3349 pos 5490 neg
--- Gather features---
--- Train BOW---
--- Make hists---
--- No histograms for 2755 images ---
--- Fit model---
/usr/local/lib/python2.7/dist-packages/sklearn/svm/base.py:176: FutureWarning: elementwise comparison failed; returning scalar instead, but in the future will perform elementwise comparison
  (self.gamma == 'auto')):
/usr/local/lib/python2.7/dist-packages/sklearn/svm/base.py:179: FutureWarning: elementwise comparison failed; returning scalar instead, but in the future will perform elementwise comparison
  elif self.gamma == 'auto':
--- Overall training model took 308.291441917 ---
--- No histograms for 942 images ---
TP: 781 FP: 701 TN 772 FN: 170
--- kfold: 0, accuracy: 0.640676567657, youden*coverage: 0.211136868247
----- Fold: 1
Testing with 900 pos 1372 neg
Training with 3400 pos 5591 neg
--- Gather features---
--- Train BOW---
--- Make hists---
--- No histograms for 3005 images ---
--- Fit model---
--- Overall training model took 310.403067112 ---
--- No histograms for 692 images ---
TP: 0 FP: 0 TN 1372 FN: 900
--- kfold: 1, accuracy: 0.603873239437, youden*coverage: 0.0
----- Fold: 2
Testing with 785 pos 1569 neg
Training with 3515 pos 5394 neg
--- Gather features---
--- Train BOW---
--- Make hists---
--- No histograms for 2903 images ---
--- Fit model---
--- Overall training model took 325.604042053 ---
--- No histograms for 794 images ---
TP: 603 FP: 957 TN 612 FN: 182
--- kfold: 2, accuracy: 0.516142735769, youden*coverage: 0.104846200121
----- Fold: 3
Testing with 889 pos 1174 neg
Training with 3411 pos 5789 neg
--- Gather features---
--- Train BOW---
--- Make hists---
--- No histograms for 3133 images ---
--- Fit model---
--- Overall training model took 296.398002863 ---
--- No histograms for 564 images ---
TP: 0 FP: 0 TN 1174 FN: 889
--- kfold: 3, accuracy: 0.569074163839, youden*coverage: 0.0
----- Fold: 4
Testing with 775 pos 1375 neg
Training with 3525 pos 5588 neg
--- Gather features---
--- Train BOW---
--- Make hists---
--- No histograms for 2992 images ---
--- Fit model---
--- Overall training model took 287.722645998 ---
--- No histograms for 705 images ---
TP: 0 FP: 0 TN 1375 FN: 775
--- kfold: 4, accuracy: 0.639534883721, youden*coverage: 0.0
----- Overall youden: 0.0631966136736
----- Overall kfold took 1670.16982079 ---
Got result -0.063197

Job file reloaded.
Completed successfully in 1670.45 seconds. [-0.063197]
setting job 20024 complete
set...
