Running in wrapper mode for '20108'

Running python job.

{u'nfeatures': array([43]), u'bow_size': array([902]), u'svm_gamma': array([-2.38206641]), u'edgeThreshold': array([ 49.04477554]), u'svm_C': array([ 2.50769875]), u'sigma': array([ 1.50680886]), u'contrastThreshold': array([ 0.0110526])}
----- Fold: 0
Testing with 951 pos 1473 neg
Training with 3349 pos 5490 neg
--- Gather features---
--- Train BOW---
--- Make hists---
--- No histograms for 46 images ---
--- Fit model---
/usr/local/lib/python2.7/dist-packages/sklearn/svm/base.py:176: FutureWarning: elementwise comparison failed; returning scalar instead, but in the future will perform elementwise comparison
  (self.gamma == 'auto')):
/usr/local/lib/python2.7/dist-packages/sklearn/svm/base.py:179: FutureWarning: elementwise comparison failed; returning scalar instead, but in the future will perform elementwise comparison
  elif self.gamma == 'auto':
--- Overall training model took 2143.12965798 ---
--- No histograms for 28 images ---
TP: 720 FP: 289 TN 1184 FN: 231
--- kfold: 0, accuracy: 0.785478547855, youden*coverage: 0.554420519117
----- Fold: 1
Testing with 900 pos 1372 neg
Training with 3400 pos 5591 neg
--- Gather features---
--- Train BOW---
--- Make hists---
--- No histograms for 63 images ---
--- Fit model---
--- Overall training model took 2091.78361011 ---
--- No histograms for 11 images ---
TP: 675 FP: 191 TN 1181 FN: 225
--- kfold: 1, accuracy: 0.816901408451, youden*coverage: 0.607830015809
----- Fold: 2
Testing with 785 pos 1569 neg
Training with 3515 pos 5394 neg
--- Gather features---
--- Train BOW---
--- Make hists---
--- No histograms for 54 images ---
--- Fit model---
--- Overall training model took 2153.30119205 ---
--- No histograms for 20 images ---
TP: 569 FP: 233 TN 1336 FN: 216
--- kfold: 2, accuracy: 0.809260832625, youden*coverage: 0.571441859579
----- Fold: 3
Testing with 889 pos 1174 neg
Training with 3411 pos 5789 neg
--- Gather features---
--- Train BOW---
--- Make hists---
--- No histograms for 59 images ---
--- Fit model---
--- Overall training model took 2168.40439892 ---
--- No histograms for 15 images ---
TP: 718 FP: 157 TN 1017 FN: 171
--- kfold: 3, accuracy: 0.841008240427, youden*coverage: 0.669018173665
----- Fold: 4
Testing with 775 pos 1375 neg
Training with 3525 pos 5588 neg
--- Gather features---
--- Train BOW---
--- Make hists---
--- No histograms for 74 images ---
--- Fit model---
--- Overall training model took 2109.33147311 ---
TP: 546 FP: 271 TN 1104 FN: 229
--- kfold: 4, accuracy: 0.767441860465, youden*coverage: 0.507425219941
----- Overall youden: 0.582027157622
----- Overall kfold took 10939.8490131 ---
Got result -0.582027

Job file reloaded.
Completed successfully in 10940.10 seconds. [-0.582027]
setting job 20108 complete
set...
