Running in wrapper mode for '20001'

Running python job.

{u'nfeatures': array([10]), u'bow_size': array([2000]), u'svm_gamma': array([-4.]), u'edgeThreshold': array([ 3.]), u'svm_C': array([ 3.]), u'sigma': array([ 5.]), u'contrastThreshold': array([ 0.1])}
----- Fold: 0
Testing with 951 pos 1473 neg
Training with 3349 pos 5490 neg
--- Gather features---
--- Train BOW---
--- Make hists---
--- No histograms for 7638 images ---
--- Fit model---
/usr/local/lib/python2.7/dist-packages/sklearn/svm/base.py:176: FutureWarning: elementwise comparison failed; returning scalar instead, but in the future will perform elementwise comparison
  (self.gamma == 'auto')):
/usr/local/lib/python2.7/dist-packages/sklearn/svm/base.py:179: FutureWarning: elementwise comparison failed; returning scalar instead, but in the future will perform elementwise comparison
  elif self.gamma == 'auto':
--- Overall training model took 109.855771065 ---
--- No histograms for 2121 images ---
TP: 152 FP: 12 TN 1461 FN: 799
--- kfold: 0, accuracy: 0.665429042904, youden*coverage: 0.0189606395669
----- Fold: 1
Testing with 900 pos 1372 neg
Training with 3400 pos 5591 neg
--- Gather features---
--- Train BOW---
--- Make hists---
--- No histograms for 7780 images ---
--- Fit model---
--- Overall training model took 113.369577169 ---
--- No histograms for 1979 images ---
TP: 124 FP: 136 TN 1236 FN: 776
--- kfold: 1, accuracy: 0.598591549296, youden*coverage: 0.00498466422115
----- Fold: 2
Testing with 785 pos 1569 neg
Training with 3515 pos 5394 neg
--- Gather features---
--- Train BOW---
--- Make hists---
--- No histograms for 7721 images ---
--- Fit model---
--- Overall training model took 113.19382 ---
--- No histograms for 2038 images ---
TP: 71 FP: 66 TN 1503 FN: 714
--- kfold: 2, accuracy: 0.668649107901, youden*coverage: 0.00649462561543
----- Fold: 3
Testing with 889 pos 1174 neg
Training with 3411 pos 5789 neg
--- Gather features---
--- Train BOW---
--- Make hists---
--- No histograms for 8002 images ---
--- Fit model---
--- Overall training model took 114.035094023 ---
--- No histograms for 1757 images ---
TP: 141 FP: 94 TN 1080 FN: 748
--- kfold: 3, accuracy: 0.591856519632, youden*coverage: 0.0116492154936
----- Fold: 4
Testing with 775 pos 1375 neg
Training with 3525 pos 5588 neg
--- Gather features---
--- Train BOW---
--- Make hists---
--- No histograms for 7895 images ---
--- Fit model---
--- Overall training model took 112.017580986 ---
--- No histograms for 1864 images ---
TP: 27 FP: 2 TN 1373 FN: 748
--- kfold: 4, accuracy: 0.651162790698, youden*coverage: 0.00444087021755
----- Overall youden: 0.00930600302293
----- Overall kfold took 701.223862886 ---
Got result -0.009306

Job file reloaded.
Completed successfully in 701.44 seconds. [-0.009306]
setting job 20001 complete
set...
