Running in wrapper mode for '20031'

Running python job.

{u'nfeatures': array([100]), u'bow_size': array([541]), u'svm_gamma': array([-4.]), u'edgeThreshold': array([ 18.88231783]), u'svm_C': array([-4.]), u'sigma': array([ 1.01347578]), u'contrastThreshold': array([ 0.0344162])}
----- Fold: 0
Testing with 951 pos 1473 neg
Training with 3349 pos 5490 neg
--- Gather features---
--- Train BOW---
--- Make hists---
--- No histograms for 1576 images ---
--- Fit model---
/usr/local/lib/python2.7/dist-packages/sklearn/svm/base.py:176: FutureWarning: elementwise comparison failed; returning scalar instead, but in the future will perform elementwise comparison
  (self.gamma == 'auto')):
/usr/local/lib/python2.7/dist-packages/sklearn/svm/base.py:179: FutureWarning: elementwise comparison failed; returning scalar instead, but in the future will perform elementwise comparison
  elif self.gamma == 'auto':
--- Overall training model took 966.713487864 ---
--- No histograms for 573 images ---
TP: 843 FP: 1008 TN 465 FN: 108
--- kfold: 0, accuracy: 0.539603960396, youden*coverage: 0.154339810374
----- Fold: 1
Testing with 900 pos 1372 neg
Training with 3400 pos 5591 neg
--- Gather features---
--- Train BOW---
--- Make hists---
--- No histograms for 1723 images ---
--- Fit model---
--- Overall training model took 831.863291979 ---
--- No histograms for 426 images ---
TP: 802 FP: 1044 TN 328 FN: 98
--- kfold: 1, accuracy: 0.49735915493, youden*coverage: 0.105769760285
----- Fold: 2
Testing with 785 pos 1569 neg
Training with 3515 pos 5394 neg
--- Gather features---
--- Train BOW---
--- Make hists---
--- No histograms for 1690 images ---
--- Fit model---
--- Overall training model took 987.123440027 ---
--- No histograms for 459 images ---
TP: 0 FP: 0 TN 1569 FN: 785
--- kfold: 2, accuracy: 0.666525063721, youden*coverage: 0.0
----- Fold: 3
Testing with 889 pos 1174 neg
Training with 3411 pos 5789 neg
--- Gather features---
--- Train BOW---
--- Make hists---
--- No histograms for 1826 images ---
--- Fit model---
--- Overall training model took 944.409720898 ---
--- No histograms for 323 images ---
TP: 0 FP: 0 TN 1174 FN: 889
--- kfold: 3, accuracy: 0.569074163839, youden*coverage: 0.0
----- Fold: 4
Testing with 775 pos 1375 neg
Training with 3525 pos 5588 neg
--- Gather features---
--- Train BOW---
--- Make hists---
--- No histograms for 1781 images ---
--- Fit model---
--- Overall training model took 909.943726063 ---
--- No histograms for 368 images ---
TP: 0 FP: 0 TN 1375 FN: 775
--- kfold: 4, accuracy: 0.639534883721, youden*coverage: 0.0
----- Overall youden: 0.0520219141319
----- Overall kfold took 4788.29481697 ---
Got result -0.052022

Job file reloaded.
Completed successfully in 4788.55 seconds. [-0.052022]
setting job 20031 complete
set...
