Running in wrapper mode for '20034'

Running python job.

{u'nfeatures': array([100]), u'bow_size': array([959]), u'svm_gamma': array([-4.]), u'edgeThreshold': array([ 3.]), u'svm_C': array([-4.]), u'sigma': array([ 1.02763832]), u'contrastThreshold': array([ 0.04086463])}
----- Fold: 0
Testing with 951 pos 1473 neg
Training with 3349 pos 5490 neg
--- Gather features---
--- Train BOW---
--- Make hists---
--- No histograms for 2893 images ---
--- Fit model---
/usr/local/lib/python2.7/dist-packages/sklearn/svm/base.py:176: FutureWarning: elementwise comparison failed; returning scalar instead, but in the future will perform elementwise comparison
  (self.gamma == 'auto')):
/usr/local/lib/python2.7/dist-packages/sklearn/svm/base.py:179: FutureWarning: elementwise comparison failed; returning scalar instead, but in the future will perform elementwise comparison
  elif self.gamma == 'auto':
--- Overall training model took 874.816744089 ---
--- No histograms for 894 images ---
TP: 0 FP: 0 TN 1473 FN: 951
--- kfold: 0, accuracy: 0.607673267327, youden*coverage: 0.0
----- Fold: 1
Testing with 900 pos 1372 neg
Training with 3400 pos 5591 neg
--- Gather features---
--- Train BOW---
--- Make hists---
--- No histograms for 3050 images ---
--- Fit model---
--- Overall training model took 808.629199028 ---
--- No histograms for 737 images ---
TP: 727 FP: 808 TN 564 FN: 173
--- kfold: 1, accuracy: 0.568221830986, youden*coverage: 0.147862992866
----- Fold: 2
Testing with 785 pos 1569 neg
Training with 3515 pos 5394 neg
--- Gather features---
--- Train BOW---
--- Make hists---
--- No histograms for 2898 images ---
--- Fit model---
--- Overall training model took 957.39327383 ---
--- No histograms for 889 images ---
TP: 0 FP: 0 TN 1569 FN: 785
--- kfold: 2, accuracy: 0.666525063721, youden*coverage: 0.0
----- Fold: 3
Testing with 889 pos 1174 neg
Training with 3411 pos 5789 neg
--- Gather features---
--- Train BOW---
--- Make hists---
--- No histograms for 3170 images ---
--- Fit model---
--- Overall training model took 836.361645937 ---
--- No histograms for 617 images ---
TP: 0 FP: 0 TN 1174 FN: 889
--- kfold: 3, accuracy: 0.569074163839, youden*coverage: 0.0
----- Fold: 4
Testing with 775 pos 1375 neg
Training with 3525 pos 5588 neg
--- Gather features---
--- Train BOW---
--- Make hists---
--- No histograms for 3137 images ---
--- Fit model---
--- Overall training model took 756.770770073 ---
--- No histograms for 650 images ---
TP: 0 FP: 0 TN 1375 FN: 775
--- kfold: 4, accuracy: 0.639534883721, youden*coverage: 0.0
----- Overall youden: 0.0295725985733
----- Overall kfold took 4383.14124584 ---
Got result -0.029573

Job file reloaded.
Completed successfully in 4383.36 seconds. [-0.029573]
setting job 20034 complete
set...
