Running in wrapper mode for '20105'

Running python job.

{u'nfeatures': array([58]), u'bow_size': array([766]), u'svm_gamma': array([-1.92041046]), u'edgeThreshold': array([ 47.62538796]), u'svm_C': array([ 2.63005459]), u'sigma': array([ 1.59043606]), u'contrastThreshold': array([ 0.00677868])}
----- Fold: 0
Testing with 951 pos 1473 neg
Training with 3349 pos 5490 neg
--- Gather features---
--- Train BOW---
--- Make hists---
--- No histograms for 11 images ---
--- Fit model---
/usr/local/lib/python2.7/dist-packages/sklearn/svm/base.py:176: FutureWarning: elementwise comparison failed; returning scalar instead, but in the future will perform elementwise comparison
  (self.gamma == 'auto')):
/usr/local/lib/python2.7/dist-packages/sklearn/svm/base.py:179: FutureWarning: elementwise comparison failed; returning scalar instead, but in the future will perform elementwise comparison
  elif self.gamma == 'auto':
--- Overall training model took 2519.32187605 ---
--- No histograms for 10 images ---
TP: 721 FP: 273 TN 1200 FN: 230
--- kfold: 0, accuracy: 0.792491749175, youden*coverage: 0.570450176591
----- Fold: 1
Testing with 900 pos 1372 neg
Training with 3400 pos 5591 neg
--- Gather features---
--- Train BOW---
--- Make hists---
--- No histograms for 19 images ---
--- Fit model---
--- Overall training model took 2507.58975101 ---
--- No histograms for 2 images ---
TP: 674 FP: 226 TN 1146 FN: 226
--- kfold: 1, accuracy: 0.801056338028, youden*coverage: 0.583651626311
----- Fold: 2
Testing with 785 pos 1569 neg
Training with 3515 pos 5394 neg
--- Gather features---
--- Train BOW---
--- Make hists---
--- No histograms for 20 images ---
--- Fit model---
--- Overall training model took 2514.29147696 ---
--- No histograms for 1 images ---
TP: 582 FP: 259 TN 1310 FN: 203
--- kfold: 2, accuracy: 0.803738317757, youden*coverage: 0.576083149575
----- Fold: 3
Testing with 889 pos 1174 neg
Training with 3411 pos 5789 neg
--- Gather features---
--- Train BOW---
--- Make hists---
--- No histograms for 13 images ---
--- Fit model---
--- Overall training model took 2499.07249808 ---
--- No histograms for 8 images ---
TP: 734 FP: 161 TN 1013 FN: 155
--- kfold: 3, accuracy: 0.846825012118, youden*coverage: 0.685838872024
----- Fold: 4
Testing with 775 pos 1375 neg
Training with 3525 pos 5588 neg
--- Gather features---
--- Train BOW---
--- Make hists---
--- No histograms for 21 images ---
--- Fit model---
--- Overall training model took 2483.48276615 ---
TP: 519 FP: 266 TN 1109 FN: 256
--- kfold: 4, accuracy: 0.757209302326, youden*coverage: 0.4762228739
----- Overall youden: 0.57844933968
----- Overall kfold took 12813.26267 ---
Got result -0.578449

Job file reloaded.
Completed successfully in 12813.51 seconds. [-0.578449]
setting job 20105 complete
set...
