Running in wrapper mode for '20115'

Running python job.

{u'nfeatures': array([49]), u'bow_size': array([976]), u'svm_gamma': array([-0.98866144]), u'edgeThreshold': array([ 49.54214344]), u'svm_C': array([ 2.20595635]), u'sigma': array([ 1.50964205]), u'contrastThreshold': array([ 0.00464277])}
----- Fold: 0
Testing with 951 pos 1473 neg
Training with 3349 pos 5490 neg
--- Gather features---
--- Train BOW---
--- Make hists---
--- No histograms for 3 images ---
--- Fit model---
/usr/local/lib/python2.7/dist-packages/sklearn/svm/base.py:176: FutureWarning: elementwise comparison failed; returning scalar instead, but in the future will perform elementwise comparison
  (self.gamma == 'auto')):
/usr/local/lib/python2.7/dist-packages/sklearn/svm/base.py:179: FutureWarning: elementwise comparison failed; returning scalar instead, but in the future will perform elementwise comparison
  elif self.gamma == 'auto':
--- Overall training model took 2904.09729004 ---
TP: 716 FP: 296 TN 1177 FN: 235
--- kfold: 0, accuracy: 0.780940594059, youden*coverage: 0.551941251678
----- Fold: 1
Testing with 900 pos 1372 neg
Training with 3400 pos 5591 neg
--- Gather features---
--- Train BOW---
--- Make hists---
--- No histograms for 2 images ---
--- Fit model---
----------------------------------------
Problem running the job:
(<type 'exceptions.SystemExit'>, SystemExit(0,), <traceback object at 0x7f0c236cfb48>)
Traceback (most recent call last):
  File "/home/hans/wart-detection/spearmint/spearmint/spearmint/runner.py", line 41, in job_runner
    elif job.language == PYTHON: run_python_job(job)
  File "/home/hans/wart-detection/spearmint/spearmint/spearmint/runner.py", line 131, in run_python_job
    result = module.main(job.id, params)
  File "/home/hans/wart-detection/bay_opt/experiment.py", line 38, in main
    kappa = cross_validate_with_participants(5, parts, dect_params=dect_params, bow_size=params['bow_size'], model_params=model_params)
  File "/home/hans/wart-detection/analyze_training.py", line 44, in cross_validate_with_participants
    model, vocabulary = train_model(train_set_pos, train_set_neg, detector_name, descriptor_name, dect_params, n_features, bow_size, k, model_params=model_params)
  File "/home/hans/wart-detection/analyze_training.py", line 128, in train_model
    model = fit_model_svm(hists, labels, model_params)
  File "/home/hans/wart-detection/analyze_training.py", line 264, in fit_model_svm
    clf.fit(feat, classes)
  File "/usr/local/lib/python2.7/dist-packages/sklearn/svm/base.py", line 193, in fit
    fit(X, y, sample_weight, solver_type, kernel, random_seed=seed)
  File "/usr/local/lib/python2.7/dist-packages/sklearn/svm/base.py", line 251, in _dense_fit
    max_iter=self.max_iter, random_seed=random_seed)
  File "/home/hans/wart-detection/spearmint/spearmint/bin/../spearmint/main.py", line 323, in sigint_handler
    sys.exit(0)
SystemExit: 0
None
----------------------------------------
Job file reloaded.
Could not find value in output file.
Job failed in 5793.79 seconds.
