Running in wrapper mode for '20019'

Running python job.

{u'nfeatures': array([10]), u'bow_size': array([100]), u'svm_gamma': array([-4.]), u'edgeThreshold': array([ 25.29352064]), u'svm_C': array([-2.14321962]), u'sigma': array([ 4.59734023]), u'contrastThreshold': array([ 0.04271808])}
----- Fold: 0
Testing with 951 pos 1473 neg
Training with 3349 pos 5490 neg
--- Gather features---
--- Train BOW---
--- Make hists---
--- No histograms for 3328 images ---
--- Fit model---
/usr/local/lib/python2.7/dist-packages/sklearn/svm/base.py:176: FutureWarning: elementwise comparison failed; returning scalar instead, but in the future will perform elementwise comparison
  (self.gamma == 'auto')):
/usr/local/lib/python2.7/dist-packages/sklearn/svm/base.py:179: FutureWarning: elementwise comparison failed; returning scalar instead, but in the future will perform elementwise comparison
  elif self.gamma == 'auto':
--- Overall training model took 148.539098978 ---
--- No histograms for 1104 images ---
TP: 0 FP: 0 TN 1473 FN: 951
--- kfold: 0, accuracy: 0.607673267327, youden*coverage: 0.0
----- Fold: 1
Testing with 900 pos 1372 neg
Training with 3400 pos 5591 neg
--- Gather features---
--- Train BOW---
--- Make hists---
--- No histograms for 3625 images ---
--- Fit model---
--- Overall training model took 150.310657978 ---
--- No histograms for 807 images ---
TP: 669 FP: 796 TN 576 FN: 231
--- kfold: 1, accuracy: 0.547975352113, youden*coverage: 0.105205574433
----- Fold: 2
Testing with 785 pos 1569 neg
Training with 3515 pos 5394 neg
--- Gather features---
--- Train BOW---
--- Make hists---
--- No histograms for 3515 images ---
--- Fit model---
--- Overall training model took 154.337150097 ---
--- No histograms for 917 images ---
TP: 0 FP: 0 TN 1569 FN: 785
--- kfold: 2, accuracy: 0.666525063721, youden*coverage: 0.0
----- Fold: 3
Testing with 889 pos 1174 neg
Training with 3411 pos 5789 neg
--- Gather features---
--- Train BOW---
--- Make hists---
--- No histograms for 3731 images ---
--- Fit model---
--- Overall training model took 159.382604122 ---
--- No histograms for 701 images ---
TP: 685 FP: 677 TN 497 FN: 204
--- kfold: 3, accuracy: 0.572952011634, youden*coverage: 0.127992148198
----- Fold: 4
Testing with 775 pos 1375 neg
Training with 3525 pos 5588 neg
--- Gather features---
--- Train BOW---
--- Make hists---
--- No histograms for 3529 images ---
--- Fit model---
--- Overall training model took 150.264029026 ---
--- No histograms for 903 images ---
TP: 0 FP: 0 TN 1375 FN: 775
--- kfold: 4, accuracy: 0.639534883721, youden*coverage: 0.0
----- Overall youden: 0.0466395445263
----- Overall kfold took 926.542434931 ---
Got result -0.046640

Job file reloaded.
Completed successfully in 926.77 seconds. [-0.046640]
setting job 20019 complete
set...
