Running in wrapper mode for '20013'

Running python job.

{u'nfeatures': array([10]), u'bow_size': array([100]), u'svm_gamma': array([-4.]), u'edgeThreshold': array([ 24.51398382]), u'svm_C': array([-4.]), u'sigma': array([ 2.49614525]), u'contrastThreshold': array([ 0.00322714])}
----- Fold: 0
Testing with 951 pos 1473 neg
Training with 3349 pos 5490 neg
--- Gather features---
--- Train BOW---
--- Make hists---
--- Fit model---
/usr/local/lib/python2.7/dist-packages/sklearn/svm/base.py:176: FutureWarning: elementwise comparison failed; returning scalar instead, but in the future will perform elementwise comparison
  (self.gamma == 'auto')):
/usr/local/lib/python2.7/dist-packages/sklearn/svm/base.py:179: FutureWarning: elementwise comparison failed; returning scalar instead, but in the future will perform elementwise comparison
  elif self.gamma == 'auto':
--- Overall training model took 165.822884798 ---
TP: 951 FP: 1473 TN 0 FN: 0
--- kfold: 0, accuracy: 0.392326732673, youden*coverage: 0.0
----- Fold: 1
Testing with 900 pos 1372 neg
Training with 3400 pos 5591 neg
--- Gather features---
--- Train BOW---
--- Make hists---
--- Fit model---
--- Overall training model took 179.337364912 ---
TP: 900 FP: 1372 TN 0 FN: 0
--- kfold: 1, accuracy: 0.396126760563, youden*coverage: 0.0
----- Fold: 2
Testing with 785 pos 1569 neg
Training with 3515 pos 5394 neg
--- Gather features---
--- Train BOW---
--- Make hists---
--- Fit model---
--- Overall training model took 178.835515976 ---
TP: 785 FP: 1569 TN 0 FN: 0
--- kfold: 2, accuracy: 0.333474936279, youden*coverage: 0.0
----- Fold: 3
Testing with 889 pos 1174 neg
Training with 3411 pos 5789 neg
--- Gather features---
--- Train BOW---
--- Make hists---
--- Fit model---
--- Overall training model took 200.207360029 ---
TP: 889 FP: 1174 TN 0 FN: 0
--- kfold: 3, accuracy: 0.430925836161, youden*coverage: 0.0
----- Fold: 4
Testing with 775 pos 1375 neg
Training with 3525 pos 5588 neg
--- Gather features---
--- Train BOW---
--- Make hists---
--- Fit model---
--- Overall training model took 176.485416889 ---
TP: 0 FP: 0 TN 1375 FN: 775
--- kfold: 4, accuracy: 0.639534883721, youden*coverage: 0.0
----- Overall youden: 0.0
----- Overall kfold took 1060.85065198 ---
Got result -0.000000

Job file reloaded.
Completed successfully in 1061.07 seconds. [-0.000000]
setting job 20013 complete
set...
