Running in wrapper mode for '20060'

Running python job.

{u'nfeatures': array([28]), u'bow_size': array([100]), u'svm_gamma': array([-4.]), u'edgeThreshold': array([ 3.]), u'svm_C': array([ 3.]), u'sigma': array([ 1.65496797]), u'contrastThreshold': array([ 0.01492435])}
----- Fold: 0
Testing with 951 pos 1473 neg
Training with 3349 pos 5490 neg
--- Gather features---
--- Train BOW---
--- Make hists---
--- No histograms for 351 images ---
--- Fit model---
/usr/local/lib/python2.7/dist-packages/sklearn/svm/base.py:176: FutureWarning: elementwise comparison failed; returning scalar instead, but in the future will perform elementwise comparison
  (self.gamma == 'auto')):
/usr/local/lib/python2.7/dist-packages/sklearn/svm/base.py:179: FutureWarning: elementwise comparison failed; returning scalar instead, but in the future will perform elementwise comparison
  elif self.gamma == 'auto':
--- Overall training model took 189.927397013 ---
--- No histograms for 171 images ---
TP: 697 FP: 447 TN 1026 FN: 254
--- kfold: 0, accuracy: 0.710808580858, youden*coverage: 0.399155014411
----- Fold: 1
Testing with 900 pos 1372 neg
Training with 3400 pos 5591 neg
--- Gather features---
--- Train BOW---
--- Make hists---
--- No histograms for 410 images ---
--- Fit model---
--- Overall training model took 197.751131058 ---
--- No histograms for 112 images ---
TP: 631 FP: 293 TN 1079 FN: 269
--- kfold: 1, accuracy: 0.75264084507, youden*coverage: 0.463519894879
----- Fold: 2
Testing with 785 pos 1569 neg
Training with 3515 pos 5394 neg
--- Gather features---
--- Train BOW---
--- Make hists---
--- No histograms for 407 images ---
--- Fit model---
--- Overall training model took 196.911811113 ---
--- No histograms for 115 images ---
TP: 593 FP: 371 TN 1198 FN: 192
--- kfold: 2, accuracy: 0.760832625319, youden*coverage: 0.493605023635
----- Fold: 3
Testing with 889 pos 1174 neg
Training with 3411 pos 5789 neg
--- Gather features---
--- Train BOW---
--- Make hists---
--- No histograms for 451 images ---
--- Fit model---
--- Overall training model took 201.119137049 ---
--- No histograms for 71 images ---
TP: 717 FP: 277 TN 897 FN: 172
--- kfold: 3, accuracy: 0.782355792535, youden*coverage: 0.550941719982
----- Fold: 4
Testing with 775 pos 1375 neg
Training with 3525 pos 5588 neg
--- Gather features---
--- Train BOW---
--- Make hists---
--- No histograms for 469 images ---
--- Fit model---
--- Overall training model took 191.97679019 ---
--- No histograms for 53 images ---
TP: 539 FP: 352 TN 1023 FN: 236
--- kfold: 4, accuracy: 0.726511627907, youden*coverage: 0.428650082521
----- Overall youden: 0.467174347086
----- Overall kfold took 1104.26652312 ---
Got result -0.467174

Job file reloaded.
Completed successfully in 1104.48 seconds. [-0.467174]
setting job 20060 complete
set...
