Running in wrapper mode for '20028'

Running python job.

{u'nfeatures': array([47]), u'bow_size': array([100]), u'svm_gamma': array([-4.]), u'edgeThreshold': array([ 3.]), u'svm_C': array([-4.]), u'sigma': array([ 1.9269958]), u'contrastThreshold': array([ 0.04176741])}
----- Fold: 0
Testing with 951 pos 1473 neg
Training with 3349 pos 5490 neg
--- Gather features---
--- Train BOW---
--- Make hists---
--- No histograms for 3297 images ---
--- Fit model---
/usr/local/lib/python2.7/dist-packages/sklearn/svm/base.py:176: FutureWarning: elementwise comparison failed; returning scalar instead, but in the future will perform elementwise comparison
  (self.gamma == 'auto')):
/usr/local/lib/python2.7/dist-packages/sklearn/svm/base.py:179: FutureWarning: elementwise comparison failed; returning scalar instead, but in the future will perform elementwise comparison
  elif self.gamma == 'auto':
--- Overall training model took 132.45833683 ---
--- No histograms for 1039 images ---
TP: 0 FP: 0 TN 1473 FN: 951
--- kfold: 0, accuracy: 0.607673267327, youden*coverage: 0.0
----- Fold: 1
Testing with 900 pos 1372 neg
Training with 3400 pos 5591 neg
--- Gather features---
--- Train BOW---
--- Make hists---
--- No histograms for 3525 images ---
--- Fit model---
--- Overall training model took 123.831041098 ---
--- No histograms for 811 images ---
TP: 723 FP: 738 TN 634 FN: 177
--- kfold: 1, accuracy: 0.597271126761, youden*coverage: 0.17068522102
----- Fold: 2
Testing with 785 pos 1569 neg
Training with 3515 pos 5394 neg
--- Gather features---
--- Train BOW---
--- Make hists---
--- No histograms for 3360 images ---
--- Fit model---
--- Overall training model took 124.164725065 ---
--- No histograms for 976 images ---
TP: 0 FP: 0 TN 1569 FN: 785
--- kfold: 2, accuracy: 0.666525063721, youden*coverage: 0.0
----- Fold: 3
Testing with 889 pos 1174 neg
Training with 3411 pos 5789 neg
--- Gather features---
--- Train BOW---
--- Make hists---
--- No histograms for 3623 images ---
--- Fit model---
--- Overall training model took 115.555328846 ---
--- No histograms for 713 images ---
TP: 795 FP: 555 TN 619 FN: 94
--- kfold: 3, accuracy: 0.685409597673, youden*coverage: 0.275837429645
----- Fold: 4
Testing with 775 pos 1375 neg
Training with 3525 pos 5588 neg
--- Gather features---
--- Train BOW---
--- Make hists---
--- No histograms for 3539 images ---
--- Fit model---
--- Overall training model took 110.689858913 ---
--- No histograms for 797 images ---
TP: 0 FP: 0 TN 1375 FN: 775
--- kfold: 4, accuracy: 0.639534883721, youden*coverage: 0.0
----- Overall youden: 0.089304530133
----- Overall kfold took 701.352859974 ---
Got result -0.089305

Job file reloaded.
Completed successfully in 701.58 seconds. [-0.089305]
setting job 20028 complete
set...
