Running in wrapper mode for '20057'

Running python job.

{u'nfeatures': array([10]), u'bow_size': array([100]), u'svm_gamma': array([-4.]), u'edgeThreshold': array([ 3.]), u'svm_C': array([ 3.]), u'sigma': array([ 1.12184365]), u'contrastThreshold': array([ 0.03040943])}
----- Fold: 0
Testing with 951 pos 1473 neg
Training with 3349 pos 5490 neg
--- Gather features---
--- Train BOW---
--- Make hists---
--- No histograms for 1676 images ---
--- Fit model---
/usr/local/lib/python2.7/dist-packages/sklearn/svm/base.py:176: FutureWarning: elementwise comparison failed; returning scalar instead, but in the future will perform elementwise comparison
  (self.gamma == 'auto')):
/usr/local/lib/python2.7/dist-packages/sklearn/svm/base.py:179: FutureWarning: elementwise comparison failed; returning scalar instead, but in the future will perform elementwise comparison
  elif self.gamma == 'auto':
--- Overall training model took 90.868532896 ---
--- No histograms for 602 images ---
TP: 651 FP: 346 TN 1127 FN: 300
--- kfold: 0, accuracy: 0.733498349835, youden*coverage: 0.337977853726
----- Fold: 1
Testing with 900 pos 1372 neg
Training with 3400 pos 5591 neg
--- Gather features---
--- Train BOW---
--- Make hists---
--- No histograms for 1815 images ---
--- Fit model---
--- Overall training model took 100.934092999 ---
--- No histograms for 463 images ---
TP: 557 FP: 255 TN 1117 FN: 343
--- kfold: 1, accuracy: 0.736795774648, youden*coverage: 0.344783958855
----- Fold: 2
Testing with 785 pos 1569 neg
Training with 3515 pos 5394 neg
--- Gather features---
--- Train BOW---
--- Make hists---
--- No histograms for 1753 images ---
--- Fit model---
--- Overall training model took 90.8919970989 ---
--- No histograms for 525 images ---
TP: 518 FP: 306 TN 1263 FN: 267
--- kfold: 2, accuracy: 0.756584536958, youden*coverage: 0.361172280965
----- Fold: 3
Testing with 889 pos 1174 neg
Training with 3411 pos 5789 neg
--- Gather features---
--- Train BOW---
--- Make hists---
--- No histograms for 1961 images ---
--- Fit model---
--- Overall training model took 90.587749958 ---
--- No histograms for 317 images ---
TP: 647 FP: 267 TN 907 FN: 242
--- kfold: 3, accuracy: 0.753271934077, youden*coverage: 0.423471800827
----- Fold: 4
Testing with 775 pos 1375 neg
Training with 3525 pos 5588 neg
--- Gather features---
--- Train BOW---
--- Make hists---
--- No histograms for 1907 images ---
--- Fit model---
--- Overall training model took 86.017537117 ---
--- No histograms for 371 images ---
TP: 520 FP: 327 TN 1048 FN: 255
--- kfold: 4, accuracy: 0.729302325581, youden*coverage: 0.358406077883
----- Overall youden: 0.365162394451
----- Overall kfold took 531.336162806 ---
Got result -0.365162

Job file reloaded.
Completed successfully in 531.55 seconds. [-0.365162]
setting job 20057 complete
set...
