Running in wrapper mode for '20071'

Running python job.

{u'nfeatures': array([38]), u'bow_size': array([100]), u'svm_gamma': array([-4.]), u'edgeThreshold': array([ 17.66611459]), u'svm_C': array([ 2.99966416]), u'sigma': array([ 1.4888801]), u'contrastThreshold': array([ 0.00315945])}
----- Fold: 0
Testing with 951 pos 1473 neg
Training with 3349 pos 5490 neg
--- Gather features---
--- Train BOW---
--- Make hists---
--- Fit model---
/usr/local/lib/python2.7/dist-packages/sklearn/svm/base.py:176: FutureWarning: elementwise comparison failed; returning scalar instead, but in the future will perform elementwise comparison
  (self.gamma == 'auto')):
/usr/local/lib/python2.7/dist-packages/sklearn/svm/base.py:179: FutureWarning: elementwise comparison failed; returning scalar instead, but in the future will perform elementwise comparison
  elif self.gamma == 'auto':
--- Overall training model took 331.237780094 ---
TP: 677 FP: 370 TN 1103 FN: 274
--- kfold: 0, accuracy: 0.734323432343, youden*coverage: 0.460694177637
----- Fold: 1
Testing with 900 pos 1372 neg
Training with 3400 pos 5591 neg
--- Gather features---
--- Train BOW---
--- Make hists---
--- Fit model---
--- Overall training model took 331.169141054 ---
TP: 634 FP: 208 TN 1164 FN: 266
--- kfold: 1, accuracy: 0.791373239437, youden*coverage: 0.552840945902
----- Fold: 2
Testing with 785 pos 1569 neg
Training with 3515 pos 5394 neg
--- Gather features---
--- Train BOW---
--- Make hists---
--- Fit model---
--- Overall training model took 349.023268938 ---
TP: 546 FP: 211 TN 1358 FN: 239
--- kfold: 2, accuracy: 0.808836023789, youden*coverage: 0.561060840407
----- Fold: 3
Testing with 889 pos 1174 neg
Training with 3411 pos 5789 neg
--- Gather features---
--- Train BOW---
--- Make hists---
--- Fit model---
--- Overall training model took 364.74375391 ---
TP: 700 FP: 183 TN 991 FN: 189
--- kfold: 3, accuracy: 0.819680077557, youden*coverage: 0.631524232384
----- Fold: 4
Testing with 775 pos 1375 neg
Training with 3525 pos 5588 neg
--- Gather features---
--- Train BOW---
--- Make hists---
--- Fit model---
--- Overall training model took 348.007223129 ---
TP: 523 FP: 305 TN 1070 FN: 252
--- kfold: 4, accuracy: 0.740930232558, youden*coverage: 0.453020527859
----- Overall youden: 0.531828144838
----- Overall kfold took 1871.99752593 ---
Got result -0.531828

Job file reloaded.
Completed successfully in 1872.22 seconds. [-0.531828]
setting job 20071 complete
set...
