Running in wrapper mode for '20116'

Running python job.

{u'nfeatures': array([75]), u'bow_size': array([695]), u'svm_gamma': array([-1.56937081]), u'edgeThreshold': array([ 50.]), u'svm_C': array([ 2.2602025]), u'sigma': array([ 1.49918807]), u'contrastThreshold': array([ 0.01045005])}
----- Fold: 0
Testing with 951 pos 1473 neg
Training with 3349 pos 5490 neg
--- Gather features---
----------------------------------------
Problem running the job:
(<type 'exceptions.SystemExit'>, SystemExit(0,), <traceback object at 0x7f0c3801b7a0>)
Traceback (most recent call last):
  File "/home/hans/wart-detection/spearmint/spearmint/spearmint/runner.py", line 41, in job_runner
    elif job.language == PYTHON: run_python_job(job)
  File "/home/hans/wart-detection/spearmint/spearmint/spearmint/runner.py", line 131, in run_python_job
    result = module.main(job.id, params)
  File "/home/hans/wart-detection/bay_opt/experiment.py", line 38, in main
    kappa = cross_validate_with_participants(5, parts, dect_params=dect_params, bow_size=params['bow_size'], model_params=model_params)
  File "/home/hans/wart-detection/analyze_training.py", line 44, in cross_validate_with_participants
    model, vocabulary = train_model(train_set_pos, train_set_neg, detector_name, descriptor_name, dect_params, n_features, bow_size, k, model_params=model_params)
  File "/home/hans/wart-detection/analyze_training.py", line 107, in train_model
    pos_feat_p_img, neg_feat_p_img = extract_features([train_pos, train_neg], detector_name, descriptor_name, dect_params, n_features)
  File "/home/hans/wart-detection/analyze_training.py", line 171, in extract_features
    features = get_features_array(c, detector_name, descriptor_name, dect_params, max_features=n_features)
  File "/home/hans/wart-detection/detectors_descriptors.py", line 56, in get_features_array
    desc = get_features(filename, detector, descriptor, dect_params, sensitivity, max_features, gray_detector, gray_descriptor, testing)
  File "/home/hans/wart-detection/detectors_descriptors.py", line 87, in get_features
    _, desc = dect.compute(gray, kps)
  File "/home/hans/wart-detection/spearmint/spearmint/bin/../spearmint/main.py", line 323, in sigint_handler
    sys.exit(0)
SystemExit: 0
None
----------------------------------------
Job file reloaded.
Could not find value in output file.
Job failed in 66.47 seconds.
