Running in wrapper mode for '20094'

Running python job.

{u'nfeatures': array([55]), u'bow_size': array([630]), u'svm_gamma': array([-1.68660673]), u'edgeThreshold': array([ 33.17487431]), u'svm_C': array([ 2.89412238]), u'sigma': array([ 1.47610194]), u'contrastThreshold': array([ 0.00502196])}
----- Fold: 0
Testing with 951 pos 1473 neg
Training with 3349 pos 5490 neg
--- Gather features---
--- Train BOW---
--- Make hists---
--- No histograms for 3 images ---
--- Fit model---
/usr/local/lib/python2.7/dist-packages/sklearn/svm/base.py:176: FutureWarning: elementwise comparison failed; returning scalar instead, but in the future will perform elementwise comparison
  (self.gamma == 'auto')):
/usr/local/lib/python2.7/dist-packages/sklearn/svm/base.py:179: FutureWarning: elementwise comparison failed; returning scalar instead, but in the future will perform elementwise comparison
  elif self.gamma == 'auto':
--- Overall training model took 2073.00714898 ---
--- No histograms for 1 images ---
TP: 714 FP: 272 TN 1201 FN: 237
--- kfold: 0, accuracy: 0.79001650165, youden*coverage: 0.565897928688
----- Fold: 1
Testing with 900 pos 1372 neg
Training with 3400 pos 5591 neg
--- Gather features---
--- Train BOW---
--- Make hists---
--- No histograms for 4 images ---
--- Fit model---
--- Overall training model took 2118.19548297 ---
TP: 685 FP: 235 TN 1137 FN: 215
--- kfold: 1, accuracy: 0.801936619718, youden*coverage: 0.589828312277
----- Fold: 2
Testing with 785 pos 1569 neg
Training with 3515 pos 5394 neg
--- Gather features---
--- Train BOW---
--- Make hists---
--- No histograms for 4 images ---
--- Fit model---
--- Overall training model took 2069.77674603 ---
TP: 587 FP: 263 TN 1306 FN: 198
--- kfold: 2, accuracy: 0.804163126593, youden*coverage: 0.580148011026
----- Fold: 3
Testing with 889 pos 1174 neg
Training with 3411 pos 5789 neg
--- Gather features---
--- Train BOW---
--- Make hists---
--- No histograms for 1 images ---
--- Fit model---
--- Overall training model took 2140.23809505 ---
--- No histograms for 3 images ---
TP: 716 FP: 169 TN 1005 FN: 173
--- kfold: 3, accuracy: 0.834222006786, youden*coverage: 0.660485153672
----- Fold: 4
Testing with 775 pos 1375 neg
Training with 3525 pos 5588 neg
--- Gather features---
--- Train BOW---
--- Make hists---
--- No histograms for 4 images ---
--- Fit model---
--- Overall training model took 2120.13443685 ---
TP: 550 FP: 271 TN 1104 FN: 225
--- kfold: 4, accuracy: 0.769302325581, youden*coverage: 0.512586510264
----- Overall youden: 0.581789183185
----- Overall kfold took 10790.913667 ---
Got result -0.581789

Job file reloaded.
Completed successfully in 10791.75 seconds. [-0.581789]
setting job 20094 complete
set...
