Running in wrapper mode for '20043'

Running python job.

{u'nfeatures': array([54]), u'bow_size': array([100]), u'svm_gamma': array([-4.]), u'edgeThreshold': array([ 3.]), u'svm_C': array([-4.]), u'sigma': array([ 2.90556477]), u'contrastThreshold': array([ 0.05295934])}
----- Fold: 0
Testing with 951 pos 1473 neg
Training with 3349 pos 5490 neg
--- Gather features---
--- Train BOW---
--- Make hists---
--- No histograms for 4754 images ---
--- Fit model---
/usr/local/lib/python2.7/dist-packages/sklearn/svm/base.py:176: FutureWarning: elementwise comparison failed; returning scalar instead, but in the future will perform elementwise comparison
  (self.gamma == 'auto')):
/usr/local/lib/python2.7/dist-packages/sklearn/svm/base.py:179: FutureWarning: elementwise comparison failed; returning scalar instead, but in the future will perform elementwise comparison
  elif self.gamma == 'auto':
--- Overall training model took 91.6984601021 ---
--- No histograms for 1438 images ---
TP: 0 FP: 0 TN 1473 FN: 951
--- kfold: 0, accuracy: 0.607673267327, youden*coverage: 0.0
----- Fold: 1
Testing with 900 pos 1372 neg
Training with 3400 pos 5591 neg
--- Gather features---
--- Train BOW---
--- Make hists---
--- No histograms for 5043 images ---
--- Fit model---
--- Overall training model took 93.3604769707 ---
--- No histograms for 1149 images ---
TP: 0 FP: 0 TN 1372 FN: 900
--- kfold: 1, accuracy: 0.603873239437, youden*coverage: 0.0
----- Fold: 2
Testing with 785 pos 1569 neg
Training with 3515 pos 5394 neg
--- Gather features---
--- Train BOW---
--- Make hists---
--- No histograms for 4838 images ---
--- Fit model---
--- Overall training model took 94.612254858 ---
--- No histograms for 1354 images ---
TP: 468 FP: 532 TN 1037 FN: 317
--- kfold: 2, accuracy: 0.639337298216, youden*coverage: 0.109222121049
----- Fold: 3
Testing with 889 pos 1174 neg
Training with 3411 pos 5789 neg
--- Gather features---
--- Train BOW---
--- Make hists---
--- No histograms for 5164 images ---
--- Fit model---
--- Overall training model took 100.488046885 ---
--- No histograms for 1028 images ---
TP: 0 FP: 0 TN 1174 FN: 889
--- kfold: 3, accuracy: 0.569074163839, youden*coverage: 0.0
----- Fold: 4
Testing with 775 pos 1375 neg
Training with 3525 pos 5588 neg
--- Gather features---
--- Train BOW---
--- Make hists---
--- No histograms for 4969 images ---
--- Fit model---
--- Overall training model took 97.3879489899 ---
--- No histograms for 1223 images ---
TP: 0 FP: 0 TN 1375 FN: 775
--- kfold: 4, accuracy: 0.639534883721, youden*coverage: 0.0
----- Overall youden: 0.0218444242097
----- Overall kfold took 588.672406912 ---
Got result -0.021844

Job file reloaded.
Completed successfully in 588.89 seconds. [-0.021844]
setting job 20043 complete
set...
