Running in wrapper mode for '20029'

Running python job.

{u'nfeatures': array([55]), u'bow_size': array([100]), u'svm_gamma': array([-4.]), u'edgeThreshold': array([ 3.]), u'svm_C': array([-4.]), u'sigma': array([ 1.37361054]), u'contrastThreshold': array([ 0.03897813])}
----- Fold: 0
Testing with 951 pos 1473 neg
Training with 3349 pos 5490 neg
--- Gather features---
--- Train BOW---
--- Make hists---
--- No histograms for 2792 images ---
--- Fit model---
/usr/local/lib/python2.7/dist-packages/sklearn/svm/base.py:176: FutureWarning: elementwise comparison failed; returning scalar instead, but in the future will perform elementwise comparison
  (self.gamma == 'auto')):
/usr/local/lib/python2.7/dist-packages/sklearn/svm/base.py:179: FutureWarning: elementwise comparison failed; returning scalar instead, but in the future will perform elementwise comparison
  elif self.gamma == 'auto':
--- Overall training model took 136.834191799 ---
--- No histograms for 870 images ---
TP: 799 FP: 755 TN 718 FN: 152
--- kfold: 0, accuracy: 0.625825082508, youden*coverage: 0.210026460188
----- Fold: 1
Testing with 900 pos 1372 neg
Training with 3400 pos 5591 neg
--- Gather features---
--- Train BOW---
--- Make hists---
--- No histograms for 2964 images ---
--- Fit model---
--- Overall training model took 138.025666952 ---
--- No histograms for 698 images ---
TP: 0 FP: 0 TN 1372 FN: 900
--- kfold: 1, accuracy: 0.603873239437, youden*coverage: 0.0
----- Fold: 2
Testing with 785 pos 1569 neg
Training with 3515 pos 5394 neg
--- Gather features---
--- Train BOW---
--- Make hists---
--- No histograms for 2820 images ---
--- Fit model---
--- Overall training model took 138.830333948 ---
--- No histograms for 842 images ---
TP: 649 FP: 863 TN 706 FN: 136
--- kfold: 2, accuracy: 0.575615972812, youden*coverage: 0.177740112186
----- Fold: 3
Testing with 889 pos 1174 neg
Training with 3411 pos 5789 neg
--- Gather features---
--- Train BOW---
--- Make hists---
--- No histograms for 3073 images ---
--- Fit model---
--- Overall training model took 129.842046976 ---
--- No histograms for 589 images ---
TP: 0 FP: 0 TN 1174 FN: 889
--- kfold: 3, accuracy: 0.569074163839, youden*coverage: 0.0
----- Fold: 4
Testing with 775 pos 1375 neg
Training with 3525 pos 5588 neg
--- Gather features---
--- Train BOW---
--- Make hists---
--- No histograms for 2999 images ---
--- Fit model---
--- Overall training model took 129.834188938 ---
--- No histograms for 663 images ---
TP: 0 FP: 0 TN 1375 FN: 775
--- kfold: 4, accuracy: 0.639534883721, youden*coverage: 0.0
----- Overall youden: 0.0775533144748
----- Overall kfold took 755.606847048 ---
Got result -0.077553

Job file reloaded.
Completed successfully in 755.87 seconds. [-0.077553]
setting job 20029 complete
set...
