Running in wrapper mode for '20091'

Running python job.

{u'nfeatures': array([62]), u'bow_size': array([550]), u'svm_gamma': array([-1.79870638]), u'edgeThreshold': array([ 32.62469838]), u'svm_C': array([ 3.]), u'sigma': array([ 1.50462049]), u'contrastThreshold': array([ 0.00299882])}
----- Fold: 0
Testing with 951 pos 1473 neg
Training with 3349 pos 5490 neg
--- Gather features---
--- Train BOW---
--- Make hists---
--- No histograms for 1 images ---
--- Fit model---
/usr/local/lib/python2.7/dist-packages/sklearn/svm/base.py:176: FutureWarning: elementwise comparison failed; returning scalar instead, but in the future will perform elementwise comparison
  (self.gamma == 'auto')):
/usr/local/lib/python2.7/dist-packages/sklearn/svm/base.py:179: FutureWarning: elementwise comparison failed; returning scalar instead, but in the future will perform elementwise comparison
  elif self.gamma == 'auto':
--- Overall training model took 1989.53276396 ---
TP: 724 FP: 277 TN 1196 FN: 227
--- kfold: 0, accuracy: 0.792079207921, youden*coverage: 0.573252295258
----- Fold: 1
Testing with 900 pos 1372 neg
Training with 3400 pos 5591 neg
--- Gather features---
--- Train BOW---
--- Make hists---
--- No histograms for 1 images ---
--- Fit model---
--- Overall training model took 2113.77408409 ---
TP: 685 FP: 231 TN 1141 FN: 215
--- kfold: 1, accuracy: 0.803697183099, youden*coverage: 0.592743764172
----- Fold: 2
Testing with 785 pos 1569 neg
Training with 3515 pos 5394 neg
--- Gather features---
--- Train BOW---
--- Make hists---
--- No histograms for 1 images ---
--- Fit model---
--- Overall training model took 2113.94694495 ---
TP: 586 FP: 264 TN 1305 FN: 199
--- kfold: 2, accuracy: 0.803313508921, youden*coverage: 0.578236777046
----- Fold: 3
Testing with 889 pos 1174 neg
Training with 3411 pos 5789 neg
--- Gather features---
--- Train BOW---
--- Make hists---
--- Fit model---
--- Overall training model took 2151.80116916 ---
--- No histograms for 1 images ---
TP: 721 FP: 186 TN 988 FN: 168
--- kfold: 3, accuracy: 0.828405235095, youden*coverage: 0.65227458233
----- Fold: 4
Testing with 775 pos 1375 neg
Training with 3525 pos 5588 neg
--- Gather features---
--- Train BOW---
--- Make hists---
--- No histograms for 1 images ---
--- Fit model---
--- Overall training model took 2155.82193422 ---
TP: 553 FP: 265 TN 1110 FN: 222
--- kfold: 4, accuracy: 0.773488372093, youden*coverage: 0.52082111437
----- Overall youden: 0.583465706635
----- Overall kfold took 10795.1532571 ---
Got result -0.583466

Job file reloaded.
Completed successfully in 10796.41 seconds. [-0.583466]
setting job 20091 complete
set...
