Running in wrapper mode for '20017'

Running python job.

{u'nfeatures': array([10]), u'bow_size': array([100]), u'svm_gamma': array([-4.]), u'edgeThreshold': array([ 39.4584982]), u'svm_C': array([-4.]), u'sigma': array([ 1.46422923]), u'contrastThreshold': array([ 0.0479809])}
----- Fold: 0
Testing with 951 pos 1473 neg
Training with 3349 pos 5490 neg
--- Gather features---
--- Train BOW---
--- Make hists---
--- No histograms for 2697 images ---
--- Fit model---
/usr/local/lib/python2.7/dist-packages/sklearn/svm/base.py:176: FutureWarning: elementwise comparison failed; returning scalar instead, but in the future will perform elementwise comparison
  (self.gamma == 'auto')):
/usr/local/lib/python2.7/dist-packages/sklearn/svm/base.py:179: FutureWarning: elementwise comparison failed; returning scalar instead, but in the future will perform elementwise comparison
  elif self.gamma == 'auto':
--- Overall training model took 91.2090661526 ---
--- No histograms for 927 images ---
TP: 777 FP: 720 TN 753 FN: 174
--- kfold: 0, accuracy: 0.631188118812, youden*coverage: 0.20271030754
----- Fold: 1
Testing with 900 pos 1372 neg
Training with 3400 pos 5591 neg
--- Gather features---
--- Train BOW---
--- Make hists---
--- No histograms for 2930 images ---
--- Fit model---
--- Overall training model took 83.1195189953 ---
--- No histograms for 694 images ---
TP: 0 FP: 0 TN 1372 FN: 900
--- kfold: 1, accuracy: 0.603873239437, youden*coverage: 0.0
----- Fold: 2
Testing with 785 pos 1569 neg
Training with 3515 pos 5394 neg
--- Gather features---
--- Train BOW---
--- Make hists---
--- No histograms for 2840 images ---
--- Fit model---
--- Overall training model took 84.4543690681 ---
--- No histograms for 784 images ---
TP: 0 FP: 0 TN 1569 FN: 785
--- kfold: 2, accuracy: 0.666525063721, youden*coverage: 0.0
----- Fold: 3
Testing with 889 pos 1174 neg
Training with 3411 pos 5789 neg
--- Gather features---
--- Train BOW---
--- Make hists---
--- No histograms for 3065 images ---
--- Fit model---
--- Overall training model took 85.2894489765 ---
--- No histograms for 559 images ---
TP: 0 FP: 0 TN 1174 FN: 889
--- kfold: 3, accuracy: 0.569074163839, youden*coverage: 0.0
----- Fold: 4
Testing with 775 pos 1375 neg
Training with 3525 pos 5588 neg
--- Gather features---
--- Train BOW---
--- Make hists---
--- No histograms for 2964 images ---
--- Fit model---
--- Overall training model took 86.5977311134 ---
--- No histograms for 660 images ---
TP: 626 FP: 864 TN 511 FN: 149
--- kfold: 4, accuracy: 0.528837209302, youden*coverage: 0.124313332879
----- Overall youden: 0.0654047280837
----- Overall kfold took 506.424166918 ---
Got result -0.065405

Job file reloaded.
Completed successfully in 506.65 seconds. [-0.065405]
setting job 20017 complete
set...
