Running in wrapper mode for '20032'

Running python job.

{u'nfeatures': array([10]), u'bow_size': array([2000]), u'svm_gamma': array([-4.]), u'edgeThreshold': array([ 3.]), u'svm_C': array([-4.]), u'sigma': array([ 1.30313127]), u'contrastThreshold': array([ 0.0434501])}
----- Fold: 0
Testing with 951 pos 1473 neg
Training with 3349 pos 5490 neg
--- Gather features---
--- Train BOW---
--- Make hists---
--- No histograms for 3190 images ---
--- Fit model---
/usr/local/lib/python2.7/dist-packages/sklearn/svm/base.py:176: FutureWarning: elementwise comparison failed; returning scalar instead, but in the future will perform elementwise comparison
  (self.gamma == 'auto')):
/usr/local/lib/python2.7/dist-packages/sklearn/svm/base.py:179: FutureWarning: elementwise comparison failed; returning scalar instead, but in the future will perform elementwise comparison
  elif self.gamma == 'auto':
--- Overall training model took 340.680212021 ---
--- No histograms for 1004 images ---
TP: 0 FP: 0 TN 1473 FN: 951
--- kfold: 0, accuracy: 0.607673267327, youden*coverage: 0.0
----- Fold: 1
Testing with 900 pos 1372 neg
Training with 3400 pos 5591 neg
--- Gather features---
--- Train BOW---
--- Make hists---
--- No histograms for 3400 images ---
--- Fit model---
--- Overall training model took 347.801733971 ---
--- No histograms for 794 images ---
TP: 721 FP: 757 TN 615 FN: 179
--- kfold: 1, accuracy: 0.588028169014, youden*coverage: 0.16221690118
----- Fold: 2
Testing with 785 pos 1569 neg
Training with 3515 pos 5394 neg
--- Gather features---
--- Train BOW---
--- Make hists---
--- No histograms for 3243 images ---
--- Fit model---
--- Overall training model took 298.747996807 ---
--- No histograms for 951 images ---
TP: 625 FP: 778 TN 791 FN: 160
--- kfold: 2, accuracy: 0.60152931181, youden*coverage: 0.17899342285
----- Fold: 3
Testing with 889 pos 1174 neg
Training with 3411 pos 5789 neg
--- Gather features---
--- Train BOW---
--- Make hists---
--- No histograms for 3507 images ---
--- Fit model---
--- Overall training model took 317.646559 ---
--- No histograms for 687 images ---
TP: 0 FP: 0 TN 1174 FN: 889
--- kfold: 3, accuracy: 0.569074163839, youden*coverage: 0.0
----- Fold: 4
Testing with 775 pos 1375 neg
Training with 3525 pos 5588 neg
--- Gather features---
--- Train BOW---
--- Make hists---
--- No histograms for 3436 images ---
--- Fit model---
--- Overall training model took 319.841696024 ---
--- No histograms for 758 images ---
TP: 0 FP: 0 TN 1375 FN: 775
--- kfold: 4, accuracy: 0.639534883721, youden*coverage: 0.0
----- Overall youden: 0.0682420648061
----- Overall kfold took 1809.80325794 ---
Got result -0.068242

Job file reloaded.
Completed successfully in 1810.04 seconds. [-0.068242]
setting job 20032 complete
set...
