Running in wrapper mode for '20027'

Running python job.

{u'nfeatures': array([68]), u'bow_size': array([100]), u'svm_gamma': array([-4.]), u'edgeThreshold': array([ 4.91065548]), u'svm_C': array([-4.]), u'sigma': array([ 1.15365014]), u'contrastThreshold': array([ 0.1])}
----- Fold: 0
Testing with 951 pos 1473 neg
Training with 3349 pos 5490 neg
--- Gather features---
--- Train BOW---
--- Make hists---
--- No histograms for 6259 images ---
--- Fit model---
/usr/local/lib/python2.7/dist-packages/sklearn/svm/base.py:176: FutureWarning: elementwise comparison failed; returning scalar instead, but in the future will perform elementwise comparison
  (self.gamma == 'auto')):
/usr/local/lib/python2.7/dist-packages/sklearn/svm/base.py:179: FutureWarning: elementwise comparison failed; returning scalar instead, but in the future will perform elementwise comparison
  elif self.gamma == 'auto':
--- Overall training model took 47.6246359348 ---
--- No histograms for 1804 images ---
TP: 0 FP: 0 TN 1473 FN: 951
--- kfold: 0, accuracy: 0.607673267327, youden*coverage: 0.0
----- Fold: 1
Testing with 900 pos 1372 neg
Training with 3400 pos 5591 neg
--- Gather features---
--- Train BOW---
--- Make hists---
--- No histograms for 6403 images ---
--- Fit model---
--- Overall training model took 54.7900469303 ---
--- No histograms for 1660 images ---
TP: 0 FP: 0 TN 1372 FN: 900
--- kfold: 1, accuracy: 0.603873239437, youden*coverage: 0.0
----- Fold: 2
Testing with 785 pos 1569 neg
Training with 3515 pos 5394 neg
--- Gather features---
--- Train BOW---
--- Make hists---
--- No histograms for 6370 images ---
--- Fit model---
--- Overall training model took 56.3110620975 ---
--- No histograms for 1693 images ---
TP: 0 FP: 0 TN 1569 FN: 785
--- kfold: 2, accuracy: 0.666525063721, youden*coverage: 0.0
----- Fold: 3
Testing with 889 pos 1174 neg
Training with 3411 pos 5789 neg
--- Gather features---
--- Train BOW---
--- Make hists---
--- No histograms for 6634 images ---
--- Fit model---
--- Overall training model took 55.917329073 ---
--- No histograms for 1429 images ---
TP: 0 FP: 0 TN 1174 FN: 889
--- kfold: 3, accuracy: 0.569074163839, youden*coverage: 0.0
----- Fold: 4
Testing with 775 pos 1375 neg
Training with 3525 pos 5588 neg
--- Gather features---
--- Train BOW---
--- Make hists---
--- No histograms for 6586 images ---
--- Fit model---
--- Overall training model took 47.9618730545 ---
--- No histograms for 1477 images ---
TP: 415 FP: 258 TN 1117 FN: 360
--- kfold: 4, accuracy: 0.712558139535, youden*coverage: 0.108884359272
----- Overall youden: 0.0217768718543
----- Overall kfold took 317.625203848 ---
Got result -0.021777

Job file reloaded.
Completed successfully in 317.85 seconds. [-0.021777]
setting job 20027 complete
set...
