Running in wrapper mode for '20098'

Running python job.

{u'nfeatures': array([54]), u'bow_size': array([567]), u'svm_gamma': array([-1.58483266]), u'edgeThreshold': array([ 39.85275237]), u'svm_C': array([ 2.52379858]), u'sigma': array([ 1.50411669]), u'contrastThreshold': array([ 0.00659134])}
----- Fold: 0
Testing with 951 pos 1473 neg
Training with 3349 pos 5490 neg
--- Gather features---
--- Train BOW---
--- Make hists---
--- No histograms for 10 images ---
--- Fit model---
/usr/local/lib/python2.7/dist-packages/sklearn/svm/base.py:176: FutureWarning: elementwise comparison failed; returning scalar instead, but in the future will perform elementwise comparison
  (self.gamma == 'auto')):
/usr/local/lib/python2.7/dist-packages/sklearn/svm/base.py:179: FutureWarning: elementwise comparison failed; returning scalar instead, but in the future will perform elementwise comparison
  elif self.gamma == 'auto':
--- Overall training model took 1797.40207291 ---
--- No histograms for 9 images ---
TP: 736 FP: 278 TN 1195 FN: 215
--- kfold: 0, accuracy: 0.796617161716, youden*coverage: 0.583018963682
----- Fold: 1
Testing with 900 pos 1372 neg
Training with 3400 pos 5591 neg
--- Gather features---
--- Train BOW---
--- Make hists---
--- No histograms for 17 images ---
--- Fit model---
--- Overall training model took 1807.82041192 ---
--- No histograms for 2 images ---
TP: 670 FP: 210 TN 1162 FN: 230
--- kfold: 1, accuracy: 0.806338028169, youden*coverage: 0.590862636134
----- Fold: 2
Testing with 785 pos 1569 neg
Training with 3515 pos 5394 neg
--- Gather features---
--- Train BOW---
--- Make hists---
--- No histograms for 19 images ---
--- Fit model---
--- Overall training model took 1793.20786881 ---
TP: 589 FP: 251 TN 1318 FN: 196
--- kfold: 2, accuracy: 0.810110450297, youden*coverage: 0.590343965283
----- Fold: 3
Testing with 889 pos 1174 neg
Training with 3411 pos 5789 neg
--- Gather features---
--- Train BOW---
--- Make hists---
--- No histograms for 11 images ---
--- Fit model---
--- Overall training model took 1846.79482293 ---
--- No histograms for 8 images ---
TP: 731 FP: 171 TN 1003 FN: 158
--- kfold: 3, accuracy: 0.840523509452, youden*coverage: 0.673992523454
----- Fold: 4
Testing with 775 pos 1375 neg
Training with 3525 pos 5588 neg
--- Gather features---
--- Train BOW---
--- Make hists---
--- No histograms for 19 images ---
--- Fit model---
--- Overall training model took 1889.13036513 ---
TP: 540 FP: 263 TN 1112 FN: 235
--- kfold: 4, accuracy: 0.768372093023, youden*coverage: 0.505501466276
----- Overall youden: 0.588743910966
----- Overall kfold took 9371.35208583 ---
Got result -0.588744

Job file reloaded.
Completed successfully in 9371.58 seconds. [-0.588744]
setting job 20098 complete
set...
