Running in wrapper mode for '20100'

Running python job.

{u'nfeatures': array([54]), u'bow_size': array([695]), u'svm_gamma': array([-1.39618305]), u'edgeThreshold': array([ 40.48008703]), u'svm_C': array([ 3.]), u'sigma': array([ 1.48410833]), u'contrastThreshold': array([ 0.00909067])}
----- Fold: 0
Testing with 951 pos 1473 neg
Training with 3349 pos 5490 neg
--- Gather features---
--- Train BOW---
--- Make hists---
--- No histograms for 34 images ---
--- Fit model---
/usr/local/lib/python2.7/dist-packages/sklearn/svm/base.py:176: FutureWarning: elementwise comparison failed; returning scalar instead, but in the future will perform elementwise comparison
  (self.gamma == 'auto')):
/usr/local/lib/python2.7/dist-packages/sklearn/svm/base.py:179: FutureWarning: elementwise comparison failed; returning scalar instead, but in the future will perform elementwise comparison
  elif self.gamma == 'auto':
--- Overall training model took 2089.734442 ---
--- No histograms for 23 images ---
TP: 729 FP: 288 TN 1185 FN: 222
--- kfold: 0, accuracy: 0.789603960396, youden*coverage: 0.565623861547
----- Fold: 1
Testing with 900 pos 1372 neg
Training with 3400 pos 5591 neg
--- Gather features---
--- Train BOW---
--- Make hists---
--- No histograms for 47 images ---
--- Fit model---
--- Overall training model took 2087.72689891 ---
--- No histograms for 10 images ---
TP: 684 FP: 246 TN 1126 FN: 216
--- kfold: 1, accuracy: 0.796654929577, youden*coverage: 0.578143811851
----- Fold: 2
Testing with 785 pos 1569 neg
Training with 3515 pos 5394 neg
--- Gather features---
--- Train BOW---
--- Make hists---
--- No histograms for 46 images ---
--- Fit model---
--- Overall training model took 2081.36836004 ---
--- No histograms for 11 images ---
TP: 593 FP: 271 TN 1298 FN: 192
--- kfold: 2, accuracy: 0.803313508921, youden*coverage: 0.579969671781
----- Fold: 3
Testing with 889 pos 1174 neg
Training with 3411 pos 5789 neg
--- Gather features---
--- Train BOW---
--- Make hists---
--- No histograms for 44 images ---
--- Fit model---
--- Overall training model took 2127.05351305 ---
--- No histograms for 13 images ---
TP: 726 FP: 169 TN 1005 FN: 163
--- kfold: 3, accuracy: 0.839069316529, youden*coverage: 0.668456625943
----- Fold: 4
Testing with 775 pos 1375 neg
Training with 3525 pos 5588 neg
--- Gather features---
--- Train BOW---
--- Make hists---
--- No histograms for 57 images ---
--- Fit model---
--- Overall training model took 2080.40084505 ---
TP: 543 FP: 271 TN 1104 FN: 232
--- kfold: 4, accuracy: 0.766046511628, youden*coverage: 0.503554252199
----- Overall youden: 0.579149644664
----- Overall kfold took 10714.6464949 ---
Got result -0.579150

Job file reloaded.
Completed successfully in 10714.87 seconds. [-0.579150]
setting job 20100 complete
set...
