Running in wrapper mode for '20061'

Running python job.

{u'nfeatures': array([34]), u'bow_size': array([100]), u'svm_gamma': array([-2.86128745]), u'edgeThreshold': array([ 3.]), u'svm_C': array([ 3.]), u'sigma': array([ 1.54143411]), u'contrastThreshold': array([ 0.001])}
----- Fold: 0
Testing with 951 pos 1473 neg
Training with 3349 pos 5490 neg
--- Gather features---
--- Train BOW---
--- Make hists---
--- Fit model---
/usr/local/lib/python2.7/dist-packages/sklearn/svm/base.py:176: FutureWarning: elementwise comparison failed; returning scalar instead, but in the future will perform elementwise comparison
  (self.gamma == 'auto')):
/usr/local/lib/python2.7/dist-packages/sklearn/svm/base.py:179: FutureWarning: elementwise comparison failed; returning scalar instead, but in the future will perform elementwise comparison
  elif self.gamma == 'auto':
--- Overall training model took 274.500892878 ---
TP: 683 FP: 336 TN 1137 FN: 268
--- kfold: 0, accuracy: 0.750825082508, youden*coverage: 0.490085471184
----- Fold: 1
Testing with 900 pos 1372 neg
Training with 3400 pos 5591 neg
--- Gather features---
--- Train BOW---
--- Make hists---
--- Fit model---
--- Overall training model took 295.062633991 ---
TP: 632 FP: 267 TN 1105 FN: 268
--- kfold: 1, accuracy: 0.764524647887, youden*coverage: 0.507615808228
----- Fold: 2
Testing with 785 pos 1569 neg
Training with 3515 pos 5394 neg
--- Gather features---
--- Train BOW---
--- Make hists---
--- Fit model---
--- Overall training model took 268.921283007 ---
TP: 557 FP: 303 TN 1266 FN: 228
--- kfold: 2, accuracy: 0.774426508071, youden*coverage: 0.516437505328
----- Fold: 3
Testing with 889 pos 1174 neg
Training with 3411 pos 5789 neg
--- Gather features---
--- Train BOW---
--- Make hists---
--- Fit model---
--- Overall training model took 283.124712944 ---
TP: 689 FP: 212 TN 962 FN: 200
--- kfold: 3, accuracy: 0.800290838585, youden*coverage: 0.59444890513
----- Fold: 4
Testing with 775 pos 1375 neg
Training with 3525 pos 5588 neg
--- Gather features---
--- Train BOW---
--- Make hists---
--- Fit model---
--- Overall training model took 298.265619993 ---
TP: 528 FP: 330 TN 1045 FN: 247
--- kfold: 4, accuracy: 0.731627906977, youden*coverage: 0.441290322581
----- Overall youden: 0.50997560249
----- Overall kfold took 1555.76025605 ---
Got result -0.509976

Job file reloaded.
Completed successfully in 1555.99 seconds. [-0.509976]
setting job 20061 complete
set...
