Running in wrapper mode for '20067'

Running python job.

{u'nfeatures': array([24]), u'bow_size': array([524]), u'svm_gamma': array([-3.47415403]), u'edgeThreshold': array([ 18.7308144]), u'svm_C': array([ 2.98452817]), u'sigma': array([ 1.50568938]), u'contrastThreshold': array([ 0.00366124])}
----- Fold: 0
Testing with 951 pos 1473 neg
Training with 3349 pos 5490 neg
--- Gather features---
--- Train BOW---
--- Make hists---
--- No histograms for 1 images ---
--- Fit model---
/usr/local/lib/python2.7/dist-packages/sklearn/svm/base.py:176: FutureWarning: elementwise comparison failed; returning scalar instead, but in the future will perform elementwise comparison
  (self.gamma == 'auto')):
/usr/local/lib/python2.7/dist-packages/sklearn/svm/base.py:179: FutureWarning: elementwise comparison failed; returning scalar instead, but in the future will perform elementwise comparison
  elif self.gamma == 'auto':
--- Overall training model took 788.189055204 ---
TP: 706 FP: 298 TN 1175 FN: 245
--- kfold: 0, accuracy: 0.77599009901, youden*coverage: 0.540068231318
----- Fold: 1
Testing with 900 pos 1372 neg
Training with 3400 pos 5591 neg
--- Gather features---
--- Train BOW---
--- Make hists---
--- No histograms for 1 images ---
--- Fit model---
--- Overall training model took 778.218796015 ---
TP: 643 FP: 178 TN 1194 FN: 257
--- kfold: 1, accuracy: 0.808538732394, youden*coverage: 0.584706835115
----- Fold: 2
Testing with 785 pos 1569 neg
Training with 3515 pos 5394 neg
--- Gather features---
--- Train BOW---
--- Make hists---
--- No histograms for 1 images ---
--- Fit model---
--- Overall training model took 757.287853956 ---
TP: 565 FP: 229 TN 1340 FN: 220
--- kfold: 2, accuracy: 0.809260832625, youden*coverage: 0.573792386729
----- Fold: 3
Testing with 889 pos 1174 neg
Training with 3411 pos 5789 neg
--- Gather features---
--- Train BOW---
--- Make hists---
--- Fit model---
--- Overall training model took 785.560807943 ---
--- No histograms for 1 images ---
TP: 687 FP: 162 TN 1012 FN: 202
--- kfold: 3, accuracy: 0.823557925351, youden*coverage: 0.634480922456
----- Fold: 4
Testing with 775 pos 1375 neg
Training with 3525 pos 5588 neg
--- Gather features---
--- Train BOW---
--- Make hists---
--- No histograms for 1 images ---
--- Fit model---
--- Overall training model took 795.149790049 ---
TP: 537 FP: 288 TN 1087 FN: 238
--- kfold: 4, accuracy: 0.755348837209, youden*coverage: 0.483448680352
----- Overall youden: 0.563299411194
----- Overall kfold took 4110.28476381 ---
Got result -0.563299

Job file reloaded.
Completed successfully in 4110.51 seconds. [-0.563299]
setting job 20067 complete
set...
