Running in wrapper mode for '20052'

Running python job.

{u'nfeatures': array([23]), u'bow_size': array([102]), u'svm_gamma': array([-4.]), u'edgeThreshold': array([ 3.]), u'svm_C': array([ 3.]), u'sigma': array([ 1.63233177]), u'contrastThreshold': array([ 0.00791487])}
----- Fold: 0
Testing with 951 pos 1473 neg
Training with 3349 pos 5490 neg
--- Gather features---
--- Train BOW---
--- Make hists---
--- No histograms for 69 images ---
--- Fit model---
/usr/local/lib/python2.7/dist-packages/sklearn/svm/base.py:176: FutureWarning: elementwise comparison failed; returning scalar instead, but in the future will perform elementwise comparison
  (self.gamma == 'auto')):
/usr/local/lib/python2.7/dist-packages/sklearn/svm/base.py:179: FutureWarning: elementwise comparison failed; returning scalar instead, but in the future will perform elementwise comparison
  elif self.gamma == 'auto':
--- Overall training model took 227.587162971 ---
--- No histograms for 53 images ---
TP: 686 FP: 397 TN 1076 FN: 265
--- kfold: 0, accuracy: 0.726897689769, youden*coverage: 0.441948884426
----- Fold: 1
Testing with 900 pos 1372 neg
Training with 3400 pos 5591 neg
--- Gather features---
--- Train BOW---
--- Make hists---
--- No histograms for 101 images ---
--- Fit model---
--- Overall training model took 200.264803886 ---
--- No histograms for 21 images ---
TP: 641 FP: 264 TN 1108 FN: 259
--- kfold: 1, accuracy: 0.769806338028, youden*coverage: 0.514997885556
----- Fold: 2
Testing with 785 pos 1569 neg
Training with 3515 pos 5394 neg
--- Gather features---
--- Train BOW---
--- Make hists---
--- No histograms for 102 images ---
--- Fit model---
--- Overall training model took 213.163671017 ---
--- No histograms for 20 images ---
TP: 563 FP: 292 TN 1277 FN: 222
--- kfold: 2, accuracy: 0.781648258284, youden*coverage: 0.526579403824
----- Fold: 3
Testing with 889 pos 1174 neg
Training with 3411 pos 5789 neg
--- Gather features---
--- Train BOW---
--- Make hists---
--- No histograms for 96 images ---
--- Fit model---
--- Overall training model took 208.979643106 ---
--- No histograms for 26 images ---
TP: 698 FP: 221 TN 953 FN: 191
--- kfold: 3, accuracy: 0.800290838585, youden*coverage: 0.589383724539
----- Fold: 4
Testing with 775 pos 1375 neg
Training with 3525 pos 5588 neg
--- Gather features---
--- Train BOW---
--- Make hists---
--- No histograms for 120 images ---
--- Fit model---
--- Overall training model took 215.291520119 ---
--- No histograms for 2 images ---
TP: 538 FP: 319 TN 1056 FN: 237
--- kfold: 4, accuracy: 0.741395348837, youden*coverage: 0.4617636009
----- Overall youden: 0.506934699849
----- Overall kfold took 1191.08262086 ---
Got result -0.506935

Job file reloaded.
Completed successfully in 1191.31 seconds. [-0.506935]
setting job 20052 complete
set...
