Running in wrapper mode for '20097'

Running python job.

{u'nfeatures': array([53]), u'bow_size': array([521]), u'svm_gamma': array([-1.86615249]), u'edgeThreshold': array([ 35.43200271]), u'svm_C': array([ 2.93882996]), u'sigma': array([ 1.50135827]), u'contrastThreshold': array([ 0.00970173])}
----- Fold: 0
Testing with 951 pos 1473 neg
Training with 3349 pos 5490 neg
--- Gather features---
--- Train BOW---
--- Make hists---
--- No histograms for 36 images ---
--- Fit model---
/usr/local/lib/python2.7/dist-packages/sklearn/svm/base.py:176: FutureWarning: elementwise comparison failed; returning scalar instead, but in the future will perform elementwise comparison
  (self.gamma == 'auto')):
/usr/local/lib/python2.7/dist-packages/sklearn/svm/base.py:179: FutureWarning: elementwise comparison failed; returning scalar instead, but in the future will perform elementwise comparison
  elif self.gamma == 'auto':
--- Overall training model took 1504.18618488 ---
--- No histograms for 24 images ---
TP: 727 FP: 274 TN 1199 FN: 224
--- kfold: 0, accuracy: 0.794554455446, youden*coverage: 0.572716365612
----- Fold: 1
Testing with 900 pos 1372 neg
Training with 3400 pos 5591 neg
--- Gather features---
--- Train BOW---
--- Make hists---
--- No histograms for 51 images ---
--- Fit model---
--- Overall training model took 1606.38179708 ---
--- No histograms for 9 images ---
TP: 685 FP: 208 TN 1164 FN: 215
--- kfold: 1, accuracy: 0.813820422535, youden*coverage: 0.607093189808
----- Fold: 2
Testing with 785 pos 1569 neg
Training with 3515 pos 5394 neg
--- Gather features---
--- Train BOW---
--- Make hists---
--- No histograms for 48 images ---
--- Fit model---
--- Overall training model took 1509.43216085 ---
--- No histograms for 12 images ---
TP: 579 FP: 260 TN 1309 FN: 206
--- kfold: 2, accuracy: 0.802039082413, youden*coverage: 0.568953754193
----- Fold: 3
Testing with 889 pos 1174 neg
Training with 3411 pos 5789 neg
--- Gather features---
--- Train BOW---
--- Make hists---
--- No histograms for 45 images ---
--- Fit model---
--- Overall training model took 1534.56288815 ---
--- No histograms for 15 images ---
TP: 732 FP: 172 TN 1002 FN: 157
--- kfold: 3, accuracy: 0.840523509452, youden*coverage: 0.671967770324
----- Fold: 4
Testing with 775 pos 1375 neg
Training with 3525 pos 5588 neg
--- Gather features---
--- Train BOW---
--- Make hists---
--- No histograms for 60 images ---
--- Fit model---
--- Overall training model took 1588.19320321 ---
TP: 556 FP: 262 TN 1113 FN: 219
--- kfold: 4, accuracy: 0.776279069767, youden*coverage: 0.526873900293
----- Overall youden: 0.589520996046
----- Overall kfold took 7957.71954608 ---
Got result -0.589521

Job file reloaded.
Completed successfully in 7958.03 seconds. [-0.589521]
setting job 20097 complete
set...
