Running in wrapper mode for '20020'

Running python job.

{u'nfeatures': array([10]), u'bow_size': array([100]), u'svm_gamma': array([-0.66008371]), u'edgeThreshold': array([ 27.41941374]), u'svm_C': array([-4.]), u'sigma': array([ 1.0788269]), u'contrastThreshold': array([ 0.04240588])}
----- Fold: 0
Testing with 951 pos 1473 neg
Training with 3349 pos 5490 neg
--- Gather features---
--- Train BOW---
--- Make hists---
--- No histograms for 2324 images ---
--- Fit model---
/usr/local/lib/python2.7/dist-packages/sklearn/svm/base.py:176: FutureWarning: elementwise comparison failed; returning scalar instead, but in the future will perform elementwise comparison
  (self.gamma == 'auto')):
/usr/local/lib/python2.7/dist-packages/sklearn/svm/base.py:179: FutureWarning: elementwise comparison failed; returning scalar instead, but in the future will perform elementwise comparison
  elif self.gamma == 'auto':
--- Overall training model took 100.108290911 ---
--- No histograms for 777 images ---
TP: 0 FP: 0 TN 1473 FN: 951
--- kfold: 0, accuracy: 0.607673267327, youden*coverage: 0.0
----- Fold: 1
Testing with 900 pos 1372 neg
Training with 3400 pos 5591 neg
--- Gather features---
--- Train BOW---
--- Make hists---
--- No histograms for 2498 images ---
--- Fit model---
--- Overall training model took 105.507869959 ---
--- No histograms for 603 images ---
TP: 753 FP: 916 TN 456 FN: 147
--- kfold: 1, accuracy: 0.53213028169, youden*coverage: 0.124167269775
----- Fold: 2
Testing with 785 pos 1569 neg
Training with 3515 pos 5394 neg
--- Gather features---
--- Train BOW---
--- Make hists---
--- No histograms for 2395 images ---
--- Fit model---
--- Overall training model took 86.8246979713 ---
--- No histograms for 706 images ---
TP: 0 FP: 0 TN 1569 FN: 785
--- kfold: 2, accuracy: 0.666525063721, youden*coverage: 0.0
----- Fold: 3
Testing with 889 pos 1174 neg
Training with 3411 pos 5789 neg
--- Gather features---
--- Train BOW---
--- Make hists---
--- No histograms for 2625 images ---
--- Fit model---
--- Overall training model took 102.688953161 ---
--- No histograms for 476 images ---
TP: 824 FP: 763 TN 411 FN: 65
--- kfold: 3, accuracy: 0.598642753272, youden*coverage: 0.213063649168
----- Fold: 4
Testing with 775 pos 1375 neg
Training with 3525 pos 5588 neg
--- Gather features---
--- Train BOW---
--- Make hists---
--- No histograms for 2562 images ---
--- Fit model---
--- Overall training model took 101.666922808 ---
--- No histograms for 539 images ---
TP: 0 FP: 0 TN 1375 FN: 775
--- kfold: 4, accuracy: 0.639534883721, youden*coverage: 0.0
----- Overall youden: 0.0674461837887
----- Overall kfold took 569.699699879 ---
Got result -0.067446

Job file reloaded.
Completed successfully in 569.95 seconds. [-0.067446]
setting job 20020 complete
set...
