Running in wrapper mode for '20056'

Running python job.

{u'nfeatures': array([50]), u'bow_size': array([100]), u'svm_gamma': array([-4.]), u'edgeThreshold': array([ 3.]), u'svm_C': array([ 3.]), u'sigma': array([ 1.27890854]), u'contrastThreshold': array([ 0.04010524])}
----- Fold: 0
Testing with 951 pos 1473 neg
Training with 3349 pos 5490 neg
--- Gather features---
--- Train BOW---
--- Make hists---
--- No histograms for 2864 images ---
--- Fit model---
/usr/local/lib/python2.7/dist-packages/sklearn/svm/base.py:176: FutureWarning: elementwise comparison failed; returning scalar instead, but in the future will perform elementwise comparison
  (self.gamma == 'auto')):
/usr/local/lib/python2.7/dist-packages/sklearn/svm/base.py:179: FutureWarning: elementwise comparison failed; returning scalar instead, but in the future will perform elementwise comparison
  elif self.gamma == 'auto':
--- Overall training model took 121.326389074 ---
--- No histograms for 884 images ---
TP: 615 FP: 276 TN 1197 FN: 336
--- kfold: 0, accuracy: 0.747524752475, youden*coverage: 0.291809027286
----- Fold: 1
Testing with 900 pos 1372 neg
Training with 3400 pos 5591 neg
--- Gather features---
--- Train BOW---
--- Make hists---
--- No histograms for 3026 images ---
--- Fit model---
--- Overall training model took 120.67811203 ---
--- No histograms for 722 images ---
TP: 555 FP: 214 TN 1158 FN: 345
--- kfold: 1, accuracy: 0.753961267606, youden*coverage: 0.314291146539
----- Fold: 2
Testing with 785 pos 1569 neg
Training with 3515 pos 5394 neg
--- Gather features---
--- Train BOW---
--- Make hists---
--- No histograms for 2887 images ---
--- Fit model---
--- Overall training model took 115.985492945 ---
--- No histograms for 861 images ---
TP: 513 FP: 277 TN 1292 FN: 272
--- kfold: 2, accuracy: 0.766779949023, youden*coverage: 0.302505402774
----- Fold: 3
Testing with 889 pos 1174 neg
Training with 3411 pos 5789 neg
--- Gather features---
--- Train BOW---
--- Make hists---
--- No histograms for 3142 images ---
--- Fit model---
--- Overall training model took 119.754494905 ---
--- No histograms for 606 images ---
TP: 641 FP: 172 TN 1002 FN: 248
--- kfold: 3, accuracy: 0.79641299079, youden*coverage: 0.405761578778
----- Fold: 4
Testing with 775 pos 1375 neg
Training with 3525 pos 5588 neg
--- Gather features---
--- Train BOW---
--- Make hists---
--- No histograms for 3073 images ---
--- Fit model---
--- Overall training model took 114.645427942 ---
--- No histograms for 675 images ---
TP: 482 FP: 274 TN 1101 FN: 293
--- kfold: 4, accuracy: 0.736279069767, youden*coverage: 0.289966309759
----- Overall youden: 0.320866693027
----- Overall kfold took 667.227299929 ---
Got result -0.320867

Job file reloaded.
Completed successfully in 667.45 seconds. [-0.320867]
setting job 20056 complete
set...
