Running in wrapper mode for '20033'

Running python job.

{u'nfeatures': array([30]), u'bow_size': array([100]), u'svm_gamma': array([-4.]), u'edgeThreshold': array([ 3.]), u'svm_C': array([-4.]), u'sigma': array([ 1.00796056]), u'contrastThreshold': array([ 0.04272984])}
----- Fold: 0
Testing with 951 pos 1473 neg
Training with 3349 pos 5490 neg
--- Gather features---
--- Train BOW---
--- Make hists---
--- No histograms for 3089 images ---
--- Fit model---
/usr/local/lib/python2.7/dist-packages/sklearn/svm/base.py:176: FutureWarning: elementwise comparison failed; returning scalar instead, but in the future will perform elementwise comparison
  (self.gamma == 'auto')):
/usr/local/lib/python2.7/dist-packages/sklearn/svm/base.py:179: FutureWarning: elementwise comparison failed; returning scalar instead, but in the future will perform elementwise comparison
  elif self.gamma == 'auto':
--- Overall training model took 125.323374987 ---
--- No histograms for 959 images ---
TP: 0 FP: 0 TN 1473 FN: 951
--- kfold: 0, accuracy: 0.607673267327, youden*coverage: 0.0
----- Fold: 1
Testing with 900 pos 1372 neg
Training with 3400 pos 5591 neg
--- Gather features---
--- Train BOW---
--- Make hists---
--- No histograms for 3275 images ---
--- Fit model---
--- Overall training model took 128.233761072 ---
--- No histograms for 773 images ---
TP: 715 FP: 784 TN 588 FN: 185
--- kfold: 1, accuracy: 0.573503521127, youden*coverage: 0.147139433825
----- Fold: 2
Testing with 785 pos 1569 neg
Training with 3515 pos 5394 neg
--- Gather features---
--- Train BOW---
--- Make hists---
--- No histograms for 3098 images ---
--- Fit model---
--- Overall training model took 132.671769857 ---
--- No histograms for 950 images ---
TP: 617 FP: 787 TN 782 FN: 168
--- kfold: 2, accuracy: 0.594307561597, youden*coverage: 0.169621504231
----- Fold: 3
Testing with 889 pos 1174 neg
Training with 3411 pos 5789 neg
--- Gather features---
--- Train BOW---
--- Make hists---
--- No histograms for 3392 images ---
--- Fit model---
--- Overall training model took 123.629383087 ---
--- No histograms for 656 images ---
TP: 0 FP: 0 TN 1174 FN: 889
--- kfold: 3, accuracy: 0.569074163839, youden*coverage: 0.0
----- Fold: 4
Testing with 775 pos 1375 neg
Training with 3525 pos 5588 neg
--- Gather features---
--- Train BOW---
--- Make hists---
--- No histograms for 3338 images ---
--- Fit model---
--- Overall training model took 123.001407862 ---
--- No histograms for 710 images ---
TP: 626 FP: 814 TN 561 FN: 149
--- kfold: 4, accuracy: 0.552093023256, youden*coverage: 0.144496924231
----- Overall youden: 0.0922515724574
----- Overall kfold took 706.014777899 ---
Got result -0.092252

Job file reloaded.
Completed successfully in 706.27 seconds. [-0.092252]
setting job 20033 complete
set...
