Running in wrapper mode for '20035'

Running python job.

{u'nfeatures': array([32]), u'bow_size': array([100]), u'svm_gamma': array([-4.]), u'edgeThreshold': array([ 3.]), u'svm_C': array([-3.92804257]), u'sigma': array([ 0.97854701]), u'contrastThreshold': array([ 0.03449994])}
----- Fold: 0
Testing with 951 pos 1473 neg
Training with 3349 pos 5490 neg
--- Gather features---
--- Train BOW---
--- Make hists---
--- No histograms for 2237 images ---
--- Fit model---
/usr/local/lib/python2.7/dist-packages/sklearn/svm/base.py:176: FutureWarning: elementwise comparison failed; returning scalar instead, but in the future will perform elementwise comparison
  (self.gamma == 'auto')):
/usr/local/lib/python2.7/dist-packages/sklearn/svm/base.py:179: FutureWarning: elementwise comparison failed; returning scalar instead, but in the future will perform elementwise comparison
  elif self.gamma == 'auto':
--- Overall training model took 152.282980204 ---
--- No histograms for 729 images ---
TP: 0 FP: 0 TN 1473 FN: 951
--- kfold: 0, accuracy: 0.607673267327, youden*coverage: 0.0
----- Fold: 1
Testing with 900 pos 1372 neg
Training with 3400 pos 5591 neg
--- Gather features---
--- Train BOW---
--- Make hists---
--- No histograms for 2369 images ---
--- Fit model---
--- Overall training model took 160.696596146 ---
--- No histograms for 597 images ---
TP: 776 FP: 899 TN 473 FN: 124
--- kfold: 1, accuracy: 0.549735915493, youden*coverage: 0.152588967763
----- Fold: 2
Testing with 785 pos 1569 neg
Training with 3515 pos 5394 neg
--- Gather features---
--- Train BOW---
--- Make hists---
--- No histograms for 2278 images ---
--- Fit model---
--- Overall training model took 162.202305079 ---
--- No histograms for 688 images ---
TP: 0 FP: 0 TN 1569 FN: 785
--- kfold: 2, accuracy: 0.666525063721, youden*coverage: 0.0
----- Fold: 3
Testing with 889 pos 1174 neg
Training with 3411 pos 5789 neg
--- Gather features---
--- Train BOW---
--- Make hists---
--- No histograms for 2516 images ---
--- Fit model---
--- Overall training model took 128.066536903 ---
--- No histograms for 450 images ---
TP: 0 FP: 0 TN 1174 FN: 889
--- kfold: 3, accuracy: 0.569074163839, youden*coverage: 0.0
----- Fold: 4
Testing with 775 pos 1375 neg
Training with 3525 pos 5588 neg
--- Gather features---
--- Train BOW---
--- Make hists---
--- No histograms for 2464 images ---
--- Fit model---
--- Overall training model took 106.632596016 ---
--- No histograms for 502 images ---
TP: 0 FP: 0 TN 1375 FN: 775
--- kfold: 4, accuracy: 0.639534883721, youden*coverage: 0.0
----- Overall youden: 0.0305177935527
----- Overall kfold took 782.5033288 ---
Got result -0.030518

Job file reloaded.
Completed successfully in 782.78 seconds. [-0.030518]
setting job 20035 complete
set...
