Running in wrapper mode for '20101'

Running python job.

{u'nfeatures': array([61]), u'bow_size': array([534]), u'svm_gamma': array([-2.07850159]), u'edgeThreshold': array([ 44.14105001]), u'svm_C': array([ 2.69476298]), u'sigma': array([ 1.49822004]), u'contrastThreshold': array([ 0.00889236])}
----- Fold: 0
Testing with 951 pos 1473 neg
Training with 3349 pos 5490 neg
--- Gather features---
--- Train BOW---
--- Make hists---
--- No histograms for 30 images ---
--- Fit model---
/usr/local/lib/python2.7/dist-packages/sklearn/svm/base.py:176: FutureWarning: elementwise comparison failed; returning scalar instead, but in the future will perform elementwise comparison
  (self.gamma == 'auto')):
/usr/local/lib/python2.7/dist-packages/sklearn/svm/base.py:179: FutureWarning: elementwise comparison failed; returning scalar instead, but in the future will perform elementwise comparison
  elif self.gamma == 'auto':
--- Overall training model took 1825.92755699 ---
--- No histograms for 17 images ---
TP: 734 FP: 276 TN 1197 FN: 217
--- kfold: 0, accuracy: 0.796617161716, youden*coverage: 0.580347588525
----- Fold: 1
Testing with 900 pos 1372 neg
Training with 3400 pos 5591 neg
--- Gather features---
--- Train BOW---
--- Make hists---
--- No histograms for 39 images ---
--- Fit model---
--- Overall training model took 1804.62530684 ---
--- No histograms for 8 images ---
TP: 676 FP: 211 TN 1161 FN: 224
--- kfold: 1, accuracy: 0.808538732394, youden*coverage: 0.595217780607
----- Fold: 2
Testing with 785 pos 1569 neg
Training with 3515 pos 5394 neg
--- Gather features---
--- Train BOW---
--- Make hists---
--- No histograms for 38 images ---
--- Fit model---
--- Overall training model took 1789.94487906 ---
--- No histograms for 9 images ---
TP: 576 FP: 245 TN 1324 FN: 209
--- kfold: 2, accuracy: 0.807136788445, youden*coverage: 0.575399192397
----- Fold: 3
Testing with 889 pos 1174 neg
Training with 3411 pos 5789 neg
--- Gather features---
--- Train BOW---
--- Make hists---
--- No histograms for 34 images ---
--- Fit model---
--- Overall training model took 1836.69961905 ---
--- No histograms for 13 images ---
TP: 716 FP: 162 TN 1012 FN: 173
--- kfold: 3, accuracy: 0.837615123606, youden*coverage: 0.663203863513
----- Fold: 4
Testing with 775 pos 1375 neg
Training with 3525 pos 5588 neg
--- Gather features---
--- Train BOW---
--- Make hists---
--- No histograms for 47 images ---
--- Fit model---
--- Overall training model took 1885.98937583 ---
TP: 544 FP: 255 TN 1120 FN: 231
--- kfold: 4, accuracy: 0.773953488372, youden*coverage: 0.516480938416
----- Overall youden: 0.586129872692
----- Overall kfold took 9381.54362202 ---
Got result -0.586130

Job file reloaded.
Completed successfully in 9381.89 seconds. [-0.586130]
setting job 20101 complete
set...
