Running in wrapper mode for '1'

Running python job.

{u'nfeatures': array([30]), u'bow_size': array([800]), u'svm_gamma': array([-0.5]), u'edgeThreshold': array([ 26.5]), u'svm_C': array([-0.5]), u'sigma': array([ 0.55]), u'contrastThreshold': array([ 0.0505])}
----- Fold: 0
Testing with 717 pos 1473 neg
Training with 2072 pos 5490 neg
--- Gather features---
--- Train BOW---
--- Make hists---
--- No histograms for 2827 images ---
--- Fit model---
/usr/local/lib/python2.7/dist-packages/sklearn/svm/base.py:176: FutureWarning: elementwise comparison failed; returning scalar instead, but in the future will perform elementwise comparison
  (self.gamma == 'auto')):
/usr/local/lib/python2.7/dist-packages/sklearn/svm/base.py:179: FutureWarning: elementwise comparison failed; returning scalar instead, but in the future will perform elementwise comparison
  elif self.gamma == 'auto':
--- Overall training model took 536.419662952 ---
--- No histograms for 1044 images ---
TP: 97 FP: 5 TN 1468 FN: 620
--- kfold: 0, accuracy: 0.714611872146, exp_mean*coverage: 0.116036795584
----- Fold: 1
Testing with 539 pos 1372 neg
Training with 2250 pos 5591 neg
--- Gather features---
--- Train BOW---
--- Make hists---
--- No histograms for 3160 images ---
--- Fit model---
--- Overall training model took 382.062663078 ---
--- No histograms for 711 images ---
TP: 66 FP: 9 TN 1363 FN: 473
--- kfold: 1, accuracy: 0.74777603349, exp_mean*coverage: 0.128494633372
----- Fold: 2
Testing with 493 pos 1569 neg
Training with 2296 pos 5394 neg
--- Gather features---
--- Train BOW---
--- Make hists---
--- No histograms for 3023 images ---
--- Fit model---
--- Overall training model took 401.16673398 ---
--- No histograms for 848 images ---
TP: 161 FP: 21 TN 1548 FN: 332
--- kfold: 2, accuracy: 0.828806983511, exp_mean*coverage: 0.248412397121
----- Fold: 3
Testing with 568 pos 1174 neg
Training with 2221 pos 5789 neg
--- Gather features---
--- Train BOW---
--- Make hists---
--- No histograms for 3225 images ---
--- Fit model---
--- Overall training model took 373.760159016 ---
--- No histograms for 646 images ---
TP: 65 FP: 9 TN 1165 FN: 503
--- kfold: 3, accuracy: 0.706084959816, exp_mean*coverage: 0.12213422163
----- Fold: 4
Testing with 472 pos 1375 neg
Training with 2317 pos 5588 neg
--- Gather features---
--- Train BOW---
--- Make hists---
--- No histograms for 3249 images ---
--- Fit model---
--- Overall training model took 403.405590057 ---
--- No histograms for 622 images ---
TP: 120 FP: 9 TN 1366 FN: 352
--- kfold: 4, accuracy: 0.804547915539, exp_mean*coverage: 0.234751097253
----- Overall exp mean: 0.169965828992
----- Overall kfold took 2178.92437077 ---
Got result -0.169966

Job file reloaded.
Completed successfully in 2179.50 seconds. [-0.169966]
setting job 1 complete
set...
