Running in wrapper mode for '20019'

Running python job.

{u'nfeatures': array([50]), u'bow_size': array([1500]), u'svm_gamma': array([-2.36634364]), u'edgeThreshold': array([ 31.41088769]), u'svm_C': array([ 3.]), u'sigma': array([ 0.9]), u'contrastThreshold': array([ 0.001])}
----- Fold: 0
Testing with 717 pos 1473 neg
Training with 2072 pos 5490 neg
--- Gather features---
--- Train BOW---
--- Make hists---
--- Fit model---
/usr/local/lib/python2.7/dist-packages/sklearn/svm/base.py:176: FutureWarning: elementwise comparison failed; returning scalar instead, but in the future will perform elementwise comparison
  (self.gamma == 'auto')):
/usr/local/lib/python2.7/dist-packages/sklearn/svm/base.py:179: FutureWarning: elementwise comparison failed; returning scalar instead, but in the future will perform elementwise comparison
  elif self.gamma == 'auto':
--- Overall training model took 4957.2126081 ---
TP: 362 FP: 29 TN 1444 FN: 355
--- kfold: 0, accuracy: 0.824657534247, exp_mean*coverage: 0.578468669867
----- Fold: 1
Testing with 539 pos 1372 neg
Training with 2250 pos 5591 neg
--- Gather features---
--- Train BOW---
--- Make hists---
--- Fit model---
--- Overall training model took 5182.56528401 ---
TP: 291 FP: 31 TN 1341 FN: 248
--- kfold: 1, accuracy: 0.854003139717, exp_mean*coverage: 0.605144142925
----- Fold: 2
Testing with 493 pos 1569 neg
Training with 2296 pos 5394 neg
--- Gather features---
--- Train BOW---
--- Make hists---
--- Fit model---
--- Overall training model took 5041.09161186 ---
TP: 302 FP: 49 TN 1520 FN: 191
--- kfold: 2, accuracy: 0.88360814743, exp_mean*coverage: 0.655022390106
----- Fold: 3
Testing with 568 pos 1174 neg
Training with 2221 pos 5789 neg
--- Gather features---
--- Train BOW---
--- Make hists---
--- Fit model---
--- Overall training model took 5356.76799703 ---
TP: 334 FP: 28 TN 1146 FN: 234
--- kfold: 3, accuracy: 0.849598163031, exp_mean*coverage: 0.643728162598
----- Fold: 4
Testing with 472 pos 1375 neg
Training with 2317 pos 5588 neg
--- Gather features---
--- Train BOW---
--- Make hists---
--- Fit model---
--- Overall training model took 5143.8633759 ---
TP: 294 FP: 40 TN 1335 FN: 178
--- kfold: 4, accuracy: 0.8819707634, exp_mean*coverage: 0.665834803234
----- Overall exp mean: 0.629639633746
----- Overall kfold took 26016.5259268 ---
Got result -0.629640

Job file reloaded.
Completed successfully in 26016.91 seconds. [-0.629640]
setting job 20019 complete
set...
