Running in wrapper mode for '20000'

Running python job.

{u'nfeatures': array([10]), u'bow_size': array([1500]), u'svm_gamma': array([ 3.]), u'edgeThreshold': array([ 50.]), u'svm_C': array([ 3.]), u'sigma': array([ 0.9]), u'contrastThreshold': array([ 0.1])}
----- Fold: 0
Testing with 717 pos 1473 neg
Training with 2072 pos 5490 neg
--- Gather features---
--- Train BOW---
--- Make hists---
--- No histograms for 5206 images ---
--- Fit model---
/usr/local/lib/python2.7/dist-packages/sklearn/svm/base.py:176: FutureWarning: elementwise comparison failed; returning scalar instead, but in the future will perform elementwise comparison
  (self.gamma == 'auto')):
/usr/local/lib/python2.7/dist-packages/sklearn/svm/base.py:179: FutureWarning: elementwise comparison failed; returning scalar instead, but in the future will perform elementwise comparison
  elif self.gamma == 'auto':
--- Overall training model took 95.6627759933 ---
--- No histograms for 1652 images ---
TP: 371 FP: 146 TN 1327 FN: 346
--- kfold: 0, accuracy: 0.775342465753, exp_mean*coverage: 0.124852871257
----- Fold: 1
Testing with 539 pos 1372 neg
Training with 2250 pos 5591 neg
--- Gather features---
--- Train BOW---
--- Make hists---
--- No histograms for 5506 images ---
--- Fit model---
--- Overall training model took 84.3645720482 ---
--- No histograms for 1352 images ---
TP: 270 FP: 254 TN 1118 FN: 269
--- kfold: 1, accuracy: 0.72632129775, exp_mean*coverage: 0.121726695202
----- Fold: 2
Testing with 493 pos 1569 neg
Training with 2296 pos 5394 neg
--- Gather features---
--- Train BOW---
--- Make hists---
--- No histograms for 5414 images ---
--- Fit model---
--- Overall training model took 103.501784801 ---
--- No histograms for 1444 images ---
TP: 292 FP: 277 TN 1292 FN: 201
--- kfold: 2, accuracy: 0.768186226964, exp_mean*coverage: 0.144035986319
----- Fold: 3
Testing with 568 pos 1174 neg
Training with 2221 pos 5789 neg
--- Gather features---
--- Train BOW---
--- Make hists---
--- No histograms for 5693 images ---
--- Fit model---
--- Overall training model took 106.711022854 ---
--- No histograms for 1165 images ---
TP: 357 FP: 177 TN 997 FN: 211
--- kfold: 3, accuracy: 0.777267508611, exp_mean*coverage: 0.175656785212
----- Fold: 4
Testing with 472 pos 1375 neg
Training with 2317 pos 5588 neg
--- Gather features---
--- Train BOW---
--- Make hists---
--- No histograms for 5613 images ---
--- Fit model---
--- Overall training model took 103.243494034 ---
--- No histograms for 1245 images ---
TP: 328 FP: 239 TN 1136 FN: 144
--- kfold: 4, accuracy: 0.792636708175, exp_mean*coverage: 0.177607310468
----- Overall exp mean: 0.148775929692
----- Overall kfold took 552.838387012 ---
Got result -0.148776

Job file reloaded.
Completed successfully in 553.36 seconds. [-0.148776]
setting job 20000 complete
set...
