Running in wrapper mode for '20009'

Running python job.

{u'nfeatures': array([21]), u'bow_size': array([1500]), u'svm_gamma': array([-1.59953479]), u'edgeThreshold': array([ 22.8368024]), u'svm_C': array([ 1.75916863]), u'sigma': array([ 0.9]), u'contrastThreshold': array([ 0.06732227])}
----- Fold: 0
Testing with 717 pos 1473 neg
Training with 2072 pos 5490 neg
--- Gather features---
--- Train BOW---
--- Make hists---
--- No histograms for 3749 images ---
--- Fit model---
/usr/local/lib/python2.7/dist-packages/sklearn/svm/base.py:176: FutureWarning: elementwise comparison failed; returning scalar instead, but in the future will perform elementwise comparison
  (self.gamma == 'auto')):
/usr/local/lib/python2.7/dist-packages/sklearn/svm/base.py:179: FutureWarning: elementwise comparison failed; returning scalar instead, but in the future will perform elementwise comparison
  elif self.gamma == 'auto':
--- Overall training model took 242.587918997 ---
--- No histograms for 1269 images ---
TP: 380 FP: 82 TN 1391 FN: 337
--- kfold: 0, accuracy: 0.808675799087, exp_mean*coverage: 0.236309682445
----- Fold: 1
Testing with 539 pos 1372 neg
Training with 2250 pos 5591 neg
--- Gather features---
--- Train BOW---
--- Make hists---
--- No histograms for 4096 images ---
--- Fit model---
--- Overall training model took 259.83516407 ---
--- No histograms for 922 images ---
TP: 303 FP: 89 TN 1283 FN: 236
--- kfold: 1, accuracy: 0.829931972789, exp_mean*coverage: 0.29878098576
----- Fold: 2
Testing with 493 pos 1569 neg
Training with 2296 pos 5394 neg
--- Gather features---
--- Train BOW---
--- Make hists---
--- No histograms for 3925 images ---
--- Fit model---
--- Overall training model took 257.650791883 ---
--- No histograms for 1093 images ---
TP: 299 FP: 117 TN 1452 FN: 194
--- kfold: 2, accuracy: 0.849175557711, exp_mean*coverage: 0.282003660245
----- Fold: 3
Testing with 568 pos 1174 neg
Training with 2221 pos 5789 neg
--- Gather features---
--- Train BOW---
--- Make hists---
--- No histograms for 4168 images ---
--- Fit model---
--- Overall training model took 167.239368916 ---
--- No histograms for 850 images ---
TP: 366 FP: 58 TN 1116 FN: 202
--- kfold: 3, accuracy: 0.850746268657, exp_mean*coverage: 0.337022919905
----- Fold: 4
Testing with 472 pos 1375 neg
Training with 2317 pos 5588 neg
--- Gather features---
--- Train BOW---
--- Make hists---
--- No histograms for 4134 images ---
--- Fit model---
--- Overall training model took 196.475172043 ---
--- No histograms for 884 images ---
TP: 330 FP: 138 TN 1237 FN: 142
--- kfold: 4, accuracy: 0.848402815376, exp_mean*coverage: 0.331287920009
----- Overall exp mean: 0.297081033673
----- Overall kfold took 1201.11292505 ---
Got result -0.297081

Job file reloaded.
Completed successfully in 1201.62 seconds. [-0.297081]
setting job 20009 complete
set...
