Running in wrapper mode for '20018'

Running python job.

{u'nfeatures': array([50]), u'bow_size': array([1500]), u'svm_gamma': array([-1.27693612]), u'edgeThreshold': array([ 50.]), u'svm_C': array([ 2.78474086]), u'sigma': array([ 0.88662046]), u'contrastThreshold': array([ 0.001])}
----- Fold: 0
Testing with 717 pos 1473 neg
Training with 2072 pos 5490 neg
--- Gather features---
--- Train BOW---
--- Make hists---
--- Fit model---
/usr/local/lib/python2.7/dist-packages/sklearn/svm/base.py:176: FutureWarning: elementwise comparison failed; returning scalar instead, but in the future will perform elementwise comparison
  (self.gamma == 'auto')):
/usr/local/lib/python2.7/dist-packages/sklearn/svm/base.py:179: FutureWarning: elementwise comparison failed; returning scalar instead, but in the future will perform elementwise comparison
  elif self.gamma == 'auto':
--- Overall training model took 4592.74087214 ---
TP: 450 FP: 74 TN 1399 FN: 267
--- kfold: 0, accuracy: 0.844292237443, exp_mean*coverage: 0.644311988161
----- Fold: 1
Testing with 539 pos 1372 neg
Training with 2250 pos 5591 neg
--- Gather features---
--- Train BOW---
--- Make hists---
--- Fit model---
--- Overall training model took 4790.91085696 ---
TP: 358 FP: 80 TN 1292 FN: 181
--- kfold: 1, accuracy: 0.863422291994, exp_mean*coverage: 0.66230860877
----- Fold: 2
Testing with 493 pos 1569 neg
Training with 2296 pos 5394 neg
--- Gather features---
--- Train BOW---
--- Make hists---
--- Fit model---
--- Overall training model took 5027.29758215 ---
TP: 339 FP: 94 TN 1475 FN: 154
--- kfold: 2, accuracy: 0.879728419011, exp_mean*coverage: 0.677735864775
----- Fold: 3
Testing with 568 pos 1174 neg
Training with 2221 pos 5789 neg
--- Gather features---
--- Train BOW---
--- Make hists---
--- Fit model---
--- Overall training model took 5277.30177593 ---
TP: 390 FP: 50 TN 1124 FN: 178
--- kfold: 3, accuracy: 0.869115958668, exp_mean*coverage: 0.698970873043
----- Fold: 4
Testing with 472 pos 1375 neg
Training with 2317 pos 5588 neg
--- Gather features---
--- Train BOW---
--- Make hists---
--- Fit model---
--- Overall training model took 5238.64699697 ---
TP: 335 FP: 89 TN 1286 FN: 137
--- kfold: 4, accuracy: 0.877639415268, exp_mean*coverage: 0.687810940497
----- Overall exp mean: 0.674227655049
----- Overall kfold took 25258.763921 ---
Got result -0.674228

Job file reloaded.
Completed successfully in 25259.05 seconds. [-0.674228]
setting job 20018 complete
set...
