Running in wrapper mode for '20004'

Running python job.

{u'nfeatures': array([10]), u'bow_size': array([1368]), u'svm_gamma': array([ 3.]), u'edgeThreshold': array([ 3.]), u'svm_C': array([-4.]), u'sigma': array([ 0.9]), u'contrastThreshold': array([ 0.001])}
----- Fold: 0
Testing with 717 pos 1473 neg
Training with 2072 pos 5490 neg
--- Gather features---
--- Train BOW---
--- Make hists---
--- Fit model---
/usr/local/lib/python2.7/dist-packages/sklearn/svm/base.py:176: FutureWarning: elementwise comparison failed; returning scalar instead, but in the future will perform elementwise comparison
  (self.gamma == 'auto')):
/usr/local/lib/python2.7/dist-packages/sklearn/svm/base.py:179: FutureWarning: elementwise comparison failed; returning scalar instead, but in the future will perform elementwise comparison
  elif self.gamma == 'auto':
--- Overall training model took 693.522641897 ---
TP: 0 FP: 0 TN 1473 FN: 717
--- kfold: 0, accuracy: 0.672602739726, exp_mean*coverage: 0.0
----- Fold: 1
Testing with 539 pos 1372 neg
Training with 2250 pos 5591 neg
--- Gather features---
--- Train BOW---
--- Make hists---
--- Fit model---
--- Overall training model took 874.354331017 ---
TP: 0 FP: 0 TN 1372 FN: 539
--- kfold: 1, accuracy: 0.717948717949, exp_mean*coverage: 0.0
----- Fold: 2
Testing with 493 pos 1569 neg
Training with 2296 pos 5394 neg
--- Gather features---
--- Train BOW---
--- Make hists---
--- Fit model---
--- Overall training model took 740.334887981 ---
TP: 0 FP: 0 TN 1569 FN: 493
--- kfold: 2, accuracy: 0.760911736178, exp_mean*coverage: 0.0
----- Fold: 3
Testing with 568 pos 1174 neg
Training with 2221 pos 5789 neg
--- Gather features---
--- Train BOW---
--- Make hists---
--- Fit model---
--- Overall training model took 710.735410929 ---
TP: 0 FP: 0 TN 1174 FN: 568
--- kfold: 3, accuracy: 0.673938002296, exp_mean*coverage: 0.0
----- Fold: 4
Testing with 472 pos 1375 neg
Training with 2317 pos 5588 neg
--- Gather features---
--- Train BOW---
--- Make hists---
--- Fit model---
--- Overall training model took 590.572422981 ---
TP: 0 FP: 0 TN 1375 FN: 472
--- kfold: 4, accuracy: 0.744450460206, exp_mean*coverage: 0.0
----- Overall exp mean: 0.0
----- Overall kfold took 3806.99115396 ---
Got result -0.000000

Job file reloaded.
Completed successfully in 3807.39 seconds. [-0.000000]
setting job 20004 complete
set...
