Running in wrapper mode for '20014'

Running python job.

{u'nfeatures': array([25]), u'bow_size': array([1500]), u'svm_gamma': array([-2.46067087]), u'edgeThreshold': array([ 22.47434015]), u'svm_C': array([ 2.40314181]), u'sigma': array([ 0.87558033]), u'contrastThreshold': array([ 0.04858391])}
----- Fold: 0
Testing with 717 pos 1473 neg
Training with 2072 pos 5490 neg
--- Gather features---
--- Train BOW---
--- Make hists---
--- No histograms for 2699 images ---
--- Fit model---
/usr/local/lib/python2.7/dist-packages/sklearn/svm/base.py:176: FutureWarning: elementwise comparison failed; returning scalar instead, but in the future will perform elementwise comparison
  (self.gamma == 'auto')):
/usr/local/lib/python2.7/dist-packages/sklearn/svm/base.py:179: FutureWarning: elementwise comparison failed; returning scalar instead, but in the future will perform elementwise comparison
  elif self.gamma == 'auto':
--- Overall training model took 494.891587019 ---
--- No histograms for 980 images ---
TP: 367 FP: 83 TN 1390 FN: 350
--- kfold: 0, accuracy: 0.802283105023, exp_mean*coverage: 0.302080387963
----- Fold: 1
Testing with 539 pos 1372 neg
Training with 2250 pos 5591 neg
--- Gather features---
--- Train BOW---
--- Make hists---
--- No histograms for 3007 images ---
--- Fit model---
--- Overall training model took 485.617978811 ---
--- No histograms for 672 images ---
TP: 267 FP: 78 TN 1294 FN: 272
--- kfold: 1, accuracy: 0.81684981685, exp_mean*coverage: 0.345555476426
----- Fold: 2
Testing with 493 pos 1569 neg
Training with 2296 pos 5394 neg
--- Gather features---
--- Train BOW---
--- Make hists---
--- No histograms for 2876 images ---
--- Fit model---
--- Overall training model took 517.100513935 ---
--- No histograms for 803 images ---
TP: 288 FP: 120 TN 1449 FN: 205
--- kfold: 2, accuracy: 0.842386032978, exp_mean*coverage: 0.354957019317
----- Fold: 3
Testing with 568 pos 1174 neg
Training with 2221 pos 5789 neg
--- Gather features---
--- Train BOW---
--- Make hists---
--- No histograms for 3072 images ---
--- Fit model---
--- Overall training model took 484.524886131 ---
--- No histograms for 607 images ---
TP: 327 FP: 58 TN 1116 FN: 241
--- kfold: 3, accuracy: 0.828358208955, exp_mean*coverage: 0.394085489854
----- Fold: 4
Testing with 472 pos 1375 neg
Training with 2317 pos 5588 neg
--- Gather features---
--- Train BOW---
--- Make hists---
--- No histograms for 3062 images ---
--- Fit model---
--- Overall training model took 455.234860897 ---
--- No histograms for 617 images ---
TP: 313 FP: 113 TN 1262 FN: 159
--- kfold: 4, accuracy: 0.852734163508, exp_mean*coverage: 0.42117648858
----- Overall exp mean: 0.363570972428
----- Overall kfold took 2546.07382298 ---
Got result -0.363571

Job file reloaded.
Completed successfully in 2546.35 seconds. [-0.363571]
setting job 20014 complete
set...
