Running in wrapper mode for '20011'

Running python job.

{u'nfeatures': array([29]), u'bow_size': array([1500]), u'svm_gamma': array([-1.37006866]), u'edgeThreshold': array([ 28.09087589]), u'svm_C': array([ 3.]), u'sigma': array([ 0.9]), u'contrastThreshold': array([ 0.07163589])}
----- Fold: 0
Testing with 717 pos 1473 neg
Training with 2072 pos 5490 neg
--- Gather features---
--- Train BOW---
--- Make hists---
--- No histograms for 3951 images ---
--- Fit model---
/usr/local/lib/python2.7/dist-packages/sklearn/svm/base.py:176: FutureWarning: elementwise comparison failed; returning scalar instead, but in the future will perform elementwise comparison
  (self.gamma == 'auto')):
/usr/local/lib/python2.7/dist-packages/sklearn/svm/base.py:179: FutureWarning: elementwise comparison failed; returning scalar instead, but in the future will perform elementwise comparison
  elif self.gamma == 'auto':
--- Overall training model took 241.707484961 ---
--- No histograms for 1337 images ---
TP: 363 FP: 94 TN 1379 FN: 354
--- kfold: 0, accuracy: 0.795433789954, exp_mean*coverage: 0.208294679664
----- Fold: 1
Testing with 539 pos 1372 neg
Training with 2250 pos 5591 neg
--- Gather features---
--- Train BOW---
--- Make hists---
--- No histograms for 4306 images ---
--- Fit model---
--- Overall training model took 239.309855938 ---
--- No histograms for 982 images ---
TP: 299 FP: 130 TN 1242 FN: 240
--- kfold: 1, accuracy: 0.806384092098, exp_mean*coverage: 0.262518516943
----- Fold: 2
Testing with 493 pos 1569 neg
Training with 2296 pos 5394 neg
--- Gather features---
--- Train BOW---
--- Make hists---
--- No histograms for 4137 images ---
--- Fit model---
--- Overall training model took 271.80198288 ---
--- No histograms for 1151 images ---
TP: 273 FP: 133 TN 1436 FN: 220
--- kfold: 2, accuracy: 0.828806983511, exp_mean*coverage: 0.242882727035
----- Fold: 3
Testing with 568 pos 1174 neg
Training with 2221 pos 5789 neg
--- Gather features---
--- Train BOW---
--- Make hists---
--- No histograms for 4396 images ---
--- Fit model---
--- Overall training model took 250.532310963 ---
--- No histograms for 892 images ---
TP: 331 FP: 100 TN 1074 FN: 237
--- kfold: 3, accuracy: 0.806544202067, exp_mean*coverage: 0.278495922754
----- Fold: 4
Testing with 472 pos 1375 neg
Training with 2317 pos 5588 neg
--- Gather features---
--- Train BOW---
--- Make hists---
--- No histograms for 4362 images ---
--- Fit model---
--- Overall training model took 172.800094843 ---
--- No histograms for 926 images ---
TP: 308 FP: 139 TN 1236 FN: 164
--- kfold: 4, accuracy: 0.835950189496, exp_mean*coverage: 0.300435933607
----- Overall exp mean: 0.258525556
----- Overall kfold took 1248.719069 ---
Got result -0.258526

Job file reloaded.
Completed successfully in 1249.21 seconds. [-0.258526]
setting job 20011 complete
set...
