Running in wrapper mode for '20003'

Running python job.

{u'nfeatures': array([50]), u'bow_size': array([100]), u'svm_gamma': array([ 3.]), u'edgeThreshold': array([ 3.]), u'svm_C': array([ 3.]), u'sigma': array([ 0.9]), u'contrastThreshold': array([ 0.1])}
----- Fold: 0
Testing with 717 pos 1473 neg
Training with 2072 pos 5490 neg
--- Gather features---
--- Train BOW---
--- Make hists---
--- No histograms for 5532 images ---
--- Fit model---
/usr/local/lib/python2.7/dist-packages/sklearn/svm/base.py:176: FutureWarning: elementwise comparison failed; returning scalar instead, but in the future will perform elementwise comparison
  (self.gamma == 'auto')):
/usr/local/lib/python2.7/dist-packages/sklearn/svm/base.py:179: FutureWarning: elementwise comparison failed; returning scalar instead, but in the future will perform elementwise comparison
  elif self.gamma == 'auto':
--- Overall training model took 56.864677906 ---
--- No histograms for 1703 images ---
TP: 321 FP: 92 TN 1381 FN: 396
--- kfold: 0, accuracy: 0.777168949772, exp_mean*coverage: 0.108719734829
----- Fold: 1
Testing with 539 pos 1372 neg
Training with 2250 pos 5591 neg
--- Gather features---
--- Train BOW---
--- Make hists---
--- No histograms for 5818 images ---
--- Fit model---
--- Overall training model took 48.6089189053 ---
--- No histograms for 1417 images ---
TP: 235 FP: 176 TN 1196 FN: 304
--- kfold: 1, accuracy: 0.748822605965, exp_mean*coverage: 0.109077569973
----- Fold: 2
Testing with 493 pos 1569 neg
Training with 2296 pos 5394 neg
--- Gather features---
--- Train BOW---
--- Make hists---
--- No histograms for 5690 images ---
--- Fit model---
--- Overall training model took 48.9689199924 ---
--- No histograms for 1545 images ---
TP: 260 FP: 169 TN 1400 FN: 233
--- kfold: 2, accuracy: 0.805043646945, exp_mean*coverage: 0.127110262274
----- Fold: 3
Testing with 568 pos 1174 neg
Training with 2221 pos 5789 neg
--- Gather features---
--- Train BOW---
--- Make hists---
--- No histograms for 5991 images ---
--- Fit model---
--- Overall training model took 57.4242060184 ---
--- No histograms for 1244 images ---
TP: 318 FP: 109 TN 1065 FN: 250
--- kfold: 3, accuracy: 0.793915040184, exp_mean*coverage: 0.156020952279
----- Fold: 4
Testing with 472 pos 1375 neg
Training with 2317 pos 5588 neg
--- Gather features---
--- Train BOW---
--- Make hists---
--- No histograms for 5909 images ---
--- Fit model---
--- Overall training model took 53.0076761246 ---
--- No histograms for 1326 images ---
TP: 301 FP: 162 TN 1213 FN: 171
--- kfold: 4, accuracy: 0.819707634001, exp_mean*coverage: 0.161646341694
----- Overall exp mean: 0.13251497221
----- Overall kfold took 312.900230885 ---
Got result -0.132515

Job file reloaded.
Completed successfully in 313.22 seconds. [-0.132515]
setting job 20003 complete
set...
