Running in wrapper mode for '20002'

Running python job.

{u'nfeatures': array([10]), u'bow_size': array([3000]), u'svm_gamma': array([-4.]), u'edgeThreshold': array([ 50.]), u'svm_C': array([-3.3241911]), u'sigma': array([ 1.55487181]), u'contrastThreshold': array([ 0.01])}
----- Fold: 0
Testing with 951 pos 1473 neg
Training with 3349 pos 5490 neg
--- Gather features---
--- Train BOW---
--- Make hists---
--- No histograms for 36 images ---
--- Fit model---
/usr/local/lib/python2.7/dist-packages/sklearn/svm/base.py:176: FutureWarning: elementwise comparison failed; returning scalar instead, but in the future will perform elementwise comparison
  (self.gamma == 'auto')):
/usr/local/lib/python2.7/dist-packages/sklearn/svm/base.py:179: FutureWarning: elementwise comparison failed; returning scalar instead, but in the future will perform elementwise comparison
  elif self.gamma == 'auto':
--- Overall training model took 1199.66096902 ---
--- No histograms for 28 images ---
/home/hans/wart-detection/analyze_training.py:58: RuntimeWarning: invalid value encountered in divide
  ppv = (true_pos / float(true_pos + false_pos))
TP: 0 FP: 0 TN 1473 FN: 951
--- kfold: 0, accuracy: 0.607673267327, hans_kappa: nan
----- Fold: 1
Testing with 900 pos 1372 neg
Training with 3400 pos 5591 neg
--- Gather features---
--- Train BOW---
--- Make hists---
--- No histograms for 55 images ---
--- Fit model---
--- Overall training model took 1266.62757611 ---
--- No histograms for 9 images ---
TP: 899 FP: 1364 TN 8 FN: 1
--- kfold: 1, accuracy: 0.399207746479, hans_kappa: 0.395686619718
----- Fold: 2
Testing with 785 pos 1569 neg
Training with 3515 pos 5394 neg
--- Gather features---
--- Train BOW---
--- Make hists---
--- No histograms for 50 images ---
--- Fit model---
--- Overall training model took 1206.60803199 ---
--- No histograms for 14 images ---
TP: 0 FP: 0 TN 1569 FN: 785
--- kfold: 2, accuracy: 0.666525063721, hans_kappa: nan
----- Fold: 3
Testing with 889 pos 1174 neg
Training with 3411 pos 5789 neg
--- Gather features---
--- Train BOW---
--- Make hists---
--- No histograms for 51 images ---
--- Fit model---
--- Overall training model took 1365.1815269 ---
--- No histograms for 13 images ---
TP: 889 FP: 1161 TN 13 FN: 0
--- kfold: 3, accuracy: 0.437227338827, hans_kappa: 0.430925836161
----- Fold: 4
Testing with 775 pos 1375 neg
Training with 3525 pos 5588 neg
--- Gather features---
--- Train BOW---
--- Make hists---
--- No histograms for 64 images ---
--- Fit model---
--- Overall training model took 1442.02876878 ---
TP: 775 FP: 1375 TN 0 FN: 0
--- kfold: 4, accuracy: 0.360465116279, hans_kappa: 0.360465116279
----- Overall accuracy: nan
----- Overall kfold took 7068.29355192 ---
Got result nan

Job file reloaded.
Completed successfully in 7068.82 seconds. [nan]
setting job 20002 complete
Exception AttributeError: "ExperimentGrid instance has no attribute 'vmap'" in <bound method ExperimentGrid.__del__ of <ExperimentGrid.ExperimentGrid instance at 0x7f02b5e79bd8>> ignored
