Running in wrapper mode for '20035'

Running python job.

{u'nfeatures': array([57]), u'bow_size': array([250]), u'svm_gamma': array([-0.15868885]), u'edgeThreshold': array([ 21.75180822]), u'svm_C': array([ 1.56834333]), u'sigma': array([ 1.83751516]), u'contrastThreshold': array([ 0.01])}
----- Fold: 0
Testing with 951 pos 1473 neg
Training with 3349 pos 5490 neg
--- Gather features---
--- Train BOW---
--- Make hists---
--- No histograms for 39 images ---
--- Fit model---
/usr/local/lib/python2.7/dist-packages/sklearn/svm/base.py:176: FutureWarning: elementwise comparison failed; returning scalar instead, but in the future will perform elementwise comparison
  (self.gamma == 'auto')):
/usr/local/lib/python2.7/dist-packages/sklearn/svm/base.py:179: FutureWarning: elementwise comparison failed; returning scalar instead, but in the future will perform elementwise comparison
  elif self.gamma == 'auto':
--- Overall training model took 965.113899946 ---
--- No histograms for 32 images ---
TP: 725 FP: 278 TN 1195 FN: 226
--- kfold: 0, accuracy: 0.792079207921, hans_kappa: 0.713289175378
----- Fold: 1
Testing with 900 pos 1372 neg
Training with 3400 pos 5591 neg
--- Gather features---
--- Train BOW---
--- Make hists---
--- No histograms for 58 images ---
--- Fit model---
--- Overall training model took 887.485717058 ---
--- No histograms for 13 images ---
TP: 689 FP: 203 TN 1169 FN: 211
--- kfold: 1, accuracy: 0.817781690141, hans_kappa: 0.76800185925
----- Fold: 2
Testing with 785 pos 1569 neg
Training with 3515 pos 5394 neg
--- Gather features---
--- Train BOW---
--- Make hists---
--- No histograms for 58 images ---
--- Fit model---
--- Overall training model took 989.108923912 ---
--- No histograms for 13 images ---
TP: 613 FP: 268 TN 1301 FN: 172
--- kfold: 2, accuracy: 0.81308411215, hans_kappa: 0.691957659916
----- Fold: 3
Testing with 889 pos 1174 neg
Training with 3411 pos 5789 neg
--- Gather features---
--- Train BOW---
--- Make hists---
--- No histograms for 58 images ---
--- Fit model---
--- Overall training model took 967.76097703 ---
--- No histograms for 13 images ---
TP: 742 FP: 178 TN 996 FN: 147
--- kfold: 3, accuracy: 0.842462433349, hans_kappa: 0.801439440241
----- Fold: 4
Testing with 775 pos 1375 neg
Training with 3525 pos 5588 neg
--- Gather features---
--- Train BOW---
--- Make hists---
--- No histograms for 71 images ---
--- Fit model---
--- Overall training model took 955.770964861 ---
TP: 565 FP: 272 TN 1103 FN: 210
--- kfold: 4, accuracy: 0.775813953488, hans_kappa: 0.675029868578
----- Overall accuracy: 0.729943600673
----- Overall kfold took 4969.5338819 ---
Got result -0.729944

Job file reloaded.
Completed successfully in 4969.82 seconds. [-0.729944]
setting job 20035 complete
set...
