Running in wrapper mode for '20052'

Running python job.

{u'nfeatures': array([10]), u'bow_size': array([3000]), u'svm_gamma': array([ 5.]), u'edgeThreshold': array([ 3.]), u'svm_C': array([ 5.]), u'sigma': array([ 2.]), u'contrastThreshold': array([ 0.01])}
----- Fold: 0
Testing with 951 pos 1473 neg
Training with 3349 pos 5490 neg
--- Gather features---
--- Train BOW---
--- Make hists---
--- No histograms for 161 images ---
--- Fit model---
/usr/local/lib/python2.7/dist-packages/sklearn/svm/base.py:176: FutureWarning: elementwise comparison failed; returning scalar instead, but in the future will perform elementwise comparison
  (self.gamma == 'auto')):
/usr/local/lib/python2.7/dist-packages/sklearn/svm/base.py:179: FutureWarning: elementwise comparison failed; returning scalar instead, but in the future will perform elementwise comparison
  elif self.gamma == 'auto':
--- Overall training model took 1469.90861511 ---
--- No histograms for 101 images ---
TP: 0 FP: 1 TN 1472 FN: 951
--- kfold: 0, accuracy: 0.607260726073, hans_kappa: 0.0
----- Fold: 1
Testing with 900 pos 1372 neg
Training with 3400 pos 5591 neg
--- Gather features---
--- Train BOW---
--- Make hists---
--- No histograms for 205 images ---
--- Fit model---
--- Overall training model took 1289.97507596 ---
--- No histograms for 57 images ---
TP: 1 FP: 0 TN 1372 FN: 899
--- kfold: 1, accuracy: 0.604313380282, hans_kappa: 0.974911971831
----- Fold: 2
Testing with 785 pos 1569 neg
Training with 3515 pos 5394 neg
--- Gather features---
--- Train BOW---
--- Make hists---
--- No histograms for 211 images ---
--- Fit model---
--- Overall training model took 1383.0839839 ---
--- No histograms for 51 images ---
TP: 1 FP: 0 TN 1569 FN: 784
--- kfold: 2, accuracy: 0.666949872557, hans_kappa: 0.978334749363
----- Fold: 3
Testing with 889 pos 1174 neg
Training with 3411 pos 5789 neg
--- Gather features---
--- Train BOW---
--- Make hists---
--- No histograms for 220 images ---
--- Fit model---
--- Overall training model took 1308.96856999 ---
--- No histograms for 42 images ---
TP: 0 FP: 0 TN 1174 FN: 889
--- kfold: 3, accuracy: 0.569074163839, hans_kappa: 0.0
----- Fold: 4
Testing with 775 pos 1375 neg
Training with 3525 pos 5588 neg
--- Gather features---
--- Train BOW---
--- Make hists---
--- No histograms for 251 images ---
--- Fit model---
--- Overall training model took 1192.67641211 ---
--- No histograms for 11 images ---
TP: 0 FP: 1 TN 1374 FN: 775
--- kfold: 4, accuracy: 0.639069767442, hans_kappa: 0.0
----- Overall accuracy: 0.390649344239
----- Overall kfold took 7265.1776228 ---
Got result -0.390649

Job file reloaded.
Completed successfully in 7269.68 seconds. [-0.390649]
setting job 20052 complete
set...
