Running in wrapper mode for '3'

Running python job.

{u'nfeatures': array([78]), u'bow_size': array([575]), u'svm_gamma': array([ 1.25]), u'edgeThreshold': array([ 38.25]), u'svm_C': array([-2.25]), u'sigma': array([ 1.4]), u'contrastThreshold': array([ 0.02575])}
----- Fold: 0
Testing with 951 pos 1473 neg
Training with 3349 pos 5490 neg
--- Gather features---
--- Train BOW---
--- Make hists---
--- No histograms for 668 images ---
--- Fit model---
/usr/local/lib/python2.7/dist-packages/sklearn/svm/base.py:176: FutureWarning: elementwise comparison failed; returning scalar instead, but in the future will perform elementwise comparison
  (self.gamma == 'auto')):
/usr/local/lib/python2.7/dist-packages/sklearn/svm/base.py:179: FutureWarning: elementwise comparison failed; returning scalar instead, but in the future will perform elementwise comparison
  elif self.gamma == 'auto':
--- Overall training model took 1201.04022813 ---
--- No histograms for 284 images ---
TP: 495 FP: 441 TN 1032 FN: 456
--- kfold: 0, accuracy: 0.62995049505, exp_mean*coverage: 0.290258089674
----- Fold: 1
Testing with 900 pos 1372 neg
Training with 3400 pos 5591 neg
--- Gather features---
--- Train BOW---
--- Make hists---
--- No histograms for 771 images ---
--- Fit model---
--- Overall training model took 978.583219051 ---
--- No histograms for 181 images ---
TP: 532 FP: 493 TN 879 FN: 368
--- kfold: 1, accuracy: 0.621038732394, exp_mean*coverage: 0.284648162344
----- Fold: 2
Testing with 785 pos 1569 neg
Training with 3515 pos 5394 neg
--- Gather features---
--- Train BOW---
--- Make hists---
--- No histograms for 768 images ---
--- Fit model---
--- Overall training model took 1014.054775 ---
--- No histograms for 184 images ---
TP: 429 FP: 447 TN 1122 FN: 356
--- kfold: 2, accuracy: 0.658878504673, exp_mean*coverage: 0.32583021145
----- Fold: 3
Testing with 889 pos 1174 neg
Training with 3411 pos 5789 neg
--- Gather features---
--- Train BOW---
--- Make hists---
--- No histograms for 823 images ---
--- Fit model---
--- Overall training model took 1323.88074803 ---
--- No histograms for 129 images ---
TP: 627 FP: 357 TN 817 FN: 262
--- kfold: 3, accuracy: 0.699951526903, exp_mean*coverage: 0.382561274837
----- Fold: 4
Testing with 775 pos 1375 neg
Training with 3525 pos 5588 neg
--- Gather features---
--- Train BOW---
--- Make hists---
--- No histograms for 778 images ---
--- Fit model---
--- Overall training model took 1600.33912015 ---
--- No histograms for 174 images ---
TP: 448 FP: 488 TN 887 FN: 327
--- kfold: 4, accuracy: 0.620930232558, exp_mean*coverage: 0.282922395681
----- Overall exp mean: 0.313244026797
----- Overall kfold took 6310.341959 ---
Got result -0.313244

Job file reloaded.
Completed successfully in 6310.57 seconds. [-0.313244]
setting job 3 complete
set...
