Running in wrapper mode for '20127'

Running python job.

{u'nfeatures': array([100]), u'bow_size': array([1271]), u'svm_gamma': array([-0.20148458]), u'edgeThreshold': array([ 50.]), u'svm_C': array([ 1.25284017]), u'sigma': array([ 1.97613]), u'contrastThreshold': array([ 0.001])}
----- Fold: 0
Testing with 951 pos 1473 neg
Training with 3349 pos 5490 neg
--- Gather features---
--- Train BOW---
--- Make hists---
--- Fit model---
/usr/local/lib/python2.7/dist-packages/sklearn/svm/base.py:176: FutureWarning: elementwise comparison failed; returning scalar instead, but in the future will perform elementwise comparison
  (self.gamma == 'auto')):
/usr/local/lib/python2.7/dist-packages/sklearn/svm/base.py:179: FutureWarning: elementwise comparison failed; returning scalar instead, but in the future will perform elementwise comparison
  elif self.gamma == 'auto':
--- Overall training model took 6483.74182701 ---
TP: 730 FP: 268 TN 1205 FN: 221
--- kfold: 0, accuracy: 0.798267326733, exp_mean*coverage: 0.577071043304
----- Fold: 1
Testing with 900 pos 1372 neg
Training with 3400 pos 5591 neg
--- Gather features---
--- Train BOW---
--- Make hists---
--- Fit model---
--- Overall training model took 6388.43406892 ---
TP: 687 FP: 208 TN 1164 FN: 213
--- kfold: 1, accuracy: 0.814700704225, exp_mean*coverage: 0.612468406991
----- Fold: 2
Testing with 785 pos 1569 neg
Training with 3515 pos 5394 neg
--- Gather features---
--- Train BOW---
--- Make hists---
--- Fit model---
--- Overall training model took 6203.56962609 ---
TP: 606 FP: 259 TN 1310 FN: 179
--- kfold: 2, accuracy: 0.813933729822, exp_mean*coverage: 0.600602093519
----- Fold: 3
Testing with 889 pos 1174 neg
Training with 3411 pos 5789 neg
--- Gather features---
--- Train BOW---
--- Make hists---
--- Fit model---
--- Overall training model took 6571.83787513 ---
TP: 743 FP: 154 TN 1020 FN: 146
--- kfold: 3, accuracy: 0.854580707707, exp_mean*coverage: 0.683433748158
----- Fold: 4
Testing with 775 pos 1375 neg
Training with 3525 pos 5588 neg
--- Gather features---
--- Train BOW---
--- Make hists---
--- Fit model---
--- Overall training model took 6479.85836411 ---
TP: 558 FP: 288 TN 1087 FN: 217
--- kfold: 4, accuracy: 0.76511627907, exp_mean*coverage: 0.518049611898
----- Overall exp mean: 0.598324980774
----- Overall kfold took 32660.459163 ---
Got result -0.598325

Job file reloaded.
Completed successfully in 32661.11 seconds. [-0.598325]
setting job 20127 complete
set...
