Running in wrapper mode for '20049'

Running python job.

{u'nfeatures': array([100]), u'bow_size': array([1274]), u'svm_gamma': array([ 0.56524032]), u'edgeThreshold': array([ 50.]), u'svm_C': array([ 3.]), u'sigma': array([ 4.11189098]), u'contrastThreshold': array([ 0.001])}
----- Fold: 0
Testing with 951 pos 1473 neg
Training with 3349 pos 5490 neg
--- Gather features---
--- Train BOW---
--- Make hists---
--- No histograms for 5 images ---
--- Fit model---
/usr/local/lib/python2.7/dist-packages/sklearn/svm/base.py:176: FutureWarning: elementwise comparison failed; returning scalar instead, but in the future will perform elementwise comparison
  (self.gamma == 'auto')):
/usr/local/lib/python2.7/dist-packages/sklearn/svm/base.py:179: FutureWarning: elementwise comparison failed; returning scalar instead, but in the future will perform elementwise comparison
  elif self.gamma == 'auto':
--- Overall training model took 2459.2802422 ---
--- No histograms for 1 images ---
TP: 695 FP: 282 TN 1191 FN: 256
--- kfold: 0, accuracy: 0.778052805281, exp_mean*coverage: 0.544709299768
----- Fold: 1
Testing with 900 pos 1372 neg
Training with 3400 pos 5591 neg
--- Gather features---
--- Train BOW---
--- Make hists---
--- No histograms for 6 images ---
--- Fit model---
--- Overall training model took 2505.93829608 ---
TP: 656 FP: 238 TN 1134 FN: 244
--- kfold: 1, accuracy: 0.787852112676, exp_mean*coverage: 0.56519608905
----- Fold: 2
Testing with 785 pos 1569 neg
Training with 3515 pos 5394 neg
--- Gather features---
--- Train BOW---
--- Make hists---
--- No histograms for 4 images ---
--- Fit model---
--- Overall training model took 2515.61378217 ---
--- No histograms for 2 images ---
TP: 563 FP: 279 TN 1290 FN: 222
--- kfold: 2, accuracy: 0.787170773152, exp_mean*coverage: 0.552779277898
----- Fold: 3
Testing with 889 pos 1174 neg
Training with 3411 pos 5789 neg
--- Gather features---
--- Train BOW---
--- Make hists---
--- No histograms for 4 images ---
--- Fit model---
--- Overall training model took 2719.16215491 ---
--- No histograms for 2 images ---
TP: 624 FP: 135 TN 1039 FN: 265
--- kfold: 3, accuracy: 0.806107610276, exp_mean*coverage: 0.618655565108
----- Fold: 4
Testing with 775 pos 1375 neg
Training with 3525 pos 5588 neg
--- Gather features---
--- Train BOW---
--- Make hists---
--- No histograms for 5 images ---
--- Fit model---
--- Overall training model took 2631.46300483 ---
--- No histograms for 1 images ---
TP: 494 FP: 291 TN 1084 FN: 281
--- kfold: 4, accuracy: 0.733953488372, exp_mean*coverage: 0.470314547663
----- Overall exp mean: 0.550330955897
----- Overall kfold took 13266.0651689 ---
Got result -0.550331

Job file reloaded.
Completed successfully in 13266.28 seconds. [-0.550331]
setting job 20049 complete
set...
