Running in wrapper mode for '20192'

Running python job.

{u'nfeatures': array([78]), u'bow_size': array([872]), u'svm_gamma': array([ 1.40965157]), u'edgeThreshold': array([ 35.24900584]), u'svm_C': array([ 0.41349752]), u'sigma': array([ 3.1811108]), u'contrastThreshold': array([ 0.00578263])}
----- Fold: 0
Testing with 951 pos 1473 neg
Training with 3349 pos 5490 neg
--- Gather features---
--- Train BOW---
--- Make hists---
--- No histograms for 20 images ---
--- Fit model---
/usr/local/lib/python2.7/dist-packages/sklearn/svm/base.py:176: FutureWarning: elementwise comparison failed; returning scalar instead, but in the future will perform elementwise comparison
  (self.gamma == 'auto')):
/usr/local/lib/python2.7/dist-packages/sklearn/svm/base.py:179: FutureWarning: elementwise comparison failed; returning scalar instead, but in the future will perform elementwise comparison
  elif self.gamma == 'auto':
--- Overall training model took 2275.24528909 ---
--- No histograms for 7 images ---
TP: 685 FP: 193 TN 1280 FN: 266
--- kfold: 0, accuracy: 0.810643564356, exp_mean*coverage: 0.609732319322
----- Fold: 1
Testing with 900 pos 1372 neg
Training with 3400 pos 5591 neg
--- Gather features---
--- Train BOW---
--- Make hists---
--- No histograms for 20 images ---
--- Fit model---
--- Overall training model took 2277.66430283 ---
--- No histograms for 7 images ---
TP: 684 FP: 152 TN 1220 FN: 216
--- kfold: 1, accuracy: 0.838028169014, exp_mean*coverage: 0.660739213886
----- Fold: 2
Testing with 785 pos 1569 neg
Training with 3515 pos 5394 neg
--- Gather features---
--- Train BOW---
--- Make hists---
--- No histograms for 21 images ---
--- Fit model---
--- Overall training model took 2108.35928917 ---
--- No histograms for 6 images ---
TP: 601 FP: 236 TN 1333 FN: 184
--- kfold: 2, accuracy: 0.82158028887, exp_mean*coverage: 0.613773107261
----- Fold: 3
Testing with 889 pos 1174 neg
Training with 3411 pos 5789 neg
--- Gather features---
--- Train BOW---
--- Make hists---
--- No histograms for 21 images ---
--- Fit model---
--- Overall training model took 2354.59250903 ---
--- No histograms for 6 images ---
TP: 677 FP: 89 TN 1085 FN: 212
--- kfold: 3, accuracy: 0.854095976733, exp_mean*coverage: 0.70808128639
----- Fold: 4
Testing with 775 pos 1375 neg
Training with 3525 pos 5588 neg
--- Gather features---
--- Train BOW---
--- Make hists---
--- No histograms for 26 images ---
--- Fit model---
--- Overall training model took 2181.7704339 ---
--- No histograms for 1 images ---
TP: 507 FP: 216 TN 1159 FN: 268
--- kfold: 4, accuracy: 0.77488372093, exp_mean*coverage: 0.539130546752
----- Overall exp mean: 0.626291294722
----- Overall kfold took 11583.0370989 ---
Got result -0.626291

Job file reloaded.
Completed successfully in 11583.60 seconds. [-0.626291]
setting job 20192 complete
set...
