Running in wrapper mode for '20190'

Running python job.

{u'nfeatures': array([39]), u'bow_size': array([869]), u'svm_gamma': array([ 1.82560054]), u'edgeThreshold': array([ 32.78867039]), u'svm_C': array([ 1.14912483]), u'sigma': array([ 1.80576954]), u'contrastThreshold': array([ 0.001])}
----- Fold: 0
Testing with 951 pos 1473 neg
Training with 3349 pos 5490 neg
--- Gather features---
--- Train BOW---
--- Make hists---
--- Fit model---
/usr/local/lib/python2.7/dist-packages/sklearn/svm/base.py:176: FutureWarning: elementwise comparison failed; returning scalar instead, but in the future will perform elementwise comparison
  (self.gamma == 'auto')):
/usr/local/lib/python2.7/dist-packages/sklearn/svm/base.py:179: FutureWarning: elementwise comparison failed; returning scalar instead, but in the future will perform elementwise comparison
  elif self.gamma == 'auto':
--- Overall training model took 2310.53618193 ---
TP: 602 FP: 144 TN 1329 FN: 349
--- kfold: 0, accuracy: 0.796617161716, exp_mean*coverage: 0.592755906811
----- Fold: 1
Testing with 900 pos 1372 neg
Training with 3400 pos 5591 neg
--- Gather features---
--- Train BOW---
--- Make hists---
--- Fit model---
--- Overall training model took 2174.59551191 ---
TP: 552 FP: 112 TN 1260 FN: 348
--- kfold: 1, accuracy: 0.797535211268, exp_mean*coverage: 0.597105656384
----- Fold: 2
Testing with 785 pos 1569 neg
Training with 3515 pos 5394 neg
--- Gather features---
--- Train BOW---
--- Make hists---
--- Fit model---
--- Overall training model took 2019.6649611 ---
TP: 505 FP: 141 TN 1428 FN: 280
--- kfold: 2, accuracy: 0.821155480034, exp_mean*coverage: 0.60918682581
----- Fold: 3
Testing with 889 pos 1174 neg
Training with 3411 pos 5789 neg
--- Gather features---
--- Train BOW---
--- Make hists---
--- Fit model---
--- Overall training model took 2273.03677797 ---
TP: 629 FP: 68 TN 1106 FN: 260
--- kfold: 3, accuracy: 0.841008240427, exp_mean*coverage: 0.694966652804
----- Fold: 4
Testing with 775 pos 1375 neg
Training with 3525 pos 5588 neg
--- Gather features---
--- Train BOW---
--- Make hists---
--- Fit model---
--- Overall training model took 2230.24675012 ---
TP: 481 FP: 158 TN 1217 FN: 294
--- kfold: 4, accuracy: 0.78976744186, exp_mean*coverage: 0.56475660719
----- Overall exp mean: 0.6117543298
----- Overall kfold took 11327.3811958 ---
Got result -0.611754

Job file reloaded.
Completed successfully in 11327.61 seconds. [-0.611754]
setting job 20190 complete
set...
