Running in wrapper mode for '20301'

Running python job.

{u'nfeatures': array([88]), u'bow_size': array([524]), u'svm_gamma': array([-1.05458823]), u'edgeThreshold': array([ 50.]), u'svm_C': array([ 3.]), u'sigma': array([ 2.82723856]), u'contrastThreshold': array([ 0.02063575])}
----- Fold: 0
Testing with 951 pos 1473 neg
Training with 3349 pos 5490 neg
--- Gather features---
--- Train BOW---
--- Make hists---
--- No histograms for 567 images ---
--- Fit model---
/usr/local/lib/python2.7/dist-packages/sklearn/svm/base.py:176: FutureWarning: elementwise comparison failed; returning scalar instead, but in the future will perform elementwise comparison
  (self.gamma == 'auto')):
/usr/local/lib/python2.7/dist-packages/sklearn/svm/base.py:179: FutureWarning: elementwise comparison failed; returning scalar instead, but in the future will perform elementwise comparison
  elif self.gamma == 'auto':
--- Overall training model took 936.474505186 ---
--- No histograms for 219 images ---
TP: 733 FP: 272 TN 1201 FN: 218
--- kfold: 0, accuracy: 0.797854785479, exp_mean*coverage: 0.523496795509
----- Fold: 1
Testing with 900 pos 1372 neg
Training with 3400 pos 5591 neg
--- Gather features---
--- Train BOW---
--- Make hists---
--- No histograms for 641 images ---
--- Fit model---
--- Overall training model took 991.394253969 ---
--- No histograms for 145 images ---
TP: 702 FP: 236 TN 1136 FN: 198
--- kfold: 1, accuracy: 0.808978873239, exp_mean*coverage: 0.558434832772
----- Fold: 2
Testing with 785 pos 1569 neg
Training with 3515 pos 5394 neg
--- Gather features---
--- Train BOW---
--- Make hists---
--- No histograms for 646 images ---
--- Fit model---
--- Overall training model took 988.945255041 ---
--- No histograms for 140 images ---
TP: 628 FP: 301 TN 1268 FN: 157
--- kfold: 2, accuracy: 0.805437553101, exp_mean*coverage: 0.548033606012
----- Fold: 3
Testing with 889 pos 1174 neg
Training with 3411 pos 5789 neg
--- Gather features---
--- Train BOW---
--- Make hists---
--- No histograms for 640 images ---
--- Fit model---
--- Overall training model took 901.185449123 ---
--- No histograms for 146 images ---
TP: 739 FP: 145 TN 1029 FN: 150
--- kfold: 3, accuracy: 0.857004362579, exp_mean*coverage: 0.642299566961
----- Fold: 4
Testing with 775 pos 1375 neg
Training with 3525 pos 5588 neg
--- Gather features---
--- Train BOW---
--- Make hists---
--- No histograms for 650 images ---
--- Fit model---
--- Overall training model took 892.004191875 ---
--- No histograms for 136 images ---
TP: 531 FP: 256 TN 1119 FN: 244
--- kfold: 4, accuracy: 0.767441860465, exp_mean*coverage: 0.491913283016
----- Overall exp mean: 0.552835616854
----- Overall kfold took 4972.34184599 ---
Got result -0.552836

Job file reloaded.
Completed successfully in 4973.10 seconds. [-0.552836]
setting job 20301 complete
set...
