Running in wrapper mode for '20103'

Running python job.

{u'nfeatures': array([32]), u'bow_size': array([535]), u'svm_gamma': array([ 0.04322797]), u'edgeThreshold': array([ 50.]), u'svm_C': array([ 3.]), u'sigma': array([ 3.83448822]), u'contrastThreshold': array([ 0.001])}
----- Fold: 0
Testing with 951 pos 1473 neg
Training with 3349 pos 5490 neg
--- Gather features---
--- Train BOW---
--- Make hists---
--- No histograms for 1 images ---
--- Fit model---
/usr/local/lib/python2.7/dist-packages/sklearn/svm/base.py:176: FutureWarning: elementwise comparison failed; returning scalar instead, but in the future will perform elementwise comparison
  (self.gamma == 'auto')):
/usr/local/lib/python2.7/dist-packages/sklearn/svm/base.py:179: FutureWarning: elementwise comparison failed; returning scalar instead, but in the future will perform elementwise comparison
  elif self.gamma == 'auto':
--- Overall training model took 1081.52590108 ---
TP: 700 FP: 238 TN 1235 FN: 251
--- kfold: 0, accuracy: 0.798267326733, exp_mean*coverage: 0.583781746018
----- Fold: 1
Testing with 900 pos 1372 neg
Training with 3400 pos 5591 neg
--- Gather features---
--- Train BOW---
--- Make hists---
--- No histograms for 1 images ---
--- Fit model---
--- Overall training model took 956.534543037 ---
TP: 646 FP: 173 TN 1199 FN: 254
--- kfold: 1, accuracy: 0.812059859155, exp_mean*coverage: 0.615965491162
----- Fold: 2
Testing with 785 pos 1569 neg
Training with 3515 pos 5394 neg
--- Gather features---
--- Train BOW---
--- Make hists---
--- Fit model---
--- Overall training model took 988.225965977 ---
--- No histograms for 1 images ---
TP: 586 FP: 235 TN 1334 FN: 199
--- kfold: 2, accuracy: 0.815632965166, exp_mean*coverage: 0.604322812403
----- Fold: 3
Testing with 889 pos 1174 neg
Training with 3411 pos 5789 neg
--- Gather features---
--- Train BOW---
--- Make hists---
--- No histograms for 1 images ---
--- Fit model---
--- Overall training model took 1107.75875616 ---
TP: 650 FP: 133 TN 1041 FN: 239
--- kfold: 3, accuracy: 0.819680077557, exp_mean*coverage: 0.640661024372
----- Fold: 4
Testing with 775 pos 1375 neg
Training with 3525 pos 5588 neg
--- Gather features---
--- Train BOW---
--- Make hists---
--- No histograms for 1 images ---
--- Fit model---
--- Overall training model took 1056.7448411 ---
TP: 509 FP: 252 TN 1123 FN: 266
--- kfold: 4, accuracy: 0.759069767442, exp_mean*coverage: 0.51191388754
----- Overall exp mean: 0.591328992299
----- Overall kfold took 5488.55139804 ---
Got result -0.591329

Job file reloaded.
Completed successfully in 5488.97 seconds. [-0.591329]
setting job 20103 complete
set...
