Running in wrapper mode for '20182'

Running python job.

{u'nfeatures': array([77]), u'bow_size': array([1202]), u'svm_gamma': array([ 1.40319514]), u'edgeThreshold': array([ 22.15525108]), u'svm_C': array([ 0.02169588]), u'sigma': array([ 3.44660492]), u'contrastThreshold': array([ 0.00872015])}
----- Fold: 0
Testing with 951 pos 1473 neg
Training with 3349 pos 5490 neg
--- Gather features---
--- Train BOW---
--- Make hists---
--- No histograms for 82 images ---
--- Fit model---
/usr/local/lib/python2.7/dist-packages/sklearn/svm/base.py:176: FutureWarning: elementwise comparison failed; returning scalar instead, but in the future will perform elementwise comparison
  (self.gamma == 'auto')):
/usr/local/lib/python2.7/dist-packages/sklearn/svm/base.py:179: FutureWarning: elementwise comparison failed; returning scalar instead, but in the future will perform elementwise comparison
  elif self.gamma == 'auto':
--- Overall training model took 2403.35493422 ---
--- No histograms for 24 images ---
TP: 694 FP: 208 TN 1265 FN: 257
--- kfold: 0, accuracy: 0.808168316832, exp_mean*coverage: 0.598916742815
----- Fold: 1
Testing with 900 pos 1372 neg
Training with 3400 pos 5591 neg
--- Gather features---
--- Train BOW---
--- Make hists---
--- No histograms for 81 images ---
--- Fit model---
--- Overall training model took 2371.54461718 ---
--- No histograms for 25 images ---
TP: 653 FP: 160 TN 1212 FN: 247
--- kfold: 1, accuracy: 0.820862676056, exp_mean*coverage: 0.625831817518
----- Fold: 2
Testing with 785 pos 1569 neg
Training with 3515 pos 5394 neg
--- Gather features---
--- Train BOW---
--- Make hists---
--- No histograms for 82 images ---
--- Fit model---
--- Overall training model took 2426.974684 ---
--- No histograms for 24 images ---
TP: 580 FP: 219 TN 1350 FN: 205
--- kfold: 2, accuracy: 0.819881053526, exp_mean*coverage: 0.6063343307
----- Fold: 3
Testing with 889 pos 1174 neg
Training with 3411 pos 5789 neg
--- Gather features---
--- Train BOW---
--- Make hists---
--- No histograms for 84 images ---
--- Fit model---
--- Overall training model took 2495.94494295 ---
--- No histograms for 22 images ---
TP: 673 FP: 81 TN 1093 FN: 216
--- kfold: 3, accuracy: 0.85603490063, exp_mean*coverage: 0.708508178842
----- Fold: 4
Testing with 775 pos 1375 neg
Training with 3525 pos 5588 neg
--- Gather features---
--- Train BOW---
--- Make hists---
--- No histograms for 95 images ---
--- Fit model---
--- Overall training model took 2450.36117792 ---
--- No histograms for 11 images ---
TP: 481 FP: 214 TN 1161 FN: 294
--- kfold: 4, accuracy: 0.763720930233, exp_mean*coverage: 0.517406068129
----- Overall exp mean: 0.611399427601
----- Overall kfold took 12596.8689799 ---
Got result -0.611399

Job file reloaded.
Completed successfully in 12597.09 seconds. [-0.611399]
setting job 20182 complete
set...
