Running in wrapper mode for '20288'

Running python job.

{u'nfeatures': array([33]), u'bow_size': array([100]), u'svm_gamma': array([ 1.1192415]), u'edgeThreshold': array([ 50.]), u'svm_C': array([-0.40014392]), u'sigma': array([ 4.00139071]), u'contrastThreshold': array([ 0.01535408])}
----- Fold: 0
Testing with 951 pos 1473 neg
Training with 3349 pos 5490 neg
--- Gather features---
--- Train BOW---
--- Make hists---
--- No histograms for 397 images ---
--- Fit model---
/usr/local/lib/python2.7/dist-packages/sklearn/svm/base.py:176: FutureWarning: elementwise comparison failed; returning scalar instead, but in the future will perform elementwise comparison
  (self.gamma == 'auto')):
/usr/local/lib/python2.7/dist-packages/sklearn/svm/base.py:179: FutureWarning: elementwise comparison failed; returning scalar instead, but in the future will perform elementwise comparison
  elif self.gamma == 'auto':
--- Overall training model took 259.416650057 ---
--- No histograms for 163 images ---
TP: 678 FP: 207 TN 1266 FN: 273
--- kfold: 0, accuracy: 0.80198019802, exp_mean*coverage: 0.555212208897
----- Fold: 1
Testing with 900 pos 1372 neg
Training with 3400 pos 5591 neg
--- Gather features---
--- Train BOW---
--- Make hists---
--- No histograms for 472 images ---
--- Fit model---
--- Overall training model took 272.292951107 ---
--- No histograms for 88 images ---
TP: 658 FP: 195 TN 1177 FN: 242
--- kfold: 1, accuracy: 0.807658450704, exp_mean*coverage: 0.581193783237
----- Fold: 2
Testing with 785 pos 1569 neg
Training with 3515 pos 5394 neg
--- Gather features---
--- Train BOW---
--- Make hists---
--- No histograms for 470 images ---
--- Fit model---
--- Overall training model took 254.172024012 ---
--- No histograms for 90 images ---
TP: 565 FP: 218 TN 1351 FN: 220
--- kfold: 2, accuracy: 0.813933729822, exp_mean*coverage: 0.578443262358
----- Fold: 3
Testing with 889 pos 1174 neg
Training with 3411 pos 5789 neg
--- Gather features---
--- Train BOW---
--- Make hists---
--- No histograms for 443 images ---
--- Fit model---
--- Overall training model took 244.643701077 ---
--- No histograms for 117 images ---
TP: 655 FP: 84 TN 1090 FN: 234
--- kfold: 3, accuracy: 0.84585555017, exp_mean*coverage: 0.658757335126
----- Fold: 4
Testing with 775 pos 1375 neg
Training with 3525 pos 5588 neg
--- Gather features---
--- Train BOW---
--- Make hists---
--- No histograms for 458 images ---
--- Fit model---
--- Overall training model took 248.033664942 ---
--- No histograms for 102 images ---
TP: 423 FP: 208 TN 1167 FN: 352
--- kfold: 4, accuracy: 0.739534883721, exp_mean*coverage: 0.453957052303
----- Overall exp mean: 0.565512728384
----- Overall kfold took 1536.36316991 ---
Got result -0.565513

Job file reloaded.
Completed successfully in 1536.66 seconds. [-0.565513]
setting job 20288 complete
set...
