Running in wrapper mode for '20114'

Running python job.

{u'nfeatures': array([58]), u'bow_size': array([100]), u'svm_gamma': array([ 1.29425004]), u'edgeThreshold': array([ 3.]), u'svm_C': array([-0.07593895]), u'sigma': array([ 1.95030795]), u'contrastThreshold': array([ 0.001])}
----- Fold: 0
Testing with 951 pos 1473 neg
Training with 3349 pos 5490 neg
--- Gather features---
--- Train BOW---
--- Make hists---
--- Fit model---
/usr/local/lib/python2.7/dist-packages/sklearn/svm/base.py:176: FutureWarning: elementwise comparison failed; returning scalar instead, but in the future will perform elementwise comparison
  (self.gamma == 'auto')):
/usr/local/lib/python2.7/dist-packages/sklearn/svm/base.py:179: FutureWarning: elementwise comparison failed; returning scalar instead, but in the future will perform elementwise comparison
  elif self.gamma == 'auto':
--- Overall training model took 430.839426994 ---
TP: 708 FP: 356 TN 1117 FN: 243
--- kfold: 0, accuracy: 0.752887788779, exp_mean*coverage: 0.493887235003
----- Fold: 1
Testing with 900 pos 1372 neg
Training with 3400 pos 5591 neg
--- Gather features---
--- Train BOW---
--- Make hists---
--- Fit model---
--- Overall training model took 503.826749802 ---
TP: 662 FP: 258 TN 1114 FN: 238
--- kfold: 1, accuracy: 0.781690140845, exp_mean*coverage: 0.551621263969
----- Fold: 2
Testing with 785 pos 1569 neg
Training with 3515 pos 5394 neg
--- Gather features---
--- Train BOW---
--- Make hists---
--- Fit model---
--- Overall training model took 486.324820042 ---
TP: 600 FP: 329 TN 1240 FN: 185
--- kfold: 2, accuracy: 0.781648258284, exp_mean*coverage: 0.541513132012
----- Fold: 3
Testing with 889 pos 1174 neg
Training with 3411 pos 5789 neg
--- Gather features---
--- Train BOW---
--- Make hists---
--- Fit model---
--- Overall training model took 444.847014904 ---
TP: 716 FP: 198 TN 976 FN: 173
--- kfold: 3, accuracy: 0.820164808531, exp_mean*coverage: 0.615356025225
----- Fold: 4
Testing with 775 pos 1375 neg
Training with 3525 pos 5588 neg
--- Gather features---
--- Train BOW---
--- Make hists---
--- Fit model---
--- Overall training model took 445.588899136 ---
TP: 551 FP: 314 TN 1061 FN: 224
--- kfold: 4, accuracy: 0.74976744186, exp_mean*coverage: 0.491880518651
----- Overall exp mean: 0.538851634972
----- Overall kfold took 2485.19656897 ---
Got result -0.538852

Job file reloaded.
Completed successfully in 2485.42 seconds. [-0.538852]
setting job 20114 complete
set...
