Running in wrapper mode for '20159'

Running python job.

{u'nfeatures': array([97]), u'bow_size': array([763]), u'svm_gamma': array([ 1.48118306]), u'edgeThreshold': array([ 38.52956677]), u'svm_C': array([ 0.46460071]), u'sigma': array([ 2.71274931]), u'contrastThreshold': array([ 0.001])}
----- Fold: 0
Testing with 951 pos 1473 neg
Training with 3349 pos 5490 neg
--- Gather features---
--- Train BOW---
--- Make hists---
--- Fit model---
/usr/local/lib/python2.7/dist-packages/sklearn/svm/base.py:176: FutureWarning: elementwise comparison failed; returning scalar instead, but in the future will perform elementwise comparison
  (self.gamma == 'auto')):
/usr/local/lib/python2.7/dist-packages/sklearn/svm/base.py:179: FutureWarning: elementwise comparison failed; returning scalar instead, but in the future will perform elementwise comparison
  elif self.gamma == 'auto':
--- Overall training model took 2723.31844687 ---
TP: 705 FP: 240 TN 1233 FN: 246
--- kfold: 0, accuracy: 0.799504950495, exp_mean*coverage: 0.58524407703
----- Fold: 1
Testing with 900 pos 1372 neg
Training with 3400 pos 5591 neg
--- Gather features---
--- Train BOW---
--- Make hists---
--- Fit model---
--- Overall training model took 2843.40644097 ---
TP: 680 FP: 167 TN 1205 FN: 220
--- kfold: 1, accuracy: 0.829665492958, exp_mean*coverage: 0.645739628698
----- Fold: 2
Testing with 785 pos 1569 neg
Training with 3515 pos 5394 neg
--- Gather features---
--- Train BOW---
--- Make hists---
--- Fit model---
--- Overall training model took 2900.82483387 ---
TP: 606 FP: 234 TN 1335 FN: 179
--- kfold: 2, accuracy: 0.824553950722, exp_mean*coverage: 0.620803689429
----- Fold: 3
Testing with 889 pos 1174 neg
Training with 3411 pos 5789 neg
--- Gather features---
--- Train BOW---
--- Make hists---
--- Fit model---
--- Overall training model took 2983.65803599 ---
TP: 703 FP: 108 TN 1066 FN: 186
--- kfold: 3, accuracy: 0.857489093553, exp_mean*coverage: 0.708265539236
----- Fold: 4
Testing with 775 pos 1375 neg
Training with 3525 pos 5588 neg
--- Gather features---
--- Train BOW---
--- Make hists---
--- Fit model---
--- Overall training model took 2835.85184503 ---
TP: 505 FP: 232 TN 1143 FN: 270
--- kfold: 4, accuracy: 0.766511627907, exp_mean*coverage: 0.524859954088
----- Overall exp mean: 0.616982577696
----- Overall kfold took 14677.8779211 ---
Got result -0.616983

Job file reloaded.
Completed successfully in 14678.62 seconds. [-0.616983]
setting job 20159 complete
set...
