Running in wrapper mode for '20024'

Running python job.

{u'nfeatures': array([21]), u'bow_size': array([603]), u'svm_gamma': array([ 0.3264823]), u'edgeThreshold': array([ 43.45200568]), u'svm_C': array([ 1.65074983]), u'sigma': array([ 2.80851392]), u'contrastThreshold': array([ 0.001])}
----- Fold: 0
Testing with 951 pos 1473 neg
Training with 3349 pos 5490 neg
--- Gather features---
--- Train BOW---
--- Make hists---
--- Fit model---
/usr/local/lib/python2.7/dist-packages/sklearn/svm/base.py:176: FutureWarning: elementwise comparison failed; returning scalar instead, but in the future will perform elementwise comparison
  (self.gamma == 'auto')):
/usr/local/lib/python2.7/dist-packages/sklearn/svm/base.py:179: FutureWarning: elementwise comparison failed; returning scalar instead, but in the future will perform elementwise comparison
  elif self.gamma == 'auto':
--- Overall training model took 886.129137039 ---
TP: 673 FP: 284 TN 1189 FN: 278
--- kfold: 0, accuracy: 0.768151815182, exp_mean*coverage: 0.530382699077
----- Fold: 1
Testing with 900 pos 1372 neg
Training with 3400 pos 5591 neg
--- Gather features---
--- Train BOW---
--- Make hists---
--- Fit model---
--- Overall training model took 884.366939068 ---
TP: 662 FP: 194 TN 1178 FN: 238
--- kfold: 1, accuracy: 0.80985915493, exp_mean*coverage: 0.608269686116
----- Fold: 2
Testing with 785 pos 1569 neg
Training with 3515 pos 5394 neg
--- Gather features---
--- Train BOW---
--- Make hists---
--- Fit model---
--- Overall training model took 839.784516096 ---
TP: 597 FP: 263 TN 1306 FN: 188
--- kfold: 2, accuracy: 0.808411214953, exp_mean*coverage: 0.590729846644
----- Fold: 3
Testing with 889 pos 1174 neg
Training with 3411 pos 5789 neg
--- Gather features---
--- Train BOW---
--- Make hists---
--- Fit model---
--- Overall training model took 916.661205053 ---
TP: 685 FP: 157 TN 1017 FN: 204
--- kfold: 3, accuracy: 0.825012118274, exp_mean*coverage: 0.639711423221
----- Fold: 4
Testing with 775 pos 1375 neg
Training with 3525 pos 5588 neg
--- Gather features---
--- Train BOW---
--- Make hists---
--- Fit model---
--- Overall training model took 860.747368097 ---
TP: 541 FP: 259 TN 1116 FN: 234
--- kfold: 4, accuracy: 0.770697674419, exp_mean*coverage: 0.530034685409
----- Overall exp mean: 0.579825668093
----- Overall kfold took 4624.93521094 ---
Got result -0.579826

Job file reloaded.
Completed successfully in 4625.16 seconds. [-0.579826]
setting job 20024 complete
set...
