Running in wrapper mode for '20011'

Running python job.

{u'nfeatures': array([10]), u'bow_size': array([2000]), u'svm_gamma': array([ 0.94631389]), u'edgeThreshold': array([ 50.]), u'svm_C': array([ 0.36169297]), u'sigma': array([ 2.59046647]), u'contrastThreshold': array([ 0.04547251])}
----- Fold: 0
Testing with 951 pos 1473 neg
Training with 3349 pos 5490 neg
--- Gather features---
--- Train BOW---
--- Make hists---
--- No histograms for 2790 images ---
--- Fit model---
/usr/local/lib/python2.7/dist-packages/sklearn/svm/base.py:176: FutureWarning: elementwise comparison failed; returning scalar instead, but in the future will perform elementwise comparison
  (self.gamma == 'auto')):
/usr/local/lib/python2.7/dist-packages/sklearn/svm/base.py:179: FutureWarning: elementwise comparison failed; returning scalar instead, but in the future will perform elementwise comparison
  elif self.gamma == 'auto':
--- Overall training model took 484.191771984 ---
--- No histograms for 961 images ---
TP: 480 FP: 100 TN 1373 FN: 471
--- kfold: 0, accuracy: 0.764438943894, exp_mean*coverage: 0.319577271247
----- Fold: 1
Testing with 900 pos 1372 neg
Training with 3400 pos 5591 neg
--- Gather features---
--- Train BOW---
--- Make hists---
--- No histograms for 3044 images ---
--- Fit model---
--- Overall training model took 294.5467031 ---
--- No histograms for 707 images ---
TP: 438 FP: 126 TN 1246 FN: 462
--- kfold: 1, accuracy: 0.741197183099, exp_mean*coverage: 0.339091259007
----- Fold: 2
Testing with 785 pos 1569 neg
Training with 3515 pos 5394 neg
--- Gather features---
--- Train BOW---
--- Make hists---
--- No histograms for 2966 images ---
--- Fit model---
--- Overall training model took 361.336718082 ---
--- No histograms for 785 images ---
TP: 374 FP: 159 TN 1410 FN: 411
--- kfold: 2, accuracy: 0.757858963466, exp_mean*coverage: 0.317037941896
----- Fold: 3
Testing with 889 pos 1174 neg
Training with 3411 pos 5789 neg
--- Gather features---
--- Train BOW---
--- Make hists---
--- No histograms for 3177 images ---
--- Fit model---
--- Overall training model took 345.343209982 ---
--- No histograms for 574 images ---
TP: 453 FP: 78 TN 1096 FN: 436
--- kfold: 3, accuracy: 0.750848279205, exp_mean*coverage: 0.385959824921
----- Fold: 4
Testing with 775 pos 1375 neg
Training with 3525 pos 5588 neg
--- Gather features---
--- Train BOW---
--- Make hists---
--- No histograms for 3027 images ---
--- Fit model---
--- Overall training model took 517.861856937 ---
--- No histograms for 724 images ---
TP: 360 FP: 130 TN 1245 FN: 415
--- kfold: 4, accuracy: 0.746511627907, exp_mean*coverage: 0.313652177918
----- Overall exp mean: 0.335063694998
----- Overall kfold took 2228.09201312 ---
Got result -0.335064

Job file reloaded.
Completed successfully in 2228.37 seconds. [-0.335064]
setting job 20011 complete
set...
