Running in wrapper mode for '20129'

Running python job.

{u'nfeatures': array([78]), u'bow_size': array([583]), u'svm_gamma': array([ 0.4087108]), u'edgeThreshold': array([ 3.]), u'svm_C': array([ 0.57484732]), u'sigma': array([ 2.57769075]), u'contrastThreshold': array([ 0.001])}
----- Fold: 0
Testing with 951 pos 1473 neg
Training with 3349 pos 5490 neg
--- Gather features---
--- Train BOW---
--- Make hists---
--- No histograms for 1 images ---
--- Fit model---
/usr/local/lib/python2.7/dist-packages/sklearn/svm/base.py:176: FutureWarning: elementwise comparison failed; returning scalar instead, but in the future will perform elementwise comparison
  (self.gamma == 'auto')):
/usr/local/lib/python2.7/dist-packages/sklearn/svm/base.py:179: FutureWarning: elementwise comparison failed; returning scalar instead, but in the future will perform elementwise comparison
  elif self.gamma == 'auto':
--- Overall training model took 1455.39919901 ---
--- No histograms for 1 images ---
TP: 739 FP: 375 TN 1098 FN: 212
--- kfold: 0, accuracy: 0.757838283828, exp_mean*coverage: 0.494729751158
----- Fold: 1
Testing with 900 pos 1372 neg
Training with 3400 pos 5591 neg
--- Gather features---
--- Train BOW---
--- Make hists---
--- No histograms for 2 images ---
--- Fit model---
--- Overall training model took 1633.14426708 ---
TP: 698 FP: 272 TN 1100 FN: 202
--- kfold: 1, accuracy: 0.791373239437, exp_mean*coverage: 0.56140617993
----- Fold: 2
Testing with 785 pos 1569 neg
Training with 3515 pos 5394 neg
--- Gather features---
--- Train BOW---
--- Make hists---
--- No histograms for 1 images ---
--- Fit model---
--- Overall training model took 1660.38980985 ---
--- No histograms for 1 images ---
TP: 630 FP: 373 TN 1196 FN: 155
--- kfold: 2, accuracy: 0.775700934579, exp_mean*coverage: 0.527057565067
----- Fold: 3
Testing with 889 pos 1174 neg
Training with 3411 pos 5789 neg
--- Gather features---
--- Train BOW---
--- Make hists---
--- No histograms for 2 images ---
--- Fit model---
--- Overall training model took 1532.73504806 ---
TP: 745 FP: 205 TN 969 FN: 144
--- kfold: 3, accuracy: 0.830828889966, exp_mean*coverage: 0.626020167016
----- Fold: 4
Testing with 775 pos 1375 neg
Training with 3525 pos 5588 neg
--- Gather features---
--- Train BOW---
--- Make hists---
--- No histograms for 2 images ---
--- Fit model---
--- Overall training model took 1568.16204214 ---
TP: 548 FP: 344 TN 1031 FN: 227
--- kfold: 4, accuracy: 0.734418604651, exp_mean*coverage: 0.465888600829
----- Overall exp mean: 0.5350204528
----- Overall kfold took 8118.33817291 ---
Got result -0.535020

Job file reloaded.
Completed successfully in 8118.55 seconds. [-0.535020]
setting job 20129 complete
set...
