Running in wrapper mode for '20178'

Running python job.

{u'nfeatures': array([92]), u'bow_size': array([743]), u'svm_gamma': array([ 1.2691785]), u'edgeThreshold': array([ 44.55102871]), u'svm_C': array([-0.01055594]), u'sigma': array([ 3.21663244]), u'contrastThreshold': array([ 0.01200356])}
----- Fold: 0
Testing with 951 pos 1473 neg
Training with 3349 pos 5490 neg
--- Gather features---
--- Train BOW---
--- Make hists---
--- No histograms for 141 images ---
--- Fit model---
/usr/local/lib/python2.7/dist-packages/sklearn/svm/base.py:176: FutureWarning: elementwise comparison failed; returning scalar instead, but in the future will perform elementwise comparison
  (self.gamma == 'auto')):
/usr/local/lib/python2.7/dist-packages/sklearn/svm/base.py:179: FutureWarning: elementwise comparison failed; returning scalar instead, but in the future will perform elementwise comparison
  elif self.gamma == 'auto':
--- Overall training model took 1551.80974507 ---
--- No histograms for 61 images ---
TP: 700 FP: 204 TN 1269 FN: 251
--- kfold: 0, accuracy: 0.812293729373, exp_mean*coverage: 0.596791020707
----- Fold: 1
Testing with 900 pos 1372 neg
Training with 3400 pos 5591 neg
--- Gather features---
--- Train BOW---
--- Make hists---
--- No histograms for 169 images ---
--- Fit model---
--- Overall training model took 1707.02967119 ---
--- No histograms for 33 images ---
TP: 693 FP: 161 TN 1211 FN: 207
--- kfold: 1, accuracy: 0.838028169014, exp_mean*coverage: 0.65109800706
----- Fold: 2
Testing with 785 pos 1569 neg
Training with 3515 pos 5394 neg
--- Gather features---
--- Train BOW---
--- Make hists---
--- No histograms for 160 images ---
--- Fit model---
--- Overall training model took 1500.845474 ---
--- No histograms for 42 images ---
TP: 588 FP: 250 TN 1319 FN: 197
--- kfold: 2, accuracy: 0.810110450297, exp_mean*coverage: 0.583647143283
----- Fold: 3
Testing with 889 pos 1174 neg
Training with 3411 pos 5789 neg
--- Gather features---
--- Train BOW---
--- Make hists---
--- No histograms for 166 images ---
--- Fit model---
--- Overall training model took 1580.24503303 ---
--- No histograms for 36 images ---
TP: 711 FP: 85 TN 1089 FN: 178
--- kfold: 3, accuracy: 0.872515753757, exp_mean*coverage: 0.728551103808
----- Fold: 4
Testing with 775 pos 1375 neg
Training with 3525 pos 5588 neg
--- Gather features---
--- Train BOW---
--- Make hists---
--- No histograms for 172 images ---
--- Fit model---
--- Overall training model took 1681.60955 ---
--- No histograms for 30 images ---
TP: 487 FP: 194 TN 1181 FN: 288
--- kfold: 4, accuracy: 0.775813953488, exp_mean*coverage: 0.533304740464
----- Overall exp mean: 0.618678403064
----- Overall kfold took 8342.09375501 ---
Got result -0.618678

Job file reloaded.
Completed successfully in 8342.41 seconds. [-0.618678]
setting job 20178 complete
set...
