Running in wrapper mode for '20089'

Running python job.

{u'nfeatures': array([74]), u'bow_size': array([2000]), u'svm_gamma': array([ 0.5585337]), u'edgeThreshold': array([ 33.63398672]), u'svm_C': array([ 3.]), u'sigma': array([ 3.30135372]), u'contrastThreshold': array([ 0.001])}
----- Fold: 0
Testing with 951 pos 1473 neg
Training with 3349 pos 5490 neg
--- Gather features---
--- Train BOW---
--- Make hists---
--- Fit model---
/usr/local/lib/python2.7/dist-packages/sklearn/svm/base.py:176: FutureWarning: elementwise comparison failed; returning scalar instead, but in the future will perform elementwise comparison
  (self.gamma == 'auto')):
/usr/local/lib/python2.7/dist-packages/sklearn/svm/base.py:179: FutureWarning: elementwise comparison failed; returning scalar instead, but in the future will perform elementwise comparison
  elif self.gamma == 'auto':
--- Overall training model took 4833.34256196 ---
TP: 686 FP: 304 TN 1169 FN: 265
--- kfold: 0, accuracy: 0.765264026403, exp_mean*coverage: 0.522309934863
----- Fold: 1
Testing with 900 pos 1372 neg
Training with 3400 pos 5591 neg
--- Gather features---
--- Train BOW---
--- Make hists---
--- Fit model---
--- Overall training model took 4896.32918 ---
TP: 632 FP: 225 TN 1147 FN: 268
--- kfold: 1, accuracy: 0.78301056338, exp_mean*coverage: 0.560689228746
----- Fold: 2
Testing with 785 pos 1569 neg
Training with 3515 pos 5394 neg
--- Gather features---
--- Train BOW---
--- Make hists---
--- Fit model---
--- Overall training model took 4793.02579498 ---
TP: 568 FP: 288 TN 1281 FN: 217
--- kfold: 2, accuracy: 0.785471537808, exp_mean*coverage: 0.550148375633
----- Fold: 3
Testing with 889 pos 1174 neg
Training with 3411 pos 5789 neg
--- Gather features---
--- Train BOW---
--- Make hists---
--- Fit model---
--- Overall training model took 4931.42490482 ---
TP: 656 FP: 166 TN 1008 FN: 233
--- kfold: 3, accuracy: 0.806592341251, exp_mean*coverage: 0.609731062303
----- Fold: 4
Testing with 775 pos 1375 neg
Training with 3525 pos 5588 neg
--- Gather features---
--- Train BOW---
--- Make hists---
--- Fit model---
--- Overall training model took 4838.80338812 ---
TP: 496 FP: 280 TN 1095 FN: 279
--- kfold: 4, accuracy: 0.74, exp_mean*coverage: 0.480374524135
----- Overall exp mean: 0.544650625136
----- Overall kfold took 24841.9262769 ---
Got result -0.544651

Job file reloaded.
Completed successfully in 24843.20 seconds. [-0.544651]
setting job 20089 complete
set...
