Running in wrapper mode for '20291'

Running python job.

{u'nfeatures': array([37]), u'bow_size': array([592]), u'svm_gamma': array([ 0.8430425]), u'edgeThreshold': array([ 50.]), u'svm_C': array([ 1.98465601]), u'sigma': array([ 1.41369955]), u'contrastThreshold': array([ 0.01173588])}
----- Fold: 0
Testing with 951 pos 1473 neg
Training with 3349 pos 5490 neg
--- Gather features---
--- Train BOW---
--- Make hists---
--- No histograms for 56 images ---
--- Fit model---
/usr/local/lib/python2.7/dist-packages/sklearn/svm/base.py:176: FutureWarning: elementwise comparison failed; returning scalar instead, but in the future will perform elementwise comparison
  (self.gamma == 'auto')):
/usr/local/lib/python2.7/dist-packages/sklearn/svm/base.py:179: FutureWarning: elementwise comparison failed; returning scalar instead, but in the future will perform elementwise comparison
  elif self.gamma == 'auto':
--- Overall training model took 1247.51159096 ---
--- No histograms for 36 images ---
TP: 639 FP: 185 TN 1288 FN: 312
--- kfold: 0, accuracy: 0.7949669967, exp_mean*coverage: 0.578082624855
----- Fold: 1
Testing with 900 pos 1372 neg
Training with 3400 pos 5591 neg
--- Gather features---
--- Train BOW---
--- Make hists---
--- No histograms for 79 images ---
--- Fit model---
--- Overall training model took 1315.24893498 ---
--- No histograms for 13 images ---
TP: 619 FP: 151 TN 1221 FN: 281
--- kfold: 1, accuracy: 0.80985915493, exp_mean*coverage: 0.612317575919
----- Fold: 2
Testing with 785 pos 1569 neg
Training with 3515 pos 5394 neg
--- Gather features---
--- Train BOW---
--- Make hists---
--- No histograms for 69 images ---
--- Fit model---
--- Overall training model took 1320.98968601 ---
--- No histograms for 23 images ---
TP: 545 FP: 204 TN 1365 FN: 240
--- kfold: 2, accuracy: 0.811384876805, exp_mean*coverage: 0.590232253187
----- Fold: 3
Testing with 889 pos 1174 neg
Training with 3411 pos 5789 neg
--- Gather features---
--- Train BOW---
--- Make hists---
--- No histograms for 73 images ---
--- Fit model---
--- Overall training model took 1270.1333158 ---
--- No histograms for 19 images ---
TP: 666 FP: 116 TN 1058 FN: 223
--- kfold: 3, accuracy: 0.835676199709, exp_mean*coverage: 0.665030806108
----- Fold: 4
Testing with 775 pos 1375 neg
Training with 3525 pos 5588 neg
--- Gather features---
--- Train BOW---
--- Make hists---
--- No histograms for 91 images ---
--- Fit model---
--- Overall training model took 1150.72325182 ---
--- No histograms for 1 images ---
TP: 518 FP: 216 TN 1159 FN: 257
--- kfold: 4, accuracy: 0.78, exp_mean*coverage: 0.547879801385
----- Overall exp mean: 0.598708612291
----- Overall kfold took 6509.2978611 ---
Got result -0.598709

Job file reloaded.
Completed successfully in 6509.57 seconds. [-0.598709]
setting job 20291 complete
set...
