Running in wrapper mode for '20240'

Running python job.

{u'nfeatures': array([49]), u'bow_size': array([1097]), u'svm_gamma': array([ 1.64091175]), u'edgeThreshold': array([ 50.]), u'svm_C': array([ 0.03372112]), u'sigma': array([ 1.99221967]), u'contrastThreshold': array([ 0.0042369])}
----- Fold: 0
Testing with 951 pos 1473 neg
Training with 3349 pos 5490 neg
--- Gather features---
--- Train BOW---
--- Make hists---
--- No histograms for 3 images ---
--- Fit model---
/usr/local/lib/python2.7/dist-packages/sklearn/svm/base.py:176: FutureWarning: elementwise comparison failed; returning scalar instead, but in the future will perform elementwise comparison
  (self.gamma == 'auto')):
/usr/local/lib/python2.7/dist-packages/sklearn/svm/base.py:179: FutureWarning: elementwise comparison failed; returning scalar instead, but in the future will perform elementwise comparison
  elif self.gamma == 'auto':
--- Overall training model took 3163.64292908 ---
--- No histograms for 1 images ---
TP: 660 FP: 208 TN 1265 FN: 291
--- kfold: 0, accuracy: 0.794141914191, exp_mean*coverage: 0.582300248261
----- Fold: 1
Testing with 900 pos 1372 neg
Training with 3400 pos 5591 neg
--- Gather features---
--- Train BOW---
--- Make hists---
--- No histograms for 4 images ---
--- Fit model---
--- Overall training model took 3164.71273899 ---
TP: 634 FP: 156 TN 1216 FN: 266
--- kfold: 1, accuracy: 0.81426056338, exp_mean*coverage: 0.622513999497
----- Fold: 2
Testing with 785 pos 1569 neg
Training with 3515 pos 5394 neg
--- Gather features---
--- Train BOW---
--- Make hists---
--- No histograms for 4 images ---
--- Fit model---
--- Overall training model took 3086.2899611 ---
TP: 586 FP: 217 TN 1352 FN: 199
--- kfold: 2, accuracy: 0.823279524214, exp_mean*coverage: 0.618927854751
----- Fold: 3
Testing with 889 pos 1174 neg
Training with 3411 pos 5789 neg
--- Gather features---
--- Train BOW---
--- Make hists---
--- No histograms for 1 images ---
--- Fit model---
--- Overall training model took 3248.48344302 ---
--- No histograms for 3 images ---
TP: 701 FP: 125 TN 1049 FN: 188
--- kfold: 3, accuracy: 0.848279205041, exp_mean*coverage: 0.686148502571
----- Fold: 4
Testing with 775 pos 1375 neg
Training with 3525 pos 5588 neg
--- Gather features---
--- Train BOW---
--- Make hists---
--- No histograms for 4 images ---
--- Fit model---
--- Overall training model took 3252.50130081 ---
TP: 538 FP: 217 TN 1158 FN: 237
--- kfold: 4, accuracy: 0.788837209302, exp_mean*coverage: 0.563080758574
----- Overall exp mean: 0.614594272731
----- Overall kfold took 16291.174274 ---
Got result -0.614594

Job file reloaded.
Completed successfully in 16291.41 seconds. [-0.614594]
setting job 20240 complete
set...
