Running in wrapper mode for '20163'

Running python job.

{u'nfeatures': array([59]), u'bow_size': array([968]), u'svm_gamma': array([ 1.47724856]), u'edgeThreshold': array([ 50.]), u'svm_C': array([ 3.]), u'sigma': array([ 2.37535705]), u'contrastThreshold': array([ 0.001])}
----- Fold: 0
Testing with 951 pos 1473 neg
Training with 3349 pos 5490 neg
--- Gather features---
--- Train BOW---
--- Make hists---
--- Fit model---
/usr/local/lib/python2.7/dist-packages/sklearn/svm/base.py:176: FutureWarning: elementwise comparison failed; returning scalar instead, but in the future will perform elementwise comparison
  (self.gamma == 'auto')):
/usr/local/lib/python2.7/dist-packages/sklearn/svm/base.py:179: FutureWarning: elementwise comparison failed; returning scalar instead, but in the future will perform elementwise comparison
  elif self.gamma == 'auto':
--- Overall training model took 3149.06074691 ---
TP: 676 FP: 209 TN 1264 FN: 275
--- kfold: 0, accuracy: 0.800330033003, exp_mean*coverage: 0.592280189525
----- Fold: 1
Testing with 900 pos 1372 neg
Training with 3400 pos 5591 neg
--- Gather features---
--- Train BOW---
--- Make hists---
--- Fit model---
--- Overall training model took 3261.11140013 ---
TP: 611 FP: 138 TN 1234 FN: 289
--- kfold: 1, accuracy: 0.812059859155, exp_mean*coverage: 0.621270682857
----- Fold: 2
Testing with 785 pos 1569 neg
Training with 3515 pos 5394 neg
--- Gather features---
--- Train BOW---
--- Make hists---
--- Fit model---
--- Overall training model took 3057.05946207 ---
TP: 584 FP: 185 TN 1384 FN: 201
--- kfold: 2, accuracy: 0.836023789295, exp_mean*coverage: 0.64313981919
----- Fold: 3
Testing with 889 pos 1174 neg
Training with 3411 pos 5789 neg
--- Gather features---
--- Train BOW---
--- Make hists---
--- Fit model---
--- Overall training model took 3339.45733714 ---
TP: 674 FP: 99 TN 1075 FN: 215
--- kfold: 3, accuracy: 0.847794474067, exp_mean*coverage: 0.696408790672
----- Fold: 4
Testing with 775 pos 1375 neg
Training with 3525 pos 5588 neg
--- Gather features---
--- Train BOW---
--- Make hists---
--- Fit model---
--- Overall training model took 3129.42609906 ---
TP: 501 FP: 196 TN 1179 FN: 274
--- kfold: 4, accuracy: 0.781395348837, exp_mean*coverage: 0.55083490761
----- Overall exp mean: 0.620786877971
----- Overall kfold took 16322.8937209 ---
Got result -0.620787

Job file reloaded.
Completed successfully in 16323.53 seconds. [-0.620787]
setting job 20163 complete
set...
