Running in wrapper mode for '20194'

Running python job.

{u'nfeatures': array([100]), u'bow_size': array([647]), u'svm_gamma': array([ 1.29058802]), u'edgeThreshold': array([ 34.26201398]), u'svm_C': array([ 0.42913302]), u'sigma': array([ 3.90076521]), u'contrastThreshold': array([ 0.00173711])}
----- Fold: 0
Testing with 951 pos 1473 neg
Training with 3349 pos 5490 neg
--- Gather features---
--- Train BOW---
--- Make hists---
--- No histograms for 3 images ---
--- Fit model---
/usr/local/lib/python2.7/dist-packages/sklearn/svm/base.py:176: FutureWarning: elementwise comparison failed; returning scalar instead, but in the future will perform elementwise comparison
  (self.gamma == 'auto')):
/usr/local/lib/python2.7/dist-packages/sklearn/svm/base.py:179: FutureWarning: elementwise comparison failed; returning scalar instead, but in the future will perform elementwise comparison
  elif self.gamma == 'auto':
--- Overall training model took 1451.93645406 ---
TP: 728 FP: 233 TN 1240 FN: 223
--- kfold: 0, accuracy: 0.811881188119, exp_mean*coverage: 0.605475101726
----- Fold: 1
Testing with 900 pos 1372 neg
Training with 3400 pos 5591 neg
--- Gather features---
--- Train BOW---
--- Make hists---
--- No histograms for 3 images ---
--- Fit model---
--- Overall training model took 1644.23427796 ---
TP: 668 FP: 157 TN 1215 FN: 232
--- kfold: 1, accuracy: 0.828785211268, exp_mean*coverage: 0.646456425128
----- Fold: 2
Testing with 785 pos 1569 neg
Training with 3515 pos 5394 neg
--- Gather features---
--- Train BOW---
--- Make hists---
--- No histograms for 1 images ---
--- Fit model---
--- Overall training model took 1645.86518884 ---
--- No histograms for 2 images ---
TP: 605 FP: 258 TN 1311 FN: 180
--- kfold: 2, accuracy: 0.813933729822, exp_mean*coverage: 0.600149856384
----- Fold: 3
Testing with 889 pos 1174 neg
Training with 3411 pos 5789 neg
--- Gather features---
--- Train BOW---
--- Make hists---
--- No histograms for 2 images ---
--- Fit model---
--- Overall training model took 1572.96327519 ---
--- No histograms for 1 images ---
TP: 659 FP: 94 TN 1080 FN: 230
--- kfold: 3, accuracy: 0.842947164324, exp_mean*coverage: 0.6900007705
----- Fold: 4
Testing with 775 pos 1375 neg
Training with 3525 pos 5588 neg
--- Gather features---
--- Train BOW---
--- Make hists---
--- No histograms for 3 images ---
--- Fit model---
--- Overall training model took 1638.87228394 ---
TP: 518 FP: 241 TN 1134 FN: 257
--- kfold: 4, accuracy: 0.768372093023, exp_mean*coverage: 0.527611395041
----- Overall exp mean: 0.613938709756
----- Overall kfold took 8312.96128201 ---
Got result -0.613939

Job file reloaded.
Completed successfully in 8313.60 seconds. [-0.613939]
setting job 20194 complete
set...
