Running in wrapper mode for '20299'

Running python job.

{u'nfeatures': array([71]), u'bow_size': array([452]), u'svm_gamma': array([ 1.68051192]), u'edgeThreshold': array([ 12.00275367]), u'svm_C': array([ 0.08923835]), u'sigma': array([ 1.21968743]), u'contrastThreshold': array([ 0.001])}
----- Fold: 0
Testing with 951 pos 1473 neg
Training with 3349 pos 5490 neg
--- Gather features---
--- Train BOW---
--- Make hists---
--- Fit model---
/usr/local/lib/python2.7/dist-packages/sklearn/svm/base.py:176: FutureWarning: elementwise comparison failed; returning scalar instead, but in the future will perform elementwise comparison
  (self.gamma == 'auto')):
/usr/local/lib/python2.7/dist-packages/sklearn/svm/base.py:179: FutureWarning: elementwise comparison failed; returning scalar instead, but in the future will perform elementwise comparison
  elif self.gamma == 'auto':
--- Overall training model took 1927.22380185 ---
TP: 659 FP: 220 TN 1253 FN: 292
--- kfold: 0, accuracy: 0.788778877888, exp_mean*coverage: 0.57225321398
----- Fold: 1
Testing with 900 pos 1372 neg
Training with 3400 pos 5591 neg
--- Gather features---
--- Train BOW---
--- Make hists---
--- Fit model---
--- Overall training model took 2080.90290403 ---
TP: 658 FP: 210 TN 1162 FN: 242
--- kfold: 1, accuracy: 0.801056338028, exp_mean*coverage: 0.591192025546
----- Fold: 2
Testing with 785 pos 1569 neg
Training with 3515 pos 5394 neg
--- Gather features---
--- Train BOW---
--- Make hists---
--- Fit model---
--- Overall training model took 1919.11262202 ---
TP: 581 FP: 224 TN 1345 FN: 204
--- kfold: 2, accuracy: 0.818181818182, exp_mean*coverage: 0.609401758434
----- Fold: 3
Testing with 889 pos 1174 neg
Training with 3411 pos 5789 neg
--- Gather features---
--- Train BOW---
--- Make hists---
--- Fit model---
--- Overall training model took 2083.42662001 ---
TP: 721 FP: 121 TN 1053 FN: 168
--- kfold: 3, accuracy: 0.859912748425, exp_mean*coverage: 0.706489331041
----- Fold: 4
Testing with 775 pos 1375 neg
Training with 3525 pos 5588 neg
--- Gather features---
--- Train BOW---
--- Make hists---
--- Fit model---
--- Overall training model took 2061.54644799 ---
TP: 559 FP: 233 TN 1142 FN: 216
--- kfold: 4, accuracy: 0.791162790698, exp_mean*coverage: 0.565546786587
----- Overall exp mean: 0.608976623118
----- Overall kfold took 10319.769227 ---
Got result -0.608977

Job file reloaded.
Completed successfully in 10323.13 seconds. [-0.608977]
setting job 20299 complete
set...
