Running in wrapper mode for '20254'

Running python job.

{u'nfeatures': array([40]), u'bow_size': array([825]), u'svm_gamma': array([ 1.72808244]), u'edgeThreshold': array([ 47.09165261]), u'svm_C': array([ 1.63265345]), u'sigma': array([ 1.21089903]), u'contrastThreshold': array([ 0.001])}
----- Fold: 0
Testing with 951 pos 1473 neg
Training with 3349 pos 5490 neg
--- Gather features---
--- Train BOW---
--- Make hists---
--- Fit model---
/usr/local/lib/python2.7/dist-packages/sklearn/svm/base.py:176: FutureWarning: elementwise comparison failed; returning scalar instead, but in the future will perform elementwise comparison
  (self.gamma == 'auto')):
/usr/local/lib/python2.7/dist-packages/sklearn/svm/base.py:179: FutureWarning: elementwise comparison failed; returning scalar instead, but in the future will perform elementwise comparison
  elif self.gamma == 'auto':
--- Overall training model took 2197.06002688 ---
TP: 570 FP: 152 TN 1321 FN: 381
--- kfold: 0, accuracy: 0.780115511551, exp_mean*coverage: 0.562983773819
----- Fold: 1
Testing with 900 pos 1372 neg
Training with 3400 pos 5591 neg
--- Gather features---
--- Train BOW---
--- Make hists---
--- Fit model---
--- Overall training model took 2148.18735409 ---
TP: 590 FP: 139 TN 1233 FN: 310
--- kfold: 1, accuracy: 0.802376760563, exp_mean*coverage: 0.604328137971
----- Fold: 2
Testing with 785 pos 1569 neg
Training with 3515 pos 5394 neg
--- Gather features---
--- Train BOW---
--- Make hists---
--- Fit model---
--- Overall training model took 2131.81311798 ---
TP: 512 FP: 164 TN 1405 FN: 273
--- kfold: 2, accuracy: 0.814358538658, exp_mean*coverage: 0.598265066187
----- Fold: 3
Testing with 889 pos 1174 neg
Training with 3411 pos 5789 neg
--- Gather features---
--- Train BOW---
--- Make hists---
--- Fit model---
--- Overall training model took 2037.24596 ---
TP: 622 FP: 83 TN 1091 FN: 267
--- kfold: 3, accuracy: 0.830344158992, exp_mean*coverage: 0.672884635335
----- Fold: 4
Testing with 775 pos 1375 neg
Training with 3525 pos 5588 neg
--- Gather features---
--- Train BOW---
--- Make hists---
--- Fit model---
--- Overall training model took 2187.21182299 ---
TP: 483 FP: 192 TN 1183 FN: 292
--- kfold: 4, accuracy: 0.77488372093, exp_mean*coverage: 0.539110328735
----- Overall exp mean: 0.595514388409
----- Overall kfold took 10999.317251 ---
Got result -0.595514

Job file reloaded.
Completed successfully in 11003.78 seconds. [-0.595514]
setting job 20254 complete
set...
