Running in wrapper mode for '20209'

Running python job.

{u'nfeatures': array([25]), u'bow_size': array([1052]), u'svm_gamma': array([ 1.05466295]), u'edgeThreshold': array([ 32.82978179]), u'svm_C': array([-0.38318219]), u'sigma': array([ 3.41277317]), u'contrastThreshold': array([ 0.00641044])}
----- Fold: 0
Testing with 951 pos 1473 neg
Training with 3349 pos 5490 neg
--- Gather features---
--- Train BOW---
--- Make hists---
--- No histograms for 29 images ---
--- Fit model---
/usr/local/lib/python2.7/dist-packages/sklearn/svm/base.py:176: FutureWarning: elementwise comparison failed; returning scalar instead, but in the future will perform elementwise comparison
  (self.gamma == 'auto')):
/usr/local/lib/python2.7/dist-packages/sklearn/svm/base.py:179: FutureWarning: elementwise comparison failed; returning scalar instead, but in the future will perform elementwise comparison
  elif self.gamma == 'auto':
--- Overall training model took 1516.59412003 ---
--- No histograms for 7 images ---
TP: 740 FP: 343 TN 1130 FN: 211
--- kfold: 0, accuracy: 0.771452145215, exp_mean*coverage: 0.51947530427
----- Fold: 1
Testing with 900 pos 1372 neg
Training with 3400 pos 5591 neg
--- Gather features---
--- Train BOW---
--- Make hists---
--- No histograms for 26 images ---
--- Fit model---
--- Overall training model took 1442.43021703 ---
--- No histograms for 10 images ---
TP: 717 FP: 194 TN 1178 FN: 183
--- kfold: 1, accuracy: 0.834066901408, exp_mean*coverage: 0.642948698624
----- Fold: 2
Testing with 785 pos 1569 neg
Training with 3515 pos 5394 neg
--- Gather features---
--- Train BOW---
--- Make hists---
--- No histograms for 28 images ---
--- Fit model---
--- Overall training model took 1512.34564614 ---
--- No histograms for 8 images ---
TP: 619 FP: 293 TN 1276 FN: 166
--- kfold: 2, accuracy: 0.805012744265, exp_mean*coverage: 0.580812323308
----- Fold: 3
Testing with 889 pos 1174 neg
Training with 3411 pos 5789 neg
--- Gather features---
--- Train BOW---
--- Make hists---
--- No histograms for 28 images ---
--- Fit model---
--- Overall training model took 1505.03176785 ---
--- No histograms for 8 images ---
TP: 734 FP: 135 TN 1039 FN: 155
--- kfold: 3, accuracy: 0.85942801745, exp_mean*coverage: 0.696732968189
----- Fold: 4
Testing with 775 pos 1375 neg
Training with 3525 pos 5588 neg
--- Gather features---
--- Train BOW---
--- Make hists---
--- No histograms for 33 images ---
--- Fit model---
--- Overall training model took 1687.01673722 ---
--- No histograms for 3 images ---
TP: 537 FP: 264 TN 1111 FN: 238
--- kfold: 4, accuracy: 0.766511627907, exp_mean*coverage: 0.522237319069
----- Overall exp mean: 0.592441322692
----- Overall kfold took 8014.73820305 ---
Got result -0.592441

Job file reloaded.
Completed successfully in 8015.25 seconds. [-0.592441]
setting job 20209 complete
set...
