Running in wrapper mode for '20236'

Running python job.

{u'nfeatures': array([82]), u'bow_size': array([484]), u'svm_gamma': array([ 0.47109063]), u'edgeThreshold': array([ 50.]), u'svm_C': array([ 1.93458846]), u'sigma': array([ 2.09004982]), u'contrastThreshold': array([ 0.00925123])}
----- Fold: 0
Testing with 951 pos 1473 neg
Training with 3349 pos 5490 neg
--- Gather features---
--- Train BOW---
--- Make hists---
--- No histograms for 41 images ---
--- Fit model---
/usr/local/lib/python2.7/dist-packages/sklearn/svm/base.py:176: FutureWarning: elementwise comparison failed; returning scalar instead, but in the future will perform elementwise comparison
  (self.gamma == 'auto')):
/usr/local/lib/python2.7/dist-packages/sklearn/svm/base.py:179: FutureWarning: elementwise comparison failed; returning scalar instead, but in the future will perform elementwise comparison
  elif self.gamma == 'auto':
--- Overall training model took 1854.25385499 ---
--- No histograms for 19 images ---
TP: 707 FP: 251 TN 1222 FN: 244
--- kfold: 0, accuracy: 0.795792079208, exp_mean*coverage: 0.572837500679
----- Fold: 1
Testing with 900 pos 1372 neg
Training with 3400 pos 5591 neg
--- Gather features---
--- Train BOW---
--- Make hists---
--- No histograms for 47 images ---
--- Fit model---
--- Overall training model took 1758.29969096 ---
--- No histograms for 13 images ---
TP: 698 FP: 208 TN 1164 FN: 202
--- kfold: 1, accuracy: 0.819542253521, exp_mean*coverage: 0.6162623127
----- Fold: 2
Testing with 785 pos 1569 neg
Training with 3515 pos 5394 neg
--- Gather features---
--- Train BOW---
--- Make hists---
--- No histograms for 43 images ---
--- Fit model---
--- Overall training model took 1690.65330696 ---
--- No histograms for 17 images ---
TP: 617 FP: 269 TN 1300 FN: 168
--- kfold: 2, accuracy: 0.814358538658, exp_mean*coverage: 0.596313442494
----- Fold: 3
Testing with 889 pos 1174 neg
Training with 3411 pos 5789 neg
--- Gather features---
--- Train BOW---
--- Make hists---
--- No histograms for 49 images ---
--- Fit model---
--- Overall training model took 1833.42395997 ---
--- No histograms for 11 images ---
TP: 751 FP: 163 TN 1011 FN: 138
--- kfold: 3, accuracy: 0.854095976733, exp_mean*coverage: 0.67472548347
----- Fold: 4
Testing with 775 pos 1375 neg
Training with 3525 pos 5588 neg
--- Gather features---
--- Train BOW---
--- Make hists---
--- No histograms for 60 images ---
--- Fit model---
--- Overall training model took 1812.60240698 ---
TP: 563 FP: 253 TN 1122 FN: 212
--- kfold: 4, accuracy: 0.783720930233, exp_mean*coverage: 0.551268017503
----- Overall exp mean: 0.602281351369
----- Overall kfold took 9208.17901397 ---
Got result -0.602281

Job file reloaded.
Completed successfully in 9213.71 seconds. [-0.602281]
setting job 20236 complete
set...
