Running in wrapper mode for '20074'

Running python job.

{u'nfeatures': array([83]), u'bow_size': array([736]), u'svm_gamma': array([ 0.76105534]), u'edgeThreshold': array([ 19.00068707]), u'svm_C': array([ 3.]), u'sigma': array([ 2.77383373]), u'contrastThreshold': array([ 0.001])}
----- Fold: 0
Testing with 951 pos 1473 neg
Training with 3349 pos 5490 neg
--- Gather features---
--- Train BOW---
--- Make hists---
--- Fit model---
/usr/local/lib/python2.7/dist-packages/sklearn/svm/base.py:176: FutureWarning: elementwise comparison failed; returning scalar instead, but in the future will perform elementwise comparison
  (self.gamma == 'auto')):
/usr/local/lib/python2.7/dist-packages/sklearn/svm/base.py:179: FutureWarning: elementwise comparison failed; returning scalar instead, but in the future will perform elementwise comparison
  elif self.gamma == 'auto':
--- Overall training model took 2507.41812181 ---
TP: 683 FP: 228 TN 1245 FN: 268
--- kfold: 0, accuracy: 0.795379537954, exp_mean*coverage: 0.581261687086
----- Fold: 1
Testing with 900 pos 1372 neg
Training with 3400 pos 5591 neg
--- Gather features---
--- Train BOW---
--- Make hists---
--- Fit model---
--- Overall training model took 2476.68112302 ---
TP: 668 FP: 179 TN 1193 FN: 232
--- kfold: 1, accuracy: 0.819102112676, exp_mean*coverage: 0.626111306254
----- Fold: 2
Testing with 785 pos 1569 neg
Training with 3515 pos 5394 neg
--- Gather features---
--- Train BOW---
--- Make hists---
--- Fit model---
--- Overall training model took 2676.96172094 ---
TP: 588 FP: 225 TN 1344 FN: 197
--- kfold: 2, accuracy: 0.820730671198, exp_mean*coverage: 0.614100316167
----- Fold: 3
Testing with 889 pos 1174 neg
Training with 3411 pos 5789 neg
--- Gather features---
--- Train BOW---
--- Make hists---
--- Fit model---
--- Overall training model took 2484.07335401 ---
TP: 672 FP: 119 TN 1055 FN: 217
--- kfold: 3, accuracy: 0.837130392632, exp_mean*coverage: 0.672393132053
----- Fold: 4
Testing with 775 pos 1375 neg
Training with 3525 pos 5588 neg
--- Gather features---
--- Train BOW---
--- Make hists---
--- Fit model---
--- Overall training model took 2368.75160813 ---
TP: 518 FP: 237 TN 1138 FN: 257
--- kfold: 4, accuracy: 0.77023255814, exp_mean*coverage: 0.530872562256
----- Overall exp mean: 0.604947800763
----- Overall kfold took 12876.1469111 ---
Got result -0.604948

Job file reloaded.
Completed successfully in 12884.94 seconds. [-0.604948]
setting job 20074 complete
set...
