Running in wrapper mode for '20211'

Running python job.

{u'nfeatures': array([27]), u'bow_size': array([891]), u'svm_gamma': array([ 1.1023242]), u'edgeThreshold': array([ 50.]), u'svm_C': array([ 3.]), u'sigma': array([ 1.44076179]), u'contrastThreshold': array([ 0.00811911])}
----- Fold: 0
Testing with 951 pos 1473 neg
Training with 3349 pos 5490 neg
--- Gather features---
--- Train BOW---
--- Make hists---
--- No histograms for 21 images ---
--- Fit model---
/usr/local/lib/python2.7/dist-packages/sklearn/svm/base.py:176: FutureWarning: elementwise comparison failed; returning scalar instead, but in the future will perform elementwise comparison
  (self.gamma == 'auto')):
/usr/local/lib/python2.7/dist-packages/sklearn/svm/base.py:179: FutureWarning: elementwise comparison failed; returning scalar instead, but in the future will perform elementwise comparison
  elif self.gamma == 'auto':
--- Overall training model took 1373.77558112 ---
--- No histograms for 16 images ---
TP: 620 FP: 186 TN 1287 FN: 331
--- kfold: 0, accuracy: 0.786716171617, exp_mean*coverage: 0.569101717954
----- Fold: 1
Testing with 900 pos 1372 neg
Training with 3400 pos 5591 neg
--- Gather features---
--- Train BOW---
--- Make hists---
--- No histograms for 32 images ---
--- Fit model---
--- Overall training model took 1638.76132512 ---
--- No histograms for 5 images ---
TP: 602 FP: 165 TN 1207 FN: 298
--- kfold: 1, accuracy: 0.796214788732, exp_mean*coverage: 0.589761892588
----- Fold: 2
Testing with 785 pos 1569 neg
Training with 3515 pos 5394 neg
--- Gather features---
--- Train BOW---
--- Make hists---
--- No histograms for 32 images ---
--- Fit model---
--- Overall training model took 1543.88326001 ---
--- No histograms for 5 images ---
TP: 537 FP: 199 TN 1370 FN: 248
--- kfold: 2, accuracy: 0.810110450297, exp_mean*coverage: 0.592005676797
----- Fold: 3
Testing with 889 pos 1174 neg
Training with 3411 pos 5789 neg
--- Gather features---
--- Train BOW---
--- Make hists---
--- No histograms for 26 images ---
--- Fit model---
--- Overall training model took 1593.48024702 ---
--- No histograms for 11 images ---
TP: 646 FP: 109 TN 1065 FN: 243
--- kfold: 3, accuracy: 0.829374697043, exp_mean*coverage: 0.660113842957
----- Fold: 4
Testing with 775 pos 1375 neg
Training with 3525 pos 5588 neg
--- Gather features---
--- Train BOW---
--- Make hists---
--- No histograms for 37 images ---
--- Fit model---
--- Overall training model took 1651.6109879 ---
TP: 500 FP: 204 TN 1171 FN: 275
--- kfold: 4, accuracy: 0.777209302326, exp_mean*coverage: 0.543495648127
----- Overall exp mean: 0.590895755685
----- Overall kfold took 8046.64909005 ---
Got result -0.590896

Job file reloaded.
Completed successfully in 8050.78 seconds. [-0.590896]
setting job 20211 complete
set...
