Running in wrapper mode for '20059'

Running python job.

{u'nfeatures': array([100]), u'bow_size': array([1090]), u'svm_gamma': array([ 0.27240363]), u'edgeThreshold': array([ 19.46969396]), u'svm_C': array([ 3.]), u'sigma': array([ 2.86355018]), u'contrastThreshold': array([ 0.001])}
----- Fold: 0
Testing with 951 pos 1473 neg
Training with 3349 pos 5490 neg
--- Gather features---
--- Train BOW---
--- Make hists---
--- Fit model---
/usr/local/lib/python2.7/dist-packages/sklearn/svm/base.py:176: FutureWarning: elementwise comparison failed; returning scalar instead, but in the future will perform elementwise comparison
  (self.gamma == 'auto')):
/usr/local/lib/python2.7/dist-packages/sklearn/svm/base.py:179: FutureWarning: elementwise comparison failed; returning scalar instead, but in the future will perform elementwise comparison
  elif self.gamma == 'auto':
--- Overall training model took 3550.46431494 ---
TP: 699 FP: 248 TN 1225 FN: 252
--- kfold: 0, accuracy: 0.793729372937, exp_mean*coverage: 0.574917915613
----- Fold: 1
Testing with 900 pos 1372 neg
Training with 3400 pos 5591 neg
--- Gather features---
--- Train BOW---
--- Make hists---
--- Fit model---
--- Overall training model took 3421.50773907 ---
TP: 652 FP: 190 TN 1182 FN: 248
--- kfold: 1, accuracy: 0.807218309859, exp_mean*coverage: 0.604943345518
----- Fold: 2
Testing with 785 pos 1569 neg
Training with 3515 pos 5394 neg
--- Gather features---
--- Train BOW---
--- Make hists---
--- Fit model---
--- Overall training model took 3721.72204614 ---
TP: 576 FP: 269 TN 1300 FN: 209
--- kfold: 2, accuracy: 0.796941376381, exp_mean*coverage: 0.570460180843
----- Fold: 3
Testing with 889 pos 1174 neg
Training with 3411 pos 5789 neg
--- Gather features---
--- Train BOW---
--- Make hists---
--- Fit model---
--- Overall training model took 3591.14571714 ---
TP: 674 FP: 141 TN 1033 FN: 215
--- kfold: 3, accuracy: 0.827435773146, exp_mean*coverage: 0.649493777625
----- Fold: 4
Testing with 775 pos 1375 neg
Training with 3525 pos 5588 neg
--- Gather features---
--- Train BOW---
--- Make hists---
--- Fit model---
--- Overall training model took 3777.82719111 ---
TP: 534 FP: 255 TN 1120 FN: 241
--- kfold: 4, accuracy: 0.769302325581, exp_mean*coverage: 0.528179430261
----- Overall exp mean: 0.585598929972
----- Overall kfold took 18491.818156 ---
Got result -0.585599

Job file reloaded.
Completed successfully in 18492.07 seconds. [-0.585599]
setting job 20059 complete
set...
