Running in wrapper mode for '20171'

Running python job.

{u'nfeatures': array([54]), u'bow_size': array([1045]), u'svm_gamma': array([ 1.13108723]), u'edgeThreshold': array([ 36.2880993]), u'svm_C': array([ 1.13300477]), u'sigma': array([ 3.49976649]), u'contrastThreshold': array([ 0.01059289])}
----- Fold: 0
Testing with 951 pos 1473 neg
Training with 3349 pos 5490 neg
--- Gather features---
--- Train BOW---
--- Make hists---
--- No histograms for 139 images ---
--- Fit model---
/usr/local/lib/python2.7/dist-packages/sklearn/svm/base.py:176: FutureWarning: elementwise comparison failed; returning scalar instead, but in the future will perform elementwise comparison
  (self.gamma == 'auto')):
/usr/local/lib/python2.7/dist-packages/sklearn/svm/base.py:179: FutureWarning: elementwise comparison failed; returning scalar instead, but in the future will perform elementwise comparison
  elif self.gamma == 'auto':
--- Overall training model took 1687.91253614 ---
--- No histograms for 56 images ---
TP: 665 FP: 191 TN 1282 FN: 286
--- kfold: 0, accuracy: 0.803217821782, exp_mean*coverage: 0.585840195324
----- Fold: 1
Testing with 900 pos 1372 neg
Training with 3400 pos 5591 neg
--- Gather features---
--- Train BOW---
--- Make hists---
--- No histograms for 162 images ---
--- Fit model---
--- Overall training model took 1878.05499983 ---
--- No histograms for 33 images ---
TP: 637 FP: 179 TN 1193 FN: 263
--- kfold: 1, accuracy: 0.805457746479, exp_mean*coverage: 0.595414683052
----- Fold: 2
Testing with 785 pos 1569 neg
Training with 3515 pos 5394 neg
--- Gather features---
--- Train BOW---
--- Make hists---
--- No histograms for 157 images ---
--- Fit model---
--- Overall training model took 1654.98539495 ---
--- No histograms for 38 images ---
TP: 579 FP: 209 TN 1360 FN: 206
--- kfold: 2, accuracy: 0.82370433305, exp_mean*coverage: 0.609735828414
----- Fold: 3
Testing with 889 pos 1174 neg
Training with 3411 pos 5789 neg
--- Gather features---
--- Train BOW---
--- Make hists---
--- No histograms for 157 images ---
--- Fit model---
--- Overall training model took 1945.93239403 ---
--- No histograms for 38 images ---
TP: 644 FP: 86 TN 1088 FN: 245
--- kfold: 3, accuracy: 0.839554047504, exp_mean*coverage: 0.674676023652
----- Fold: 4
Testing with 775 pos 1375 neg
Training with 3525 pos 5588 neg
--- Gather features---
--- Train BOW---
--- Make hists---
--- No histograms for 165 images ---
--- Fit model---
--- Overall training model took 1820.50032592 ---
--- No histograms for 30 images ---
TP: 476 FP: 201 TN 1174 FN: 299
--- kfold: 4, accuracy: 0.767441860465, exp_mean*coverage: 0.518818897502
----- Overall exp mean: 0.596897125589
----- Overall kfold took 9347.04099417 ---
Got result -0.596897

Job file reloaded.
Completed successfully in 9347.27 seconds. [-0.596897]
setting job 20171 complete
set...
