Running in wrapper mode for '20031'

Running python job.

{u'nfeatures': array([82]), u'bow_size': array([759]), u'svm_gamma': array([-0.30579405]), u'edgeThreshold': array([ 41.40249517]), u'svm_C': array([ 3.]), u'sigma': array([ 2.90217827]), u'contrastThreshold': array([ 0.001])}
----- Fold: 0
Testing with 951 pos 1473 neg
Training with 3349 pos 5490 neg
--- Gather features---
--- Train BOW---
--- Make hists---
--- Fit model---
/usr/local/lib/python2.7/dist-packages/sklearn/svm/base.py:176: FutureWarning: elementwise comparison failed; returning scalar instead, but in the future will perform elementwise comparison
  (self.gamma == 'auto')):
/usr/local/lib/python2.7/dist-packages/sklearn/svm/base.py:179: FutureWarning: elementwise comparison failed; returning scalar instead, but in the future will perform elementwise comparison
  elif self.gamma == 'auto':
--- Overall training model took 2353.94817805 ---
TP: 745 FP: 339 TN 1134 FN: 206
--- kfold: 0, accuracy: 0.775165016502, exp_mean*coverage: 0.526865614225
----- Fold: 1
Testing with 900 pos 1372 neg
Training with 3400 pos 5591 neg
--- Gather features---
--- Train BOW---
--- Make hists---
--- Fit model---
--- Overall training model took 2381.76072812 ---
TP: 716 FP: 216 TN 1156 FN: 184
--- kfold: 1, accuracy: 0.823943661972, exp_mean*coverage: 0.624179354008
----- Fold: 2
Testing with 785 pos 1569 neg
Training with 3515 pos 5394 neg
--- Gather features---
--- Train BOW---
--- Make hists---
--- Fit model---
--- Overall training model took 2400.09682798 ---
TP: 627 FP: 318 TN 1251 FN: 158
--- kfold: 2, accuracy: 0.797790994053, exp_mean*coverage: 0.56840586929
----- Fold: 3
Testing with 889 pos 1174 neg
Training with 3411 pos 5789 neg
--- Gather features---
--- Train BOW---
--- Make hists---
--- Fit model---
--- Overall training model took 2521.91858792 ---
TP: 742 FP: 173 TN 1001 FN: 147
--- kfold: 3, accuracy: 0.844886088221, exp_mean*coverage: 0.66064335983
----- Fold: 4
Testing with 775 pos 1375 neg
Training with 3525 pos 5588 neg
--- Gather features---
--- Train BOW---
--- Make hists---
--- Fit model---
--- Overall training model took 2357.30655408 ---
TP: 563 FP: 301 TN 1074 FN: 212
--- kfold: 4, accuracy: 0.761395348837, exp_mean*coverage: 0.510661115818
----- Overall exp mean: 0.578151062634
----- Overall kfold took 12363.485405 ---
Got result -0.578151

Job file reloaded.
Completed successfully in 12364.50 seconds. [-0.578151]
setting job 20031 complete
set...
