Running in wrapper mode for '20100'

Running python job.

{u'nfeatures': array([100]), u'bow_size': array([696]), u'svm_gamma': array([ 2.11483573]), u'edgeThreshold': array([ 18.63891097]), u'svm_C': array([ 3.]), u'sigma': array([ 2.35117538]), u'contrastThreshold': array([ 0.001])}
----- Fold: 0
Testing with 951 pos 1473 neg
Training with 3349 pos 5490 neg
--- Gather features---
--- Train BOW---
--- Make hists---
--- Fit model---
/usr/local/lib/python2.7/dist-packages/sklearn/svm/base.py:176: FutureWarning: elementwise comparison failed; returning scalar instead, but in the future will perform elementwise comparison
  (self.gamma == 'auto')):
/usr/local/lib/python2.7/dist-packages/sklearn/svm/base.py:179: FutureWarning: elementwise comparison failed; returning scalar instead, but in the future will perform elementwise comparison
  elif self.gamma == 'auto':
--- Overall training model took 3120.50037289 ---
TP: 520 FP: 121 TN 1352 FN: 431
--- kfold: 0, accuracy: 0.772277227723, exp_mean*coverage: 0.54729505399
----- Fold: 1
Testing with 900 pos 1372 neg
Training with 3400 pos 5591 neg
--- Gather features---
--- Train BOW---
--- Make hists---
--- Fit model---
--- Overall training model took 3141.32940197 ---
TP: 534 FP: 95 TN 1277 FN: 366
--- kfold: 1, accuracy: 0.797095070423, exp_mean*coverage: 0.596263789671
----- Fold: 2
Testing with 785 pos 1569 neg
Training with 3515 pos 5394 neg
--- Gather features---
--- Train BOW---
--- Make hists---
--- Fit model---
--- Overall training model took 3026.30019021 ---
TP: 484 FP: 144 TN 1425 FN: 301
--- kfold: 2, accuracy: 0.810960067969, exp_mean*coverage: 0.587919195379
----- Fold: 3
Testing with 889 pos 1174 neg
Training with 3411 pos 5789 neg
--- Gather features---
--- Train BOW---
--- Make hists---
--- Fit model---
--- Overall training model took 3099.97406411 ---
TP: 581 FP: 54 TN 1120 FN: 308
--- kfold: 3, accuracy: 0.8245273873, exp_mean*coverage: 0.66937293539
----- Fold: 4
Testing with 775 pos 1375 neg
Training with 3525 pos 5588 neg
--- Gather features---
--- Train BOW---
--- Make hists---
--- Fit model---
--- Overall training model took 2930.34839106 ---
TP: 369 FP: 138 TN 1237 FN: 406
--- kfold: 4, accuracy: 0.746976744186, exp_mean*coverage: 0.476333087901
----- Overall exp mean: 0.575436812466
----- Overall kfold took 15716.404599 ---
Got result -0.575437

Job file reloaded.
Completed successfully in 15716.96 seconds. [-0.575437]
setting job 20100 complete
set...
