Running in wrapper mode for '20235'

Running python job.

{u'nfeatures': array([39]), u'bow_size': array([102]), u'svm_gamma': array([ 1.34533203]), u'edgeThreshold': array([ 44.52465996]), u'svm_C': array([ 3.]), u'sigma': array([ 1.31776499]), u'contrastThreshold': array([ 0.001])}
----- Fold: 0
Testing with 951 pos 1473 neg
Training with 3349 pos 5490 neg
--- Gather features---
--- Train BOW---
--- Make hists---
--- Fit model---
/usr/local/lib/python2.7/dist-packages/sklearn/svm/base.py:176: FutureWarning: elementwise comparison failed; returning scalar instead, but in the future will perform elementwise comparison
  (self.gamma == 'auto')):
/usr/local/lib/python2.7/dist-packages/sklearn/svm/base.py:179: FutureWarning: elementwise comparison failed; returning scalar instead, but in the future will perform elementwise comparison
  elif self.gamma == 'auto':
--- Overall training model took 404.028156996 ---
TP: 622 FP: 230 TN 1243 FN: 329
--- kfold: 0, accuracy: 0.769389438944, exp_mean*coverage: 0.540352380362
----- Fold: 1
Testing with 900 pos 1372 neg
Training with 3400 pos 5591 neg
--- Gather features---
--- Train BOW---
--- Make hists---
--- Fit model---
--- Overall training model took 330.430835962 ---
TP: 607 FP: 194 TN 1178 FN: 293
--- kfold: 1, accuracy: 0.785651408451, exp_mean*coverage: 0.56995976616
----- Fold: 2
Testing with 785 pos 1569 neg
Training with 3515 pos 5394 neg
--- Gather features---
--- Train BOW---
--- Make hists---
--- Fit model---
--- Overall training model took 341.194720984 ---
TP: 530 FP: 234 TN 1335 FN: 255
--- kfold: 2, accuracy: 0.792268479184, exp_mean*coverage: 0.561444359822
----- Fold: 3
Testing with 889 pos 1174 neg
Training with 3411 pos 5789 neg
--- Gather features---
--- Train BOW---
--- Make hists---
--- Fit model---
--- Overall training model took 358.502835989 ---
TP: 631 FP: 137 TN 1037 FN: 258
--- kfold: 3, accuracy: 0.808531265148, exp_mean*coverage: 0.622356676313
----- Fold: 4
Testing with 775 pos 1375 neg
Training with 3525 pos 5588 neg
--- Gather features---
--- Train BOW---
--- Make hists---
--- Fit model---
--- Overall training model took 410.728010893 ---
TP: 498 FP: 223 TN 1152 FN: 277
--- kfold: 4, accuracy: 0.767441860465, exp_mean*coverage: 0.526572102627
----- Overall exp mean: 0.564137057057
----- Overall kfold took 2000.32722688 ---
Got result -0.564137

Job file reloaded.
Completed successfully in 2003.59 seconds. [-0.564137]
setting job 20235 complete
set...
