Running in wrapper mode for '20020'

Running python job.

{u'nfeatures': array([26]), u'bow_size': array([830]), u'svm_gamma': array([ 0.16898348]), u'edgeThreshold': array([ 50.]), u'svm_C': array([ 1.44333858]), u'sigma': array([ 4.10560827]), u'contrastThreshold': array([ 0.00549519])}
----- Fold: 0
Testing with 951 pos 1473 neg
Training with 3349 pos 5490 neg
--- Gather features---
--- Train BOW---
--- Make hists---
--- No histograms for 35 images ---
--- Fit model---
/usr/local/lib/python2.7/dist-packages/sklearn/svm/base.py:176: FutureWarning: elementwise comparison failed; returning scalar instead, but in the future will perform elementwise comparison
  (self.gamma == 'auto')):
/usr/local/lib/python2.7/dist-packages/sklearn/svm/base.py:179: FutureWarning: elementwise comparison failed; returning scalar instead, but in the future will perform elementwise comparison
  elif self.gamma == 'auto':
--- Overall training model took 1037.18358994 ---
--- No histograms for 5 images ---
TP: 736 FP: 327 TN 1146 FN: 215
--- kfold: 0, accuracy: 0.776402640264, exp_mean*coverage: 0.530694393783
----- Fold: 1
Testing with 900 pos 1372 neg
Training with 3400 pos 5591 neg
--- Gather features---
--- Train BOW---
--- Make hists---
--- No histograms for 27 images ---
--- Fit model---
--- Overall training model took 1062.24226403 ---
--- No histograms for 13 images ---
TP: 674 FP: 256 TN 1116 FN: 226
--- kfold: 1, accuracy: 0.787852112676, exp_mean*coverage: 0.557652418258
----- Fold: 2
Testing with 785 pos 1569 neg
Training with 3515 pos 5394 neg
--- Gather features---
--- Train BOW---
--- Make hists---
--- No histograms for 32 images ---
--- Fit model---
--- Overall training model took 1193.99073315 ---
--- No histograms for 8 images ---
TP: 606 FP: 299 TN 1270 FN: 179
--- kfold: 2, accuracy: 0.796941376381, exp_mean*coverage: 0.56694396311
----- Fold: 3
Testing with 889 pos 1174 neg
Training with 3411 pos 5789 neg
--- Gather features---
--- Train BOW---
--- Make hists---
--- No histograms for 32 images ---
--- Fit model---
--- Overall training model took 1208.09711504 ---
--- No histograms for 8 images ---
TP: 693 FP: 173 TN 1001 FN: 196
--- kfold: 3, accuracy: 0.82113427048, exp_mean*coverage: 0.625211085003
----- Fold: 4
Testing with 775 pos 1375 neg
Training with 3525 pos 5588 neg
--- Gather features---
--- Train BOW---
--- Make hists---
--- No histograms for 34 images ---
--- Fit model---
--- Overall training model took 1079.44286394 ---
--- No histograms for 6 images ---
TP: 526 FP: 312 TN 1063 FN: 249
--- kfold: 4, accuracy: 0.739069767442, exp_mean*coverage: 0.475283615927
----- Overall exp mean: 0.551157095216
----- Overall kfold took 5893.158741 ---
Got result -0.551157

Job file reloaded.
Completed successfully in 5893.40 seconds. [-0.551157]
setting job 20020 complete
set...
