Running in wrapper mode for '20120'

Running python job.

{u'nfeatures': array([73]), u'bow_size': array([723]), u'svm_gamma': array([ 1.19600029]), u'edgeThreshold': array([ 48.78751168]), u'svm_C': array([ 2.10101923]), u'sigma': array([ 1.49918047]), u'contrastThreshold': array([ 0.001])}
----- Fold: 0
Testing with 951 pos 1473 neg
Training with 3349 pos 5490 neg
--- Gather features---
--- Train BOW---
--- Make hists---
--- Fit model---
/usr/local/lib/python2.7/dist-packages/sklearn/svm/base.py:176: FutureWarning: elementwise comparison failed; returning scalar instead, but in the future will perform elementwise comparison
  (self.gamma == 'auto')):
/usr/local/lib/python2.7/dist-packages/sklearn/svm/base.py:179: FutureWarning: elementwise comparison failed; returning scalar instead, but in the future will perform elementwise comparison
  elif self.gamma == 'auto':
--- Overall training model took 3358.45879602 ---
TP: 642 FP: 182 TN 1291 FN: 309
--- kfold: 0, accuracy: 0.797442244224, exp_mean*coverage: 0.591264766775
----- Fold: 1
Testing with 900 pos 1372 neg
Training with 3400 pos 5591 neg
--- Gather features---
--- Train BOW---
--- Make hists---
--- Fit model---
--- Overall training model took 3115.71400285 ---
TP: 621 FP: 182 TN 1190 FN: 279
--- kfold: 1, accuracy: 0.797095070423, exp_mean*coverage: 0.590166162806
----- Fold: 2
Testing with 785 pos 1569 neg
Training with 3515 pos 5394 neg
--- Gather features---
--- Train BOW---
--- Make hists---
--- Fit model---
--- Overall training model took 3105.24418116 ---
TP: 543 FP: 216 TN 1353 FN: 242
--- kfold: 2, accuracy: 0.805437553101, exp_mean*coverage: 0.585300132462
----- Fold: 3
Testing with 889 pos 1174 neg
Training with 3411 pos 5789 neg
--- Gather features---
--- Train BOW---
--- Make hists---
--- Fit model---
--- Overall training model took 3340.53260493 ---
TP: 669 FP: 117 TN 1057 FN: 220
--- kfold: 3, accuracy: 0.836645661658, exp_mean*coverage: 0.672365352458
----- Fold: 4
Testing with 775 pos 1375 neg
Training with 3525 pos 5588 neg
--- Gather features---
--- Train BOW---
--- Make hists---
--- Fit model---
--- Overall training model took 3303.04781914 ---
TP: 535 FP: 209 TN 1166 FN: 240
--- kfold: 4, accuracy: 0.791162790698, exp_mean*coverage: 0.567520823206
----- Overall exp mean: 0.601323447542
----- Overall kfold took 16555.6980801 ---
Got result -0.601323

Job file reloaded.
Completed successfully in 16561.08 seconds. [-0.601323]
setting job 20120 complete
set...
