Running in wrapper mode for '20087'

Running python job.

{u'nfeatures': array([73]), u'bow_size': array([1081]), u'svm_gamma': array([ 0.60793464]), u'edgeThreshold': array([ 3.]), u'svm_C': array([-0.21699235]), u'sigma': array([ 1.04364132]), u'contrastThreshold': array([ 0.001])}
----- Fold: 0
Testing with 951 pos 1473 neg
Training with 3349 pos 5490 neg
--- Gather features---
--- Train BOW---
--- Make hists---
--- Fit model---
/usr/local/lib/python2.7/dist-packages/sklearn/svm/base.py:176: FutureWarning: elementwise comparison failed; returning scalar instead, but in the future will perform elementwise comparison
  (self.gamma == 'auto')):
/usr/local/lib/python2.7/dist-packages/sklearn/svm/base.py:179: FutureWarning: elementwise comparison failed; returning scalar instead, but in the future will perform elementwise comparison
  elif self.gamma == 'auto':
--- Overall training model took 4746.46974015 ---
TP: 623 FP: 281 TN 1192 FN: 328
--- kfold: 0, accuracy: 0.748762376238, exp_mean*coverage: 0.502758344234
----- Fold: 1
Testing with 900 pos 1372 neg
Training with 3400 pos 5591 neg
--- Gather features---
--- Train BOW---
--- Make hists---
--- Fit model---
--- Overall training model took 4771.44788194 ---
TP: 646 FP: 227 TN 1145 FN: 254
--- kfold: 1, accuracy: 0.788292253521, exp_mean*coverage: 0.568240800148
----- Fold: 2
Testing with 785 pos 1569 neg
Training with 3515 pos 5394 neg
--- Gather features---
--- Train BOW---
--- Make hists---
--- Fit model---
--- Overall training model took 4739.96754289 ---
TP: 540 FP: 285 TN 1284 FN: 245
--- kfold: 2, accuracy: 0.774851316907, exp_mean*coverage: 0.531853127697
----- Fold: 3
Testing with 889 pos 1174 neg
Training with 3411 pos 5789 neg
--- Gather features---
--- Train BOW---
--- Make hists---
--- Fit model---
--- Overall training model took 5015.08841801 ---
TP: 695 FP: 144 TN 1030 FN: 194
--- kfold: 3, accuracy: 0.836160930683, exp_mean*coverage: 0.66123868929
----- Fold: 4
Testing with 775 pos 1375 neg
Training with 3525 pos 5588 neg
--- Gather features---
--- Train BOW---
--- Make hists---
--- Fit model---
--- Overall training model took 4849.49547982 ---
TP: 542 FP: 299 TN 1076 FN: 233
--- kfold: 4, accuracy: 0.752558139535, exp_mean*coverage: 0.497926156861
----- Overall exp mean: 0.552403423646
----- Overall kfold took 24533.305723 ---
Got result -0.552403

Job file reloaded.
Completed successfully in 24534.47 seconds. [-0.552403]
setting job 20087 complete
set...
