Running in wrapper mode for '20173'

Running python job.

{u'nfeatures': array([73]), u'bow_size': array([575]), u'svm_gamma': array([ 1.10886919]), u'edgeThreshold': array([ 50.]), u'svm_C': array([ 0.15987657]), u'sigma': array([ 2.55187305]), u'contrastThreshold': array([ 0.01180371])}
----- Fold: 0
Testing with 951 pos 1473 neg
Training with 3349 pos 5490 neg
--- Gather features---
--- Train BOW---
--- Make hists---
--- No histograms for 90 images ---
--- Fit model---
/usr/local/lib/python2.7/dist-packages/sklearn/svm/base.py:176: FutureWarning: elementwise comparison failed; returning scalar instead, but in the future will perform elementwise comparison
  (self.gamma == 'auto')):
/usr/local/lib/python2.7/dist-packages/sklearn/svm/base.py:179: FutureWarning: elementwise comparison failed; returning scalar instead, but in the future will perform elementwise comparison
  elif self.gamma == 'auto':
--- Overall training model took 1406.04123497 ---
--- No histograms for 39 images ---
TP: 711 FP: 220 TN 1253 FN: 240
--- kfold: 0, accuracy: 0.810231023102, exp_mean*coverage: 0.596049252943
----- Fold: 1
Testing with 900 pos 1372 neg
Training with 3400 pos 5591 neg
--- Gather features---
--- Train BOW---
--- Make hists---
--- No histograms for 100 images ---
--- Fit model---
--- Overall training model took 1514.62352896 ---
--- No histograms for 29 images ---
TP: 700 FP: 201 TN 1171 FN: 200
--- kfold: 1, accuracy: 0.823503521127, exp_mean*coverage: 0.619679980468
----- Fold: 2
Testing with 785 pos 1569 neg
Training with 3515 pos 5394 neg
--- Gather features---
--- Train BOW---
--- Make hists---
--- No histograms for 102 images ---
--- Fit model---
--- Overall training model took 1454.10892105 ---
--- No histograms for 27 images ---
TP: 616 FP: 250 TN 1319 FN: 169
--- kfold: 2, accuracy: 0.822005097706, exp_mean*coverage: 0.608291092986
----- Fold: 3
Testing with 889 pos 1174 neg
Training with 3411 pos 5789 neg
--- Gather features---
--- Train BOW---
--- Make hists---
--- No histograms for 106 images ---
--- Fit model---
--- Overall training model took 1490.85669303 ---
--- No histograms for 23 images ---
TP: 754 FP: 124 TN 1050 FN: 135
--- kfold: 3, accuracy: 0.874454677654, exp_mean*coverage: 0.718861511819
----- Fold: 4
Testing with 775 pos 1375 neg
Training with 3525 pos 5588 neg
--- Gather features---
--- Train BOW---
--- Make hists---
--- No histograms for 118 images ---
--- Fit model---
--- Overall training model took 1495.81804991 ---
--- No histograms for 11 images ---
TP: 544 FP: 219 TN 1156 FN: 231
--- kfold: 4, accuracy: 0.790697674419, exp_mean*coverage: 0.56317285087
----- Overall exp mean: 0.621210937817
----- Overall kfold took 7632.77370095 ---
Got result -0.621211

Job file reloaded.
Completed successfully in 7633.07 seconds. [-0.621211]
setting job 20173 complete
set...
