Running in wrapper mode for '20102'

Running python job.

{u'nfeatures': array([28]), u'bow_size': array([908]), u'svm_gamma': array([-0.16820976]), u'edgeThreshold': array([ 50.]), u'svm_C': array([-1.54891797]), u'sigma': array([ 1.36628599]), u'contrastThreshold': array([ 0.001])}
----- Fold: 0
Testing with 951 pos 1473 neg
Training with 3349 pos 5490 neg
--- Gather features---
--- Train BOW---
--- Make hists---
--- Fit model---
/usr/local/lib/python2.7/dist-packages/sklearn/svm/base.py:176: FutureWarning: elementwise comparison failed; returning scalar instead, but in the future will perform elementwise comparison
  (self.gamma == 'auto')):
/usr/local/lib/python2.7/dist-packages/sklearn/svm/base.py:179: FutureWarning: elementwise comparison failed; returning scalar instead, but in the future will perform elementwise comparison
  elif self.gamma == 'auto':
--- Overall training model took 1593.25978494 ---
TP: 404 FP: 60 TN 1413 FN: 547
--- kfold: 0, accuracy: 0.749587458746, exp_mean*coverage: 0.489265521779
----- Fold: 1
Testing with 900 pos 1372 neg
Training with 3400 pos 5591 neg
--- Gather features---
--- Train BOW---
--- Make hists---
--- Fit model---
--- Overall training model took 1552.55784607 ---
TP: 893 FP: 1334 TN 38 FN: 7
--- kfold: 1, accuracy: 0.409771126761, exp_mean*coverage: 0.00186942614075
----- Fold: 2
Testing with 785 pos 1569 neg
Training with 3515 pos 5394 neg
--- Gather features---
--- Train BOW---
--- Make hists---
--- Fit model---
--- Overall training model took 1572.45003891 ---
TP: 785 FP: 1548 TN 21 FN: 0
--- kfold: 2, accuracy: 0.342395921835, exp_mean*coverage: 0.000526676104273
----- Fold: 3
Testing with 889 pos 1174 neg
Training with 3411 pos 5789 neg
--- Gather features---
--- Train BOW---
--- Make hists---
--- Fit model---
--- Overall training model took 1727.89147902 ---
TP: 889 FP: 1153 TN 21 FN: 0
--- kfold: 3, accuracy: 0.441105186621, exp_mean*coverage: 0.000874912449206
----- Fold: 4
Testing with 775 pos 1375 neg
Training with 3525 pos 5588 neg
--- Gather features---
--- Train BOW---
--- Make hists---
--- Fit model---
--- Overall training model took 1720.43967891 ---
TP: 288 FP: 60 TN 1315 FN: 487
--- kfold: 4, accuracy: 0.745581395349, exp_mean*coverage: 0.440208510632
----- Overall exp mean: 0.186549009421
----- Overall kfold took 8464.75632596 ---
Got result -0.186549

Job file reloaded.
Completed successfully in 8465.04 seconds. [-0.186549]
setting job 20102 complete
set...
