Running in wrapper mode for '20061'

Running python job.

{u'nfeatures': array([56]), u'bow_size': array([632]), u'svm_gamma': array([ 0.13836173]), u'edgeThreshold': array([ 38.29741878]), u'svm_C': array([ 3.]), u'sigma': array([ 5.]), u'contrastThreshold': array([ 0.001])}
----- Fold: 0
Testing with 951 pos 1473 neg
Training with 3349 pos 5490 neg
--- Gather features---
--- Train BOW---
--- Make hists---
--- No histograms for 16 images ---
--- Fit model---
/usr/local/lib/python2.7/dist-packages/sklearn/svm/base.py:176: FutureWarning: elementwise comparison failed; returning scalar instead, but in the future will perform elementwise comparison
  (self.gamma == 'auto')):
/usr/local/lib/python2.7/dist-packages/sklearn/svm/base.py:179: FutureWarning: elementwise comparison failed; returning scalar instead, but in the future will perform elementwise comparison
  elif self.gamma == 'auto':
--- Overall training model took 1063.90420985 ---
--- No histograms for 3 images ---
TP: 703 FP: 253 TN 1220 FN: 248
--- kfold: 0, accuracy: 0.793316831683, exp_mean*coverage: 0.572556272339
----- Fold: 1
Testing with 900 pos 1372 neg
Training with 3400 pos 5591 neg
--- Gather features---
--- Train BOW---
--- Make hists---
--- No histograms for 17 images ---
--- Fit model---
--- Overall training model took 1001.88269091 ---
--- No histograms for 2 images ---
TP: 615 FP: 193 TN 1179 FN: 285
--- kfold: 1, accuracy: 0.789612676056, exp_mean*coverage: 0.575932317481
----- Fold: 2
Testing with 785 pos 1569 neg
Training with 3515 pos 5394 neg
--- Gather features---
--- Train BOW---
--- Make hists---
--- No histograms for 12 images ---
--- Fit model---
--- Overall training model took 1137.43790984 ---
--- No histograms for 7 images ---
TP: 573 FP: 262 TN 1307 FN: 212
--- kfold: 2, accuracy: 0.798640611725, exp_mean*coverage: 0.57188997288
----- Fold: 3
Testing with 889 pos 1174 neg
Training with 3411 pos 5789 neg
--- Gather features---
--- Train BOW---
--- Make hists---
--- No histograms for 14 images ---
--- Fit model---
--- Overall training model took 1096.61484504 ---
--- No histograms for 5 images ---
TP: 640 FP: 127 TN 1047 FN: 249
--- kfold: 3, accuracy: 0.81774115366, exp_mean*coverage: 0.638105261414
----- Fold: 4
Testing with 775 pos 1375 neg
Training with 3525 pos 5588 neg
--- Gather features---
--- Train BOW---
--- Make hists---
--- No histograms for 17 images ---
--- Fit model---
--- Overall training model took 950.638942003 ---
--- No histograms for 2 images ---
TP: 489 FP: 262 TN 1113 FN: 286
--- kfold: 4, accuracy: 0.74511627907, exp_mean*coverage: 0.488582604592
----- Overall exp mean: 0.569413285741
----- Overall kfold took 5608.89985394 ---
Got result -0.569413

Job file reloaded.
Completed successfully in 5609.31 seconds. [-0.569413]
setting job 20061 complete
set...
