Running in wrapper mode for '20167'

Running python job.

{u'nfeatures': array([61]), u'bow_size': array([1063]), u'svm_gamma': array([ 1.27497783]), u'edgeThreshold': array([ 50.]), u'svm_C': array([ 0.32718882]), u'sigma': array([ 3.13410163]), u'contrastThreshold': array([ 0.001])}
----- Fold: 0
Testing with 951 pos 1473 neg
Training with 3349 pos 5490 neg
--- Gather features---
--- Train BOW---
--- Make hists---
--- Fit model---
/usr/local/lib/python2.7/dist-packages/sklearn/svm/base.py:176: FutureWarning: elementwise comparison failed; returning scalar instead, but in the future will perform elementwise comparison
  (self.gamma == 'auto')):
/usr/local/lib/python2.7/dist-packages/sklearn/svm/base.py:179: FutureWarning: elementwise comparison failed; returning scalar instead, but in the future will perform elementwise comparison
  elif self.gamma == 'auto':
--- Overall training model took 2798.58333206 ---
TP: 721 FP: 288 TN 1185 FN: 230
--- kfold: 0, accuracy: 0.786303630363, exp_mean*coverage: 0.555224174368
----- Fold: 1
Testing with 900 pos 1372 neg
Training with 3400 pos 5591 neg
--- Gather features---
--- Train BOW---
--- Make hists---
--- Fit model---
--- Overall training model took 2629.93829989 ---
TP: 693 FP: 194 TN 1178 FN: 207
--- kfold: 1, accuracy: 0.823503521127, exp_mean*coverage: 0.629509962084
----- Fold: 2
Testing with 785 pos 1569 neg
Training with 3515 pos 5394 neg
--- Gather features---
--- Train BOW---
--- Make hists---
--- Fit model---
--- Overall training model took 2646.14510107 ---
TP: 617 FP: 275 TN 1294 FN: 168
--- kfold: 2, accuracy: 0.811809685641, exp_mean*coverage: 0.595808181802
----- Fold: 3
Testing with 889 pos 1174 neg
Training with 3411 pos 5789 neg
--- Gather features---
--- Train BOW---
--- Make hists---
--- Fit model---
--- Overall training model took 2558.68899488 ---
TP: 697 FP: 129 TN 1045 FN: 192
--- kfold: 3, accuracy: 0.844401357247, exp_mean*coverage: 0.67964574381
----- Fold: 4
Testing with 775 pos 1375 neg
Training with 3525 pos 5588 neg
--- Gather features---
--- Train BOW---
--- Make hists---
--- Fit model---
--- Overall training model took 2998.72572899 ---
TP: 541 FP: 248 TN 1127 FN: 234
--- kfold: 4, accuracy: 0.775813953488, exp_mean*coverage: 0.539211074418
----- Overall exp mean: 0.599879827296
----- Overall kfold took 14032.4075592 ---
Got result -0.599880

Job file reloaded.
Completed successfully in 14032.64 seconds. [-0.599880]
setting job 20167 complete
set...
