Running in wrapper mode for '20189'

Running python job.

{u'nfeatures': array([54]), u'bow_size': array([1041]), u'svm_gamma': array([ 1.78166948]), u'edgeThreshold': array([ 50.]), u'svm_C': array([ 3.]), u'sigma': array([ 2.77776347]), u'contrastThreshold': array([ 0.001])}
----- Fold: 0
Testing with 951 pos 1473 neg
Training with 3349 pos 5490 neg
--- Gather features---
--- Train BOW---
--- Make hists---
--- Fit model---
/usr/local/lib/python2.7/dist-packages/sklearn/svm/base.py:176: FutureWarning: elementwise comparison failed; returning scalar instead, but in the future will perform elementwise comparison
  (self.gamma == 'auto')):
/usr/local/lib/python2.7/dist-packages/sklearn/svm/base.py:179: FutureWarning: elementwise comparison failed; returning scalar instead, but in the future will perform elementwise comparison
  elif self.gamma == 'auto':
--- Overall training model took 2896.0785439 ---
TP: 609 FP: 169 TN 1304 FN: 342
--- kfold: 0, accuracy: 0.789191419142, exp_mean*coverage: 0.578373731145
----- Fold: 1
Testing with 900 pos 1372 neg
Training with 3400 pos 5591 neg
--- Gather features---
--- Train BOW---
--- Make hists---
--- Fit model---
--- Overall training model took 2945.62750888 ---
TP: 606 FP: 122 TN 1250 FN: 294
--- kfold: 1, accuracy: 0.816901408451, exp_mean*coverage: 0.631532076448
----- Fold: 2
Testing with 785 pos 1569 neg
Training with 3515 pos 5394 neg
--- Gather features---
--- Train BOW---
--- Make hists---
--- Fit model---
--- Overall training model took 2801.64325714 ---
TP: 548 FP: 161 TN 1408 FN: 237
--- kfold: 2, accuracy: 0.830926083263, exp_mean*coverage: 0.631899004158
----- Fold: 3
Testing with 889 pos 1174 neg
Training with 3411 pos 5789 neg
--- Gather features---
--- Train BOW---
--- Make hists---
--- Fit model---
--- Overall training model took 2882.23980713 ---
TP: 610 FP: 69 TN 1105 FN: 279
--- kfold: 3, accuracy: 0.83131362094, exp_mean*coverage: 0.678087709053
----- Fold: 4
Testing with 775 pos 1375 neg
Training with 3525 pos 5588 neg
--- Gather features---
--- Train BOW---
--- Make hists---
--- Fit model---
--- Overall training model took 2869.92115903 ---
TP: 442 FP: 172 TN 1203 FN: 333
--- kfold: 4, accuracy: 0.76511627907, exp_mean*coverage: 0.519428232534
----- Overall exp mean: 0.607864150668
----- Overall kfold took 14825.446656 ---
Got result -0.607864

Job file reloaded.
Completed successfully in 14825.78 seconds. [-0.607864]
setting job 20189 complete
set...
