Running in wrapper mode for '20282'

Running python job.

{u'nfeatures': array([59]), u'bow_size': array([1164]), u'svm_gamma': array([ 1.75029587]), u'edgeThreshold': array([ 42.67912174]), u'svm_C': array([ 0.89719052]), u'sigma': array([ 2.35479744]), u'contrastThreshold': array([ 0.001])}
----- Fold: 0
Testing with 951 pos 1473 neg
Training with 3349 pos 5490 neg
--- Gather features---
--- Train BOW---
--- Make hists---
--- Fit model---
/usr/local/lib/python2.7/dist-packages/sklearn/svm/base.py:176: FutureWarning: elementwise comparison failed; returning scalar instead, but in the future will perform elementwise comparison
  (self.gamma == 'auto')):
/usr/local/lib/python2.7/dist-packages/sklearn/svm/base.py:179: FutureWarning: elementwise comparison failed; returning scalar instead, but in the future will perform elementwise comparison
  elif self.gamma == 'auto':
--- Overall training model took 3638.94382596 ---
TP: 632 FP: 177 TN 1296 FN: 319
--- kfold: 0, accuracy: 0.795379537954, exp_mean*coverage: 0.588310184502
----- Fold: 1
Testing with 900 pos 1372 neg
Training with 3400 pos 5591 neg
--- Gather features---
--- Train BOW---
--- Make hists---
--- Fit model---
--- Overall training model took 3425.87277794 ---
TP: 623 FP: 125 TN 1247 FN: 277
--- kfold: 1, accuracy: 0.823063380282, exp_mean*coverage: 0.642067594814
----- Fold: 2
Testing with 785 pos 1569 neg
Training with 3515 pos 5394 neg
--- Gather features---
--- Train BOW---
--- Make hists---
--- Fit model---
--- Overall training model took 3516.43904805 ---
TP: 557 FP: 164 TN 1405 FN: 228
--- kfold: 2, accuracy: 0.833474936279, exp_mean*coverage: 0.637283346983
----- Fold: 3
Testing with 889 pos 1174 neg
Training with 3411 pos 5789 neg
--- Gather features---
--- Train BOW---
--- Make hists---
--- Fit model---
--- Overall training model took 3614.39072013 ---
TP: 646 FP: 69 TN 1105 FN: 243
--- kfold: 3, accuracy: 0.848763936016, exp_mean*coverage: 0.707885285135
----- Fold: 4
Testing with 775 pos 1375 neg
Training with 3525 pos 5588 neg
--- Gather features---
--- Train BOW---
--- Make hists---
--- Fit model---
--- Overall training model took 3676.44219899 ---
TP: 475 FP: 165 TN 1210 FN: 300
--- kfold: 4, accuracy: 0.783720930233, exp_mean*coverage: 0.553845468356
----- Overall exp mean: 0.625878375958
----- Overall kfold took 18319.9163692 ---
Got result -0.625878

Job file reloaded.
Completed successfully in 18320.14 seconds. [-0.625878]
setting job 20282 complete
set...
