Running in wrapper mode for '20325'

Running python job.

{u'nfeatures': array([31]), u'bow_size': array([922]), u'svm_gamma': array([-2.57793594]), u'edgeThreshold': array([ 50.]), u'svm_C': array([ 3.]), u'sigma': array([ 2.06654826]), u'contrastThreshold': array([ 0.01760374])}
----- Fold: 0
Testing with 951 pos 1473 neg
Training with 3349 pos 5490 neg
--- Gather features---
--- Train BOW---
--- Make hists---
--- No histograms for 242 images ---
--- Fit model---
/usr/local/lib/python2.7/dist-packages/sklearn/svm/base.py:176: FutureWarning: elementwise comparison failed; returning scalar instead, but in the future will perform elementwise comparison
  (self.gamma == 'auto')):
/usr/local/lib/python2.7/dist-packages/sklearn/svm/base.py:179: FutureWarning: elementwise comparison failed; returning scalar instead, but in the future will perform elementwise comparison
  elif self.gamma == 'auto':
--- Overall training model took 1378.86384606 ---
--- No histograms for 99 images ---
TP: 722 FP: 316 TN 1157 FN: 229
--- kfold: 0, accuracy: 0.775165016502, exp_mean*coverage: 0.511253652126
----- Fold: 1
Testing with 900 pos 1372 neg
Training with 3400 pos 5591 neg
--- Gather features---
--- Train BOW---
--- Make hists---
--- No histograms for 271 images ---
--- Fit model---
--- Overall training model took 1305.41457415 ---
--- No histograms for 70 images ---
TP: 699 FP: 243 TN 1129 FN: 201
--- kfold: 1, accuracy: 0.804577464789, exp_mean*coverage: 0.570071974191
----- Fold: 2
Testing with 785 pos 1569 neg
Training with 3515 pos 5394 neg
--- Gather features---
--- Train BOW---
--- Make hists---
--- No histograms for 277 images ---
--- Fit model---
--- Overall training model took 1421.66160107 ---
--- No histograms for 64 images ---
TP: 610 FP: 299 TN 1270 FN: 175
--- kfold: 2, accuracy: 0.798640611725, exp_mean*coverage: 0.556148176927
----- Fold: 3
Testing with 889 pos 1174 neg
Training with 3411 pos 5789 neg
--- Gather features---
--- Train BOW---
--- Make hists---
--- No histograms for 284 images ---
--- Fit model---
--- Overall training model took 1412.22413301 ---
--- No histograms for 57 images ---
TP: 735 FP: 194 TN 980 FN: 154
--- kfold: 3, accuracy: 0.83131362094, exp_mean*coverage: 0.614606780455
----- Fold: 4
Testing with 775 pos 1375 neg
Training with 3525 pos 5588 neg
--- Gather features---
--- Train BOW---
--- Make hists---
--- No histograms for 290 images ---
--- Fit model---
--- Overall training model took 1432.21364403 ---
--- No histograms for 51 images ---
TP: 534 FP: 267 TN 1108 FN: 241
--- kfold: 4, accuracy: 0.763720930233, exp_mean*coverage: 0.506020956783
----- Overall exp mean: 0.551620308096
----- Overall kfold took 7183.83518291 ---
Got result -0.551620

Job file reloaded.
Completed successfully in 7190.09 seconds. [-0.551620]
setting job 20325 complete
set...
