Running in wrapper mode for '20172'

Running python job.

{u'nfeatures': array([68]), u'bow_size': array([887]), u'svm_gamma': array([ 1.45096283]), u'edgeThreshold': array([ 42.46544252]), u'svm_C': array([ 0.98726974]), u'sigma': array([ 2.92512493]), u'contrastThreshold': array([ 0.00787355])}
----- Fold: 0
Testing with 951 pos 1473 neg
Training with 3349 pos 5490 neg
--- Gather features---
--- Train BOW---
--- Make hists---
--- No histograms for 46 images ---
--- Fit model---
/usr/local/lib/python2.7/dist-packages/sklearn/svm/base.py:176: FutureWarning: elementwise comparison failed; returning scalar instead, but in the future will perform elementwise comparison
  (self.gamma == 'auto')):
/usr/local/lib/python2.7/dist-packages/sklearn/svm/base.py:179: FutureWarning: elementwise comparison failed; returning scalar instead, but in the future will perform elementwise comparison
  elif self.gamma == 'auto':
--- Overall training model took 2132.21651101 ---
--- No histograms for 18 images ---
TP: 639 FP: 174 TN 1299 FN: 312
--- kfold: 0, accuracy: 0.799504950495, exp_mean*coverage: 0.591172836717
----- Fold: 1
Testing with 900 pos 1372 neg
Training with 3400 pos 5591 neg
--- Gather features---
--- Train BOW---
--- Make hists---
--- No histograms for 49 images ---
--- Fit model---
--- Overall training model took 2271.2376039 ---
--- No histograms for 15 images ---
TP: 629 FP: 111 TN 1261 FN: 271
--- kfold: 1, accuracy: 0.831866197183, exp_mean*coverage: 0.655105190831
----- Fold: 2
Testing with 785 pos 1569 neg
Training with 3515 pos 5394 neg
--- Gather features---
--- Train BOW---
--- Make hists---
--- No histograms for 50 images ---
--- Fit model---
--- Overall training model took 2157.99963522 ---
--- No histograms for 14 images ---
TP: 564 FP: 181 TN 1388 FN: 221
--- kfold: 2, accuracy: 0.829226847918, exp_mean*coverage: 0.625976311534
----- Fold: 3
Testing with 889 pos 1174 neg
Training with 3411 pos 5789 neg
--- Gather features---
--- Train BOW---
--- Make hists---
--- No histograms for 53 images ---
--- Fit model---
--- Overall training model took 2183.97192883 ---
--- No histograms for 11 images ---
TP: 660 FP: 82 TN 1092 FN: 229
--- kfold: 3, accuracy: 0.84924866699, exp_mean*coverage: 0.700858277492
----- Fold: 4
Testing with 775 pos 1375 neg
Training with 3525 pos 5588 neg
--- Gather features---
--- Train BOW---
--- Make hists---
--- No histograms for 58 images ---
--- Fit model---
--- Overall training model took 2268.52874804 ---
--- No histograms for 6 images ---
TP: 484 FP: 190 TN 1185 FN: 291
--- kfold: 4, accuracy: 0.776279069767, exp_mean*coverage: 0.540034439374
----- Overall exp mean: 0.62262941119
----- Overall kfold took 11381.9264929 ---
Got result -0.622629

Job file reloaded.
Completed successfully in 11382.16 seconds. [-0.622629]
setting job 20172 complete
set...
