Running in wrapper mode for '20267'

Running python job.

{u'nfeatures': array([100]), u'bow_size': array([407]), u'svm_gamma': array([ 1.74511219]), u'edgeThreshold': array([ 21.68836168]), u'svm_C': array([ 1.44768253]), u'sigma': array([ 2.14065384]), u'contrastThreshold': array([ 0.001])}
----- Fold: 0
Testing with 951 pos 1473 neg
Training with 3349 pos 5490 neg
--- Gather features---
--- Train BOW---
--- Make hists---
--- Fit model---
/usr/local/lib/python2.7/dist-packages/sklearn/svm/base.py:176: FutureWarning: elementwise comparison failed; returning scalar instead, but in the future will perform elementwise comparison
  (self.gamma == 'auto')):
/usr/local/lib/python2.7/dist-packages/sklearn/svm/base.py:179: FutureWarning: elementwise comparison failed; returning scalar instead, but in the future will perform elementwise comparison
  elif self.gamma == 'auto':
--- Overall training model took 2120.50112987 ---
TP: 639 FP: 199 TN 1274 FN: 312
--- kfold: 0, accuracy: 0.789191419142, exp_mean*coverage: 0.57568106876
----- Fold: 1
Testing with 900 pos 1372 neg
Training with 3400 pos 5591 neg
--- Gather features---
--- Train BOW---
--- Make hists---
--- Fit model---
--- Overall training model took 1847.75030994 ---
TP: 606 FP: 131 TN 1241 FN: 294
--- kfold: 1, accuracy: 0.812940140845, exp_mean*coverage: 0.623596269926
----- Fold: 2
Testing with 785 pos 1569 neg
Training with 3515 pos 5394 neg
--- Gather features---
--- Train BOW---
--- Make hists---
--- Fit model---
--- Overall training model took 2021.15129519 ---
TP: 576 FP: 185 TN 1384 FN: 209
--- kfold: 2, accuracy: 0.832625318607, exp_mean*coverage: 0.636520838841
----- Fold: 3
Testing with 889 pos 1174 neg
Training with 3411 pos 5789 neg
--- Gather features---
--- Train BOW---
--- Make hists---
--- Fit model---
--- Overall training model took 1977.67986393 ---
TP: 659 FP: 96 TN 1078 FN: 230
--- kfold: 3, accuracy: 0.841977702375, exp_mean*coverage: 0.688099753252
----- Fold: 4
Testing with 775 pos 1375 neg
Training with 3525 pos 5588 neg
--- Gather features---
--- Train BOW---
--- Make hists---
--- Fit model---
--- Overall training model took 2029.10963488 ---
TP: 487 FP: 189 TN 1186 FN: 288
--- kfold: 4, accuracy: 0.778139534884, exp_mean*coverage: 0.544865020853
----- Overall exp mean: 0.613752590326
----- Overall kfold took 10313.8783391 ---
Got result -0.613753

Job file reloaded.
Completed successfully in 10316.27 seconds. [-0.613753]
setting job 20267 complete
set...
