Running in wrapper mode for '20072'

Running python job.

{u'nfeatures': array([95]), u'bow_size': array([669]), u'svm_gamma': array([ 0.71330699]), u'edgeThreshold': array([ 26.23705571]), u'svm_C': array([ 3.]), u'sigma': array([ 1.65226981]), u'contrastThreshold': array([ 0.001])}
----- Fold: 0
Testing with 951 pos 1473 neg
Training with 3349 pos 5490 neg
--- Gather features---
--- Train BOW---
--- Make hists---
--- Fit model---
/usr/local/lib/python2.7/dist-packages/sklearn/svm/base.py:176: FutureWarning: elementwise comparison failed; returning scalar instead, but in the future will perform elementwise comparison
  (self.gamma == 'auto')):
/usr/local/lib/python2.7/dist-packages/sklearn/svm/base.py:179: FutureWarning: elementwise comparison failed; returning scalar instead, but in the future will perform elementwise comparison
  elif self.gamma == 'auto':
--- Overall training model took 3548.6566031 ---
TP: 654 FP: 218 TN 1255 FN: 297
--- kfold: 0, accuracy: 0.787541254125, exp_mean*coverage: 0.570584062404
----- Fold: 1
Testing with 900 pos 1372 neg
Training with 3400 pos 5591 neg
--- Gather features---
--- Train BOW---
--- Make hists---
--- Fit model---
--- Overall training model took 3863.74179792 ---
TP: 614 FP: 174 TN 1198 FN: 286
--- kfold: 1, accuracy: 0.797535211268, exp_mean*coverage: 0.592071468125
----- Fold: 2
Testing with 785 pos 1569 neg
Training with 3515 pos 5394 neg
--- Gather features---
--- Train BOW---
--- Make hists---
--- Fit model---
--- Overall training model took 3822.95929694 ---
TP: 564 FP: 226 TN 1343 FN: 221
--- kfold: 2, accuracy: 0.810110450297, exp_mean*coverage: 0.594428955414
----- Fold: 3
Testing with 889 pos 1174 neg
Training with 3411 pos 5789 neg
--- Gather features---
--- Train BOW---
--- Make hists---
--- Fit model---
--- Overall training model took 3938.35101104 ---
TP: 665 FP: 128 TN 1046 FN: 224
--- kfold: 3, accuracy: 0.829374697043, exp_mean*coverage: 0.657205503475
----- Fold: 4
Testing with 775 pos 1375 neg
Training with 3525 pos 5588 neg
--- Gather features---
--- Train BOW---
--- Make hists---
--- Fit model---
--- Overall training model took 3822.40118098 ---
TP: 525 FP: 235 TN 1140 FN: 250
--- kfold: 4, accuracy: 0.774418604651, exp_mean*coverage: 0.537894332923
----- Overall exp mean: 0.590436864468
----- Overall kfold took 19366.4407041 ---
Got result -0.590437

Job file reloaded.
Completed successfully in 19367.61 seconds. [-0.590437]
setting job 20072 complete
set...
