Running in wrapper mode for '20104'

Running python job.

{u'nfeatures': array([65]), u'bow_size': array([951]), u'svm_gamma': array([ 1.46333103]), u'edgeThreshold': array([ 3.]), u'svm_C': array([-0.8060477]), u'sigma': array([ 2.20687018]), u'contrastThreshold': array([ 0.001])}
----- Fold: 0
Testing with 951 pos 1473 neg
Training with 3349 pos 5490 neg
--- Gather features---
--- Train BOW---
--- Make hists---
--- Fit model---
/usr/local/lib/python2.7/dist-packages/sklearn/svm/base.py:176: FutureWarning: elementwise comparison failed; returning scalar instead, but in the future will perform elementwise comparison
  (self.gamma == 'auto')):
/usr/local/lib/python2.7/dist-packages/sklearn/svm/base.py:179: FutureWarning: elementwise comparison failed; returning scalar instead, but in the future will perform elementwise comparison
  elif self.gamma == 'auto':
--- Overall training model took 2662.81171012 ---
TP: 734 FP: 409 TN 1064 FN: 217
--- kfold: 0, accuracy: 0.741749174917, exp_mean*coverage: 0.466046981192
----- Fold: 1
Testing with 900 pos 1372 neg
Training with 3400 pos 5591 neg
--- Gather features---
--- Train BOW---
--- Make hists---
--- Fit model---
--- Overall training model took 2739.03050518 ---
TP: 711 FP: 288 TN 1084 FN: 189
--- kfold: 1, accuracy: 0.790052816901, exp_mean*coverage: 0.554819692642
----- Fold: 2
Testing with 785 pos 1569 neg
Training with 3515 pos 5394 neg
--- Gather features---
--- Train BOW---
--- Make hists---
--- Fit model---
--- Overall training model took 2944.85876513 ---
TP: 633 FP: 415 TN 1154 FN: 152
--- kfold: 2, accuracy: 0.759133389975, exp_mean*coverage: 0.497073435308
----- Fold: 3
Testing with 889 pos 1174 neg
Training with 3411 pos 5789 neg
--- Gather features---
--- Train BOW---
--- Make hists---
--- Fit model---
--- Overall training model took 2827.80410099 ---
TP: 734 FP: 200 TN 974 FN: 155
--- kfold: 3, accuracy: 0.82792050412, exp_mean*coverage: 0.624675868307
----- Fold: 4
Testing with 775 pos 1375 neg
Training with 3525 pos 5588 neg
--- Gather features---
--- Train BOW---
--- Make hists---
--- Fit model---
--- Overall training model took 3070.19492912 ---
TP: 542 FP: 325 TN 1050 FN: 233
--- kfold: 4, accuracy: 0.740465116279, exp_mean*coverage: 0.477061906691
----- Overall exp mean: 0.523935576828
----- Overall kfold took 14602.014607 ---
Got result -0.523936

Job file reloaded.
Completed successfully in 14602.33 seconds. [-0.523936]
setting job 20104 complete
set...
