Running in wrapper mode for '20201'

Running python job.

{u'nfeatures': array([76]), u'bow_size': array([657]), u'svm_gamma': array([ 0.7365376]), u'edgeThreshold': array([ 21.7308154]), u'svm_C': array([ 0.24794408]), u'sigma': array([ 1.45520243]), u'contrastThreshold': array([ 0.01039571])}
----- Fold: 0
Testing with 951 pos 1473 neg
Training with 3349 pos 5490 neg
--- Gather features---
--- Train BOW---
--- Make hists---
--- No histograms for 39 images ---
--- Fit model---
/usr/local/lib/python2.7/dist-packages/sklearn/svm/base.py:176: FutureWarning: elementwise comparison failed; returning scalar instead, but in the future will perform elementwise comparison
  (self.gamma == 'auto')):
/usr/local/lib/python2.7/dist-packages/sklearn/svm/base.py:179: FutureWarning: elementwise comparison failed; returning scalar instead, but in the future will perform elementwise comparison
  elif self.gamma == 'auto':
--- Overall training model took 2621.275769 ---
--- No histograms for 32 images ---
TP: 710 FP: 235 TN 1238 FN: 241
--- kfold: 0, accuracy: 0.803630363036, exp_mean*coverage: 0.584713680192
----- Fold: 1
Testing with 900 pos 1372 neg
Training with 3400 pos 5591 neg
--- Gather features---
--- Train BOW---
--- Make hists---
--- No histograms for 61 images ---
--- Fit model---
--- Overall training model took 2628.16943812 ---
--- No histograms for 10 images ---
TP: 681 FP: 220 TN 1152 FN: 219
--- kfold: 1, accuracy: 0.806778169014, exp_mean*coverage: 0.594887534858
----- Fold: 2
Testing with 785 pos 1569 neg
Training with 3515 pos 5394 neg
--- Gather features---
--- Train BOW---
--- Make hists---
--- No histograms for 59 images ---
--- Fit model---
--- Overall training model took 2485.61925697 ---
--- No histograms for 12 images ---
TP: 593 FP: 230 TN 1339 FN: 192
--- kfold: 2, accuracy: 0.820730671198, exp_mean*coverage: 0.610864754684
----- Fold: 3
Testing with 889 pos 1174 neg
Training with 3411 pos 5789 neg
--- Gather features---
--- Train BOW---
--- Make hists---
--- No histograms for 55 images ---
--- Fit model---
--- Overall training model took 2631.24033499 ---
--- No histograms for 16 images ---
TP: 739 FP: 152 TN 1022 FN: 150
--- kfold: 3, accuracy: 0.853611245759, exp_mean*coverage: 0.677712538693
----- Fold: 4
Testing with 775 pos 1375 neg
Training with 3525 pos 5588 neg
--- Gather features---
--- Train BOW---
--- Make hists---
--- No histograms for 70 images ---
--- Fit model---
--- Overall training model took 2631.77518797 ---
--- No histograms for 1 images ---
TP: 545 FP: 261 TN 1114 FN: 230
--- kfold: 4, accuracy: 0.771627906977, exp_mean*coverage: 0.53105367376
----- Overall exp mean: 0.599846436437
----- Overall kfold took 13268.4817288 ---
Got result -0.599846

Job file reloaded.
Completed successfully in 13269.18 seconds. [-0.599846]
setting job 20201 complete
set...
