Running in wrapper mode for '20287'

Running python job.

{u'nfeatures': array([13]), u'bow_size': array([611]), u'svm_gamma': array([ 1.06184557]), u'edgeThreshold': array([ 50.]), u'svm_C': array([-0.72654419]), u'sigma': array([ 3.12205587]), u'contrastThreshold': array([ 0.01066651])}
----- Fold: 0
Testing with 951 pos 1473 neg
Training with 3349 pos 5490 neg
--- Gather features---
--- Train BOW---
--- Make hists---
--- No histograms for 104 images ---
--- Fit model---
/usr/local/lib/python2.7/dist-packages/sklearn/svm/base.py:176: FutureWarning: elementwise comparison failed; returning scalar instead, but in the future will perform elementwise comparison
  (self.gamma == 'auto')):
/usr/local/lib/python2.7/dist-packages/sklearn/svm/base.py:179: FutureWarning: elementwise comparison failed; returning scalar instead, but in the future will perform elementwise comparison
  elif self.gamma == 'auto':
--- Overall training model took 604.619810104 ---
--- No histograms for 49 images ---
TP: 718 FP: 328 TN 1145 FN: 233
--- kfold: 0, accuracy: 0.768564356436, exp_mean*coverage: 0.510673990025
----- Fold: 1
Testing with 900 pos 1372 neg
Training with 3400 pos 5591 neg
--- Gather features---
--- Train BOW---
--- Make hists---
--- No histograms for 127 images ---
--- Fit model---
--- Overall training model took 594.965875864 ---
--- No histograms for 26 images ---
TP: 708 FP: 218 TN 1154 FN: 192
--- kfold: 1, accuracy: 0.819542253521, exp_mean*coverage: 0.610007193722
----- Fold: 2
Testing with 785 pos 1569 neg
Training with 3515 pos 5394 neg
--- Gather features---
--- Train BOW---
--- Make hists---
--- No histograms for 121 images ---
--- Fit model---
--- Overall training model took 555.558180094 ---
--- No histograms for 32 images ---
TP: 608 FP: 337 TN 1232 FN: 177
--- kfold: 2, accuracy: 0.781648258284, exp_mean*coverage: 0.53340832094
----- Fold: 3
Testing with 889 pos 1174 neg
Training with 3411 pos 5789 neg
--- Gather features---
--- Train BOW---
--- Make hists---
--- No histograms for 129 images ---
--- Fit model---
--- Overall training model took 576.757447004 ---
--- No histograms for 24 images ---
TP: 715 FP: 154 TN 1020 FN: 174
--- kfold: 3, accuracy: 0.841008240427, exp_mean*coverage: 0.656299902014
----- Fold: 4
Testing with 775 pos 1375 neg
Training with 3525 pos 5588 neg
--- Gather features---
--- Train BOW---
--- Make hists---
--- No histograms for 131 images ---
--- Fit model---
--- Overall training model took 548.557208061 ---
--- No histograms for 22 images ---
TP: 526 FP: 282 TN 1093 FN: 249
--- kfold: 4, accuracy: 0.753023255814, exp_mean*coverage: 0.495281101148
----- Overall exp mean: 0.56113410157
----- Overall kfold took 3106.11459398 ---
Got result -0.561134

Job file reloaded.
Completed successfully in 3106.47 seconds. [-0.561134]
setting job 20287 complete
set...
