Running in wrapper mode for '20075'

Running python job.

{u'nfeatures': array([94]), u'bow_size': array([629]), u'svm_gamma': array([ 0.81037354]), u'edgeThreshold': array([ 4.14307906]), u'svm_C': array([ 2.02432561]), u'sigma': array([ 2.98748527]), u'contrastThreshold': array([ 0.001])}
----- Fold: 0
Testing with 951 pos 1473 neg
Training with 3349 pos 5490 neg
--- Gather features---
--- Train BOW---
--- Make hists---
--- No histograms for 1 images ---
--- Fit model---
/usr/local/lib/python2.7/dist-packages/sklearn/svm/base.py:176: FutureWarning: elementwise comparison failed; returning scalar instead, but in the future will perform elementwise comparison
  (self.gamma == 'auto')):
/usr/local/lib/python2.7/dist-packages/sklearn/svm/base.py:179: FutureWarning: elementwise comparison failed; returning scalar instead, but in the future will perform elementwise comparison
  elif self.gamma == 'auto':
--- Overall training model took 1670.74023318 ---
TP: 693 FP: 280 TN 1193 FN: 258
--- kfold: 0, accuracy: 0.778052805281, exp_mean*coverage: 0.545356517491
----- Fold: 1
Testing with 900 pos 1372 neg
Training with 3400 pos 5591 neg
--- Gather features---
--- Train BOW---
--- Make hists---
--- No histograms for 1 images ---
--- Fit model---
--- Overall training model took 1769.41866016 ---
TP: 644 FP: 163 TN 1209 FN: 256
--- kfold: 1, accuracy: 0.815580985915, exp_mean*coverage: 0.623532148503
----- Fold: 2
Testing with 785 pos 1569 neg
Training with 3515 pos 5394 neg
--- Gather features---
--- Train BOW---
--- Make hists---
--- Fit model---
--- Overall training model took 1479.98868895 ---
--- No histograms for 1 images ---
TP: 579 FP: 239 TN 1330 FN: 206
--- kfold: 2, accuracy: 0.810960067969, exp_mean*coverage: 0.595761410865
----- Fold: 3
Testing with 889 pos 1174 neg
Training with 3411 pos 5789 neg
--- Gather features---
--- Train BOW---
--- Make hists---
--- No histograms for 1 images ---
--- Fit model---
--- Overall training model took 1504.94336295 ---
TP: 661 FP: 134 TN 1040 FN: 228
--- kfold: 3, accuracy: 0.8245273873, exp_mean*coverage: 0.647685162402
----- Fold: 4
Testing with 775 pos 1375 neg
Training with 3525 pos 5588 neg
--- Gather features---
--- Train BOW---
--- Make hists---
--- No histograms for 1 images ---
--- Fit model---
--- Overall training model took 1570.73816299 ---
TP: 511 FP: 254 TN 1121 FN: 264
--- kfold: 4, accuracy: 0.759069767442, exp_mean*coverage: 0.511822646932
----- Overall exp mean: 0.584831577239
----- Overall kfold took 8307.39696288 ---
Got result -0.584832

Job file reloaded.
Completed successfully in 8314.41 seconds. [-0.584832]
setting job 20075 complete
set...
