Running in wrapper mode for '20214'

Running python job.

{u'nfeatures': array([69]), u'bow_size': array([492]), u'svm_gamma': array([ 1.69257346]), u'edgeThreshold': array([ 3.]), u'svm_C': array([ 1.7496786]), u'sigma': array([ 1.35793027]), u'contrastThreshold': array([ 0.00203329])}
----- Fold: 0
Testing with 951 pos 1473 neg
Training with 3349 pos 5490 neg
--- Gather features---
--- Train BOW---
--- Make hists---
--- Fit model---
/usr/local/lib/python2.7/dist-packages/sklearn/svm/base.py:176: FutureWarning: elementwise comparison failed; returning scalar instead, but in the future will perform elementwise comparison
  (self.gamma == 'auto')):
/usr/local/lib/python2.7/dist-packages/sklearn/svm/base.py:179: FutureWarning: elementwise comparison failed; returning scalar instead, but in the future will perform elementwise comparison
  elif self.gamma == 'auto':
--- Overall training model took 2195.02728796 ---
TP: 596 FP: 211 TN 1262 FN: 355
--- kfold: 0, accuracy: 0.766501650165, exp_mean*coverage: 0.537400877472
----- Fold: 1
Testing with 900 pos 1372 neg
Training with 3400 pos 5591 neg
--- Gather features---
--- Train BOW---
--- Make hists---
--- Fit model---
--- Overall training model took 2196.25971198 ---
TP: 602 FP: 184 TN 1188 FN: 298
--- kfold: 1, accuracy: 0.787852112676, exp_mean*coverage: 0.574876509034
----- Fold: 2
Testing with 785 pos 1569 neg
Training with 3515 pos 5394 neg
--- Gather features---
--- Train BOW---
--- Make hists---
--- Fit model---
--- Overall training model took 2162.83918905 ---
TP: 528 FP: 223 TN 1346 FN: 257
--- kfold: 2, accuracy: 0.796091758709, exp_mean*coverage: 0.567952352637
----- Fold: 3
Testing with 889 pos 1174 neg
Training with 3411 pos 5789 neg
--- Gather features---
--- Train BOW---
--- Make hists---
--- Fit model---
--- Overall training model took 2241.85094905 ---
TP: 627 FP: 102 TN 1072 FN: 262
--- kfold: 3, accuracy: 0.823557925351, exp_mean*coverage: 0.656441515843
----- Fold: 4
Testing with 775 pos 1375 neg
Training with 3525 pos 5588 neg
--- Gather features---
--- Train BOW---
--- Make hists---
--- Fit model---
--- Overall training model took 1999.80469108 ---
TP: 532 FP: 231 TN 1144 FN: 243
--- kfold: 4, accuracy: 0.779534883721, exp_mean*coverage: 0.546604582548
----- Overall exp mean: 0.576655167507
----- Overall kfold took 11056.1497521 ---
Got result -0.576655

Job file reloaded.
Completed successfully in 11056.38 seconds. [-0.576655]
setting job 20214 complete
set...
