Running in wrapper mode for '20246'

Running python job.

{u'nfeatures': array([43]), u'bow_size': array([1300]), u'svm_gamma': array([ 0.89818651]), u'edgeThreshold': array([ 27.45130684]), u'svm_C': array([ 3.]), u'sigma': array([ 2.92405377]), u'contrastThreshold': array([ 0.001])}
----- Fold: 0
Testing with 951 pos 1473 neg
Training with 3349 pos 5490 neg
--- Gather features---
--- Train BOW---
--- Make hists---
--- Fit model---
/usr/local/lib/python2.7/dist-packages/sklearn/svm/base.py:176: FutureWarning: elementwise comparison failed; returning scalar instead, but in the future will perform elementwise comparison
  (self.gamma == 'auto')):
/usr/local/lib/python2.7/dist-packages/sklearn/svm/base.py:179: FutureWarning: elementwise comparison failed; returning scalar instead, but in the future will perform elementwise comparison
  elif self.gamma == 'auto':
--- Overall training model took 2891.177881 ---
TP: 661 FP: 220 TN 1253 FN: 290
--- kfold: 0, accuracy: 0.789603960396, exp_mean*coverage: 0.573555269511
----- Fold: 1
Testing with 900 pos 1372 neg
Training with 3400 pos 5591 neg
--- Gather features---
--- Train BOW---
--- Make hists---
--- Fit model---
--- Overall training model took 3124.86308718 ---
TP: 645 FP: 157 TN 1215 FN: 255
--- kfold: 1, accuracy: 0.818661971831, exp_mean*coverage: 0.629689853535
----- Fold: 2
Testing with 785 pos 1569 neg
Training with 3515 pos 5394 neg
--- Gather features---
--- Train BOW---
--- Make hists---
--- Fit model---
--- Overall training model took 3000.15008211 ---
TP: 584 FP: 214 TN 1355 FN: 201
--- kfold: 2, accuracy: 0.82370433305, exp_mean*coverage: 0.61974211241
----- Fold: 3
Testing with 889 pos 1174 neg
Training with 3411 pos 5789 neg
--- Gather features---
--- Train BOW---
--- Make hists---
--- Fit model---
--- Overall training model took 2968.75089884 ---
TP: 665 FP: 108 TN 1066 FN: 224
--- kfold: 3, accuracy: 0.839069316529, exp_mean*coverage: 0.679353554205
----- Fold: 4
Testing with 775 pos 1375 neg
Training with 3525 pos 5588 neg
--- Gather features---
--- Train BOW---
--- Make hists---
--- Fit model---
--- Overall training model took 2987.06003594 ---
TP: 523 FP: 251 TN 1124 FN: 252
--- kfold: 4, accuracy: 0.766046511628, exp_mean*coverage: 0.523252500779
----- Overall exp mean: 0.605118658088
----- Overall kfold took 15379.9047132 ---
Got result -0.605119

Job file reloaded.
Completed successfully in 15380.14 seconds. [-0.605119]
setting job 20246 complete
set...
