Running in wrapper mode for '20265'

Running python job.

{u'nfeatures': array([88]), u'bow_size': array([452]), u'svm_gamma': array([ 1.45488722]), u'edgeThreshold': array([ 38.61574201]), u'svm_C': array([ 0.25177802]), u'sigma': array([ 2.40750239]), u'contrastThreshold': array([ 0.0082016])}
----- Fold: 0
Testing with 951 pos 1473 neg
Training with 3349 pos 5490 neg
--- Gather features---
--- Train BOW---
--- Make hists---
--- No histograms for 34 images ---
--- Fit model---
/usr/local/lib/python2.7/dist-packages/sklearn/svm/base.py:176: FutureWarning: elementwise comparison failed; returning scalar instead, but in the future will perform elementwise comparison
  (self.gamma == 'auto')):
/usr/local/lib/python2.7/dist-packages/sklearn/svm/base.py:179: FutureWarning: elementwise comparison failed; returning scalar instead, but in the future will perform elementwise comparison
  elif self.gamma == 'auto':
--- Overall training model took 1476.79583287 ---
--- No histograms for 17 images ---
TP: 684 FP: 209 TN 1264 FN: 267
--- kfold: 0, accuracy: 0.803630363036, exp_mean*coverage: 0.593338782053
----- Fold: 1
Testing with 900 pos 1372 neg
Training with 3400 pos 5591 neg
--- Gather features---
--- Train BOW---
--- Make hists---
--- No histograms for 37 images ---
--- Fit model---
--- Overall training model took 1667.04221892 ---
--- No histograms for 14 images ---
TP: 684 FP: 161 TN 1211 FN: 216
--- kfold: 1, accuracy: 0.834066901408, exp_mean*coverage: 0.650217060446
----- Fold: 2
Testing with 785 pos 1569 neg
Training with 3515 pos 5394 neg
--- Gather features---
--- Train BOW---
--- Make hists---
--- No histograms for 42 images ---
--- Fit model---
--- Overall training model took 1508.31575298 ---
--- No histograms for 9 images ---
TP: 619 FP: 237 TN 1332 FN: 166
--- kfold: 2, accuracy: 0.828802039082, exp_mean*coverage: 0.625884757287
----- Fold: 3
Testing with 889 pos 1174 neg
Training with 3411 pos 5789 neg
--- Gather features---
--- Train BOW---
--- Make hists---
--- No histograms for 42 images ---
--- Fit model---
--- Overall training model took 1622.2220459 ---
--- No histograms for 9 images ---
TP: 727 FP: 115 TN 1059 FN: 162
--- kfold: 3, accuracy: 0.865729520116, exp_mean*coverage: 0.714865699395
----- Fold: 4
Testing with 775 pos 1375 neg
Training with 3525 pos 5588 neg
--- Gather features---
--- Train BOW---
--- Make hists---
--- No histograms for 49 images ---
--- Fit model---
--- Overall training model took 1575.66682196 ---
--- No histograms for 2 images ---
TP: 529 FP: 217 TN 1158 FN: 246
--- kfold: 4, accuracy: 0.784651162791, exp_mean*coverage: 0.555483996467
----- Overall exp mean: 0.62795805913
----- Overall kfold took 8131.331743 ---
Got result -0.627958

Job file reloaded.
Completed successfully in 8131.58 seconds. [-0.627958]
setting job 20265 complete
set...
