Running in wrapper mode for '20281'

Running python job.

{u'nfeatures': array([59]), u'bow_size': array([1405]), u'svm_gamma': array([-1.24400863]), u'edgeThreshold': array([ 50.]), u'svm_C': array([ 3.]), u'sigma': array([ 3.7632879]), u'contrastThreshold': array([ 0.001])}
----- Fold: 0
Testing with 951 pos 1473 neg
Training with 3349 pos 5490 neg
--- Gather features---
--- Train BOW---
--- Make hists---
--- No histograms for 2 images ---
--- Fit model---
/usr/local/lib/python2.7/dist-packages/sklearn/svm/base.py:176: FutureWarning: elementwise comparison failed; returning scalar instead, but in the future will perform elementwise comparison
  (self.gamma == 'auto')):
/usr/local/lib/python2.7/dist-packages/sklearn/svm/base.py:179: FutureWarning: elementwise comparison failed; returning scalar instead, but in the future will perform elementwise comparison
  elif self.gamma == 'auto':
--- Overall training model took 2654.12916207 ---
--- No histograms for 1 images ---
TP: 759 FP: 341 TN 1132 FN: 192
--- kfold: 0, accuracy: 0.780115511551, exp_mean*coverage: 0.532406296334
----- Fold: 1
Testing with 900 pos 1372 neg
Training with 3400 pos 5591 neg
--- Gather features---
--- Train BOW---
--- Make hists---
--- No histograms for 2 images ---
--- Fit model---
--- Overall training model took 2795.12366796 ---
--- No histograms for 1 images ---
TP: 694 FP: 249 TN 1123 FN: 206
--- kfold: 1, accuracy: 0.799735915493, exp_mean*coverage: 0.579350527199
----- Fold: 2
Testing with 785 pos 1569 neg
Training with 3515 pos 5394 neg
--- Gather features---
--- Train BOW---
--- Make hists---
--- No histograms for 2 images ---
--- Fit model---
--- Overall training model took 2896.19820595 ---
--- No histograms for 1 images ---
TP: 601 FP: 340 TN 1229 FN: 184
--- kfold: 2, accuracy: 0.777400169924, exp_mean*coverage: 0.533574079574
----- Fold: 3
Testing with 889 pos 1174 neg
Training with 3411 pos 5789 neg
--- Gather features---
--- Train BOW---
--- Make hists---
--- No histograms for 3 images ---
--- Fit model---
--- Overall training model took 2648.03932619 ---
TP: 696 FP: 198 TN 976 FN: 193
--- kfold: 3, accuracy: 0.810470189045, exp_mean*coverage: 0.602418943763
----- Fold: 4
Testing with 775 pos 1375 neg
Training with 3525 pos 5588 neg
--- Gather features---
--- Train BOW---
--- Make hists---
--- No histograms for 3 images ---
--- Fit model---
--- Overall training model took 2649.77919579 ---
TP: 557 FP: 327 TN 1048 FN: 218
--- kfold: 4, accuracy: 0.746511627907, exp_mean*coverage: 0.485308214435
----- Overall exp mean: 0.546611612261
----- Overall kfold took 14064.7274821 ---
Got result -0.546612

Job file reloaded.
Completed successfully in 14064.96 seconds. [-0.546612]
setting job 20281 complete
set...
