Running in wrapper mode for '20012'

Running python job.

{u'nfeatures': array([13]), u'bow_size': array([1001]), u'svm_gamma': array([ 0.52537066]), u'edgeThreshold': array([ 47.53124691]), u'svm_C': array([ 0.10838495]), u'sigma': array([ 2.19672515]), u'contrastThreshold': array([ 0.01921684])}
----- Fold: 0
Testing with 951 pos 1473 neg
Training with 3349 pos 5490 neg
--- Gather features---
--- Train BOW---
--- Make hists---
--- No histograms for 337 images ---
--- Fit model---
/usr/local/lib/python2.7/dist-packages/sklearn/svm/base.py:176: FutureWarning: elementwise comparison failed; returning scalar instead, but in the future will perform elementwise comparison
  (self.gamma == 'auto')):
/usr/local/lib/python2.7/dist-packages/sklearn/svm/base.py:179: FutureWarning: elementwise comparison failed; returning scalar instead, but in the future will perform elementwise comparison
  elif self.gamma == 'auto':
--- Overall training model took 839.206841946 ---
--- No histograms for 137 images ---
TP: 696 FP: 266 TN 1207 FN: 255
--- kfold: 0, accuracy: 0.785066006601, exp_mean*coverage: 0.526851240324
----- Fold: 1
Testing with 900 pos 1372 neg
Training with 3400 pos 5591 neg
--- Gather features---
--- Train BOW---
--- Make hists---
--- No histograms for 372 images ---
--- Fit model---
--- Overall training model took 785.353016853 ---
--- No histograms for 102 images ---
TP: 684 FP: 253 TN 1119 FN: 216
--- kfold: 1, accuracy: 0.793573943662, exp_mean*coverage: 0.544182482536
----- Fold: 2
Testing with 785 pos 1569 neg
Training with 3515 pos 5394 neg
--- Gather features---
--- Train BOW---
--- Make hists---
--- No histograms for 393 images ---
--- Fit model---
--- Overall training model took 606.121611118 ---
--- No histograms for 81 images ---
TP: 580 FP: 284 TN 1285 FN: 205
--- kfold: 2, accuracy: 0.792268479184, exp_mean*coverage: 0.542565346412
----- Fold: 3
Testing with 889 pos 1174 neg
Training with 3411 pos 5789 neg
--- Gather features---
--- Train BOW---
--- Make hists---
--- No histograms for 402 images ---
--- Fit model---
--- Overall training model took 683.642383099 ---
--- No histograms for 72 images ---
TP: 720 FP: 186 TN 988 FN: 169
--- kfold: 3, accuracy: 0.82792050412, exp_mean*coverage: 0.609257055291
----- Fold: 4
Testing with 775 pos 1375 neg
Training with 3525 pos 5588 neg
--- Gather features---
--- Train BOW---
--- Make hists---
--- No histograms for 392 images ---
--- Fit model---
--- Overall training model took 797.028685093 ---
--- No histograms for 82 images ---
TP: 530 FP: 240 TN 1135 FN: 245
--- kfold: 4, accuracy: 0.774418604651, exp_mean*coverage: 0.517077613497
----- Overall exp mean: 0.547986747612
----- Overall kfold took 3974.86001301 ---
Got result -0.547987

Job file reloaded.
Completed successfully in 3975.76 seconds. [-0.547987]
setting job 20012 complete
set...
