Running in wrapper mode for '20271'

Running python job.

{u'nfeatures': array([100]), u'bow_size': array([1083]), u'svm_gamma': array([-0.3090588]), u'edgeThreshold': array([ 50.]), u'svm_C': array([ 1.48428684]), u'sigma': array([ 2.55312306]), u'contrastThreshold': array([ 0.0169151])}
----- Fold: 0
Testing with 951 pos 1473 neg
Training with 3349 pos 5490 neg
--- Gather features---
--- Train BOW---
--- Make hists---
--- No histograms for 274 images ---
--- Fit model---
/usr/local/lib/python2.7/dist-packages/sklearn/svm/base.py:176: FutureWarning: elementwise comparison failed; returning scalar instead, but in the future will perform elementwise comparison
  (self.gamma == 'auto')):
/usr/local/lib/python2.7/dist-packages/sklearn/svm/base.py:179: FutureWarning: elementwise comparison failed; returning scalar instead, but in the future will perform elementwise comparison
  elif self.gamma == 'auto':
--- Overall training model took 2240.25785089 ---
--- No histograms for 112 images ---
TP: 736 FP: 272 TN 1201 FN: 215
--- kfold: 0, accuracy: 0.799092409241, exp_mean*coverage: 0.550584071837
----- Fold: 1
Testing with 900 pos 1372 neg
Training with 3400 pos 5591 neg
--- Gather features---
--- Train BOW---
--- Make hists---
--- No histograms for 315 images ---
--- Fit model---
--- Overall training model took 2169.3393209 ---
--- No histograms for 71 images ---
TP: 720 FP: 256 TN 1116 FN: 180
--- kfold: 1, accuracy: 0.808098591549, exp_mean*coverage: 0.570915522901
----- Fold: 2
Testing with 785 pos 1569 neg
Training with 3515 pos 5394 neg
--- Gather features---
--- Train BOW---
--- Make hists---
--- No histograms for 317 images ---
--- Fit model---
--- Overall training model took 2318.27105403 ---
--- No histograms for 69 images ---
TP: 621 FP: 309 TN 1260 FN: 164
--- kfold: 2, accuracy: 0.799065420561, exp_mean*coverage: 0.554695325654
----- Fold: 3
Testing with 889 pos 1174 neg
Training with 3411 pos 5789 neg
--- Gather features---
--- Train BOW---
--- Make hists---
--- No histograms for 314 images ---
--- Fit model---
--- Overall training model took 2134.78833795 ---
--- No histograms for 72 images ---
TP: 749 FP: 155 TN 1019 FN: 140
--- kfold: 3, accuracy: 0.857004362579, exp_mean*coverage: 0.662434171029
----- Fold: 4
Testing with 775 pos 1375 neg
Training with 3525 pos 5588 neg
--- Gather features---
--- Train BOW---
--- Make hists---
--- No histograms for 324 images ---
--- Fit model---
--- Overall training model took 2237.76306581 ---
--- No histograms for 62 images ---
TP: 547 FP: 259 TN 1116 FN: 228
--- kfold: 4, accuracy: 0.773488372093, exp_mean*coverage: 0.519025709805
----- Overall exp mean: 0.571530960245
----- Overall kfold took 11407.6693759 ---
Got result -0.571531

Job file reloaded.
Completed successfully in 11409.70 seconds. [-0.571531]
setting job 20271 complete
set...
