Running in wrapper mode for '20086'

Running python job.

{u'nfeatures': array([73]), u'bow_size': array([707]), u'svm_gamma': array([ 0.69408692]), u'edgeThreshold': array([ 8.87822742]), u'svm_C': array([ 2.46468792]), u'sigma': array([ 1.9433993]), u'contrastThreshold': array([ 0.001])}
----- Fold: 0
Testing with 951 pos 1473 neg
Training with 3349 pos 5490 neg
--- Gather features---
--- Train BOW---
--- Make hists---
--- Fit model---
/usr/local/lib/python2.7/dist-packages/sklearn/svm/base.py:176: FutureWarning: elementwise comparison failed; returning scalar instead, but in the future will perform elementwise comparison
  (self.gamma == 'auto')):
/usr/local/lib/python2.7/dist-packages/sklearn/svm/base.py:179: FutureWarning: elementwise comparison failed; returning scalar instead, but in the future will perform elementwise comparison
  elif self.gamma == 'auto':
--- Overall training model took 2962.06637597 ---
TP: 673 FP: 229 TN 1244 FN: 278
--- kfold: 0, accuracy: 0.790841584158, exp_mean*coverage: 0.574059315891
----- Fold: 1
Testing with 900 pos 1372 neg
Training with 3400 pos 5591 neg
--- Gather features---
--- Train BOW---
--- Make hists---
--- Fit model---
--- Overall training model took 2947.20468903 ---
TP: 628 FP: 168 TN 1204 FN: 272
--- kfold: 1, accuracy: 0.806338028169, exp_mean*coverage: 0.60745555504
----- Fold: 2
Testing with 785 pos 1569 neg
Training with 3515 pos 5394 neg
--- Gather features---
--- Train BOW---
--- Make hists---
--- Fit model---
--- Overall training model took 2973.28910208 ---
TP: 550 FP: 220 TN 1349 FN: 235
--- kfold: 2, accuracy: 0.806711979609, exp_mean*coverage: 0.5878960405
----- Fold: 3
Testing with 889 pos 1174 neg
Training with 3411 pos 5789 neg
--- Gather features---
--- Train BOW---
--- Make hists---
--- Fit model---
--- Overall training model took 3151.95185399 ---
TP: 673 FP: 120 TN 1054 FN: 216
--- kfold: 3, accuracy: 0.837130392632, exp_mean*coverage: 0.672027239605
----- Fold: 4
Testing with 775 pos 1375 neg
Training with 3525 pos 5588 neg
--- Gather features---
--- Train BOW---
--- Make hists---
--- Fit model---
--- Overall training model took 2993.65138197 ---
TP: 530 FP: 240 TN 1135 FN: 245
--- kfold: 4, accuracy: 0.774418604651, exp_mean*coverage: 0.537580691015
----- Overall exp mean: 0.59580376841
----- Overall kfold took 15370.3357611 ---
Got result -0.595804

Job file reloaded.
Completed successfully in 15370.56 seconds. [-0.595804]
setting job 20086 complete
set...
