Running in wrapper mode for '20141'

Running python job.

{u'nfeatures': array([100]), u'bow_size': array([630]), u'svm_gamma': array([ 0.53308357]), u'edgeThreshold': array([ 44.21163273]), u'svm_C': array([ 0.83974044]), u'sigma': array([ 1.65326665]), u'contrastThreshold': array([ 0.01093076])}
----- Fold: 0
Testing with 951 pos 1473 neg
Training with 3349 pos 5490 neg
--- Gather features---
--- Train BOW---
--- Make hists---
--- No histograms for 47 images ---
--- Fit model---
/usr/local/lib/python2.7/dist-packages/sklearn/svm/base.py:176: FutureWarning: elementwise comparison failed; returning scalar instead, but in the future will perform elementwise comparison
  (self.gamma == 'auto')):
/usr/local/lib/python2.7/dist-packages/sklearn/svm/base.py:179: FutureWarning: elementwise comparison failed; returning scalar instead, but in the future will perform elementwise comparison
  elif self.gamma == 'auto':
--- Overall training model took 2752.36347914 ---
--- No histograms for 33 images ---
TP: 732 FP: 259 TN 1214 FN: 219
--- kfold: 0, accuracy: 0.802805280528, exp_mean*coverage: 0.577860193315
----- Fold: 1
Testing with 900 pos 1372 neg
Training with 3400 pos 5591 neg
--- Gather features---
--- Train BOW---
--- Make hists---
--- No histograms for 67 images ---
--- Fit model---
--- Overall training model took 2809.11616206 ---
--- No histograms for 13 images ---
TP: 695 FP: 202 TN 1170 FN: 205
--- kfold: 1, accuracy: 0.820862676056, exp_mean*coverage: 0.61982656896
----- Fold: 2
Testing with 785 pos 1569 neg
Training with 3515 pos 5394 neg
--- Gather features---
--- Train BOW---
--- Make hists---
--- No histograms for 61 images ---
--- Fit model---
--- Overall training model took 2795.05155683 ---
--- No histograms for 19 images ---
TP: 601 FP: 255 TN 1314 FN: 184
--- kfold: 2, accuracy: 0.813508920986, exp_mean*coverage: 0.595231321055
----- Fold: 3
Testing with 889 pos 1174 neg
Training with 3411 pos 5789 neg
--- Gather features---
--- Train BOW---
--- Make hists---
--- No histograms for 65 images ---
--- Fit model---
--- Overall training model took 2720.73659015 ---
--- No histograms for 15 images ---
TP: 748 FP: 174 TN 1000 FN: 141
--- kfold: 3, accuracy: 0.847309743093, exp_mean*coverage: 0.658660216254
----- Fold: 4
Testing with 775 pos 1375 neg
Training with 3525 pos 5588 neg
--- Gather features---
--- Train BOW---
--- Make hists---
--- No histograms for 80 images ---
--- Fit model---
--- Overall training model took 2771.16543818 ---
TP: 564 FP: 285 TN 1090 FN: 211
--- kfold: 4, accuracy: 0.769302325581, exp_mean*coverage: 0.524746681415
----- Overall exp mean: 0.5952649962
----- Overall kfold took 14147.635514 ---
Got result -0.595265

Job file reloaded.
Completed successfully in 14150.56 seconds. [-0.595265]
setting job 20141 complete
set...
