Running in wrapper mode for '20055'

Running python job.

{u'nfeatures': array([100]), u'bow_size': array([1755]), u'svm_gamma': array([-0.3473885]), u'edgeThreshold': array([ 9.58731858]), u'svm_C': array([ 3.]), u'sigma': array([ 5.]), u'contrastThreshold': array([ 0.001])}
----- Fold: 0
Testing with 951 pos 1473 neg
Training with 3349 pos 5490 neg
--- Gather features---
--- Train BOW---
--- Make hists---
--- No histograms for 28 images ---
--- Fit model---
/usr/local/lib/python2.7/dist-packages/sklearn/svm/base.py:176: FutureWarning: elementwise comparison failed; returning scalar instead, but in the future will perform elementwise comparison
  (self.gamma == 'auto')):
/usr/local/lib/python2.7/dist-packages/sklearn/svm/base.py:179: FutureWarning: elementwise comparison failed; returning scalar instead, but in the future will perform elementwise comparison
  elif self.gamma == 'auto':
--- Overall training model took 1863.50124502 ---
--- No histograms for 8 images ---
TP: 711 FP: 329 TN 1144 FN: 240
--- kfold: 0, accuracy: 0.765264026403, exp_mean*coverage: 0.51489878037
----- Fold: 1
Testing with 900 pos 1372 neg
Training with 3400 pos 5591 neg
--- Gather features---
--- Train BOW---
--- Make hists---
--- No histograms for 31 images ---
--- Fit model---
--- Overall training model took 2256.07474303 ---
--- No histograms for 5 images ---
TP: 646 FP: 265 TN 1107 FN: 254
--- kfold: 1, accuracy: 0.771566901408, exp_mean*coverage: 0.534471240541
----- Fold: 2
Testing with 785 pos 1569 neg
Training with 3515 pos 5394 neg
--- Gather features---
--- Train BOW---
--- Make hists---
--- No histograms for 25 images ---
--- Fit model---
--- Overall training model took 2271.04705596 ---
--- No histograms for 11 images ---
TP: 571 FP: 326 TN 1243 FN: 214
--- kfold: 2, accuracy: 0.770603228547, exp_mean*coverage: 0.521524832854
----- Fold: 3
Testing with 889 pos 1174 neg
Training with 3411 pos 5789 neg
--- Gather features---
--- Train BOW---
--- Make hists---
--- No histograms for 26 images ---
--- Fit model---
--- Overall training model took 2201.30068398 ---
--- No histograms for 10 images ---
TP: 642 FP: 165 TN 1009 FN: 247
--- kfold: 3, accuracy: 0.800290838585, exp_mean*coverage: 0.598074165599
----- Fold: 4
Testing with 775 pos 1375 neg
Training with 3525 pos 5588 neg
--- Gather features---
--- Train BOW---
--- Make hists---
--- No histograms for 34 images ---
--- Fit model---
--- Overall training model took 2173.29175282 ---
--- No histograms for 2 images ---
TP: 486 FP: 329 TN 1046 FN: 289
--- kfold: 4, accuracy: 0.712558139535, exp_mean*coverage: 0.436262082678
----- Overall exp mean: 0.521046220408
----- Overall kfold took 11219.2857232 ---
Got result -0.521046

Job file reloaded.
Completed successfully in 11219.51 seconds. [-0.521046]
setting job 20055 complete
set...
