Running in wrapper mode for '20050'

Running python job.

{u'nfeatures': array([100]), u'bow_size': array([1639]), u'svm_gamma': array([-0.31363881]), u'edgeThreshold': array([ 50.]), u'svm_C': array([ 3.]), u'sigma': array([ 2.76398214]), u'contrastThreshold': array([ 0.001])}
----- Fold: 0
Testing with 951 pos 1473 neg
Training with 3349 pos 5490 neg
--- Gather features---
--- Train BOW---
--- Make hists---
--- Fit model---
/usr/local/lib/python2.7/dist-packages/sklearn/svm/base.py:176: FutureWarning: elementwise comparison failed; returning scalar instead, but in the future will perform elementwise comparison
  (self.gamma == 'auto')):
/usr/local/lib/python2.7/dist-packages/sklearn/svm/base.py:179: FutureWarning: elementwise comparison failed; returning scalar instead, but in the future will perform elementwise comparison
  elif self.gamma == 'auto':
--- Overall training model took 5429.79244995 ---
TP: 708 FP: 327 TN 1146 FN: 243
--- kfold: 0, accuracy: 0.764851485149, exp_mean*coverage: 0.516544604389
----- Fold: 1
Testing with 900 pos 1372 neg
Training with 3400 pos 5591 neg
--- Gather features---
--- Train BOW---
--- Make hists---
--- Fit model---
--- Overall training model took 5729.40974402 ---
TP: 672 FP: 246 TN 1126 FN: 228
--- kfold: 1, accuracy: 0.791373239437, exp_mean*coverage: 0.568417658406
----- Fold: 2
Testing with 785 pos 1569 neg
Training with 3515 pos 5394 neg
--- Gather features---
--- Train BOW---
--- Make hists---
--- Fit model---
--- Overall training model took 5511.21020985 ---
TP: 593 FP: 334 TN 1235 FN: 192
--- kfold: 2, accuracy: 0.776550552251, exp_mean*coverage: 0.532986000568
----- Fold: 3
Testing with 889 pos 1174 neg
Training with 3411 pos 5789 neg
--- Gather features---
--- Train BOW---
--- Make hists---
--- Fit model---
--- Overall training model took 5762.96473789 ---
TP: 729 FP: 185 TN 989 FN: 160
--- kfold: 3, accuracy: 0.832767813863, exp_mean*coverage: 0.638327663725
----- Fold: 4
Testing with 775 pos 1375 neg
Training with 3525 pos 5588 neg
--- Gather features---
--- Train BOW---
--- Make hists---
--- Fit model---
--- Overall training model took 5862.40349007 ---
TP: 529 FP: 320 TN 1055 FN: 246
--- kfold: 4, accuracy: 0.736744186047, exp_mean*coverage: 0.472364835477
----- Overall exp mean: 0.545728152513
----- Overall kfold took 28815.778914 ---
Got result -0.545728

Job file reloaded.
Completed successfully in 28816.34 seconds. [-0.545728]
setting job 20050 complete
set...
