Running in wrapper mode for '20123'

Running python job.

{u'nfeatures': array([50]), u'bow_size': array([906]), u'svm_gamma': array([ 1.5185977]), u'edgeThreshold': array([ 30.79004265]), u'svm_C': array([ 2.88766058]), u'sigma': array([ 2.05744848]), u'contrastThreshold': array([ 0.001])}
----- Fold: 0
Testing with 951 pos 1473 neg
Training with 3349 pos 5490 neg
--- Gather features---
--- Train BOW---
--- Make hists---
--- Fit model---
/usr/local/lib/python2.7/dist-packages/sklearn/svm/base.py:176: FutureWarning: elementwise comparison failed; returning scalar instead, but in the future will perform elementwise comparison
  (self.gamma == 'auto')):
/usr/local/lib/python2.7/dist-packages/sklearn/svm/base.py:179: FutureWarning: elementwise comparison failed; returning scalar instead, but in the future will perform elementwise comparison
  elif self.gamma == 'auto':
--- Overall training model took 2646.56004286 ---
TP: 647 FP: 175 TN 1298 FN: 304
--- kfold: 0, accuracy: 0.802392739274, exp_mean*coverage: 0.6003696473
----- Fold: 1
Testing with 900 pos 1372 neg
Training with 3400 pos 5591 neg
--- Gather features---
--- Train BOW---
--- Make hists---
--- Fit model---
--- Overall training model took 2789.45316315 ---
TP: 616 FP: 152 TN 1220 FN: 284
--- kfold: 1, accuracy: 0.808098591549, exp_mean*coverage: 0.612722263429
----- Fold: 2
Testing with 785 pos 1569 neg
Training with 3515 pos 5394 neg
--- Gather features---
--- Train BOW---
--- Make hists---
--- Fit model---
--- Overall training model took 2879.18015099 ---
TP: 567 FP: 157 TN 1412 FN: 218
--- kfold: 2, accuracy: 0.840696686491, exp_mean*coverage: 0.651486798259
----- Fold: 3
Testing with 889 pos 1174 neg
Training with 3411 pos 5789 neg
--- Gather features---
--- Train BOW---
--- Make hists---
--- Fit model---
--- Overall training model took 2891.79150414 ---
TP: 655 FP: 108 TN 1066 FN: 234
--- kfold: 3, accuracy: 0.834222006786, exp_mean*coverage: 0.671677178971
----- Fold: 4
Testing with 775 pos 1375 neg
Training with 3525 pos 5588 neg
--- Gather features---
--- Train BOW---
--- Make hists---
--- Fit model---
--- Overall training model took 2692.130054 ---
TP: 509 FP: 189 TN 1186 FN: 266
--- kfold: 4, accuracy: 0.788372093023, exp_mean*coverage: 0.563223210562
----- Overall exp mean: 0.619895819704
----- Overall kfold took 14243.2215321 ---
Got result -0.619896

Job file reloaded.
Completed successfully in 14243.86 seconds. [-0.619896]
setting job 20123 complete
set...
