Running in wrapper mode for '20183'

Running python job.

{u'nfeatures': array([70]), u'bow_size': array([569]), u'svm_gamma': array([ 0.95852683]), u'edgeThreshold': array([ 36.39744227]), u'svm_C': array([ 2.13713859]), u'sigma': array([ 1.62244251]), u'contrastThreshold': array([ 0.01224073])}
----- Fold: 0
Testing with 951 pos 1473 neg
Training with 3349 pos 5490 neg
--- Gather features---
--- Train BOW---
--- Make hists---
--- No histograms for 69 images ---
--- Fit model---
/usr/local/lib/python2.7/dist-packages/sklearn/svm/base.py:176: FutureWarning: elementwise comparison failed; returning scalar instead, but in the future will perform elementwise comparison
  (self.gamma == 'auto')):
/usr/local/lib/python2.7/dist-packages/sklearn/svm/base.py:179: FutureWarning: elementwise comparison failed; returning scalar instead, but in the future will perform elementwise comparison
  elif self.gamma == 'auto':
--- Overall training model took 1852.7034471 ---
--- No histograms for 36 images ---
TP: 648 FP: 193 TN 1280 FN: 303
--- kfold: 0, accuracy: 0.795379537954, exp_mean*coverage: 0.577843474971
----- Fold: 1
Testing with 900 pos 1372 neg
Training with 3400 pos 5591 neg
--- Gather features---
--- Train BOW---
--- Make hists---
--- No histograms for 86 images ---
--- Fit model---
--- Overall training model took 2001.82989693 ---
--- No histograms for 19 images ---
TP: 641 FP: 169 TN 1203 FN: 259
--- kfold: 1, accuracy: 0.81161971831, exp_mean*coverage: 0.610814949441
----- Fold: 2
Testing with 785 pos 1569 neg
Training with 3515 pos 5394 neg
--- Gather features---
--- Train BOW---
--- Make hists---
--- No histograms for 78 images ---
--- Fit model---
--- Overall training model took 1932.84704018 ---
--- No histograms for 27 images ---
TP: 568 FP: 202 TN 1367 FN: 217
--- kfold: 2, accuracy: 0.822005097706, exp_mean*coverage: 0.609331574682
----- Fold: 3
Testing with 889 pos 1174 neg
Training with 3411 pos 5789 neg
--- Gather features---
--- Train BOW---
--- Make hists---
--- No histograms for 88 images ---
--- Fit model---
--- Overall training model took 1834.19730806 ---
--- No histograms for 17 images ---
TP: 701 FP: 122 TN 1052 FN: 188
--- kfold: 3, accuracy: 0.849733397964, exp_mean*coverage: 0.684899689364
----- Fold: 4
Testing with 775 pos 1375 neg
Training with 3525 pos 5588 neg
--- Gather features---
--- Train BOW---
--- Make hists---
--- No histograms for 99 images ---
--- Fit model---
--- Overall training model took 1834.15910697 ---
--- No histograms for 6 images ---
TP: 525 FP: 235 TN 1140 FN: 250
--- kfold: 4, accuracy: 0.774418604651, exp_mean*coverage: 0.536393232459
----- Overall exp mean: 0.603856584183
----- Overall kfold took 9703.70810318 ---
Got result -0.603857

Job file reloaded.
Completed successfully in 9703.97 seconds. [-0.603857]
setting job 20183 complete
set...
