Running in wrapper mode for '20241'

Running python job.

{u'nfeatures': array([100]), u'bow_size': array([700]), u'svm_gamma': array([ 1.20790609]), u'edgeThreshold': array([ 31.28983451]), u'svm_C': array([ 0.37497518]), u'sigma': array([ 2.54165384]), u'contrastThreshold': array([ 0.01396197])}
----- Fold: 0
Testing with 951 pos 1473 neg
Training with 3349 pos 5490 neg
--- Gather features---
--- Train BOW---
--- Make hists---
--- No histograms for 155 images ---
--- Fit model---
/usr/local/lib/python2.7/dist-packages/sklearn/svm/base.py:176: FutureWarning: elementwise comparison failed; returning scalar instead, but in the future will perform elementwise comparison
  (self.gamma == 'auto')):
/usr/local/lib/python2.7/dist-packages/sklearn/svm/base.py:179: FutureWarning: elementwise comparison failed; returning scalar instead, but in the future will perform elementwise comparison
  elif self.gamma == 'auto':
--- Overall training model took 1947.51743507 ---
--- No histograms for 63 images ---
TP: 684 FP: 195 TN 1278 FN: 267
--- kfold: 0, accuracy: 0.809405940594, exp_mean*coverage: 0.593327185185
----- Fold: 1
Testing with 900 pos 1372 neg
Training with 3400 pos 5591 neg
--- Gather features---
--- Train BOW---
--- Make hists---
--- No histograms for 176 images ---
--- Fit model---
--- Overall training model took 1879.54088998 ---
--- No histograms for 42 images ---
TP: 672 FP: 177 TN 1195 FN: 228
--- kfold: 1, accuracy: 0.821742957746, exp_mean*coverage: 0.619107047942
----- Fold: 2
Testing with 785 pos 1569 neg
Training with 3515 pos 5394 neg
--- Gather features---
--- Train BOW---
--- Make hists---
--- No histograms for 177 images ---
--- Fit model---
--- Overall training model took 1709.38385201 ---
--- No histograms for 41 images ---
TP: 604 FP: 213 TN 1356 FN: 181
--- kfold: 2, accuracy: 0.832625318607, exp_mean*coverage: 0.625329534571
----- Fold: 3
Testing with 889 pos 1174 neg
Training with 3411 pos 5789 neg
--- Gather features---
--- Train BOW---
--- Make hists---
--- No histograms for 179 images ---
--- Fit model---
--- Overall training model took 1978.09068799 ---
--- No histograms for 39 images ---
TP: 737 FP: 103 TN 1071 FN: 152
--- kfold: 3, accuracy: 0.876393601551, exp_mean*coverage: 0.725851836056
----- Fold: 4
Testing with 775 pos 1375 neg
Training with 3525 pos 5588 neg
--- Gather features---
--- Train BOW---
--- Make hists---
--- No histograms for 185 images ---
--- Fit model---
--- Overall training model took 1720.44927621 ---
--- No histograms for 33 images ---
TP: 519 FP: 202 TN 1173 FN: 256
--- kfold: 4, accuracy: 0.786976744186, exp_mean*coverage: 0.551980123139
----- Overall exp mean: 0.623119145379
----- Overall kfold took 9534.14916205 ---
Got result -0.623119

Job file reloaded.
Completed successfully in 9534.43 seconds. [-0.623119]
setting job 20241 complete
set...
