Running in wrapper mode for '20105'

Running python job.

{u'nfeatures': array([100]), u'bow_size': array([1076]), u'svm_gamma': array([ 0.6693481]), u'edgeThreshold': array([ 5.42797088]), u'svm_C': array([-0.61484822]), u'sigma': array([ 1.79238525]), u'contrastThreshold': array([ 0.001])}
----- Fold: 0
Testing with 951 pos 1473 neg
Training with 3349 pos 5490 neg
--- Gather features---
--- Train BOW---
--- Make hists---
--- Fit model---
/usr/local/lib/python2.7/dist-packages/sklearn/svm/base.py:176: FutureWarning: elementwise comparison failed; returning scalar instead, but in the future will perform elementwise comparison
  (self.gamma == 'auto')):
/usr/local/lib/python2.7/dist-packages/sklearn/svm/base.py:179: FutureWarning: elementwise comparison failed; returning scalar instead, but in the future will perform elementwise comparison
  elif self.gamma == 'auto':
--- Overall training model took 5553.60791302 ---
TP: 745 FP: 428 TN 1045 FN: 206
--- kfold: 0, accuracy: 0.738448844884, exp_mean*coverage: 0.456646904658
----- Fold: 1
Testing with 900 pos 1372 neg
Training with 3400 pos 5591 neg
--- Gather features---
--- Train BOW---
--- Make hists---
--- Fit model---
--- Overall training model took 5667.19634199 ---
TP: 674 FP: 275 TN 1097 FN: 226
--- kfold: 1, accuracy: 0.77948943662, exp_mean*coverage: 0.54425815322
----- Fold: 2
Testing with 785 pos 1569 neg
Training with 3515 pos 5394 neg
--- Gather features---
--- Train BOW---
--- Make hists---
--- Fit model---
--- Overall training model took 5649.16919899 ---
TP: 624 FP: 347 TN 1222 FN: 161
--- kfold: 2, accuracy: 0.7841971113, exp_mean*coverage: 0.543588998676
----- Fold: 3
Testing with 889 pos 1174 neg
Training with 3411 pos 5789 neg
--- Gather features---
--- Train BOW---
--- Make hists---
--- Fit model---
--- Overall training model took 5877.57334995 ---
TP: 745 FP: 196 TN 978 FN: 144
--- kfold: 3, accuracy: 0.835191468735, exp_mean*coverage: 0.636230830171
----- Fold: 4
Testing with 775 pos 1375 neg
Training with 3525 pos 5588 neg
--- Gather features---
--- Train BOW---
--- Make hists---
--- Fit model---
--- Overall training model took 6020.52023697 ---
TP: 588 FP: 374 TN 1001 FN: 187
--- kfold: 4, accuracy: 0.739069767442, exp_mean*coverage: 0.466430167252
----- Overall exp mean: 0.529431010795
----- Overall kfold took 29294.5331252 ---
Got result -0.529431

Job file reloaded.
Completed successfully in 29296.84 seconds. [-0.529431]
setting job 20105 complete
set...
