Running in wrapper mode for '20176'

Running python job.

{u'nfeatures': array([91]), u'bow_size': array([100]), u'svm_gamma': array([ 1.53001157]), u'edgeThreshold': array([ 50.]), u'svm_C': array([ 0.72903567]), u'sigma': array([ 1.63927394]), u'contrastThreshold': array([ 0.001])}
----- Fold: 0
Testing with 951 pos 1473 neg
Training with 3349 pos 5490 neg
--- Gather features---
--- Train BOW---
--- Make hists---
--- Fit model---
/usr/local/lib/python2.7/dist-packages/sklearn/svm/base.py:176: FutureWarning: elementwise comparison failed; returning scalar instead, but in the future will perform elementwise comparison
  (self.gamma == 'auto')):
/usr/local/lib/python2.7/dist-packages/sklearn/svm/base.py:179: FutureWarning: elementwise comparison failed; returning scalar instead, but in the future will perform elementwise comparison
  elif self.gamma == 'auto':
--- Overall training model took 625.138431072 ---
TP: 694 FP: 288 TN 1185 FN: 257
--- kfold: 0, accuracy: 0.775165016502, exp_mean*coverage: 0.539555993668
----- Fold: 1
Testing with 900 pos 1372 neg
Training with 3400 pos 5591 neg
--- Gather features---
--- Train BOW---
--- Make hists---
--- Fit model---
--- Overall training model took 724.99484396 ---
TP: 654 FP: 213 TN 1159 FN: 246
--- kfold: 1, accuracy: 0.797975352113, exp_mean*coverage: 0.585838281542
----- Fold: 2
Testing with 785 pos 1569 neg
Training with 3515 pos 5394 neg
--- Gather features---
--- Train BOW---
--- Make hists---
--- Fit model---
--- Overall training model took 756.8376441 ---
TP: 576 FP: 269 TN 1300 FN: 209
--- kfold: 2, accuracy: 0.796941376381, exp_mean*coverage: 0.570460180843
----- Fold: 3
Testing with 889 pos 1174 neg
Training with 3411 pos 5789 neg
--- Gather features---
--- Train BOW---
--- Make hists---
--- Fit model---
--- Overall training model took 646.453539133 ---
TP: 687 FP: 129 TN 1045 FN: 202
--- kfold: 3, accuracy: 0.839554047504, exp_mean*coverage: 0.67231928793
----- Fold: 4
Testing with 775 pos 1375 neg
Training with 3525 pos 5588 neg
--- Gather features---
--- Train BOW---
--- Make hists---
--- Fit model---
--- Overall training model took 758.252985954 ---
TP: 558 FP: 275 TN 1100 FN: 217
--- kfold: 4, accuracy: 0.771162790698, exp_mean*coverage: 0.528940534271
----- Overall exp mean: 0.579422855651
----- Overall kfold took 3707.40212607 ---
Got result -0.579423

Job file reloaded.
Completed successfully in 3707.81 seconds. [-0.579423]
setting job 20176 complete
set...
