Running in wrapper mode for '20197'

Running python job.

{u'nfeatures': array([82]), u'bow_size': array([866]), u'svm_gamma': array([ 1.47890962]), u'edgeThreshold': array([ 50.]), u'svm_C': array([ 0.28062841]), u'sigma': array([ 3.6880904]), u'contrastThreshold': array([ 0.00926967])}
----- Fold: 0
Testing with 951 pos 1473 neg
Training with 3349 pos 5490 neg
--- Gather features---
--- Train BOW---
--- Make hists---
--- No histograms for 97 images ---
--- Fit model---
/usr/local/lib/python2.7/dist-packages/sklearn/svm/base.py:176: FutureWarning: elementwise comparison failed; returning scalar instead, but in the future will perform elementwise comparison
  (self.gamma == 'auto')):
/usr/local/lib/python2.7/dist-packages/sklearn/svm/base.py:179: FutureWarning: elementwise comparison failed; returning scalar instead, but in the future will perform elementwise comparison
  elif self.gamma == 'auto':
--- Overall training model took 1687.87780809 ---
--- No histograms for 42 images ---
TP: 642 FP: 154 TN 1319 FN: 309
--- kfold: 0, accuracy: 0.80899339934, exp_mean*coverage: 0.603251777483
----- Fold: 1
Testing with 900 pos 1372 neg
Training with 3400 pos 5591 neg
--- Gather features---
--- Train BOW---
--- Make hists---
--- No histograms for 110 images ---
--- Fit model---
--- Overall training model took 1664.96909308 ---
--- No histograms for 29 images ---
TP: 608 FP: 123 TN 1249 FN: 292
--- kfold: 1, accuracy: 0.817341549296, exp_mean*coverage: 0.624139000555
----- Fold: 2
Testing with 785 pos 1569 neg
Training with 3515 pos 5394 neg
--- Gather features---
--- Train BOW---
--- Make hists---
--- No histograms for 116 images ---
--- Fit model---
--- Overall training model took 1663.70008302 ---
--- No histograms for 23 images ---
TP: 555 FP: 179 TN 1390 FN: 230
--- kfold: 2, accuracy: 0.826253186066, exp_mean*coverage: 0.617645183351
----- Fold: 3
Testing with 889 pos 1174 neg
Training with 3411 pos 5789 neg
--- Gather features---
--- Train BOW---
--- Make hists---
--- No histograms for 113 images ---
--- Fit model---
--- Overall training model took 1845.72393298 ---
--- No histograms for 26 images ---
TP: 628 FP: 59 TN 1115 FN: 261
--- kfold: 3, accuracy: 0.844886088221, exp_mean*coverage: 0.695179667462
----- Fold: 4
Testing with 775 pos 1375 neg
Training with 3525 pos 5588 neg
--- Gather features---
--- Train BOW---
--- Make hists---
--- No histograms for 120 images ---
--- Fit model---
--- Overall training model took 1647.49765086 ---
--- No histograms for 19 images ---
TP: 427 FP: 165 TN 1210 FN: 348
--- kfold: 4, accuracy: 0.761395348837, exp_mean*coverage: 0.506797303464
----- Overall exp mean: 0.609402586463
----- Overall kfold took 8883.83396411 ---
Got result -0.609403

Job file reloaded.
Completed successfully in 8884.13 seconds. [-0.609403]
setting job 20197 complete
set...
