Running in wrapper mode for '20006'

Running python job.

{u'nfeatures': array([100]), u'bow_size': array([100]), u'svm_gamma': array([-4.]), u'edgeThreshold': array([ 50.]), u'svm_C': array([-1.47685844]), u'sigma': array([ 5.]), u'contrastThreshold': array([ 0.04989446])}
----- Fold: 0
Testing with 951 pos 1473 neg
Training with 3349 pos 5490 neg
--- Gather features---
--- Train BOW---
--- Make hists---
--- No histograms for 4105 images ---
--- Fit model---
/usr/local/lib/python2.7/dist-packages/sklearn/svm/base.py:176: FutureWarning: elementwise comparison failed; returning scalar instead, but in the future will perform elementwise comparison
  (self.gamma == 'auto')):
/usr/local/lib/python2.7/dist-packages/sklearn/svm/base.py:179: FutureWarning: elementwise comparison failed; returning scalar instead, but in the future will perform elementwise comparison
  elif self.gamma == 'auto':
--- Overall training model took 164.610893011 ---
--- No histograms for 1299 images ---
TP: 0 FP: 0 TN 1473 FN: 951
--- kfold: 0, accuracy: 0.607673267327, exp_mean*coverage: 0.0
----- Fold: 1
Testing with 900 pos 1372 neg
Training with 3400 pos 5591 neg
--- Gather features---
--- Train BOW---
--- Make hists---
--- No histograms for 4401 images ---
--- Fit model---
--- Overall training model took 160.19392705 ---
--- No histograms for 1003 images ---
TP: 0 FP: 0 TN 1372 FN: 900
--- kfold: 1, accuracy: 0.603873239437, exp_mean*coverage: 0.0
----- Fold: 2
Testing with 785 pos 1569 neg
Training with 3515 pos 5394 neg
--- Gather features---
--- Train BOW---
--- Make hists---
--- No histograms for 4278 images ---
--- Fit model---
--- Overall training model took 175.656979084 ---
--- No histograms for 1126 images ---
TP: 0 FP: 0 TN 1569 FN: 785
--- kfold: 2, accuracy: 0.666525063721, exp_mean*coverage: 0.0
----- Fold: 3
Testing with 889 pos 1174 neg
Training with 3411 pos 5789 neg
--- Gather features---
--- Train BOW---
--- Make hists---
--- No histograms for 4528 images ---
--- Fit model---
--- Overall training model took 156.063936949 ---
--- No histograms for 876 images ---
TP: 0 FP: 0 TN 1174 FN: 889
--- kfold: 3, accuracy: 0.569074163839, exp_mean*coverage: 0.0
----- Fold: 4
Testing with 775 pos 1375 neg
Training with 3525 pos 5588 neg
--- Gather features---
--- Train BOW---
--- Make hists---
--- No histograms for 4304 images ---
--- Fit model---
--- Overall training model took 188.174060106 ---
--- No histograms for 1100 images ---
TP: 0 FP: 0 TN 1375 FN: 775
--- kfold: 4, accuracy: 0.639534883721, exp_mean*coverage: 0.0
----- Overall exp mean: 0.0
----- Overall kfold took 1025.36209607 ---
Got result -0.000000

Job file reloaded.
Completed successfully in 1025.59 seconds. [-0.000000]
setting job 20006 complete
set...
