Running in wrapper mode for '20273'

Running python job.

{u'nfeatures': array([95]), u'bow_size': array([100]), u'svm_gamma': array([-0.868168]), u'edgeThreshold': array([ 50.]), u'svm_C': array([ 3.]), u'sigma': array([ 3.89418164]), u'contrastThreshold': array([ 0.001])}
----- Fold: 0
Testing with 951 pos 1473 neg
Training with 3349 pos 5490 neg
--- Gather features---
--- Train BOW---
--- Make hists---
--- No histograms for 3 images ---
--- Fit model---
/usr/local/lib/python2.7/dist-packages/sklearn/svm/base.py:176: FutureWarning: elementwise comparison failed; returning scalar instead, but in the future will perform elementwise comparison
  (self.gamma == 'auto')):
/usr/local/lib/python2.7/dist-packages/sklearn/svm/base.py:179: FutureWarning: elementwise comparison failed; returning scalar instead, but in the future will perform elementwise comparison
  elif self.gamma == 'auto':
--- Overall training model took 453.643316031 ---
TP: 791 FP: 354 TN 1119 FN: 160
--- kfold: 0, accuracy: 0.78795379538, exp_mean*coverage: 0.538387315609
----- Fold: 1
Testing with 900 pos 1372 neg
Training with 3400 pos 5591 neg
--- Gather features---
--- Train BOW---
--- Make hists---
--- No histograms for 3 images ---
--- Fit model---
--- Overall training model took 463.890789032 ---
TP: 709 FP: 244 TN 1128 FN: 191
--- kfold: 1, accuracy: 0.808538732394, exp_mean*coverage: 0.593572844096
----- Fold: 2
Testing with 785 pos 1569 neg
Training with 3515 pos 5394 neg
--- Gather features---
--- Train BOW---
--- Make hists---
--- No histograms for 1 images ---
--- Fit model---
--- Overall training model took 457.483090162 ---
--- No histograms for 2 images ---
TP: 635 FP: 356 TN 1213 FN: 150
--- kfold: 2, accuracy: 0.785046728972, exp_mean*coverage: 0.543219261202
----- Fold: 3
Testing with 889 pos 1174 neg
Training with 3411 pos 5789 neg
--- Gather features---
--- Train BOW---
--- Make hists---
--- No histograms for 2 images ---
--- Fit model---
--- Overall training model took 407.708312988 ---
--- No histograms for 1 images ---
TP: 724 FP: 175 TN 999 FN: 165
--- kfold: 3, accuracy: 0.835191468735, exp_mean*coverage: 0.646007368521
----- Fold: 4
Testing with 775 pos 1375 neg
Training with 3525 pos 5588 neg
--- Gather features---
--- Train BOW---
--- Make hists---
--- No histograms for 3 images ---
--- Fit model---
--- Overall training model took 455.958353996 ---
TP: 524 FP: 321 TN 1054 FN: 251
--- kfold: 4, accuracy: 0.733953488372, exp_mean*coverage: 0.468234635628
----- Overall exp mean: 0.557884285011
----- Overall kfold took 2511.27184987 ---
Got result -0.557884

Job file reloaded.
Completed successfully in 2512.19 seconds. [-0.557884]
setting job 20273 complete
set...
