Running in wrapper mode for '20044'

Running python job.

{u'nfeatures': array([59]), u'bow_size': array([736]), u'svm_gamma': array([ 0.42719603]), u'edgeThreshold': array([ 50.]), u'svm_C': array([ 3.]), u'sigma': array([ 2.46757568]), u'contrastThreshold': array([ 0.001])}
----- Fold: 0
Testing with 951 pos 1473 neg
Training with 3349 pos 5490 neg
--- Gather features---
--- Train BOW---
--- Make hists---
--- Fit model---
/usr/local/lib/python2.7/dist-packages/sklearn/svm/base.py:176: FutureWarning: elementwise comparison failed; returning scalar instead, but in the future will perform elementwise comparison
  (self.gamma == 'auto')):
/usr/local/lib/python2.7/dist-packages/sklearn/svm/base.py:179: FutureWarning: elementwise comparison failed; returning scalar instead, but in the future will perform elementwise comparison
  elif self.gamma == 'auto':
--- Overall training model took 2332.37877917 ---
TP: 676 FP: 219 TN 1254 FN: 275
--- kfold: 0, accuracy: 0.796204620462, exp_mean*coverage: 0.58410445164
----- Fold: 1
Testing with 900 pos 1372 neg
Training with 3400 pos 5591 neg
--- Gather features---
--- Train BOW---
--- Make hists---
--- Fit model---
--- Overall training model took 2365.80105996 ---
TP: 640 FP: 186 TN 1186 FN: 260
--- kfold: 1, accuracy: 0.803697183099, exp_mean*coverage: 0.60011103023
----- Fold: 2
Testing with 785 pos 1569 neg
Training with 3515 pos 5394 neg
--- Gather features---
--- Train BOW---
--- Make hists---
--- Fit model---
--- Overall training model took 2399.59216285 ---
TP: 594 FP: 215 TN 1354 FN: 191
--- kfold: 2, accuracy: 0.827527612574, exp_mean*coverage: 0.626873776181
----- Fold: 3
Testing with 889 pos 1174 neg
Training with 3411 pos 5789 neg
--- Gather features---
--- Train BOW---
--- Make hists---
--- Fit model---
--- Overall training model took 2479.02709508 ---
TP: 669 FP: 86 TN 1088 FN: 220
--- kfold: 3, accuracy: 0.851672321861, exp_mean*coverage: 0.707252782723
----- Fold: 4
Testing with 775 pos 1375 neg
Training with 3525 pos 5588 neg
--- Gather features---
--- Train BOW---
--- Make hists---
--- Fit model---
--- Overall training model took 2413.27195001 ---
TP: 524 FP: 231 TN 1144 FN: 251
--- kfold: 4, accuracy: 0.775813953488, exp_mean*coverage: 0.540428208179
----- Overall exp mean: 0.611754049791
----- Overall kfold took 12323.3925941 ---
Got result -0.611754

Job file reloaded.
Completed successfully in 12323.62 seconds. [-0.611754]
setting job 20044 complete
set...
