Running in wrapper mode for '20308'

Running python job.

{u'nfeatures': array([63]), u'bow_size': array([369]), u'svm_gamma': array([-1.03747105]), u'edgeThreshold': array([ 50.]), u'svm_C': array([ 1.96367408]), u'sigma': array([ 2.04201615]), u'contrastThreshold': array([ 0.01264094])}
----- Fold: 0
Testing with 951 pos 1473 neg
Training with 3349 pos 5490 neg
--- Gather features---
--- Train BOW---
--- Make hists---
--- No histograms for 85 images ---
--- Fit model---
/usr/local/lib/python2.7/dist-packages/sklearn/svm/base.py:176: FutureWarning: elementwise comparison failed; returning scalar instead, but in the future will perform elementwise comparison
  (self.gamma == 'auto')):
/usr/local/lib/python2.7/dist-packages/sklearn/svm/base.py:179: FutureWarning: elementwise comparison failed; returning scalar instead, but in the future will perform elementwise comparison
  elif self.gamma == 'auto':
--- Overall training model took 1171.65897894 ---
--- No histograms for 37 images ---
TP: 735 FP: 300 TN 1173 FN: 216
--- kfold: 0, accuracy: 0.787128712871, exp_mean*coverage: 0.544899782246
----- Fold: 1
Testing with 900 pos 1372 neg
Training with 3400 pos 5591 neg
--- Gather features---
--- Train BOW---
--- Make hists---
--- No histograms for 94 images ---
--- Fit model---
--- Overall training model took 1200.98884606 ---
--- No histograms for 28 images ---
TP: 700 FP: 215 TN 1157 FN: 200
--- kfold: 1, accuracy: 0.817341549296, exp_mean*coverage: 0.607043560856
----- Fold: 2
Testing with 785 pos 1569 neg
Training with 3515 pos 5394 neg
--- Gather features---
--- Train BOW---
--- Make hists---
--- No histograms for 94 images ---
--- Fit model---
--- Overall training model took 880.573800087 ---
--- No histograms for 28 images ---
TP: 633 FP: 292 TN 1277 FN: 152
--- kfold: 2, accuracy: 0.811384876805, exp_mean*coverage: 0.586405062245
----- Fold: 3
Testing with 889 pos 1174 neg
Training with 3411 pos 5789 neg
--- Gather features---
--- Train BOW---
--- Make hists---
--- No histograms for 99 images ---
--- Fit model---
--- Overall training model took 1180.51322198 ---
--- No histograms for 23 images ---
TP: 741 FP: 182 TN 992 FN: 148
--- kfold: 3, accuracy: 0.840038778478, exp_mean*coverage: 0.642383727907
----- Fold: 4
Testing with 775 pos 1375 neg
Training with 3525 pos 5588 neg
--- Gather features---
--- Train BOW---
--- Make hists---
--- No histograms for 116 images ---
--- Fit model---
--- Overall training model took 1148.64092112 ---
--- No histograms for 6 images ---
TP: 552 FP: 273 TN 1102 FN: 223
--- kfold: 4, accuracy: 0.769302325581, exp_mean*coverage: 0.524870810496
----- Overall exp mean: 0.58112058875
----- Overall kfold took 5791.59769201 ---
Got result -0.581121

Job file reloaded.
Completed successfully in 5791.97 seconds. [-0.581121]
setting job 20308 complete
set...
