Running in wrapper mode for '20126'

Running python job.

{u'nfeatures': array([62]), u'bow_size': array([1263]), u'svm_gamma': array([ 0.35765051]), u'edgeThreshold': array([ 50.]), u'svm_C': array([-0.20145245]), u'sigma': array([ 1.32434776]), u'contrastThreshold': array([ 0.001])}
----- Fold: 0
Testing with 951 pos 1473 neg
Training with 3349 pos 5490 neg
--- Gather features---
--- Train BOW---
--- Make hists---
--- Fit model---
/usr/local/lib/python2.7/dist-packages/sklearn/svm/base.py:176: FutureWarning: elementwise comparison failed; returning scalar instead, but in the future will perform elementwise comparison
  (self.gamma == 'auto')):
/usr/local/lib/python2.7/dist-packages/sklearn/svm/base.py:179: FutureWarning: elementwise comparison failed; returning scalar instead, but in the future will perform elementwise comparison
  elif self.gamma == 'auto':
--- Overall training model took 4495.67030597 ---
TP: 690 FP: 275 TN 1198 FN: 261
--- kfold: 0, accuracy: 0.778877887789, exp_mean*coverage: 0.547578080408
----- Fold: 1
Testing with 900 pos 1372 neg
Training with 3400 pos 5591 neg
--- Gather features---
--- Train BOW---
--- Make hists---
--- Fit model---
--- Overall training model took 4827.36318398 ---
TP: 647 FP: 183 TN 1189 FN: 253
--- kfold: 1, accuracy: 0.808098591549, exp_mean*coverage: 0.607707895856
----- Fold: 2
Testing with 785 pos 1569 neg
Training with 3515 pos 5394 neg
--- Gather features---
--- Train BOW---
--- Make hists---
--- Fit model---
--- Overall training model took 4770.20797515 ---
TP: 570 FP: 222 TN 1347 FN: 215
--- kfold: 2, accuracy: 0.814358538658, exp_mean*coverage: 0.602291924809
----- Fold: 3
Testing with 889 pos 1174 neg
Training with 3411 pos 5789 neg
--- Gather features---
--- Train BOW---
--- Make hists---
--- Fit model---
--- Overall training model took 4753.82352209 ---
TP: 702 FP: 144 TN 1030 FN: 187
--- kfold: 3, accuracy: 0.839554047504, exp_mean*coverage: 0.666227395419
----- Fold: 4
Testing with 775 pos 1375 neg
Training with 3525 pos 5588 neg
--- Gather features---
--- Train BOW---
--- Make hists---
--- Fit model---
--- Overall training model took 4908.58583403 ---
TP: 523 FP: 248 TN 1127 FN: 252
--- kfold: 4, accuracy: 0.767441860465, exp_mean*coverage: 0.52569896389
----- Overall exp mean: 0.589900852076
----- Overall kfold took 24197.3112741 ---
Got result -0.589901

Job file reloaded.
Completed successfully in 24200.24 seconds. [-0.589901]
setting job 20126 complete
set...
