Running in wrapper mode for '20095'

Running python job.

{u'nfeatures': array([55]), u'bow_size': array([862]), u'svm_gamma': array([-0.36489474]), u'edgeThreshold': array([ 33.19337449]), u'svm_C': array([ 3.]), u'sigma': array([ 4.37640288]), u'contrastThreshold': array([ 0.001])}
----- Fold: 0
Testing with 951 pos 1473 neg
Training with 3349 pos 5490 neg
--- Gather features---
--- Train BOW---
--- Make hists---
--- No histograms for 9 images ---
--- Fit model---
/usr/local/lib/python2.7/dist-packages/sklearn/svm/base.py:176: FutureWarning: elementwise comparison failed; returning scalar instead, but in the future will perform elementwise comparison
  (self.gamma == 'auto')):
/usr/local/lib/python2.7/dist-packages/sklearn/svm/base.py:179: FutureWarning: elementwise comparison failed; returning scalar instead, but in the future will perform elementwise comparison
  elif self.gamma == 'auto':
--- Overall training model took 1410.735466 ---
--- No histograms for 5 images ---
TP: 746 FP: 296 TN 1177 FN: 205
--- kfold: 0, accuracy: 0.793316831683, exp_mean*coverage: 0.561727891908
----- Fold: 1
Testing with 900 pos 1372 neg
Training with 3400 pos 5591 neg
--- Gather features---
--- Train BOW---
--- Make hists---
--- No histograms for 12 images ---
--- Fit model---
--- Overall training model took 1513.95346403 ---
--- No histograms for 2 images ---
TP: 675 FP: 204 TN 1168 FN: 225
--- kfold: 1, accuracy: 0.811179577465, exp_mean*coverage: 0.607531439845
----- Fold: 2
Testing with 785 pos 1569 neg
Training with 3515 pos 5394 neg
--- Gather features---
--- Train BOW---
--- Make hists---
--- No histograms for 11 images ---
--- Fit model---
--- Overall training model took 1460.30094099 ---
--- No histograms for 3 images ---
TP: 599 FP: 324 TN 1245 FN: 186
--- kfold: 2, accuracy: 0.783347493628, exp_mean*coverage: 0.543964125137
----- Fold: 3
Testing with 889 pos 1174 neg
Training with 3411 pos 5789 neg
--- Gather features---
--- Train BOW---
--- Make hists---
--- No histograms for 11 images ---
--- Fit model---
--- Overall training model took 1529.49931288 ---
--- No histograms for 3 images ---
TP: 684 FP: 154 TN 1020 FN: 205
--- kfold: 3, accuracy: 0.825981580223, exp_mean*coverage: 0.641379210847
----- Fold: 4
Testing with 775 pos 1375 neg
Training with 3525 pos 5588 neg
--- Gather features---
--- Train BOW---
--- Make hists---
--- No histograms for 13 images ---
--- Fit model---
--- Overall training model took 1466.01027298 ---
--- No histograms for 1 images ---
TP: 526 FP: 297 TN 1078 FN: 249
--- kfold: 4, accuracy: 0.746046511628, exp_mean*coverage: 0.488218347622
----- Overall exp mean: 0.568564203072
----- Overall kfold took 7742.60788393 ---
Got result -0.568564

Job file reloaded.
Completed successfully in 7742.88 seconds. [-0.568564]
setting job 20095 complete
set...
