Running in wrapper mode for '20099'

Running python job.

{u'nfeatures': array([94]), u'bow_size': array([719]), u'svm_gamma': array([ 0.30218903]), u'edgeThreshold': array([ 39.68256643]), u'svm_C': array([ 3.]), u'sigma': array([ 2.11977008]), u'contrastThreshold': array([ 0.001])}
----- Fold: 0
Testing with 951 pos 1473 neg
Training with 3349 pos 5490 neg
--- Gather features---
--- Train BOW---
--- Make hists---
--- Fit model---
/usr/local/lib/python2.7/dist-packages/sklearn/svm/base.py:176: FutureWarning: elementwise comparison failed; returning scalar instead, but in the future will perform elementwise comparison
  (self.gamma == 'auto')):
/usr/local/lib/python2.7/dist-packages/sklearn/svm/base.py:179: FutureWarning: elementwise comparison failed; returning scalar instead, but in the future will perform elementwise comparison
  elif self.gamma == 'auto':
--- Overall training model took 3333.74665308 ---
TP: 689 FP: 240 TN 1233 FN: 262
--- kfold: 0, accuracy: 0.792904290429, exp_mean*coverage: 0.575253945162
----- Fold: 1
Testing with 900 pos 1372 neg
Training with 3400 pos 5591 neg
--- Gather features---
--- Train BOW---
--- Make hists---
--- Fit model---
--- Overall training model took 3434.18745804 ---
TP: 661 FP: 172 TN 1200 FN: 239
--- kfold: 1, accuracy: 0.819102112676, exp_mean*coverage: 0.627576536751
----- Fold: 2
Testing with 785 pos 1569 neg
Training with 3515 pos 5394 neg
--- Gather features---
--- Train BOW---
--- Make hists---
--- Fit model---
--- Overall training model took 3352.09276485 ---
TP: 614 FP: 238 TN 1331 FN: 171
--- kfold: 2, accuracy: 0.826253186066, exp_mean*coverage: 0.623656540933
----- Fold: 3
Testing with 889 pos 1174 neg
Training with 3411 pos 5789 neg
--- Gather features---
--- Train BOW---
--- Make hists---
--- Fit model---
--- Overall training model took 3509.12929511 ---
TP: 683 FP: 109 TN 1065 FN: 206
--- kfold: 3, accuracy: 0.847309743093, exp_mean*coverage: 0.691961371894
----- Fold: 4
Testing with 775 pos 1375 neg
Training with 3525 pos 5588 neg
--- Gather features---
--- Train BOW---
--- Make hists---
--- Fit model---
--- Overall training model took 3432.78660297 ---
TP: 559 FP: 246 TN 1129 FN: 216
--- kfold: 4, accuracy: 0.78511627907, exp_mean*coverage: 0.55432856104
----- Overall exp mean: 0.614555391156
----- Overall kfold took 17437.810813 ---
Got result -0.614555

Job file reloaded.
Completed successfully in 17438.03 seconds. [-0.614555]
setting job 20099 complete
set...
