Running in wrapper mode for '20297'

Running python job.

{u'nfeatures': array([76]), u'bow_size': array([364]), u'svm_gamma': array([-1.32909282]), u'edgeThreshold': array([ 50.]), u'svm_C': array([ 3.]), u'sigma': array([ 2.52138937]), u'contrastThreshold': array([ 0.001])}
----- Fold: 0
Testing with 951 pos 1473 neg
Training with 3349 pos 5490 neg
--- Gather features---
--- Train BOW---
--- Make hists---
--- Fit model---
/usr/local/lib/python2.7/dist-packages/sklearn/svm/base.py:176: FutureWarning: elementwise comparison failed; returning scalar instead, but in the future will perform elementwise comparison
  (self.gamma == 'auto')):
/usr/local/lib/python2.7/dist-packages/sklearn/svm/base.py:179: FutureWarning: elementwise comparison failed; returning scalar instead, but in the future will perform elementwise comparison
  elif self.gamma == 'auto':
--- Overall training model took 1475.88171792 ---
TP: 730 FP: 317 TN 1156 FN: 221
--- kfold: 0, accuracy: 0.778052805281, exp_mean*coverage: 0.536633968947
----- Fold: 1
Testing with 900 pos 1372 neg
Training with 3400 pos 5591 neg
--- Gather features---
--- Train BOW---
--- Make hists---
--- Fit model---
--- Overall training model took 1352.92490506 ---
TP: 681 FP: 216 TN 1156 FN: 219
--- kfold: 1, accuracy: 0.808538732394, exp_mean*coverage: 0.60115292781
----- Fold: 2
Testing with 785 pos 1569 neg
Training with 3515 pos 5394 neg
--- Gather features---
--- Train BOW---
--- Make hists---
--- Fit model---
--- Overall training model took 1345.75352407 ---
TP: 617 FP: 292 TN 1277 FN: 168
--- kfold: 2, accuracy: 0.804587935429, exp_mean*coverage: 0.582177677737
----- Fold: 3
Testing with 889 pos 1174 neg
Training with 3411 pos 5789 neg
--- Gather features---
--- Train BOW---
--- Make hists---
--- Fit model---
--- Overall training model took 1524.24816203 ---
TP: 746 FP: 187 TN 987 FN: 143
--- kfold: 3, accuracy: 0.840038778478, exp_mean*coverage: 0.647162952151
----- Fold: 4
Testing with 775 pos 1375 neg
Training with 3525 pos 5588 neg
--- Gather features---
--- Train BOW---
--- Make hists---
--- Fit model---
--- Overall training model took 1550.18483686 ---
TP: 539 FP: 291 TN 1084 FN: 236
--- kfold: 4, accuracy: 0.75488372093, exp_mean*coverage: 0.502327343553
----- Overall exp mean: 0.57389097404
----- Overall kfold took 7533.81831503 ---
Got result -0.573891

Job file reloaded.
Completed successfully in 7534.22 seconds. [-0.573891]
setting job 20297 complete
set...
