Running in wrapper mode for '20026'

Running python job.

{u'nfeatures': array([24]), u'bow_size': array([119]), u'svm_gamma': array([ 0.36487497]), u'edgeThreshold': array([ 50.]), u'svm_C': array([ 2.09604962]), u'sigma': array([ 2.4505907]), u'contrastThreshold': array([ 0.00684826])}
----- Fold: 0
Testing with 951 pos 1473 neg
Training with 3349 pos 5490 neg
--- Gather features---
--- Train BOW---
--- Make hists---
--- No histograms for 24 images ---
--- Fit model---
/usr/local/lib/python2.7/dist-packages/sklearn/svm/base.py:176: FutureWarning: elementwise comparison failed; returning scalar instead, but in the future will perform elementwise comparison
  (self.gamma == 'auto')):
/usr/local/lib/python2.7/dist-packages/sklearn/svm/base.py:179: FutureWarning: elementwise comparison failed; returning scalar instead, but in the future will perform elementwise comparison
  elif self.gamma == 'auto':
--- Overall training model took 326.033682108 ---
--- No histograms for 10 images ---
TP: 666 FP: 362 TN 1111 FN: 285
--- kfold: 0, accuracy: 0.733085808581, exp_mean*coverage: 0.465392875543
----- Fold: 1
Testing with 900 pos 1372 neg
Training with 3400 pos 5591 neg
--- Gather features---
--- Train BOW---
--- Make hists---
--- No histograms for 25 images ---
--- Fit model---
--- Overall training model took 335.059888124 ---
--- No histograms for 9 images ---
TP: 618 FP: 258 TN 1114 FN: 282
--- kfold: 1, accuracy: 0.762323943662, exp_mean*coverage: 0.521813235116
----- Fold: 2
Testing with 785 pos 1569 neg
Training with 3515 pos 5394 neg
--- Gather features---
--- Train BOW---
--- Make hists---
--- No histograms for 28 images ---
--- Fit model---
--- Overall training model took 276.074165821 ---
--- No histograms for 6 images ---
TP: 577 FP: 347 TN 1222 FN: 208
--- kfold: 2, accuracy: 0.764231096007, exp_mean*coverage: 0.511276357429
----- Fold: 3
Testing with 889 pos 1174 neg
Training with 3411 pos 5789 neg
--- Gather features---
--- Train BOW---
--- Make hists---
--- No histograms for 26 images ---
--- Fit model---
--- Overall training model took 288.832223177 ---
--- No histograms for 8 images ---
TP: 678 FP: 220 TN 954 FN: 211
--- kfold: 3, accuracy: 0.791080950073, exp_mean*coverage: 0.565391186193
----- Fold: 4
Testing with 775 pos 1375 neg
Training with 3525 pos 5588 neg
--- Gather features---
--- Train BOW---
--- Make hists---
--- No histograms for 33 images ---
--- Fit model---
--- Overall training model took 323.649447918 ---
--- No histograms for 1 images ---
TP: 513 FP: 292 TN 1083 FN: 262
--- kfold: 4, accuracy: 0.742325581395, exp_mean*coverage: 0.483036311995
----- Overall exp mean: 0.509381993255
----- Overall kfold took 1713.35087395 ---
Got result -0.509382

Job file reloaded.
Completed successfully in 1713.57 seconds. [-0.509382]
setting job 20026 complete
set...
