Running in wrapper mode for '20253'

Running python job.

{u'nfeatures': array([43]), u'bow_size': array([1184]), u'svm_gamma': array([ 1.80682918]), u'edgeThreshold': array([ 37.93403328]), u'svm_C': array([ 0.58440384]), u'sigma': array([ 1.46501402]), u'contrastThreshold': array([ 0.001])}
----- Fold: 0
Testing with 951 pos 1473 neg
Training with 3349 pos 5490 neg
--- Gather features---
--- Train BOW---
--- Make hists---
--- Fit model---
/usr/local/lib/python2.7/dist-packages/sklearn/svm/base.py:176: FutureWarning: elementwise comparison failed; returning scalar instead, but in the future will perform elementwise comparison
  (self.gamma == 'auto')):
/usr/local/lib/python2.7/dist-packages/sklearn/svm/base.py:179: FutureWarning: elementwise comparison failed; returning scalar instead, but in the future will perform elementwise comparison
  elif self.gamma == 'auto':
--- Overall training model took 3222.827878 ---
TP: 599 FP: 138 TN 1335 FN: 352
--- kfold: 0, accuracy: 0.797854785479, exp_mean*coverage: 0.595212628666
----- Fold: 1
Testing with 900 pos 1372 neg
Training with 3400 pos 5591 neg
--- Gather features---
--- Train BOW---
--- Make hists---
--- Fit model---
--- Overall training model took 2985.99866891 ---
TP: 583 FP: 121 TN 1251 FN: 317
--- kfold: 1, accuracy: 0.807218309859, exp_mean*coverage: 0.614327746653
----- Fold: 2
Testing with 785 pos 1569 neg
Training with 3515 pos 5394 neg
--- Gather features---
--- Train BOW---
--- Make hists---
--- Fit model---
--- Overall training model took 3150.32906818 ---
TP: 516 FP: 154 TN 1415 FN: 269
--- kfold: 2, accuracy: 0.820305862362, exp_mean*coverage: 0.609282426734
----- Fold: 3
Testing with 889 pos 1174 neg
Training with 3411 pos 5789 neg
--- Gather features---
--- Train BOW---
--- Make hists---
--- Fit model---
--- Overall training model took 3349.95702696 ---
TP: 624 FP: 76 TN 1098 FN: 265
--- kfold: 3, accuracy: 0.834706737761, exp_mean*coverage: 0.682098425651
----- Fold: 4
Testing with 775 pos 1375 neg
Training with 3525 pos 5588 neg
--- Gather features---
--- Train BOW---
--- Make hists---
--- Fit model---
--- Overall training model took 2955.01544094 ---
TP: 469 FP: 173 TN 1202 FN: 306
--- kfold: 4, accuracy: 0.777209302326, exp_mean*coverage: 0.542258604131
----- Overall exp mean: 0.608635966367
----- Overall kfold took 16060.6010742 ---
Got result -0.608636

Job file reloaded.
Completed successfully in 16061.25 seconds. [-0.608636]
setting job 20253 complete
set...
