Running in wrapper mode for '20233'

Running python job.

{u'nfeatures': array([100]), u'bow_size': array([961]), u'svm_gamma': array([ 1.34626937]), u'edgeThreshold': array([ 15.24355833]), u'svm_C': array([ 0.91926055]), u'sigma': array([ 3.46767773]), u'contrastThreshold': array([ 0.001])}
----- Fold: 0
Testing with 951 pos 1473 neg
Training with 3349 pos 5490 neg
--- Gather features---
--- Train BOW---
--- Make hists---
--- No histograms for 1 images ---
--- Fit model---
/usr/local/lib/python2.7/dist-packages/sklearn/svm/base.py:176: FutureWarning: elementwise comparison failed; returning scalar instead, but in the future will perform elementwise comparison
  (self.gamma == 'auto')):
/usr/local/lib/python2.7/dist-packages/sklearn/svm/base.py:179: FutureWarning: elementwise comparison failed; returning scalar instead, but in the future will perform elementwise comparison
  elif self.gamma == 'auto':
--- Overall training model took 2413.206321 ---
TP: 687 FP: 230 TN 1243 FN: 264
--- kfold: 0, accuracy: 0.796204620462, exp_mean*coverage: 0.582172696195
----- Fold: 1
Testing with 900 pos 1372 neg
Training with 3400 pos 5591 neg
--- Gather features---
--- Train BOW---
--- Make hists---
--- No histograms for 1 images ---
--- Fit model---
--- Overall training model took 2620.32733202 ---
TP: 644 FP: 143 TN 1229 FN: 256
--- kfold: 1, accuracy: 0.824383802817, exp_mean*coverage: 0.641694945703
----- Fold: 2
Testing with 785 pos 1569 neg
Training with 3515 pos 5394 neg
--- Gather features---
--- Train BOW---
--- Make hists---
--- No histograms for 1 images ---
--- Fit model---
--- Overall training model took 2613.12606716 ---
TP: 575 FP: 218 TN 1351 FN: 210
--- kfold: 2, accuracy: 0.818181818182, exp_mean*coverage: 0.609404070098
----- Fold: 3
Testing with 889 pos 1174 neg
Training with 3411 pos 5789 neg
--- Gather features---
--- Train BOW---
--- Make hists---
--- Fit model---
--- Overall training model took 2570.2725718 ---
--- No histograms for 1 images ---
TP: 658 FP: 89 TN 1085 FN: 231
--- kfold: 3, accuracy: 0.844886088221, exp_mean*coverage: 0.694808950996
----- Fold: 4
Testing with 775 pos 1375 neg
Training with 3525 pos 5588 neg
--- Gather features---
--- Train BOW---
--- Make hists---
--- No histograms for 1 images ---
--- Fit model---
--- Overall training model took 2559.79554987 ---
TP: 497 FP: 201 TN 1174 FN: 278
--- kfold: 4, accuracy: 0.777209302326, exp_mean*coverage: 0.54347611532
----- Overall exp mean: 0.614311355663
----- Overall kfold took 13192.4311271 ---
Got result -0.614311

Job file reloaded.
Completed successfully in 13192.91 seconds. [-0.614311]
setting job 20233 complete
set...
