Running in wrapper mode for '20046'

Running python job.

{u'nfeatures': array([50]), u'bow_size': array([914]), u'svm_gamma': array([ 0.74166621]), u'edgeThreshold': array([ 50.]), u'svm_C': array([ 3.]), u'sigma': array([ 0.88573789]), u'contrastThreshold': array([ 0.01541096])}
----- Fold: 0
Testing with 951 pos 1473 neg
Training with 3349 pos 5490 neg
--- Gather features---
--- Train BOW---
--- Make hists---
--- No histograms for 190 images ---
--- Fit model---
/usr/local/lib/python2.7/dist-packages/sklearn/svm/base.py:176: FutureWarning: elementwise comparison failed; returning scalar instead, but in the future will perform elementwise comparison
  (self.gamma == 'auto')):
/usr/local/lib/python2.7/dist-packages/sklearn/svm/base.py:179: FutureWarning: elementwise comparison failed; returning scalar instead, but in the future will perform elementwise comparison
  elif self.gamma == 'auto':
--- Overall training model took 2192.08330703 ---
--- No histograms for 118 images ---
TP: 597 FP: 192 TN 1281 FN: 354
--- kfold: 0, accuracy: 0.774752475248, exp_mean*coverage: 0.525446154748
----- Fold: 1
Testing with 900 pos 1372 neg
Training with 3400 pos 5591 neg
--- Gather features---
--- Train BOW---
--- Make hists---
--- No histograms for 246 images ---
--- Fit model---
--- Overall training model took 2211.2131331 ---
--- No histograms for 62 images ---
TP: 616 FP: 194 TN 1178 FN: 284
--- kfold: 1, accuracy: 0.789612676056, exp_mean*coverage: 0.56056007434
----- Fold: 2
Testing with 785 pos 1569 neg
Training with 3515 pos 5394 neg
--- Gather features---
--- Train BOW---
--- Make hists---
--- No histograms for 243 images ---
--- Fit model---
--- Overall training model took 2167.3251071 ---
--- No histograms for 65 images ---
TP: 525 FP: 244 TN 1325 FN: 260
--- kfold: 2, accuracy: 0.785896346644, exp_mean*coverage: 0.534988202191
----- Fold: 3
Testing with 889 pos 1174 neg
Training with 3411 pos 5789 neg
--- Gather features---
--- Train BOW---
--- Make hists---
--- No histograms for 265 images ---
--- Fit model---
--- Overall training model took 2210.82237601 ---
--- No histograms for 43 images ---
TP: 647 FP: 137 TN 1037 FN: 242
--- kfold: 3, accuracy: 0.816286960737, exp_mean*coverage: 0.620937209105
----- Fold: 4
Testing with 775 pos 1375 neg
Training with 3525 pos 5588 neg
--- Gather features---
--- Train BOW---
--- Make hists---
--- No histograms for 288 images ---
--- Fit model---
--- Overall training model took 2266.88239312 ---
--- No histograms for 20 images ---
TP: 526 FP: 236 TN 1139 FN: 249
--- kfold: 4, accuracy: 0.774418604651, exp_mean*coverage: 0.532832823213
----- Overall exp mean: 0.554952892719
----- Overall kfold took 11296.1393991 ---
Got result -0.554953

Job file reloaded.
Completed successfully in 11296.37 seconds. [-0.554953]
setting job 20046 complete
set...
