Running in wrapper mode for '20207'

Running python job.

{u'nfeatures': array([10]), u'bow_size': array([703]), u'svm_gamma': array([ 1.60844963]), u'edgeThreshold': array([ 45.36324289]), u'svm_C': array([ 1.71739267]), u'sigma': array([ 2.65286483]), u'contrastThreshold': array([ 0.001])}
----- Fold: 0
Testing with 951 pos 1473 neg
Training with 3349 pos 5490 neg
--- Gather features---
--- Train BOW---
--- Make hists---
--- Fit model---
/usr/local/lib/python2.7/dist-packages/sklearn/svm/base.py:176: FutureWarning: elementwise comparison failed; returning scalar instead, but in the future will perform elementwise comparison
  (self.gamma == 'auto')):
/usr/local/lib/python2.7/dist-packages/sklearn/svm/base.py:179: FutureWarning: elementwise comparison failed; returning scalar instead, but in the future will perform elementwise comparison
  elif self.gamma == 'auto':
--- Overall training model took 604.18740797 ---
TP: 110 FP: 14 TN 1459 FN: 841
--- kfold: 0, accuracy: 0.647277227723, exp_mean*coverage: 0.19505230191
----- Fold: 1
Testing with 900 pos 1372 neg
Training with 3400 pos 5591 neg
--- Gather features---
--- Train BOW---
--- Make hists---
--- Fit model---
--- Overall training model took 571.765012026 ---
TP: 48 FP: 3 TN 1369 FN: 852
--- kfold: 1, accuracy: 0.623679577465, exp_mean*coverage: 0.110556781027
----- Fold: 2
Testing with 785 pos 1569 neg
Training with 3515 pos 5394 neg
--- Gather features---
--- Train BOW---
--- Make hists---
--- Fit model---
--- Overall training model took 513.084289074 ---
TP: 95 FP: 15 TN 1554 FN: 690
--- kfold: 2, accuracy: 0.700509770603, exp_mean*coverage: 0.201762098107
----- Fold: 3
Testing with 889 pos 1174 neg
Training with 3411 pos 5789 neg
--- Gather features---
--- Train BOW---
--- Make hists---
--- Fit model---
--- Overall training model took 559.408829927 ---
TP: 62 FP: 4 TN 1170 FN: 827
--- kfold: 3, accuracy: 0.597188560349, exp_mean*coverage: 0.134903598623
----- Fold: 4
Testing with 775 pos 1375 neg
Training with 3525 pos 5588 neg
--- Gather features---
--- Train BOW---
--- Make hists---
--- Fit model---
--- Overall training model took 568.718997002 ---
TP: 93 FP: 19 TN 1356 FN: 682
--- kfold: 4, accuracy: 0.673953488372, exp_mean*coverage: 0.198980569456
----- Overall exp mean: 0.168251069825
----- Overall kfold took 3066.84407997 ---
Got result -0.168251

Job file reloaded.
Completed successfully in 3067.22 seconds. [-0.168251]
setting job 20207 complete
set...
