Running in wrapper mode for '20071'

Running python job.

{u'nfeatures': array([100]), u'bow_size': array([624]), u'svm_gamma': array([ 0.85865294]), u'edgeThreshold': array([ 11.52455153]), u'svm_C': array([ 3.]), u'sigma': array([ 2.81160922]), u'contrastThreshold': array([ 0.001])}
----- Fold: 0
Testing with 951 pos 1473 neg
Training with 3349 pos 5490 neg
--- Gather features---
--- Train BOW---
--- Make hists---
--- Fit model---
/usr/local/lib/python2.7/dist-packages/sklearn/svm/base.py:176: FutureWarning: elementwise comparison failed; returning scalar instead, but in the future will perform elementwise comparison
  (self.gamma == 'auto')):
/usr/local/lib/python2.7/dist-packages/sklearn/svm/base.py:179: FutureWarning: elementwise comparison failed; returning scalar instead, but in the future will perform elementwise comparison
  elif self.gamma == 'auto':
--- Overall training model took 2043.81850791 ---
TP: 716 FP: 234 TN 1239 FN: 235
--- kfold: 0, accuracy: 0.806518151815, exp_mean*coverage: 0.597130642634
----- Fold: 1
Testing with 900 pos 1372 neg
Training with 3400 pos 5591 neg
--- Gather features---
--- Train BOW---
--- Make hists---
--- Fit model---
--- Overall training model took 2266.48010898 ---
TP: 681 FP: 172 TN 1200 FN: 219
--- kfold: 1, accuracy: 0.827904929577, exp_mean*coverage: 0.641764865963
----- Fold: 2
Testing with 785 pos 1569 neg
Training with 3515 pos 5394 neg
--- Gather features---
--- Train BOW---
--- Make hists---
--- Fit model---
--- Overall training model took 2253.80968285 ---
TP: 597 FP: 235 TN 1334 FN: 188
--- kfold: 2, accuracy: 0.820305862362, exp_mean*coverage: 0.613071399534
----- Fold: 3
Testing with 889 pos 1174 neg
Training with 3411 pos 5789 neg
--- Gather features---
--- Train BOW---
--- Make hists---
--- Fit model---
--- Overall training model took 2234.3355031 ---
TP: 671 FP: 110 TN 1064 FN: 218
--- kfold: 3, accuracy: 0.841008240427, exp_mean*coverage: 0.681701498621
----- Fold: 4
Testing with 775 pos 1375 neg
Training with 3525 pos 5588 neg
--- Gather features---
--- Train BOW---
--- Make hists---
--- Fit model---
--- Overall training model took 2346.1106689 ---
TP: 530 FP: 214 TN 1161 FN: 245
--- kfold: 4, accuracy: 0.786511627907, exp_mean*coverage: 0.559316057926
----- Overall exp mean: 0.618596892936
----- Overall kfold took 11530.364599 ---
Got result -0.618597

Job file reloaded.
Completed successfully in 11530.98 seconds. [-0.618597]
setting job 20071 complete
set...
