Running in wrapper mode for '20047'

Running python job.

{u'nfeatures': array([57]), u'bow_size': array([799]), u'svm_gamma': array([ 0.70096286]), u'edgeThreshold': array([ 50.]), u'svm_C': array([ 3.]), u'sigma': array([ 2.4026676]), u'contrastThreshold': array([ 0.001])}
----- Fold: 0
Testing with 951 pos 1473 neg
Training with 3349 pos 5490 neg
--- Gather features---
--- Train BOW---
--- Make hists---
--- Fit model---
/usr/local/lib/python2.7/dist-packages/sklearn/svm/base.py:176: FutureWarning: elementwise comparison failed; returning scalar instead, but in the future will perform elementwise comparison
  (self.gamma == 'auto')):
/usr/local/lib/python2.7/dist-packages/sklearn/svm/base.py:179: FutureWarning: elementwise comparison failed; returning scalar instead, but in the future will perform elementwise comparison
  elif self.gamma == 'auto':
--- Overall training model took 2502.84473181 ---
TP: 677 FP: 234 TN 1239 FN: 274
--- kfold: 0, accuracy: 0.790429042904, exp_mean*coverage: 0.572566708936
----- Fold: 1
Testing with 900 pos 1372 neg
Training with 3400 pos 5591 neg
--- Gather features---
--- Train BOW---
--- Make hists---
--- Fit model---
--- Overall training model took 2499.034163 ---
TP: 636 FP: 178 TN 1194 FN: 264
--- kfold: 1, accuracy: 0.805457746479, exp_mean*coverage: 0.604364340553
----- Fold: 2
Testing with 785 pos 1569 neg
Training with 3515 pos 5394 neg
--- Gather features---
--- Train BOW---
--- Make hists---
--- Fit model---
--- Overall training model took 2494.48020291 ---
TP: 582 FP: 223 TN 1346 FN: 203
--- kfold: 2, accuracy: 0.819031435854, exp_mean*coverage: 0.610982399083
----- Fold: 3
Testing with 889 pos 1174 neg
Training with 3411 pos 5789 neg
--- Gather features---
--- Train BOW---
--- Make hists---
--- Fit model---
--- Overall training model took 2597.52156997 ---
TP: 673 FP: 107 TN 1067 FN: 216
--- kfold: 3, accuracy: 0.843431895298, exp_mean*coverage: 0.686599593296
----- Fold: 4
Testing with 775 pos 1375 neg
Training with 3525 pos 5588 neg
--- Gather features---
--- Train BOW---
--- Make hists---
--- Fit model---
--- Overall training model took 2570.63218117 ---
TP: 520 FP: 232 TN 1143 FN: 255
--- kfold: 4, accuracy: 0.773488372093, exp_mean*coverage: 0.536509494816
----- Overall exp mean: 0.602204507337
----- Overall kfold took 13007.3262589 ---
Got result -0.602205

Job file reloaded.
Completed successfully in 13007.70 seconds. [-0.602205]
setting job 20047 complete
set...
