Running in wrapper mode for '20213'

Running python job.

{u'nfeatures': array([100]), u'bow_size': array([1155]), u'svm_gamma': array([ 0.83682585]), u'edgeThreshold': array([ 20.10005485]), u'svm_C': array([ 3.]), u'sigma': array([ 2.59989377]), u'contrastThreshold': array([ 0.0074862])}
----- Fold: 0
Testing with 951 pos 1473 neg
Training with 3349 pos 5490 neg
--- Gather features---
--- Train BOW---
--- Make hists---
--- No histograms for 30 images ---
--- Fit model---
/usr/local/lib/python2.7/dist-packages/sklearn/svm/base.py:176: FutureWarning: elementwise comparison failed; returning scalar instead, but in the future will perform elementwise comparison
  (self.gamma == 'auto')):
/usr/local/lib/python2.7/dist-packages/sklearn/svm/base.py:179: FutureWarning: elementwise comparison failed; returning scalar instead, but in the future will perform elementwise comparison
  elif self.gamma == 'auto':
--- Overall training model took 3609.6756258 ---
--- No histograms for 14 images ---
TP: 664 FP: 249 TN 1224 FN: 287
--- kfold: 0, accuracy: 0.778877887789, exp_mean*coverage: 0.549209161363
----- Fold: 1
Testing with 900 pos 1372 neg
Training with 3400 pos 5591 neg
--- Gather features---
--- Train BOW---
--- Make hists---
--- No histograms for 35 images ---
--- Fit model---
--- Overall training model took 3685.58341599 ---
--- No histograms for 9 images ---
TP: 639 FP: 186 TN 1186 FN: 261
--- kfold: 1, accuracy: 0.803257042254, exp_mean*coverage: 0.597033223615
----- Fold: 2
Testing with 785 pos 1569 neg
Training with 3515 pos 5394 neg
--- Gather features---
--- Train BOW---
--- Make hists---
--- No histograms for 35 images ---
--- Fit model---
--- Overall training model took 3701.12693501 ---
--- No histograms for 9 images ---
TP: 568 FP: 263 TN 1306 FN: 217
--- kfold: 2, accuracy: 0.796091758709, exp_mean*coverage: 0.566899150414
----- Fold: 3
Testing with 889 pos 1174 neg
Training with 3411 pos 5789 neg
--- Gather features---
--- Train BOW---
--- Make hists---
--- No histograms for 35 images ---
--- Fit model---
--- Overall training model took 3681.41975904 ---
--- No histograms for 9 images ---
TP: 670 FP: 123 TN 1051 FN: 219
--- kfold: 3, accuracy: 0.834222006786, exp_mean*coverage: 0.663539186562
----- Fold: 4
Testing with 775 pos 1375 neg
Training with 3525 pos 5588 neg
--- Gather features---
--- Train BOW---
--- Make hists---
--- No histograms for 41 images ---
--- Fit model---
--- Overall training model took 3607.8678751 ---
--- No histograms for 3 images ---
TP: 532 FP: 255 TN 1120 FN: 243
--- kfold: 4, accuracy: 0.768372093023, exp_mean*coverage: 0.525960161123
----- Overall exp mean: 0.580528176616
----- Overall kfold took 18697.6495121 ---
Got result -0.580528

Job file reloaded.
Completed successfully in 18697.88 seconds. [-0.580528]
setting job 20213 complete
set...
