Running in wrapper mode for '20149'

Running python job.

{u'nfeatures': array([100]), u'bow_size': array([495]), u'svm_gamma': array([-0.36934093]), u'edgeThreshold': array([ 50.]), u'svm_C': array([ 2.31583431]), u'sigma': array([ 2.11423514]), u'contrastThreshold': array([ 0.001])}
----- Fold: 0
Testing with 951 pos 1473 neg
Training with 3349 pos 5490 neg
--- Gather features---
--- Train BOW---
--- Make hists---
--- Fit model---
/usr/local/lib/python2.7/dist-packages/sklearn/svm/base.py:176: FutureWarning: elementwise comparison failed; returning scalar instead, but in the future will perform elementwise comparison
  (self.gamma == 'auto')):
/usr/local/lib/python2.7/dist-packages/sklearn/svm/base.py:179: FutureWarning: elementwise comparison failed; returning scalar instead, but in the future will perform elementwise comparison
  elif self.gamma == 'auto':
--- Overall training model took 2508.49821806 ---
TP: 740 FP: 303 TN 1170 FN: 211
--- kfold: 0, accuracy: 0.78795379538, exp_mean*coverage: 0.553680021601
----- Fold: 1
Testing with 900 pos 1372 neg
Training with 3400 pos 5591 neg
--- Gather features---
--- Train BOW---
--- Make hists---
--- Fit model---
--- Overall training model took 2505.21097302 ---
TP: 686 FP: 238 TN 1134 FN: 214
--- kfold: 1, accuracy: 0.801056338028, exp_mean*coverage: 0.584472867774
----- Fold: 2
Testing with 785 pos 1569 neg
Training with 3515 pos 5394 neg
--- Gather features---
--- Train BOW---
--- Make hists---
--- Fit model---
--- Overall training model took 2436.32053995 ---
TP: 632 FP: 292 TN 1277 FN: 153
--- kfold: 2, accuracy: 0.810960067969, exp_mean*coverage: 0.592760813094
----- Fold: 3
Testing with 889 pos 1174 neg
Training with 3411 pos 5789 neg
--- Gather features---
--- Train BOW---
--- Make hists---
--- Fit model---
--- Overall training model took 2573.93762183 ---
TP: 733 FP: 178 TN 996 FN: 156
--- kfold: 3, accuracy: 0.838099854581, exp_mean*coverage: 0.648912788147
----- Fold: 4
Testing with 775 pos 1375 neg
Training with 3525 pos 5588 neg
--- Gather features---
--- Train BOW---
--- Make hists---
--- Fit model---
--- Overall training model took 2521.42594504 ---
TP: 571 FP: 284 TN 1091 FN: 204
--- kfold: 4, accuracy: 0.773023255814, exp_mean*coverage: 0.530474358206
----- Overall exp mean: 0.582060169764
----- Overall kfold took 12904.740365 ---
Got result -0.582060

Job file reloaded.
Completed successfully in 12904.96 seconds. [-0.582060]
setting job 20149 complete
set...
