Running in wrapper mode for '20109'

Running python job.

{u'nfeatures': array([69]), u'bow_size': array([815]), u'svm_gamma': array([ 1.55753624]), u'edgeThreshold': array([ 12.72302291]), u'svm_C': array([-0.11135159]), u'sigma': array([ 1.5551171]), u'contrastThreshold': array([ 0.01154234])}
----- Fold: 0
Testing with 951 pos 1473 neg
Training with 3349 pos 5490 neg
--- Gather features---
--- Train BOW---
--- Make hists---
--- No histograms for 66 images ---
--- Fit model---
/usr/local/lib/python2.7/dist-packages/sklearn/svm/base.py:176: FutureWarning: elementwise comparison failed; returning scalar instead, but in the future will perform elementwise comparison
  (self.gamma == 'auto')):
/usr/local/lib/python2.7/dist-packages/sklearn/svm/base.py:179: FutureWarning: elementwise comparison failed; returning scalar instead, but in the future will perform elementwise comparison
  elif self.gamma == 'auto':
--- Overall training model took 2660.9666512 ---
--- No histograms for 42 images ---
TP: 619 FP: 197 TN 1276 FN: 332
--- kfold: 0, accuracy: 0.781765676568, exp_mean*coverage: 0.553892664915
----- Fold: 1
Testing with 900 pos 1372 neg
Training with 3400 pos 5591 neg
--- Gather features---
--- Train BOW---
--- Make hists---
--- No histograms for 91 images ---
--- Fit model---
--- Overall training model took 2777.15021682 ---
--- No histograms for 17 images ---
TP: 631 FP: 162 TN 1210 FN: 269
--- kfold: 1, accuracy: 0.810299295775, exp_mean*coverage: 0.610355777239
----- Fold: 2
Testing with 785 pos 1569 neg
Training with 3515 pos 5394 neg
--- Gather features---
--- Train BOW---
--- Make hists---
--- No histograms for 81 images ---
--- Fit model---
--- Overall training model took 2590.09769821 ---
--- No histograms for 27 images ---
TP: 565 FP: 205 TN 1364 FN: 220
--- kfold: 2, accuracy: 0.81945624469, exp_mean*coverage: 0.60458729269
----- Fold: 3
Testing with 889 pos 1174 neg
Training with 3411 pos 5789 neg
--- Gather features---
--- Train BOW---
--- Make hists---
--- No histograms for 88 images ---
--- Fit model---
--- Overall training model took 2604.6286571 ---
--- No histograms for 20 images ---
TP: 725 FP: 128 TN 1046 FN: 164
--- kfold: 3, accuracy: 0.858458555502, exp_mean*coverage: 0.69439662474
----- Fold: 4
Testing with 775 pos 1375 neg
Training with 3525 pos 5588 neg
--- Gather features---
--- Train BOW---
--- Make hists---
--- No histograms for 106 images ---
--- Fit model---
--- Overall training model took 2676.34453297 ---
--- No histograms for 2 images ---
TP: 527 FP: 204 TN 1171 FN: 248
--- kfold: 4, accuracy: 0.78976744186, exp_mean*coverage: 0.564835970615
----- Overall exp mean: 0.60561366604
----- Overall kfold took 13610.669611 ---
Got result -0.605614

Job file reloaded.
Completed successfully in 13615.81 seconds. [-0.605614]
setting job 20109 complete
set...
