Running in wrapper mode for '20035'

Running python job.

{u'nfeatures': array([61]), u'bow_size': array([741]), u'svm_gamma': array([ 0.28130555]), u'edgeThreshold': array([ 46.79459641]), u'svm_C': array([ 3.]), u'sigma': array([ 2.51822901]), u'contrastThreshold': array([ 0.01059942])}
----- Fold: 0
Testing with 951 pos 1473 neg
Training with 3349 pos 5490 neg
--- Gather features---
--- Train BOW---
--- Make hists---
--- No histograms for 73 images ---
--- Fit model---
/usr/local/lib/python2.7/dist-packages/sklearn/svm/base.py:176: FutureWarning: elementwise comparison failed; returning scalar instead, but in the future will perform elementwise comparison
  (self.gamma == 'auto')):
/usr/local/lib/python2.7/dist-packages/sklearn/svm/base.py:179: FutureWarning: elementwise comparison failed; returning scalar instead, but in the future will perform elementwise comparison
  elif self.gamma == 'auto':
--- Overall training model took 1814.74492311 ---
--- No histograms for 35 images ---
TP: 682 FP: 231 TN 1242 FN: 269
--- kfold: 0, accuracy: 0.793729372937, exp_mean*coverage: 0.569828823539
----- Fold: 1
Testing with 900 pos 1372 neg
Training with 3400 pos 5591 neg
--- Gather features---
--- Train BOW---
--- Make hists---
--- No histograms for 83 images ---
--- Fit model---
--- Overall training model took 1778.39741683 ---
--- No histograms for 25 images ---
TP: 656 FP: 154 TN 1218 FN: 244
--- kfold: 1, accuracy: 0.824823943662, exp_mean*coverage: 0.63343754679
----- Fold: 2
Testing with 785 pos 1569 neg
Training with 3515 pos 5394 neg
--- Gather features---
--- Train BOW---
--- Make hists---
--- No histograms for 84 images ---
--- Fit model---
--- Overall training model took 1787.77765298 ---
--- No histograms for 24 images ---
TP: 584 FP: 254 TN 1315 FN: 201
--- kfold: 2, accuracy: 0.806711979609, exp_mean*coverage: 0.582085487273
----- Fold: 3
Testing with 889 pos 1174 neg
Training with 3411 pos 5789 neg
--- Gather features---
--- Train BOW---
--- Make hists---
--- No histograms for 90 images ---
--- Fit model---
--- Overall training model took 1921.695189 ---
--- No histograms for 18 images ---
TP: 697 FP: 137 TN 1037 FN: 192
--- kfold: 3, accuracy: 0.840523509452, exp_mean*coverage: 0.664715799108
----- Fold: 4
Testing with 775 pos 1375 neg
Training with 3525 pos 5588 neg
--- Gather features---
--- Train BOW---
--- Make hists---
--- No histograms for 102 images ---
--- Fit model---
--- Overall training model took 1860.01557994 ---
--- No histograms for 6 images ---
TP: 515 FP: 229 TN 1146 FN: 260
--- kfold: 4, accuracy: 0.772558139535, exp_mean*coverage: 0.533591404567
----- Overall exp mean: 0.596731812255
----- Overall kfold took 9451.44842505 ---
Got result -0.596732

Job file reloaded.
Completed successfully in 9455.18 seconds. [-0.596732]
setting job 20035 complete
set...
