Running in wrapper mode for '20060'

Running python job.

{u'nfeatures': array([100]), u'bow_size': array([1460]), u'svm_gamma': array([ 0.15141237]), u'edgeThreshold': array([ 3.]), u'svm_C': array([ 3.]), u'sigma': array([ 1.76977396]), u'contrastThreshold': array([ 0.001])}
----- Fold: 0
Testing with 951 pos 1473 neg
Training with 3349 pos 5490 neg
--- Gather features---
--- Train BOW---
--- Make hists---
--- Fit model---
/usr/local/lib/python2.7/dist-packages/sklearn/svm/base.py:176: FutureWarning: elementwise comparison failed; returning scalar instead, but in the future will perform elementwise comparison
  (self.gamma == 'auto')):
/usr/local/lib/python2.7/dist-packages/sklearn/svm/base.py:179: FutureWarning: elementwise comparison failed; returning scalar instead, but in the future will perform elementwise comparison
  elif self.gamma == 'auto':
--- Overall training model took 6645.96981502 ---
TP: 671 FP: 351 TN 1122 FN: 280
--- kfold: 0, accuracy: 0.739686468647, exp_mean*coverage: 0.47812251474
----- Fold: 1
Testing with 900 pos 1372 neg
Training with 3400 pos 5591 neg
--- Gather features---
--- Train BOW---
--- Make hists---
--- Fit model---
--- Overall training model took 6773.86077404 ---
TP: 637 FP: 304 TN 1068 FN: 263
--- kfold: 1, accuracy: 0.750440140845, exp_mean*coverage: 0.497797475112
----- Fold: 2
Testing with 785 pos 1569 neg
Training with 3515 pos 5394 neg
--- Gather features---
--- Train BOW---
--- Make hists---
--- Fit model---
--- Overall training model took 6930.65762115 ---
TP: 545 FP: 335 TN 1234 FN: 240
--- kfold: 2, accuracy: 0.755734919286, exp_mean*coverage: 0.499581689457
----- Fold: 3
Testing with 889 pos 1174 neg
Training with 3411 pos 5789 neg
--- Gather features---
--- Train BOW---
--- Make hists---
--- Fit model---
--- Overall training model took 6989.7969799 ---
TP: 677 FP: 207 TN 967 FN: 212
--- kfold: 3, accuracy: 0.796897721764, exp_mean*coverage: 0.580553624572
----- Fold: 4
Testing with 775 pos 1375 neg
Training with 3525 pos 5588 neg
--- Gather features---
--- Train BOW---
--- Make hists---
--- Fit model---
--- Overall training model took 6851.1938138 ---
TP: 539 FP: 317 TN 1058 FN: 236
--- kfold: 4, accuracy: 0.742790697674, exp_mean*coverage: 0.481432598554
----- Overall exp mean: 0.507497580487
----- Overall kfold took 34719.165133 ---
Got result -0.507498

Job file reloaded.
Completed successfully in 34719.74 seconds. [-0.507498]
setting job 20060 complete
set...
