Running in wrapper mode for '20063'

Running python job.

{u'nfeatures': array([100]), u'bow_size': array([361]), u'svm_gamma': array([-0.06299697]), u'edgeThreshold': array([ 3.]), u'svm_C': array([ 3.]), u'sigma': array([ 1.64966137]), u'contrastThreshold': array([ 0.001])}
----- Fold: 0
Testing with 951 pos 1473 neg
Training with 3349 pos 5490 neg
--- Gather features---
--- Train BOW---
--- Make hists---
--- Fit model---
/usr/local/lib/python2.7/dist-packages/sklearn/svm/base.py:176: FutureWarning: elementwise comparison failed; returning scalar instead, but in the future will perform elementwise comparison
  (self.gamma == 'auto')):
/usr/local/lib/python2.7/dist-packages/sklearn/svm/base.py:179: FutureWarning: elementwise comparison failed; returning scalar instead, but in the future will perform elementwise comparison
  elif self.gamma == 'auto':
--- Overall training model took 2123.46396685 ---
TP: 733 FP: 340 TN 1133 FN: 218
--- kfold: 0, accuracy: 0.769801980198, exp_mean*coverage: 0.519684936435
----- Fold: 1
Testing with 900 pos 1372 neg
Training with 3400 pos 5591 neg
--- Gather features---
--- Train BOW---
--- Make hists---
--- Fit model---
--- Overall training model took 2159.5531671 ---
TP: 685 FP: 293 TN 1079 FN: 215
--- kfold: 1, accuracy: 0.776408450704, exp_mean*coverage: 0.535184934906
----- Fold: 2
Testing with 785 pos 1569 neg
Training with 3515 pos 5394 neg
--- Gather features---
--- Train BOW---
--- Make hists---
--- Fit model---
--- Overall training model took 2136.40929294 ---
TP: 617 FP: 322 TN 1247 FN: 168
--- kfold: 2, accuracy: 0.791843670348, exp_mean*coverage: 0.558454471664
----- Fold: 3
Testing with 889 pos 1174 neg
Training with 3411 pos 5789 neg
--- Gather features---
--- Train BOW---
--- Make hists---
--- Fit model---
--- Overall training model took 2191.54905605 ---
TP: 715 FP: 189 TN 985 FN: 174
--- kfold: 3, accuracy: 0.824042656326, exp_mean*coverage: 0.62466539023
----- Fold: 4
Testing with 775 pos 1375 neg
Training with 3525 pos 5588 neg
--- Gather features---
--- Train BOW---
--- Make hists---
--- Fit model---
--- Overall training model took 2028.46443796 ---
TP: 572 FP: 337 TN 1038 FN: 203
--- kfold: 4, accuracy: 0.748837209302, exp_mean*coverage: 0.486840154494
----- Overall exp mean: 0.544965977546
----- Overall kfold took 10911.483546 ---
Got result -0.544966

Job file reloaded.
Completed successfully in 10912.86 seconds. [-0.544966]
setting job 20063 complete
set...
