Running in wrapper mode for '20158'

Running python job.

{u'nfeatures': array([100]), u'bow_size': array([604]), u'svm_gamma': array([ 1.0960079]), u'edgeThreshold': array([ 36.04501368]), u'svm_C': array([ 3.]), u'sigma': array([ 2.21864653]), u'contrastThreshold': array([ 0.001])}
----- Fold: 0
Testing with 951 pos 1473 neg
Training with 3349 pos 5490 neg
--- Gather features---
--- Train BOW---
--- Make hists---
--- Fit model---
/usr/local/lib/python2.7/dist-packages/sklearn/svm/base.py:176: FutureWarning: elementwise comparison failed; returning scalar instead, but in the future will perform elementwise comparison
  (self.gamma == 'auto')):
/usr/local/lib/python2.7/dist-packages/sklearn/svm/base.py:179: FutureWarning: elementwise comparison failed; returning scalar instead, but in the future will perform elementwise comparison
  elif self.gamma == 'auto':
--- Overall training model took 2852.69353104 ---
TP: 692 FP: 231 TN 1242 FN: 259
--- kfold: 0, accuracy: 0.797854785479, exp_mean*coverage: 0.584523759489
----- Fold: 1
Testing with 900 pos 1372 neg
Training with 3400 pos 5591 neg
--- Gather features---
--- Train BOW---
--- Make hists---
--- Fit model---
--- Overall training model took 2999.88169813 ---
TP: 637 FP: 159 TN 1213 FN: 263
--- kfold: 1, accuracy: 0.81426056338, exp_mean*coverage: 0.622027232739
----- Fold: 2
Testing with 785 pos 1569 neg
Training with 3515 pos 5394 neg
--- Gather features---
--- Train BOW---
--- Make hists---
--- Fit model---
--- Overall training model took 2948.65683317 ---
TP: 577 FP: 241 TN 1328 FN: 208
--- kfold: 2, accuracy: 0.809260832625, exp_mean*coverage: 0.59290634412
----- Fold: 3
Testing with 889 pos 1174 neg
Training with 3411 pos 5789 neg
--- Gather features---
--- Train BOW---
--- Make hists---
--- Fit model---
--- Overall training model took 3028.23010302 ---
TP: 678 FP: 107 TN 1067 FN: 211
--- kfold: 3, accuracy: 0.84585555017, exp_mean*coverage: 0.690421829158
----- Fold: 4
Testing with 775 pos 1375 neg
Training with 3525 pos 5588 neg
--- Gather features---
--- Train BOW---
--- Make hists---
--- Fit model---
--- Overall training model took 2852.06620908 ---
TP: 526 FP: 206 TN 1169 FN: 249
--- kfold: 4, accuracy: 0.788372093023, exp_mean*coverage: 0.562870780029
----- Overall exp mean: 0.610549989107
----- Overall kfold took 15042.0699961 ---
Got result -0.610550

Job file reloaded.
Completed successfully in 15042.34 seconds. [-0.610550]
setting job 20158 complete
set...
