Running in wrapper mode for '20185'

Running python job.

{u'nfeatures': array([100]), u'bow_size': array([728]), u'svm_gamma': array([ 1.71924937]), u'edgeThreshold': array([ 50.]), u'svm_C': array([ 3.]), u'sigma': array([ 2.57192202]), u'contrastThreshold': array([ 0.001])}
----- Fold: 0
Testing with 951 pos 1473 neg
Training with 3349 pos 5490 neg
--- Gather features---
--- Train BOW---
--- Make hists---
--- Fit model---
/usr/local/lib/python2.7/dist-packages/sklearn/svm/base.py:176: FutureWarning: elementwise comparison failed; returning scalar instead, but in the future will perform elementwise comparison
  (self.gamma == 'auto')):
/usr/local/lib/python2.7/dist-packages/sklearn/svm/base.py:179: FutureWarning: elementwise comparison failed; returning scalar instead, but in the future will perform elementwise comparison
  elif self.gamma == 'auto':
--- Overall training model took 2856.10108209 ---
TP: 645 FP: 166 TN 1307 FN: 306
--- kfold: 0, accuracy: 0.805280528053, exp_mean*coverage: 0.606264124244
----- Fold: 1
Testing with 900 pos 1372 neg
Training with 3400 pos 5591 neg
--- Gather features---
--- Train BOW---
--- Make hists---
--- Fit model---
--- Overall training model took 2753.73796201 ---
TP: 618 FP: 124 TN 1248 FN: 282
--- kfold: 1, accuracy: 0.821302816901, exp_mean*coverage: 0.639094829096
----- Fold: 2
Testing with 785 pos 1569 neg
Training with 3515 pos 5394 neg
--- Gather features---
--- Train BOW---
--- Make hists---
--- Fit model---
--- Overall training model took 2824.8521812 ---
TP: 565 FP: 176 TN 1393 FN: 220
--- kfold: 2, accuracy: 0.831775700935, exp_mean*coverage: 0.634539110949
----- Fold: 3
Testing with 889 pos 1174 neg
Training with 3411 pos 5789 neg
--- Gather features---
--- Train BOW---
--- Make hists---
--- Fit model---
--- Overall training model took 2892.73596311 ---
TP: 653 FP: 67 TN 1107 FN: 236
--- kfold: 3, accuracy: 0.853126514784, exp_mean*coverage: 0.715892367446
----- Fold: 4
Testing with 775 pos 1375 neg
Training with 3525 pos 5588 neg
--- Gather features---
--- Train BOW---
--- Make hists---
--- Fit model---
--- Overall training model took 2768.53960204 ---
TP: 460 FP: 185 TN 1190 FN: 315
--- kfold: 4, accuracy: 0.767441860465, exp_mean*coverage: 0.525133298405
----- Overall exp mean: 0.624184746028
----- Overall kfold took 14490.2875259 ---
Got result -0.624185

Job file reloaded.
Completed successfully in 14491.01 seconds. [-0.624185]
setting job 20185 complete
set...
