Running in wrapper mode for '20177'

Running python job.

{u'nfeatures': array([54]), u'bow_size': array([1009]), u'svm_gamma': array([ 1.56122745]), u'edgeThreshold': array([ 41.6703131]), u'svm_C': array([ 1.50073222]), u'sigma': array([ 3.41152687]), u'contrastThreshold': array([ 0.001])}
----- Fold: 0
Testing with 951 pos 1473 neg
Training with 3349 pos 5490 neg
--- Gather features---
--- Train BOW---
--- Make hists---
--- Fit model---
/usr/local/lib/python2.7/dist-packages/sklearn/svm/base.py:176: FutureWarning: elementwise comparison failed; returning scalar instead, but in the future will perform elementwise comparison
  (self.gamma == 'auto')):
/usr/local/lib/python2.7/dist-packages/sklearn/svm/base.py:179: FutureWarning: elementwise comparison failed; returning scalar instead, but in the future will perform elementwise comparison
  elif self.gamma == 'auto':
--- Overall training model took 2342.06331515 ---
TP: 635 FP: 172 TN 1301 FN: 316
--- kfold: 0, accuracy: 0.798679867987, exp_mean*coverage: 0.594395302134
----- Fold: 1
Testing with 900 pos 1372 neg
Training with 3400 pos 5591 neg
--- Gather features---
--- Train BOW---
--- Make hists---
--- Fit model---
--- Overall training model took 2279.90244794 ---
TP: 598 FP: 116 TN 1256 FN: 302
--- kfold: 1, accuracy: 0.816021126761, exp_mean*coverage: 0.630530617411
----- Fold: 2
Testing with 785 pos 1569 neg
Training with 3515 pos 5394 neg
--- Gather features---
--- Train BOW---
--- Make hists---
--- Fit model---
--- Overall training model took 2304.21619296 ---
TP: 539 FP: 166 TN 1403 FN: 246
--- kfold: 2, accuracy: 0.824978759558, exp_mean*coverage: 0.620226194736
----- Fold: 3
Testing with 889 pos 1174 neg
Training with 3411 pos 5789 neg
--- Gather features---
--- Train BOW---
--- Make hists---
--- Fit model---
--- Overall training model took 2369.65312099 ---
TP: 623 FP: 64 TN 1110 FN: 266
--- kfold: 3, accuracy: 0.840038778478, exp_mean*coverage: 0.694361699652
----- Fold: 4
Testing with 775 pos 1375 neg
Training with 3525 pos 5588 neg
--- Gather features---
--- Train BOW---
--- Make hists---
--- Fit model---
--- Overall training model took 2295.29688191 ---
TP: 439 FP: 175 TN 1200 FN: 336
--- kfold: 4, accuracy: 0.762325581395, exp_mean*coverage: 0.514528661757
----- Overall exp mean: 0.610808495138
----- Overall kfold took 12005.2849841 ---
Got result -0.610808

Job file reloaded.
Completed successfully in 12010.92 seconds. [-0.610808]
setting job 20177 complete
set...
