Running in wrapper mode for '20028'

Running python job.

{u'nfeatures': array([36]), u'bow_size': array([1057]), u'svm_gamma': array([ 0.51522456]), u'edgeThreshold': array([ 45.31001936]), u'svm_C': array([ 1.47939822]), u'sigma': array([ 2.28483294]), u'contrastThreshold': array([ 0.001])}
----- Fold: 0
Testing with 951 pos 1473 neg
Training with 3349 pos 5490 neg
--- Gather features---
--- Train BOW---
--- Make hists---
--- Fit model---
/usr/local/lib/python2.7/dist-packages/sklearn/svm/base.py:176: FutureWarning: elementwise comparison failed; returning scalar instead, but in the future will perform elementwise comparison
  (self.gamma == 'auto')):
/usr/local/lib/python2.7/dist-packages/sklearn/svm/base.py:179: FutureWarning: elementwise comparison failed; returning scalar instead, but in the future will perform elementwise comparison
  elif self.gamma == 'auto':
--- Overall training model took 2333.00513506 ---
TP: 712 FP: 316 TN 1157 FN: 239
--- kfold: 0, accuracy: 0.77103960396, exp_mean*coverage: 0.527476576387
----- Fold: 1
Testing with 900 pos 1372 neg
Training with 3400 pos 5591 neg
--- Gather features---
--- Train BOW---
--- Make hists---
--- Fit model---
--- Overall training model took 2351.98535109 ---
TP: 649 FP: 263 TN 1109 FN: 251
--- kfold: 1, accuracy: 0.773767605634, exp_mean*coverage: 0.539215231419
----- Fold: 2
Testing with 785 pos 1569 neg
Training with 3515 pos 5394 neg
--- Gather features---
--- Train BOW---
--- Make hists---
--- Fit model---
--- Overall training model took 2334.22501683 ---
TP: 593 FP: 253 TN 1316 FN: 192
--- kfold: 2, accuracy: 0.810960067969, exp_mean*coverage: 0.595657250394
----- Fold: 3
Testing with 889 pos 1174 neg
Training with 3411 pos 5789 neg
--- Gather features---
--- Train BOW---
--- Make hists---
--- Fit model---
--- Overall training model took 2418.77435112 ---
TP: 697 FP: 169 TN 1005 FN: 192
--- kfold: 3, accuracy: 0.825012118274, exp_mean*coverage: 0.63477483509
----- Fold: 4
Testing with 775 pos 1375 neg
Training with 3525 pos 5588 neg
--- Gather features---
--- Train BOW---
--- Make hists---
--- Fit model---
--- Overall training model took 2371.15038705 ---
TP: 567 FP: 276 TN 1099 FN: 208
--- kfold: 4, accuracy: 0.77488372093, exp_mean*coverage: 0.534474829292
----- Overall exp mean: 0.566319744517
----- Overall kfold took 12118.1452422 ---
Got result -0.566320

Job file reloaded.
Completed successfully in 12118.38 seconds. [-0.566320]
setting job 20028 complete
set...
