Running in wrapper mode for '20285'

Running python job.

{u'nfeatures': array([20]), u'bow_size': array([1228]), u'svm_gamma': array([ 0.90473205]), u'edgeThreshold': array([ 50.]), u'svm_C': array([ 0.12404513]), u'sigma': array([ 3.6660638]), u'contrastThreshold': array([ 0.01033864])}
----- Fold: 0
Testing with 951 pos 1473 neg
Training with 3349 pos 5490 neg
--- Gather features---
--- Train BOW---
--- Make hists---
--- No histograms for 135 images ---
--- Fit model---
/usr/local/lib/python2.7/dist-packages/sklearn/svm/base.py:176: FutureWarning: elementwise comparison failed; returning scalar instead, but in the future will perform elementwise comparison
  (self.gamma == 'auto')):
/usr/local/lib/python2.7/dist-packages/sklearn/svm/base.py:179: FutureWarning: elementwise comparison failed; returning scalar instead, but in the future will perform elementwise comparison
  elif self.gamma == 'auto':
--- Overall training model took 1124.63662696 ---
--- No histograms for 63 images ---
TP: 749 FP: 273 TN 1200 FN: 202
--- kfold: 0, accuracy: 0.80404290429, exp_mean*coverage: 0.568855184762
----- Fold: 1
Testing with 900 pos 1372 neg
Training with 3400 pos 5591 neg
--- Gather features---
--- Train BOW---
--- Make hists---
--- No histograms for 163 images ---
--- Fit model---
--- Overall training model took 1067.05313396 ---
--- No histograms for 35 images ---
TP: 710 FP: 197 TN 1175 FN: 190
--- kfold: 1, accuracy: 0.829665492958, exp_mean*coverage: 0.628370963121
----- Fold: 2
Testing with 785 pos 1569 neg
Training with 3515 pos 5394 neg
--- Gather features---
--- Train BOW---
--- Make hists---
--- No histograms for 164 images ---
--- Fit model---
--- Overall training model took 1289.69110084 ---
--- No histograms for 34 images ---
TP: 597 FP: 263 TN 1306 FN: 188
--- kfold: 2, accuracy: 0.808411214953, exp_mean*coverage: 0.582197639853
----- Fold: 3
Testing with 889 pos 1174 neg
Training with 3411 pos 5789 neg
--- Gather features---
--- Train BOW---
--- Make hists---
--- No histograms for 163 images ---
--- Fit model---
--- Overall training model took 1174.70676398 ---
--- No histograms for 35 images ---
TP: 708 FP: 132 TN 1042 FN: 181
--- kfold: 3, accuracy: 0.848279205041, exp_mean*coverage: 0.672615209891
----- Fold: 4
Testing with 775 pos 1375 neg
Training with 3525 pos 5588 neg
--- Gather features---
--- Train BOW---
--- Make hists---
--- No histograms for 167 images ---
--- Fit model---
--- Overall training model took 1170.21759892 ---
--- No histograms for 31 images ---
TP: 524 FP: 259 TN 1116 FN: 251
--- kfold: 4, accuracy: 0.762790697674, exp_mean*coverage: 0.51003185769
----- Overall exp mean: 0.592414171063
----- Overall kfold took 6159.56524587 ---
Got result -0.592414

Job file reloaded.
Completed successfully in 6159.83 seconds. [-0.592414]
setting job 20285 complete
set...
