Running in wrapper mode for '20048'

Running python job.

{u'nfeatures': array([56]), u'bow_size': array([955]), u'svm_gamma': array([ 0.76952603]), u'edgeThreshold': array([ 50.]), u'svm_C': array([ 3.]), u'sigma': array([ 2.65824784]), u'contrastThreshold': array([ 0.01382068])}
----- Fold: 0
Testing with 951 pos 1473 neg
Training with 3349 pos 5490 neg
--- Gather features---
--- Train BOW---
--- Make hists---
--- No histograms for 162 images ---
--- Fit model---
/usr/local/lib/python2.7/dist-packages/sklearn/svm/base.py:176: FutureWarning: elementwise comparison failed; returning scalar instead, but in the future will perform elementwise comparison
  (self.gamma == 'auto')):
/usr/local/lib/python2.7/dist-packages/sklearn/svm/base.py:179: FutureWarning: elementwise comparison failed; returning scalar instead, but in the future will perform elementwise comparison
  elif self.gamma == 'auto':
--- Overall training model took 1990.66053319 ---
--- No histograms for 68 images ---
TP: 659 FP: 251 TN 1222 FN: 292
--- kfold: 0, accuracy: 0.77599009901, exp_mean*coverage: 0.532342509086
----- Fold: 1
Testing with 900 pos 1372 neg
Training with 3400 pos 5591 neg
--- Gather features---
--- Train BOW---
--- Make hists---
--- No histograms for 188 images ---
--- Fit model---
--- Overall training model took 1809.87948704 ---
--- No histograms for 42 images ---
TP: 670 FP: 189 TN 1183 FN: 230
--- kfold: 1, accuracy: 0.815580985915, exp_mean*coverage: 0.606910098907
----- Fold: 2
Testing with 785 pos 1569 neg
Training with 3515 pos 5394 neg
--- Gather features---
--- Train BOW---
--- Make hists---
--- No histograms for 188 images ---
--- Fit model---
--- Overall training model took 1724.95269608 ---
--- No histograms for 42 images ---
TP: 580 FP: 263 TN 1306 FN: 205
--- kfold: 2, accuracy: 0.801189464741, exp_mean*coverage: 0.567754430862
----- Fold: 3
Testing with 889 pos 1174 neg
Training with 3411 pos 5789 neg
--- Gather features---
--- Train BOW---
--- Make hists---
--- No histograms for 187 images ---
--- Fit model---
--- Overall training model took 1990.28410006 ---
--- No histograms for 43 images ---
TP: 683 FP: 109 TN 1065 FN: 206
--- kfold: 3, accuracy: 0.847309743093, exp_mean*coverage: 0.677538522165
----- Fold: 4
Testing with 775 pos 1375 neg
Training with 3525 pos 5588 neg
--- Gather features---
--- Train BOW---
--- Make hists---
--- No histograms for 195 images ---
--- Fit model---
--- Overall training model took 1995.27942705 ---
--- No histograms for 35 images ---
TP: 525 FP: 229 TN 1146 FN: 250
--- kfold: 4, accuracy: 0.777209302326, exp_mean*coverage: 0.534021167039
----- Overall exp mean: 0.583713345612
----- Overall kfold took 9809.06447291 ---
Got result -0.583713

Job file reloaded.
Completed successfully in 9809.29 seconds. [-0.583713]
setting job 20048 complete
set...
