Running in wrapper mode for '20034'

Running python job.

{u'nfeatures': array([40]), u'bow_size': array([667]), u'svm_gamma': array([ 0.19213594]), u'edgeThreshold': array([ 44.00299595]), u'svm_C': array([ 3.]), u'sigma': array([ 2.45065791]), u'contrastThreshold': array([ 0.001])}
----- Fold: 0
Testing with 951 pos 1473 neg
Training with 3349 pos 5490 neg
--- Gather features---
--- Train BOW---
--- Make hists---
--- Fit model---
/usr/local/lib/python2.7/dist-packages/sklearn/svm/base.py:176: FutureWarning: elementwise comparison failed; returning scalar instead, but in the future will perform elementwise comparison
  (self.gamma == 'auto')):
/usr/local/lib/python2.7/dist-packages/sklearn/svm/base.py:179: FutureWarning: elementwise comparison failed; returning scalar instead, but in the future will perform elementwise comparison
  elif self.gamma == 'auto':
--- Overall training model took 1609.96210098 ---
TP: 672 FP: 235 TN 1238 FN: 279
--- kfold: 0, accuracy: 0.78795379538, exp_mean*coverage: 0.568588260019
----- Fold: 1
Testing with 900 pos 1372 neg
Training with 3400 pos 5591 neg
--- Gather features---
--- Train BOW---
--- Make hists---
--- Fit model---
--- Overall training model took 1632.86086011 ---
TP: 628 FP: 194 TN 1178 FN: 272
--- kfold: 1, accuracy: 0.794894366197, exp_mean*coverage: 0.584685621836
----- Fold: 2
Testing with 785 pos 1569 neg
Training with 3515 pos 5394 neg
--- Gather features---
--- Train BOW---
--- Make hists---
--- Fit model---
--- Overall training model took 1578.60364199 ---
TP: 572 FP: 216 TN 1353 FN: 213
--- kfold: 2, accuracy: 0.817757009346, exp_mean*coverage: 0.608591344999
----- Fold: 3
Testing with 889 pos 1174 neg
Training with 3411 pos 5789 neg
--- Gather features---
--- Train BOW---
--- Make hists---
--- Fit model---
--- Overall training model took 1659.52667403 ---
TP: 656 FP: 99 TN 1075 FN: 233
--- kfold: 3, accuracy: 0.839069316529, exp_mean*coverage: 0.682412858708
----- Fold: 4
Testing with 775 pos 1375 neg
Training with 3525 pos 5588 neg
--- Gather features---
--- Train BOW---
--- Make hists---
--- Fit model---
--- Overall training model took 1658.84072089 ---
TP: 514 FP: 223 TN 1152 FN: 261
--- kfold: 4, accuracy: 0.77488372093, exp_mean*coverage: 0.539210299348
----- Overall exp mean: 0.596697676982
----- Overall kfold took 8425.71172905 ---
Got result -0.596698

Job file reloaded.
Completed successfully in 8425.93 seconds. [-0.596698]
setting job 20034 complete
set...
