Running in wrapper mode for '20081'

Running python job.

{u'nfeatures': array([100]), u'bow_size': array([677]), u'svm_gamma': array([ 0.53489554]), u'edgeThreshold': array([ 13.86560036]), u'svm_C': array([ 2.57369755]), u'sigma': array([ 2.43918889]), u'contrastThreshold': array([ 0.001])}
----- Fold: 0
Testing with 951 pos 1473 neg
Training with 3349 pos 5490 neg
--- Gather features---
--- Train BOW---
--- Make hists---
--- Fit model---
/usr/local/lib/python2.7/dist-packages/sklearn/svm/base.py:176: FutureWarning: elementwise comparison failed; returning scalar instead, but in the future will perform elementwise comparison
  (self.gamma == 'auto')):
/usr/local/lib/python2.7/dist-packages/sklearn/svm/base.py:179: FutureWarning: elementwise comparison failed; returning scalar instead, but in the future will perform elementwise comparison
  elif self.gamma == 'auto':
--- Overall training model took 2562.06428218 ---
TP: 713 FP: 236 TN 1237 FN: 238
--- kfold: 0, accuracy: 0.804455445545, exp_mean*coverage: 0.59357271189
----- Fold: 1
Testing with 900 pos 1372 neg
Training with 3400 pos 5591 neg
--- Gather features---
--- Train BOW---
--- Make hists---
--- Fit model---
--- Overall training model took 2711.50975204 ---
TP: 656 FP: 187 TN 1185 FN: 244
--- kfold: 1, accuracy: 0.810299295775, exp_mean*coverage: 0.610426551435
----- Fold: 2
Testing with 785 pos 1569 neg
Training with 3515 pos 5394 neg
--- Gather features---
--- Train BOW---
--- Make hists---
--- Fit model---
--- Overall training model took 2671.55799794 ---
TP: 574 FP: 234 TN 1335 FN: 211
--- kfold: 2, accuracy: 0.810960067969, exp_mean*coverage: 0.596051438508
----- Fold: 3
Testing with 889 pos 1174 neg
Training with 3411 pos 5789 neg
--- Gather features---
--- Train BOW---
--- Make hists---
--- Fit model---
--- Overall training model took 2414.08145499 ---
TP: 699 FP: 132 TN 1042 FN: 190
--- kfold: 3, accuracy: 0.843916626272, exp_mean*coverage: 0.677689722926
----- Fold: 4
Testing with 775 pos 1375 neg
Training with 3525 pos 5588 neg
--- Gather features---
--- Train BOW---
--- Make hists---
--- Fit model---
--- Overall training model took 2782.18799806 ---
TP: 516 FP: 220 TN 1155 FN: 259
--- kfold: 4, accuracy: 0.777209302326, exp_mean*coverage: 0.543250018709
----- Overall exp mean: 0.604198088694
----- Overall kfold took 13501.804024 ---
Got result -0.604198

Job file reloaded.
Completed successfully in 13502.05 seconds. [-0.604198]
setting job 20081 complete
set...
