Running in wrapper mode for '20098'

Running python job.

{u'nfeatures': array([57]), u'bow_size': array([861]), u'svm_gamma': array([ 0.36027043]), u'edgeThreshold': array([ 50.]), u'svm_C': array([ 3.]), u'sigma': array([ 1.49192769]), u'contrastThreshold': array([ 0.02603832])}
----- Fold: 0
Testing with 951 pos 1473 neg
Training with 3349 pos 5490 neg
--- Gather features---
--- Train BOW---
--- Make hists---
--- No histograms for 712 images ---
--- Fit model---
/usr/local/lib/python2.7/dist-packages/sklearn/svm/base.py:176: FutureWarning: elementwise comparison failed; returning scalar instead, but in the future will perform elementwise comparison
  (self.gamma == 'auto')):
/usr/local/lib/python2.7/dist-packages/sklearn/svm/base.py:179: FutureWarning: elementwise comparison failed; returning scalar instead, but in the future will perform elementwise comparison
  elif self.gamma == 'auto':
--- Overall training model took 1380.80092096 ---
--- No histograms for 286 images ---
TP: 640 FP: 231 TN 1242 FN: 311
--- kfold: 0, accuracy: 0.776402640264, exp_mean*coverage: 0.486219826379
----- Fold: 1
Testing with 900 pos 1372 neg
Training with 3400 pos 5591 neg
--- Gather features---
--- Train BOW---
--- Make hists---
--- No histograms for 811 images ---
--- Fit model---
--- Overall training model took 1464.23434997 ---
--- No histograms for 187 images ---
TP: 598 FP: 208 TN 1164 FN: 302
--- kfold: 1, accuracy: 0.775528169014, exp_mean*coverage: 0.50651202327
----- Fold: 2
Testing with 785 pos 1569 neg
Training with 3515 pos 5394 neg
--- Gather features---
--- Train BOW---
--- Make hists---
--- No histograms for 804 images ---
--- Fit model---
--- Overall training model took 1330.94325399 ---
--- No histograms for 194 images ---
TP: 517 FP: 285 TN 1284 FN: 268
--- kfold: 2, accuracy: 0.765080713679, exp_mean*coverage: 0.472347474504
----- Fold: 3
Testing with 889 pos 1174 neg
Training with 3411 pos 5789 neg
--- Gather features---
--- Train BOW---
--- Make hists---
--- No histograms for 856 images ---
--- Fit model---
--- Overall training model took 1554.8977859 ---
--- No histograms for 142 images ---
TP: 668 FP: 161 TN 1013 FN: 221
--- kfold: 3, accuracy: 0.814832767814, exp_mean*coverage: 0.580539163485
----- Fold: 4
Testing with 775 pos 1375 neg
Training with 3525 pos 5588 neg
--- Gather features---
--- Train BOW---
--- Make hists---
--- No histograms for 809 images ---
--- Fit model---
--- Overall training model took 1405.45391297 ---
--- No histograms for 189 images ---
TP: 492 FP: 216 TN 1159 FN: 283
--- kfold: 4, accuracy: 0.767906976744, exp_mean*coverage: 0.481008748254
----- Overall exp mean: 0.505325447179
----- Overall kfold took 7326.02940392 ---
Got result -0.505325

Job file reloaded.
Completed successfully in 7326.30 seconds. [-0.505325]
setting job 20098 complete
set...
