Running in wrapper mode for '20248'

Running python job.

{u'nfeatures': array([100]), u'bow_size': array([774]), u'svm_gamma': array([ 1.30837589]), u'edgeThreshold': array([ 50.]), u'svm_C': array([ 0.70665734]), u'sigma': array([ 2.28981823]), u'contrastThreshold': array([ 0.01053301])}
----- Fold: 0
Testing with 951 pos 1473 neg
Training with 3349 pos 5490 neg
--- Gather features---
--- Train BOW---
--- Make hists---
--- No histograms for 67 images ---
--- Fit model---
/usr/local/lib/python2.7/dist-packages/sklearn/svm/base.py:176: FutureWarning: elementwise comparison failed; returning scalar instead, but in the future will perform elementwise comparison
  (self.gamma == 'auto')):
/usr/local/lib/python2.7/dist-packages/sklearn/svm/base.py:179: FutureWarning: elementwise comparison failed; returning scalar instead, but in the future will perform elementwise comparison
  elif self.gamma == 'auto':
--- Overall training model took 2513.05613184 ---
--- No histograms for 31 images ---
TP: 672 FP: 205 TN 1268 FN: 279
--- kfold: 0, accuracy: 0.800330033003, exp_mean*coverage: 0.585336406396
----- Fold: 1
Testing with 900 pos 1372 neg
Training with 3400 pos 5591 neg
--- Gather features---
--- Train BOW---
--- Make hists---
--- No histograms for 78 images ---
--- Fit model---
--- Overall training model took 2580.42290497 ---
--- No histograms for 20 images ---
TP: 660 FP: 178 TN 1194 FN: 240
--- kfold: 1, accuracy: 0.816021126761, exp_mean*coverage: 0.615919573241
----- Fold: 2
Testing with 785 pos 1569 neg
Training with 3515 pos 5394 neg
--- Gather features---
--- Train BOW---
--- Make hists---
--- No histograms for 73 images ---
--- Fit model---
--- Overall training model took 2565.01478195 ---
--- No histograms for 25 images ---
TP: 595 FP: 216 TN 1353 FN: 190
--- kfold: 2, accuracy: 0.827527612574, exp_mean*coverage: 0.620196776344
----- Fold: 3
Testing with 889 pos 1174 neg
Training with 3411 pos 5789 neg
--- Gather features---
--- Train BOW---
--- Make hists---
--- No histograms for 83 images ---
--- Fit model---
--- Overall training model took 2688.7503469 ---
--- No histograms for 15 images ---
TP: 730 FP: 107 TN 1067 FN: 159
--- kfold: 3, accuracy: 0.871061560834, exp_mean*coverage: 0.724461170289
----- Fold: 4
Testing with 775 pos 1375 neg
Training with 3525 pos 5588 neg
--- Gather features---
--- Train BOW---
--- Make hists---
--- No histograms for 91 images ---
--- Fit model---
--- Overall training model took 2639.0942142 ---
--- No histograms for 7 images ---
TP: 533 FP: 204 TN 1171 FN: 242
--- kfold: 4, accuracy: 0.792558139535, exp_mean*coverage: 0.568326210464
----- Overall exp mean: 0.622848027347
----- Overall kfold took 13361.2520289 ---
Got result -0.622848

Job file reloaded.
Completed successfully in 13361.75 seconds. [-0.622848]
setting job 20248 complete
set...
