Running in wrapper mode for '20304'

Running python job.

{u'nfeatures': array([100]), u'bow_size': array([1501]), u'svm_gamma': array([-1.43460326]), u'edgeThreshold': array([ 50.]), u'svm_C': array([ 3.]), u'sigma': array([ 2.52839698]), u'contrastThreshold': array([ 0.001])}
----- Fold: 0
Testing with 951 pos 1473 neg
Training with 3349 pos 5490 neg
--- Gather features---
--- Train BOW---
--- Make hists---
--- Fit model---
/usr/local/lib/python2.7/dist-packages/sklearn/svm/base.py:176: FutureWarning: elementwise comparison failed; returning scalar instead, but in the future will perform elementwise comparison
  (self.gamma == 'auto')):
/usr/local/lib/python2.7/dist-packages/sklearn/svm/base.py:179: FutureWarning: elementwise comparison failed; returning scalar instead, but in the future will perform elementwise comparison
  elif self.gamma == 'auto':
--- Overall training model took 5652.32410383 ---
TP: 746 FP: 332 TN 1141 FN: 205
--- kfold: 0, accuracy: 0.778465346535, exp_mean*coverage: 0.53310628627
----- Fold: 1
Testing with 900 pos 1372 neg
Training with 3400 pos 5591 neg
--- Gather features---
--- Train BOW---
--- Make hists---
--- Fit model---
--- Overall training model took 5455.05187583 ---
TP: 677 FP: 236 TN 1136 FN: 223
--- kfold: 1, accuracy: 0.797975352113, exp_mean*coverage: 0.580499706428
----- Fold: 2
Testing with 785 pos 1569 neg
Training with 3515 pos 5394 neg
--- Gather features---
--- Train BOW---
--- Make hists---
--- Fit model---
--- Overall training model took 5906.27633905 ---
TP: 606 FP: 323 TN 1246 FN: 179
--- kfold: 2, accuracy: 0.786745964316, exp_mean*coverage: 0.550197545168
----- Fold: 3
Testing with 889 pos 1174 neg
Training with 3411 pos 5789 neg
--- Gather features---
--- Train BOW---
--- Make hists---
--- Fit model---
--- Overall training model took 5995.76131392 ---
TP: 743 FP: 201 TN 973 FN: 146
--- kfold: 3, accuracy: 0.831798351915, exp_mean*coverage: 0.629279509381
----- Fold: 4
Testing with 775 pos 1375 neg
Training with 3525 pos 5588 neg
--- Gather features---
--- Train BOW---
--- Make hists---
--- Fit model---
--- Overall training model took 5798.76324701 ---
TP: 568 FP: 323 TN 1052 FN: 207
--- kfold: 4, accuracy: 0.753488372093, exp_mean*coverage: 0.495772916178
----- Overall exp mean: 0.557771192685
----- Overall kfold took 29350.0682151 ---
Got result -0.557771

Job file reloaded.
Completed successfully in 29350.70 seconds. [-0.557771]
setting job 20304 complete
set...
