Running in wrapper mode for '20142'

Running python job.

{u'nfeatures': array([48]), u'bow_size': array([1206]), u'svm_gamma': array([ 1.33263994]), u'edgeThreshold': array([ 45.74645475]), u'svm_C': array([ 2.24467204]), u'sigma': array([ 3.03405247]), u'contrastThreshold': array([ 0.001])}
----- Fold: 0
Testing with 951 pos 1473 neg
Training with 3349 pos 5490 neg
--- Gather features---
--- Train BOW---
--- Make hists---
--- Fit model---
/usr/local/lib/python2.7/dist-packages/sklearn/svm/base.py:176: FutureWarning: elementwise comparison failed; returning scalar instead, but in the future will perform elementwise comparison
  (self.gamma == 'auto')):
/usr/local/lib/python2.7/dist-packages/sklearn/svm/base.py:179: FutureWarning: elementwise comparison failed; returning scalar instead, but in the future will perform elementwise comparison
  elif self.gamma == 'auto':
--- Overall training model took 2822.27460289 ---
TP: 677 FP: 204 TN 1269 FN: 274
--- kfold: 0, accuracy: 0.802805280528, exp_mean*coverage: 0.597047859262
----- Fold: 1
Testing with 900 pos 1372 neg
Training with 3400 pos 5591 neg
--- Gather features---
--- Train BOW---
--- Make hists---
--- Fit model---
--- Overall training model took 2908.4821372 ---
TP: 639 FP: 135 TN 1237 FN: 261
--- kfold: 1, accuracy: 0.825704225352, exp_mean*coverage: 0.645239641149
----- Fold: 2
Testing with 785 pos 1569 neg
Training with 3515 pos 5394 neg
--- Gather features---
--- Train BOW---
--- Make hists---
--- Fit model---
--- Overall training model took 2821.98047209 ---
TP: 576 FP: 194 TN 1375 FN: 209
--- kfold: 2, accuracy: 0.828802039082, exp_mean*coverage: 0.629294868726
----- Fold: 3
Testing with 889 pos 1174 neg
Training with 3411 pos 5789 neg
--- Gather features---
--- Train BOW---
--- Make hists---
--- Fit model---
--- Overall training model took 3063.09024978 ---
TP: 658 FP: 98 TN 1076 FN: 231
--- kfold: 3, accuracy: 0.840523509452, exp_mean*coverage: 0.685086492301
----- Fold: 4
Testing with 775 pos 1375 neg
Training with 3525 pos 5588 neg
--- Gather features---
--- Train BOW---
--- Make hists---
--- Fit model---
--- Overall training model took 2973.7831161 ---
TP: 496 FP: 221 TN 1154 FN: 279
--- kfold: 4, accuracy: 0.767441860465, exp_mean*coverage: 0.526581290046
----- Overall exp mean: 0.616650030297
----- Overall kfold took 15013.359061 ---
Got result -0.616650

Job file reloaded.
Completed successfully in 15013.58 seconds. [-0.616650]
setting job 20142 complete
set...
