Running in wrapper mode for '20133'

Running python job.

{u'nfeatures': array([60]), u'bow_size': array([733]), u'svm_gamma': array([ 1.60137756]), u'edgeThreshold': array([ 37.41355936]), u'svm_C': array([-0.00613329]), u'sigma': array([ 1.59649815]), u'contrastThreshold': array([ 0.001])}
----- Fold: 0
Testing with 951 pos 1473 neg
Training with 3349 pos 5490 neg
--- Gather features---
--- Train BOW---
--- Make hists---
--- Fit model---
/usr/local/lib/python2.7/dist-packages/sklearn/svm/base.py:176: FutureWarning: elementwise comparison failed; returning scalar instead, but in the future will perform elementwise comparison
  (self.gamma == 'auto')):
/usr/local/lib/python2.7/dist-packages/sklearn/svm/base.py:179: FutureWarning: elementwise comparison failed; returning scalar instead, but in the future will perform elementwise comparison
  elif self.gamma == 'auto':
--- Overall training model took 2681.33705807 ---
TP: 699 FP: 239 TN 1234 FN: 252
--- kfold: 0, accuracy: 0.797442244224, exp_mean*coverage: 0.582330070114
----- Fold: 1
Testing with 900 pos 1372 neg
Training with 3400 pos 5591 neg
--- Gather features---
--- Train BOW---
--- Make hists---
--- Fit model---
--- Overall training model took 2660.83660913 ---
TP: 673 FP: 195 TN 1177 FN: 227
--- kfold: 1, accuracy: 0.81426056338, exp_mean*coverage: 0.614919876329
----- Fold: 2
Testing with 785 pos 1569 neg
Training with 3515 pos 5394 neg
--- Gather features---
--- Train BOW---
--- Make hists---
--- Fit model---
--- Overall training model took 2645.19894004 ---
TP: 577 FP: 226 TN 1343 FN: 208
--- kfold: 2, accuracy: 0.815632965166, exp_mean*coverage: 0.604675661242
----- Fold: 3
Testing with 889 pos 1174 neg
Training with 3411 pos 5789 neg
--- Gather features---
--- Train BOW---
--- Make hists---
--- Fit model---
--- Overall training model took 2701.09695411 ---
TP: 713 FP: 122 TN 1052 FN: 176
--- kfold: 3, accuracy: 0.855550169656, exp_mean*coverage: 0.699437964896
----- Fold: 4
Testing with 775 pos 1375 neg
Training with 3525 pos 5588 neg
--- Gather features---
--- Train BOW---
--- Make hists---
--- Fit model---
--- Overall training model took 2703.92117906 ---
TP: 544 FP: 219 TN 1156 FN: 231
--- kfold: 4, accuracy: 0.790697674419, exp_mean*coverage: 0.566069017938
----- Overall exp mean: 0.613486518104
----- Overall kfold took 13703.3090191 ---
Got result -0.613487

Job file reloaded.
Completed successfully in 13703.54 seconds. [-0.613487]
setting job 20133 complete
set...
