Running in wrapper mode for '20033'

Running python job.

{u'nfeatures': array([54]), u'bow_size': array([588]), u'svm_gamma': array([ 0.06608407]), u'edgeThreshold': array([ 39.13279557]), u'svm_C': array([ 2.21446667]), u'sigma': array([ 3.01468318]), u'contrastThreshold': array([ 0.001])}
----- Fold: 0
Testing with 951 pos 1473 neg
Training with 3349 pos 5490 neg
--- Gather features---
--- Train BOW---
--- Make hists---
--- Fit model---
/usr/local/lib/python2.7/dist-packages/sklearn/svm/base.py:176: FutureWarning: elementwise comparison failed; returning scalar instead, but in the future will perform elementwise comparison
  (self.gamma == 'auto')):
/usr/local/lib/python2.7/dist-packages/sklearn/svm/base.py:179: FutureWarning: elementwise comparison failed; returning scalar instead, but in the future will perform elementwise comparison
  elif self.gamma == 'auto':
--- Overall training model took 1473.10738397 ---
TP: 743 FP: 301 TN 1172 FN: 208
--- kfold: 0, accuracy: 0.79001650165, exp_mean*coverage: 0.557025062564
----- Fold: 1
Testing with 900 pos 1372 neg
Training with 3400 pos 5591 neg
--- Gather features---
--- Train BOW---
--- Make hists---
--- Fit model---
--- Overall training model took 1624.15327692 ---
TP: 704 FP: 221 TN 1151 FN: 196
--- kfold: 1, accuracy: 0.816461267606, exp_mean*coverage: 0.611659511768
----- Fold: 2
Testing with 785 pos 1569 neg
Training with 3515 pos 5394 neg
--- Gather features---
--- Train BOW---
--- Make hists---
--- Fit model---
--- Overall training model took 1569.37823391 ---
TP: 643 FP: 309 TN 1260 FN: 142
--- kfold: 2, accuracy: 0.808411214953, exp_mean*coverage: 0.586562493938
----- Fold: 3
Testing with 889 pos 1174 neg
Training with 3411 pos 5789 neg
--- Gather features---
--- Train BOW---
--- Make hists---
--- Fit model---
--- Overall training model took 1570.51592398 ---
TP: 729 FP: 162 TN 1012 FN: 160
--- kfold: 3, accuracy: 0.843916626272, exp_mean*coverage: 0.664532235513
----- Fold: 4
Testing with 775 pos 1375 neg
Training with 3525 pos 5588 neg
--- Gather features---
--- Train BOW---
--- Make hists---
--- Fit model---
--- Overall training model took 1486.17431808 ---
TP: 534 FP: 294 TN 1081 FN: 241
--- kfold: 4, accuracy: 0.751162790698, exp_mean*coverage: 0.496415014366
----- Overall exp mean: 0.58323886363
----- Overall kfold took 8044.36043715 ---
Got result -0.583239

Job file reloaded.
Completed successfully in 8045.56 seconds. [-0.583239]
setting job 20033 complete
set...
