Running in wrapper mode for '20134'

Running python job.

{u'nfeatures': array([100]), u'bow_size': array([813]), u'svm_gamma': array([ 1.41394388]), u'edgeThreshold': array([ 43.2350579]), u'svm_C': array([ 1.61297088]), u'sigma': array([ 2.99496427]), u'contrastThreshold': array([ 0.001])}
----- Fold: 0
Testing with 951 pos 1473 neg
Training with 3349 pos 5490 neg
--- Gather features---
--- Train BOW---
--- Make hists---
--- Fit model---
/usr/local/lib/python2.7/dist-packages/sklearn/svm/base.py:176: FutureWarning: elementwise comparison failed; returning scalar instead, but in the future will perform elementwise comparison
  (self.gamma == 'auto')):
/usr/local/lib/python2.7/dist-packages/sklearn/svm/base.py:179: FutureWarning: elementwise comparison failed; returning scalar instead, but in the future will perform elementwise comparison
  elif self.gamma == 'auto':
--- Overall training model took 2594.11628914 ---
TP: 689 FP: 224 TN 1249 FN: 262
--- kfold: 0, accuracy: 0.799504950495, exp_mean*coverage: 0.588380795241
----- Fold: 1
Testing with 900 pos 1372 neg
Training with 3400 pos 5591 neg
--- Gather features---
--- Train BOW---
--- Make hists---
--- Fit model---
--- Overall training model took 2563.042413 ---
TP: 656 FP: 158 TN 1214 FN: 244
--- kfold: 1, accuracy: 0.823063380282, exp_mean*coverage: 0.636808723902
----- Fold: 2
Testing with 785 pos 1569 neg
Training with 3515 pos 5394 neg
--- Gather features---
--- Train BOW---
--- Make hists---
--- Fit model---
--- Overall training model took 2613.2108779 ---
TP: 591 FP: 207 TN 1362 FN: 194
--- kfold: 2, accuracy: 0.829651656754, exp_mean*coverage: 0.630969192567
----- Fold: 3
Testing with 889 pos 1174 neg
Training with 3411 pos 5789 neg
--- Gather features---
--- Train BOW---
--- Make hists---
--- Fit model---
--- Overall training model took 2657.36213303 ---
TP: 657 FP: 87 TN 1087 FN: 232
--- kfold: 3, accuracy: 0.845370819195, exp_mean*coverage: 0.696594817358
----- Fold: 4
Testing with 775 pos 1375 neg
Training with 3525 pos 5588 neg
--- Gather features---
--- Train BOW---
--- Make hists---
--- Fit model---
--- Overall training model took 2537.03638387 ---
TP: 500 FP: 205 TN 1170 FN: 275
--- kfold: 4, accuracy: 0.776744186047, exp_mean*coverage: 0.542683681622
----- Overall exp mean: 0.619087442138
----- Overall kfold took 13360.6961899 ---
Got result -0.619087

Job file reloaded.
Completed successfully in 13360.92 seconds. [-0.619087]
setting job 20134 complete
set...
