Running in wrapper mode for '20148'

Running python job.

{u'nfeatures': array([59]), u'bow_size': array([1132]), u'svm_gamma': array([ 1.49357482]), u'edgeThreshold': array([ 24.77140313]), u'svm_C': array([ 1.15561987]), u'sigma': array([ 2.98294375]), u'contrastThreshold': array([ 0.001])}
----- Fold: 0
Testing with 951 pos 1473 neg
Training with 3349 pos 5490 neg
--- Gather features---
--- Train BOW---
--- Make hists---
--- Fit model---
/usr/local/lib/python2.7/dist-packages/sklearn/svm/base.py:176: FutureWarning: elementwise comparison failed; returning scalar instead, but in the future will perform elementwise comparison
  (self.gamma == 'auto')):
/usr/local/lib/python2.7/dist-packages/sklearn/svm/base.py:179: FutureWarning: elementwise comparison failed; returning scalar instead, but in the future will perform elementwise comparison
  elif self.gamma == 'auto':
--- Overall training model took 2973.70111394 ---
TP: 672 FP: 202 TN 1271 FN: 279
--- kfold: 0, accuracy: 0.801567656766, exp_mean*coverage: 0.59537620511
----- Fold: 1
Testing with 900 pos 1372 neg
Training with 3400 pos 5591 neg
--- Gather features---
--- Train BOW---
--- Make hists---
--- Fit model---
--- Overall training model took 2918.15341401 ---
TP: 623 FP: 138 TN 1234 FN: 277
--- kfold: 1, accuracy: 0.817341549296, exp_mean*coverage: 0.630399685021
----- Fold: 2
Testing with 785 pos 1569 neg
Training with 3515 pos 5394 neg
--- Gather features---
--- Train BOW---
--- Make hists---
--- Fit model---
--- Overall training model took 2950.31557798 ---
TP: 578 FP: 187 TN 1382 FN: 207
--- kfold: 2, accuracy: 0.832625318607, exp_mean*coverage: 0.636564712707
----- Fold: 3
Testing with 889 pos 1174 neg
Training with 3411 pos 5789 neg
--- Gather features---
--- Train BOW---
--- Make hists---
--- Fit model---
--- Overall training model took 3071.7653501 ---
TP: 634 FP: 75 TN 1099 FN: 255
--- kfold: 3, accuracy: 0.840038778478, exp_mean*coverage: 0.691380959254
----- Fold: 4
Testing with 775 pos 1375 neg
Training with 3525 pos 5588 neg
--- Gather features---
--- Train BOW---
--- Make hists---
--- Fit model---
--- Overall training model took 3046.8951931 ---
TP: 494 FP: 199 TN 1176 FN: 281
--- kfold: 4, accuracy: 0.776744186047, exp_mean*coverage: 0.542627782786
----- Overall exp mean: 0.619269868976
----- Overall kfold took 15450.335484 ---
Got result -0.619270

Job file reloaded.
Completed successfully in 15452.09 seconds. [-0.619270]
setting job 20148 complete
set...
