Running in wrapper mode for '20274'

Running python job.

{u'nfeatures': array([65]), u'bow_size': array([864]), u'svm_gamma': array([ 0.61960225]), u'edgeThreshold': array([ 50.]), u'svm_C': array([-0.39346046]), u'sigma': array([ 1.97335509]), u'contrastThreshold': array([ 0.01099218])}
----- Fold: 0
Testing with 951 pos 1473 neg
Training with 3349 pos 5490 neg
--- Gather features---
--- Train BOW---
--- Make hists---
--- No histograms for 56 images ---
--- Fit model---
/usr/local/lib/python2.7/dist-packages/sklearn/svm/base.py:176: FutureWarning: elementwise comparison failed; returning scalar instead, but in the future will perform elementwise comparison
  (self.gamma == 'auto')):
/usr/local/lib/python2.7/dist-packages/sklearn/svm/base.py:179: FutureWarning: elementwise comparison failed; returning scalar instead, but in the future will perform elementwise comparison
  elif self.gamma == 'auto':
--- Overall training model took 2558.49494505 ---
--- No histograms for 30 images ---
TP: 726 FP: 295 TN 1178 FN: 225
--- kfold: 0, accuracy: 0.785478547855, exp_mean*coverage: 0.545516711871
----- Fold: 1
Testing with 900 pos 1372 neg
Training with 3400 pos 5591 neg
--- Gather features---
--- Train BOW---
--- Make hists---
--- No histograms for 67 images ---
--- Fit model---
--- Overall training model took 2592.03583002 ---
--- No histograms for 19 images ---
TP: 688 FP: 184 TN 1188 FN: 212
--- kfold: 1, accuracy: 0.825704225352, exp_mean*coverage: 0.630117276915
----- Fold: 2
Testing with 785 pos 1569 neg
Training with 3515 pos 5394 neg
--- Gather features---
--- Train BOW---
--- Make hists---
--- No histograms for 66 images ---
--- Fit model---
--- Overall training model took 2228.87172103 ---
--- No histograms for 20 images ---
TP: 611 FP: 303 TN 1266 FN: 174
--- kfold: 2, accuracy: 0.797366185217, exp_mean*coverage: 0.564406350959
----- Fold: 3
Testing with 889 pos 1174 neg
Training with 3411 pos 5789 neg
--- Gather features---
--- Train BOW---
--- Make hists---
--- No histograms for 70 images ---
--- Fit model---
--- Overall training model took 2500.34306407 ---
--- No histograms for 16 images ---
TP: 763 FP: 174 TN 1000 FN: 126
--- kfold: 3, accuracy: 0.854580707707, exp_mean*coverage: 0.66821547303
----- Fold: 4
Testing with 775 pos 1375 neg
Training with 3525 pos 5588 neg
--- Gather features---
--- Train BOW---
--- Make hists---
--- No histograms for 85 images ---
--- Fit model---
--- Overall training model took 2492.83483386 ---
--- No histograms for 1 images ---
TP: 562 FP: 279 TN 1096 FN: 213
--- kfold: 4, accuracy: 0.771162790698, exp_mean*coverage: 0.52815654176
----- Overall exp mean: 0.587282470907
----- Overall kfold took 12780.9945569 ---
Got result -0.587282

Job file reloaded.
Completed successfully in 12781.34 seconds. [-0.587282]
setting job 20274 complete
set...
