Running in wrapper mode for '20320'

Running python job.

{u'nfeatures': array([37]), u'bow_size': array([1118]), u'svm_gamma': array([-2.07202511]), u'edgeThreshold': array([ 50.]), u'svm_C': array([ 2.13223312]), u'sigma': array([ 1.94468192]), u'contrastThreshold': array([ 0.001])}
----- Fold: 0
Testing with 951 pos 1473 neg
Training with 3349 pos 5490 neg
--- Gather features---
--- Train BOW---
--- Make hists---
--- Fit model---
/usr/local/lib/python2.7/dist-packages/sklearn/svm/base.py:176: FutureWarning: elementwise comparison failed; returning scalar instead, but in the future will perform elementwise comparison
  (self.gamma == 'auto')):
/usr/local/lib/python2.7/dist-packages/sklearn/svm/base.py:179: FutureWarning: elementwise comparison failed; returning scalar instead, but in the future will perform elementwise comparison
  elif self.gamma == 'auto':
--- Overall training model took 2386.85733604 ---
TP: 709 FP: 308 TN 1165 FN: 242
--- kfold: 0, accuracy: 0.773102310231, exp_mean*coverage: 0.532187722351
----- Fold: 1
Testing with 900 pos 1372 neg
Training with 3400 pos 5591 neg
--- Gather features---
--- Train BOW---
--- Make hists---
--- Fit model---
--- Overall training model took 2473.69882894 ---
TP: 661 FP: 178 TN 1194 FN: 239
--- kfold: 1, accuracy: 0.816461267606, exp_mean*coverage: 0.622095542529
----- Fold: 2
Testing with 785 pos 1569 neg
Training with 3515 pos 5394 neg
--- Gather features---
--- Train BOW---
--- Make hists---
--- Fit model---
--- Overall training model took 2591.57103992 ---
TP: 573 FP: 233 TN 1336 FN: 212
--- kfold: 2, accuracy: 0.810960067969, exp_mean*coverage: 0.596052994803
----- Fold: 3
Testing with 889 pos 1174 neg
Training with 3411 pos 5789 neg
--- Gather features---
--- Train BOW---
--- Make hists---
--- Fit model---
--- Overall training model took 2874.93732786 ---
TP: 715 FP: 161 TN 1013 FN: 174
--- kfold: 3, accuracy: 0.837615123606, exp_mean*coverage: 0.656070590827
----- Fold: 4
Testing with 775 pos 1375 neg
Training with 3525 pos 5588 neg
--- Gather features---
--- Train BOW---
--- Make hists---
--- Fit model---
--- Overall training model took 2873.80110812 ---
TP: 536 FP: 260 TN 1115 FN: 239
--- kfold: 4, accuracy: 0.767906976744, exp_mean*coverage: 0.525531329453
----- Overall exp mean: 0.586387635993
----- Overall kfold took 13559.1971068 ---
Got result -0.586388

Job file reloaded.
Completed successfully in 13559.45 seconds. [-0.586388]
setting job 20320 complete
set...
