Running in wrapper mode for '20002'

Running python job.

{u'nfeatures': array([10]), u'bow_size': array([2000]), u'svm_gamma': array([-4.]), u'edgeThreshold': array([ 3.]), u'svm_C': array([-4.]), u'sigma': array([ 5.]), u'contrastThreshold': array([ 0.1])}
----- Fold: 0
Testing with 951 pos 1473 neg
Training with 3349 pos 5490 neg
--- Gather features---
--- Train BOW---
--- Make hists---
--- No histograms for 7638 images ---
--- Fit model---
/usr/local/lib/python2.7/dist-packages/sklearn/svm/base.py:176: FutureWarning: elementwise comparison failed; returning scalar instead, but in the future will perform elementwise comparison
  (self.gamma == 'auto')):
/usr/local/lib/python2.7/dist-packages/sklearn/svm/base.py:179: FutureWarning: elementwise comparison failed; returning scalar instead, but in the future will perform elementwise comparison
  elif self.gamma == 'auto':
--- Overall training model took 109.808321953 ---
--- No histograms for 2121 images ---
TP: 218 FP: 85 TN 1388 FN: 733
--- kfold: 0, accuracy: 0.662541254125, exp_mean*coverage: 0.0373201821057
----- Fold: 1
Testing with 900 pos 1372 neg
Training with 3400 pos 5591 neg
--- Gather features---
--- Train BOW---
--- Make hists---
--- No histograms for 7780 images ---
--- Fit model---
--- Overall training model took 118.384518862 ---
--- No histograms for 1979 images ---
TP: 0 FP: 0 TN 1372 FN: 900
--- kfold: 1, accuracy: 0.603873239437, exp_mean*coverage: 0.0
----- Fold: 2
Testing with 785 pos 1569 neg
Training with 3515 pos 5394 neg
--- Gather features---
--- Train BOW---
--- Make hists---
--- No histograms for 7721 images ---
--- Fit model---
--- Overall training model took 112.148229122 ---
--- No histograms for 2038 images ---
TP: 0 FP: 0 TN 1569 FN: 785
--- kfold: 2, accuracy: 0.666525063721, exp_mean*coverage: 0.0
----- Fold: 3
Testing with 889 pos 1174 neg
Training with 3411 pos 5789 neg
--- Gather features---
--- Train BOW---
--- Make hists---
--- No histograms for 8002 images ---
--- Fit model---
--- Overall training model took 113.553224802 ---
--- No histograms for 1757 images ---
TP: 164 FP: 142 TN 1032 FN: 725
--- kfold: 3, accuracy: 0.579738245274, exp_mean*coverage: 0.0333195451748
----- Fold: 4
Testing with 775 pos 1375 neg
Training with 3525 pos 5588 neg
--- Gather features---
--- Train BOW---
--- Make hists---
--- No histograms for 7895 images ---
--- Fit model---
--- Overall training model took 110.960385799 ---
--- No histograms for 1864 images ---
TP: 21 FP: 1 TN 1374 FN: 754
--- kfold: 4, accuracy: 0.648837209302, exp_mean*coverage: 0.0088728436307
----- Overall exp mean: 0.0159025141822
----- Overall kfold took 703.487263918 ---
Got result -0.015903

Job file reloaded.
Completed successfully in 703.71 seconds. [-0.015903]
setting job 20002 complete
set...
