Running in wrapper mode for '20222'

Running python job.

{u'nfeatures': array([47]), u'bow_size': array([1440]), u'svm_gamma': array([ 1.62404477]), u'edgeThreshold': array([ 38.61218325]), u'svm_C': array([-0.0343451]), u'sigma': array([ 2.83482851]), u'contrastThreshold': array([ 0.00930781])}
----- Fold: 0
Testing with 951 pos 1473 neg
Training with 3349 pos 5490 neg
--- Gather features---
--- Train BOW---
--- Make hists---
--- No histograms for 67 images ---
--- Fit model---
/usr/local/lib/python2.7/dist-packages/sklearn/svm/base.py:176: FutureWarning: elementwise comparison failed; returning scalar instead, but in the future will perform elementwise comparison
  (self.gamma == 'auto')):
/usr/local/lib/python2.7/dist-packages/sklearn/svm/base.py:179: FutureWarning: elementwise comparison failed; returning scalar instead, but in the future will perform elementwise comparison
  elif self.gamma == 'auto':
--- Overall training model took 2863.01445723 ---
--- No histograms for 28 images ---
TP: 613 FP: 189 TN 1284 FN: 338
--- kfold: 0, accuracy: 0.782590759076, exp_mean*coverage: 0.559175520873
----- Fold: 1
Testing with 900 pos 1372 neg
Training with 3400 pos 5591 neg
--- Gather features---
--- Train BOW---
--- Make hists---
--- No histograms for 73 images ---
--- Fit model---
--- Overall training model took 2945.89390302 ---
--- No histograms for 22 images ---
TP: 620 FP: 143 TN 1229 FN: 280
--- kfold: 1, accuracy: 0.813820422535, exp_mean*coverage: 0.617635394994
----- Fold: 2
Testing with 785 pos 1569 neg
Training with 3515 pos 5394 neg
--- Gather features---
--- Train BOW---
--- Make hists---
--- No histograms for 75 images ---
--- Fit model---
--- Overall training model took 2855.651721 ---
--- No histograms for 20 images ---
TP: 552 FP: 202 TN 1367 FN: 233
--- kfold: 2, accuracy: 0.81520815633, exp_mean*coverage: 0.598206610845
----- Fold: 3
Testing with 889 pos 1174 neg
Training with 3411 pos 5789 neg
--- Gather features---
--- Train BOW---
--- Make hists---
--- No histograms for 78 images ---
--- Fit model---
--- Overall training model took 2921.14170098 ---
--- No histograms for 17 images ---
TP: 660 FP: 82 TN 1092 FN: 229
--- kfold: 3, accuracy: 0.84924866699, exp_mean*coverage: 0.698808984283
----- Fold: 4
Testing with 775 pos 1375 neg
Training with 3525 pos 5588 neg
--- Gather features---
--- Train BOW---
--- Make hists---
--- No histograms for 87 images ---
--- Fit model---
--- Overall training model took 2912.72345996 ---
--- No histograms for 8 images ---
TP: 445 FP: 174 TN 1201 FN: 330
--- kfold: 4, accuracy: 0.765581395349, exp_mean*coverage: 0.518615245164
----- Overall exp mean: 0.598488351232
----- Overall kfold took 14932.046428 ---
Got result -0.598488

Job file reloaded.
Completed successfully in 14932.38 seconds. [-0.598488]
setting job 20222 complete
set...
