Running in wrapper mode for '20053'

Running python job.

{u'nfeatures': array([100]), u'bow_size': array([1089]), u'svm_gamma': array([-0.49883999]), u'edgeThreshold': array([ 50.]), u'svm_C': array([ 3.]), u'sigma': array([ 5.]), u'contrastThreshold': array([ 0.001])}
----- Fold: 0
Testing with 951 pos 1473 neg
Training with 3349 pos 5490 neg
--- Gather features---
--- Train BOW---
--- Make hists---
--- No histograms for 15 images ---
--- Fit model---
/usr/local/lib/python2.7/dist-packages/sklearn/svm/base.py:176: FutureWarning: elementwise comparison failed; returning scalar instead, but in the future will perform elementwise comparison
  (self.gamma == 'auto')):
/usr/local/lib/python2.7/dist-packages/sklearn/svm/base.py:179: FutureWarning: elementwise comparison failed; returning scalar instead, but in the future will perform elementwise comparison
  elif self.gamma == 'auto':
--- Overall training model took 1712.18825698 ---
--- No histograms for 3 images ---
TP: 747 FP: 349 TN 1124 FN: 204
--- kfold: 0, accuracy: 0.771864686469, exp_mean*coverage: 0.519162691507
----- Fold: 1
Testing with 900 pos 1372 neg
Training with 3400 pos 5591 neg
--- Gather features---
--- Train BOW---
--- Make hists---
--- No histograms for 16 images ---
--- Fit model---
--- Overall training model took 1821.68230295 ---
--- No histograms for 2 images ---
TP: 670 FP: 256 TN 1116 FN: 230
--- kfold: 1, accuracy: 0.786091549296, exp_mean*coverage: 0.557871783363
----- Fold: 2
Testing with 785 pos 1569 neg
Training with 3515 pos 5394 neg
--- Gather features---
--- Train BOW---
--- Make hists---
--- No histograms for 12 images ---
--- Fit model---
--- Overall training model took 1827.81932592 ---
--- No histograms for 6 images ---
TP: 605 FP: 313 TN 1256 FN: 180
--- kfold: 2, accuracy: 0.79056924384, exp_mean*coverage: 0.55583723985
----- Fold: 3
Testing with 889 pos 1174 neg
Training with 3411 pos 5789 neg
--- Gather features---
--- Train BOW---
--- Make hists---
--- No histograms for 13 images ---
--- Fit model---
--- Overall training model took 1733.91251397 ---
--- No histograms for 5 images ---
TP: 685 FP: 172 TN 1002 FN: 204
--- kfold: 3, accuracy: 0.81774115366, exp_mean*coverage: 0.621780493781
----- Fold: 4
Testing with 775 pos 1375 neg
Training with 3525 pos 5588 neg
--- Gather features---
--- Train BOW---
--- Make hists---
--- No histograms for 16 images ---
--- Fit model---
--- Overall training model took 1692.21054602 ---
--- No histograms for 2 images ---
TP: 538 FP: 317 TN 1058 FN: 237
--- kfold: 4, accuracy: 0.742325581395, exp_mean*coverage: 0.480315325167
----- Overall exp mean: 0.546993506734
----- Overall kfold took 9198.19193387 ---
Got result -0.546994

Job file reloaded.
Completed successfully in 9200.39 seconds. [-0.546994]
setting job 20053 complete
set...
