Running in wrapper mode for '20070'

Running python job.

{u'nfeatures': array([58]), u'bow_size': array([585]), u'svm_gamma': array([ 0.59897996]), u'edgeThreshold': array([ 38.17834633]), u'svm_C': array([ 3.]), u'sigma': array([ 2.47035665]), u'contrastThreshold': array([ 0.001])}
----- Fold: 0
Testing with 951 pos 1473 neg
Training with 3349 pos 5490 neg
--- Gather features---
--- Train BOW---
--- Make hists---
--- Fit model---
/usr/local/lib/python2.7/dist-packages/sklearn/svm/base.py:176: FutureWarning: elementwise comparison failed; returning scalar instead, but in the future will perform elementwise comparison
  (self.gamma == 'auto')):
/usr/local/lib/python2.7/dist-packages/sklearn/svm/base.py:179: FutureWarning: elementwise comparison failed; returning scalar instead, but in the future will perform elementwise comparison
  elif self.gamma == 'auto':
--- Overall training model took 1913.38535309 ---
TP: 688 FP: 236 TN 1237 FN: 263
--- kfold: 0, accuracy: 0.794141914191, exp_mean*coverage: 0.577893897453
----- Fold: 1
Testing with 900 pos 1372 neg
Training with 3400 pos 5591 neg
--- Gather features---
--- Train BOW---
--- Make hists---
--- Fit model---
--- Overall training model took 1863.0442872 ---
TP: 640 FP: 176 TN 1196 FN: 260
--- kfold: 1, accuracy: 0.808098591549, exp_mean*coverage: 0.60899393557
----- Fold: 2
Testing with 785 pos 1569 neg
Training with 3515 pos 5394 neg
--- Gather features---
--- Train BOW---
--- Make hists---
--- Fit model---
--- Overall training model took 1818.92679119 ---
TP: 591 FP: 232 TN 1337 FN: 194
--- kfold: 2, accuracy: 0.819031435854, exp_mean*coverage: 0.610841000105
----- Fold: 3
Testing with 889 pos 1174 neg
Training with 3411 pos 5789 neg
--- Gather features---
--- Train BOW---
--- Make hists---
--- Fit model---
--- Overall training model took 1888.93038416 ---
TP: 670 FP: 109 TN 1065 FN: 219
--- kfold: 3, accuracy: 0.841008240427, exp_mean*coverage: 0.682059755955
----- Fold: 4
Testing with 775 pos 1375 neg
Training with 3525 pos 5588 neg
--- Gather features---
--- Train BOW---
--- Make hists---
--- Fit model---
--- Overall training model took 1954.59918189 ---
TP: 516 FP: 254 TN 1121 FN: 259
--- kfold: 4, accuracy: 0.761395348837, exp_mean*coverage: 0.515574108617
----- Overall exp mean: 0.59907253954
----- Overall kfold took 9763.29546714 ---
Got result -0.599073

Job file reloaded.
Completed successfully in 9763.53 seconds. [-0.599073]
setting job 20070 complete
set...
