Running in wrapper mode for '20232'

Running python job.

{u'nfeatures': array([38]), u'bow_size': array([1151]), u'svm_gamma': array([ 0.60407147]), u'edgeThreshold': array([ 50.]), u'svm_C': array([-0.19831105]), u'sigma': array([ 1.01955993]), u'contrastThreshold': array([ 0.01340973])}
----- Fold: 0
Testing with 951 pos 1473 neg
Training with 3349 pos 5490 neg
--- Gather features---
--- Train BOW---
--- Make hists---
--- No histograms for 94 images ---
--- Fit model---
/usr/local/lib/python2.7/dist-packages/sklearn/svm/base.py:176: FutureWarning: elementwise comparison failed; returning scalar instead, but in the future will perform elementwise comparison
  (self.gamma == 'auto')):
/usr/local/lib/python2.7/dist-packages/sklearn/svm/base.py:179: FutureWarning: elementwise comparison failed; returning scalar instead, but in the future will perform elementwise comparison
  elif self.gamma == 'auto':
--- Overall training model took 2439.24058294 ---
--- No histograms for 83 images ---
TP: 648 FP: 240 TN 1233 FN: 303
--- kfold: 0, accuracy: 0.77599009901, exp_mean*coverage: 0.530573117653
----- Fold: 1
Testing with 900 pos 1372 neg
Training with 3400 pos 5591 neg
--- Gather features---
--- Train BOW---
--- Make hists---
--- No histograms for 148 images ---
--- Fit model---
--- Overall training model took 2318.74456716 ---
--- No histograms for 29 images ---
TP: 631 FP: 187 TN 1185 FN: 269
--- kfold: 1, accuracy: 0.799295774648, exp_mean*coverage: 0.585326925018
----- Fold: 2
Testing with 785 pos 1569 neg
Training with 3515 pos 5394 neg
--- Gather features---
--- Train BOW---
--- Make hists---
--- No histograms for 142 images ---
--- Fit model---
--- Overall training model took 2420.05647683 ---
--- No histograms for 35 images ---
TP: 549 FP: 228 TN 1341 FN: 236
--- kfold: 2, accuracy: 0.802888700085, exp_mean*coverage: 0.572376132557
----- Fold: 3
Testing with 889 pos 1174 neg
Training with 3411 pos 5789 neg
--- Gather features---
--- Train BOW---
--- Make hists---
--- No histograms for 156 images ---
--- Fit model---
--- Overall training model took 2348.57063794 ---
--- No histograms for 21 images ---
TP: 676 FP: 155 TN 1019 FN: 213
--- kfold: 3, accuracy: 0.821619001454, exp_mean*coverage: 0.629108949588
----- Fold: 4
Testing with 775 pos 1375 neg
Training with 3525 pos 5588 neg
--- Gather features---
--- Train BOW---
--- Make hists---
--- No histograms for 168 images ---
--- Fit model---
--- Overall training model took 2407.93295693 ---
--- No histograms for 9 images ---
TP: 530 FP: 244 TN 1131 FN: 245
--- kfold: 4, accuracy: 0.772558139535, exp_mean*coverage: 0.532033120973
----- Overall exp mean: 0.569883649158
----- Overall kfold took 12217.3148582 ---
Got result -0.569884

Job file reloaded.
Completed successfully in 12219.02 seconds. [-0.569884]
setting job 20232 complete
set...
