Running in wrapper mode for '20212'

Running python job.

{u'nfeatures': array([71]), u'bow_size': array([1101]), u'svm_gamma': array([-0.23361178]), u'edgeThreshold': array([ 50.]), u'svm_C': array([ 2.81455171]), u'sigma': array([ 2.24101145]), u'contrastThreshold': array([ 0.001])}
----- Fold: 0
Testing with 951 pos 1473 neg
Training with 3349 pos 5490 neg
--- Gather features---
--- Train BOW---
--- Make hists---
--- Fit model---
/usr/local/lib/python2.7/dist-packages/sklearn/svm/base.py:176: FutureWarning: elementwise comparison failed; returning scalar instead, but in the future will perform elementwise comparison
  (self.gamma == 'auto')):
/usr/local/lib/python2.7/dist-packages/sklearn/svm/base.py:179: FutureWarning: elementwise comparison failed; returning scalar instead, but in the future will perform elementwise comparison
  elif self.gamma == 'auto':
--- Overall training model took 4024.49826503 ---
TP: 705 FP: 297 TN 1176 FN: 246
--- kfold: 0, accuracy: 0.77599009901, exp_mean*coverage: 0.538721683375
----- Fold: 1
Testing with 900 pos 1372 neg
Training with 3400 pos 5591 neg
--- Gather features---
--- Train BOW---
--- Make hists---
--- Fit model---
--- Overall training model took 4216.27525902 ---
TP: 676 FP: 262 TN 1110 FN: 224
--- kfold: 1, accuracy: 0.786091549296, exp_mean*coverage: 0.556831323686
----- Fold: 2
Testing with 785 pos 1569 neg
Training with 3515 pos 5394 neg
--- Gather features---
--- Train BOW---
--- Make hists---
--- Fit model---
--- Overall training model took 4128.81336498 ---
TP: 609 FP: 306 TN 1263 FN: 176
--- kfold: 2, accuracy: 0.795242141037, exp_mean*coverage: 0.56549196583
----- Fold: 3
Testing with 889 pos 1174 neg
Training with 3411 pos 5789 neg
--- Gather features---
--- Train BOW---
--- Make hists---
--- Fit model---
--- Overall training model took 4185.16624498 ---
TP: 726 FP: 171 TN 1003 FN: 163
--- kfold: 3, accuracy: 0.838099854581, exp_mean*coverage: 0.652204225203
----- Fold: 4
Testing with 775 pos 1375 neg
Training with 3525 pos 5588 neg
--- Gather features---
--- Train BOW---
--- Make hists---
--- Fit model---
--- Overall training model took 4092.06746006 ---
TP: 550 FP: 283 TN 1092 FN: 225
--- kfold: 4, accuracy: 0.763720930233, exp_mean*coverage: 0.516601467576
----- Overall exp mean: 0.565970133134
----- Overall kfold took 21047.0596991 ---
Got result -0.565970

Job file reloaded.
Completed successfully in 21047.29 seconds. [-0.565970]
setting job 20212 complete
set...
