Running in wrapper mode for '20165'

Running python job.

{u'nfeatures': array([100]), u'bow_size': array([1620]), u'svm_gamma': array([-0.41313989]), u'edgeThreshold': array([ 50.]), u'svm_C': array([ 3.]), u'sigma': array([ 1.89466143]), u'contrastThreshold': array([ 0.01164406])}
----- Fold: 0
Testing with 951 pos 1473 neg
Training with 3349 pos 5490 neg
--- Gather features---
--- Train BOW---
--- Make hists---
--- No histograms for 58 images ---
--- Fit model---
/usr/local/lib/python2.7/dist-packages/sklearn/svm/base.py:176: FutureWarning: elementwise comparison failed; returning scalar instead, but in the future will perform elementwise comparison
  (self.gamma == 'auto')):
/usr/local/lib/python2.7/dist-packages/sklearn/svm/base.py:179: FutureWarning: elementwise comparison failed; returning scalar instead, but in the future will perform elementwise comparison
  elif self.gamma == 'auto':
--- Overall training model took 5778.05091095 ---
--- No histograms for 33 images ---
TP: 703 FP: 280 TN 1193 FN: 248
--- kfold: 0, accuracy: 0.782178217822, exp_mean*coverage: 0.543743447123
----- Fold: 1
Testing with 900 pos 1372 neg
Training with 3400 pos 5591 neg
--- Gather features---
--- Train BOW---
--- Make hists---
--- No histograms for 71 images ---
--- Fit model---
--- Overall training model took 5728.36436892 ---
--- No histograms for 20 images ---
TP: 680 FP: 254 TN 1118 FN: 220
--- kfold: 1, accuracy: 0.791373239437, exp_mean*coverage: 0.561388255696
----- Fold: 2
Testing with 785 pos 1569 neg
Training with 3515 pos 5394 neg
--- Gather features---
--- Train BOW---
--- Make hists---
--- No histograms for 69 images ---
--- Fit model---
--- Overall training model took 5620.30400801 ---
--- No histograms for 22 images ---
TP: 604 FP: 323 TN 1246 FN: 181
--- kfold: 2, accuracy: 0.785896346644, exp_mean*coverage: 0.543705807383
----- Fold: 3
Testing with 889 pos 1174 neg
Training with 3411 pos 5789 neg
--- Gather features---
--- Train BOW---
--- Make hists---
--- No histograms for 77 images ---
--- Fit model---
--- Overall training model took 5713.47138691 ---
--- No histograms for 14 images ---
TP: 725 FP: 205 TN 969 FN: 164
--- kfold: 3, accuracy: 0.82113427048, exp_mean*coverage: 0.609210464784
----- Fold: 4
Testing with 775 pos 1375 neg
Training with 3525 pos 5588 neg
--- Gather features---
--- Train BOW---
--- Make hists---
--- No histograms for 89 images ---
--- Fit model---
--- Overall training model took 5781.85629106 ---
--- No histograms for 2 images ---
TP: 544 FP: 324 TN 1051 FN: 231
--- kfold: 4, accuracy: 0.741860465116, exp_mean*coverage: 0.478733419968
----- Overall exp mean: 0.547356278991
----- Overall kfold took 29081.8333092 ---
Got result -0.547356

Job file reloaded.
Completed successfully in 29082.06 seconds. [-0.547356]
setting job 20165 complete
set...
