Running in wrapper mode for '20221'

Running python job.

{u'nfeatures': array([75]), u'bow_size': array([1210]), u'svm_gamma': array([-0.0416269]), u'edgeThreshold': array([ 50.]), u'svm_C': array([ 0.77144585]), u'sigma': array([ 1.73392561]), u'contrastThreshold': array([ 0.01337372])}
----- Fold: 0
Testing with 951 pos 1473 neg
Training with 3349 pos 5490 neg
--- Gather features---
--- Train BOW---
--- Make hists---
--- No histograms for 90 images ---
--- Fit model---
/usr/local/lib/python2.7/dist-packages/sklearn/svm/base.py:176: FutureWarning: elementwise comparison failed; returning scalar instead, but in the future will perform elementwise comparison
  (self.gamma == 'auto')):
/usr/local/lib/python2.7/dist-packages/sklearn/svm/base.py:179: FutureWarning: elementwise comparison failed; returning scalar instead, but in the future will perform elementwise comparison
  elif self.gamma == 'auto':
--- Overall training model took 3653.55098009 ---
--- No histograms for 39 images ---
TP: 733 FP: 291 TN 1182 FN: 218
--- kfold: 0, accuracy: 0.79001650165, exp_mean*coverage: 0.550648091253
----- Fold: 1
Testing with 900 pos 1372 neg
Training with 3400 pos 5591 neg
--- Gather features---
--- Train BOW---
--- Make hists---
--- No histograms for 98 images ---
--- Fit model---
--- Overall training model took 3733.36118197 ---
--- No histograms for 31 images ---
TP: 687 FP: 204 TN 1168 FN: 213
--- kfold: 1, accuracy: 0.816461267606, exp_mean*coverage: 0.607749318013
----- Fold: 2
Testing with 785 pos 1569 neg
Training with 3515 pos 5394 neg
--- Gather features---
--- Train BOW---
--- Make hists---
--- No histograms for 94 images ---
--- Fit model---
--- Overall training model took 3635.93754601 ---
--- No histograms for 35 images ---
TP: 603 FP: 258 TN 1311 FN: 182
--- kfold: 2, accuracy: 0.81308411215, exp_mean*coverage: 0.590261681732
----- Fold: 3
Testing with 889 pos 1174 neg
Training with 3411 pos 5789 neg
--- Gather features---
--- Train BOW---
--- Make hists---
--- No histograms for 110 images ---
--- Fit model---
--- Overall training model took 3794.01606297 ---
--- No histograms for 19 images ---
TP: 747 FP: 177 TN 997 FN: 142
--- kfold: 3, accuracy: 0.845370819195, exp_mean*coverage: 0.653270657269
----- Fold: 4
Testing with 775 pos 1375 neg
Training with 3525 pos 5588 neg
--- Gather features---
--- Train BOW---
--- Make hists---
--- No histograms for 124 images ---
--- Fit model---
--- Overall training model took 3554.05809116 ---
--- No histograms for 5 images ---
TP: 539 FP: 247 TN 1128 FN: 236
--- kfold: 4, accuracy: 0.775348837209, exp_mean*coverage: 0.537298138839
----- Overall exp mean: 0.587845577421
----- Overall kfold took 18736.173089 ---
Got result -0.587846

Job file reloaded.
Completed successfully in 18736.41 seconds. [-0.587846]
setting job 20221 complete
set...
