Running in wrapper mode for '20094'

Running python job.

{u'nfeatures': array([51]), u'bow_size': array([1144]), u'svm_gamma': array([ 0.78101245]), u'edgeThreshold': array([ 38.31929001]), u'svm_C': array([ 1.00859415]), u'sigma': array([ 1.26840339]), u'contrastThreshold': array([ 0.001])}
----- Fold: 0
Testing with 951 pos 1473 neg
Training with 3349 pos 5490 neg
--- Gather features---
--- Train BOW---
--- Make hists---
--- Fit model---
/usr/local/lib/python2.7/dist-packages/sklearn/svm/base.py:176: FutureWarning: elementwise comparison failed; returning scalar instead, but in the future will perform elementwise comparison
  (self.gamma == 'auto')):
/usr/local/lib/python2.7/dist-packages/sklearn/svm/base.py:179: FutureWarning: elementwise comparison failed; returning scalar instead, but in the future will perform elementwise comparison
  elif self.gamma == 'auto':
--- Overall training model took 3370.45036793 ---
TP: 679 FP: 292 TN 1181 FN: 272
--- kfold: 0, accuracy: 0.767326732673, exp_mean*coverage: 0.527654269846
----- Fold: 1
Testing with 900 pos 1372 neg
Training with 3400 pos 5591 neg
--- Gather features---
--- Train BOW---
--- Make hists---
--- Fit model---
--- Overall training model took 3340.65171695 ---
TP: 667 FP: 248 TN 1124 FN: 233
--- kfold: 1, accuracy: 0.788292253521, exp_mean*coverage: 0.563486924833
----- Fold: 2
Testing with 785 pos 1569 neg
Training with 3515 pos 5394 neg
--- Gather features---
--- Train BOW---
--- Make hists---
--- Fit model---
--- Overall training model took 3315.23671007 ---
TP: 572 FP: 293 TN 1276 FN: 213
--- kfold: 2, accuracy: 0.785046728972, exp_mean*coverage: 0.549279395255
----- Fold: 3
Testing with 889 pos 1174 neg
Training with 3411 pos 5789 neg
--- Gather features---
--- Train BOW---
--- Make hists---
--- Fit model---
--- Overall training model took 3610.18310404 ---
TP: 701 FP: 183 TN 991 FN: 188
--- kfold: 3, accuracy: 0.820164808531, exp_mean*coverage: 0.622045164613
----- Fold: 4
Testing with 775 pos 1375 neg
Training with 3525 pos 5588 neg
--- Gather features---
--- Train BOW---
--- Make hists---
--- Fit model---
--- Overall training model took 3419.30129313 ---
TP: 556 FP: 272 TN 1103 FN: 219
--- kfold: 4, accuracy: 0.771627906977, exp_mean*coverage: 0.53003828706
----- Overall exp mean: 0.558500808321
----- Overall kfold took 17393.3679519 ---
Got result -0.558501

Job file reloaded.
Completed successfully in 17393.67 seconds. [-0.558501]
setting job 20094 complete
set...
