Running in wrapper mode for '20001'

Running python job.

{u'nfeatures': array([10]), u'bow_size': array([100]), u'svm_gamma': array([ 3.]), u'edgeThreshold': array([ 50.]), u'svm_C': array([ 3.]), u'sigma': array([ 5.]), u'contrastThreshold': array([ 0.001])}
----- Fold: 0
Testing with 951 pos 1473 neg
Training with 3349 pos 5490 neg
--- Gather features---
--- Train BOW---
--- Make hists---
--- No histograms for 15 images ---
--- Fit model---
/usr/local/lib/python2.7/dist-packages/sklearn/svm/base.py:176: FutureWarning: elementwise comparison failed; returning scalar instead, but in the future will perform elementwise comparison
  (self.gamma == 'auto')):
/usr/local/lib/python2.7/dist-packages/sklearn/svm/base.py:179: FutureWarning: elementwise comparison failed; returning scalar instead, but in the future will perform elementwise comparison
  elif self.gamma == 'auto':
--- Overall training model took 254.141799927 ---
--- No histograms for 3 images ---
TP: 0 FP: 1 TN 1472 FN: 951
--- kfold: 0, accuracy: 0.607260726073, exp_mean*coverage: 0.0
----- Fold: 1
Testing with 900 pos 1372 neg
Training with 3400 pos 5591 neg
--- Gather features---
--- Train BOW---
--- Make hists---
--- No histograms for 16 images ---
--- Fit model---
--- Overall training model took 260.442522049 ---
--- No histograms for 2 images ---
TP: 0 FP: 1 TN 1371 FN: 900
--- kfold: 1, accuracy: 0.603433098592, exp_mean*coverage: 0.0
----- Fold: 2
Testing with 785 pos 1569 neg
Training with 3515 pos 5394 neg
--- Gather features---
--- Train BOW---
--- Make hists---
--- No histograms for 12 images ---
--- Fit model---
--- Overall training model took 255.532368898 ---
--- No histograms for 6 images ---
TP: 0 FP: 0 TN 1569 FN: 785
--- kfold: 2, accuracy: 0.666525063721, exp_mean*coverage: 0.0
----- Fold: 3
Testing with 889 pos 1174 neg
Training with 3411 pos 5789 neg
--- Gather features---
--- Train BOW---
--- Make hists---
--- No histograms for 13 images ---
--- Fit model---
--- Overall training model took 280.654062986 ---
--- No histograms for 5 images ---
TP: 0 FP: 1 TN 1173 FN: 889
--- kfold: 3, accuracy: 0.568589432865, exp_mean*coverage: 0.0
----- Fold: 4
Testing with 775 pos 1375 neg
Training with 3525 pos 5588 neg
--- Gather features---
--- Train BOW---
--- Make hists---
--- No histograms for 16 images ---
--- Fit model---
--- Overall training model took 278.191549063 ---
--- No histograms for 2 images ---
TP: 0 FP: 0 TN 1375 FN: 775
--- kfold: 4, accuracy: 0.639534883721, exp_mean*coverage: 0.0
----- Overall exp mean: 0.0
----- Overall kfold took 1596.37888217 ---
Got result -0.000000

Job file reloaded.
Completed successfully in 1596.61 seconds. [-0.000000]
setting job 20001 complete
set...
