Running in wrapper mode for '20147'

Running python job.

{u'nfeatures': array([52]), u'bow_size': array([526]), u'svm_gamma': array([ 1.19781254]), u'edgeThreshold': array([ 45.70721785]), u'svm_C': array([ 1.141239]), u'sigma': array([ 3.10893806]), u'contrastThreshold': array([ 0.001])}
----- Fold: 0
Testing with 951 pos 1473 neg
Training with 3349 pos 5490 neg
--- Gather features---
--- Train BOW---
--- Make hists---
--- Fit model---
/usr/local/lib/python2.7/dist-packages/sklearn/svm/base.py:176: FutureWarning: elementwise comparison failed; returning scalar instead, but in the future will perform elementwise comparison
  (self.gamma == 'auto')):
/usr/local/lib/python2.7/dist-packages/sklearn/svm/base.py:179: FutureWarning: elementwise comparison failed; returning scalar instead, but in the future will perform elementwise comparison
  elif self.gamma == 'auto':
--- Overall training model took 1362.62866497 ---
TP: 681 FP: 188 TN 1285 FN: 270
--- kfold: 0, accuracy: 0.811056105611, exp_mean*coverage: 0.612986080317
----- Fold: 1
Testing with 900 pos 1372 neg
Training with 3400 pos 5591 neg
--- Gather features---
--- Train BOW---
--- Make hists---
--- Fit model---
--- Overall training model took 1522.48223805 ---
TP: 643 FP: 168 TN 1204 FN: 257
--- kfold: 1, accuracy: 0.812940140845, exp_mean*coverage: 0.618305350713
----- Fold: 2
Testing with 785 pos 1569 neg
Training with 3515 pos 5394 neg
--- Gather features---
--- Train BOW---
--- Make hists---
--- Fit model---
--- Overall training model took 1347.36415291 ---
TP: 581 FP: 205 TN 1364 FN: 204
--- kfold: 2, accuracy: 0.826253186066, exp_mean*coverage: 0.624546607326
----- Fold: 3
Testing with 889 pos 1174 neg
Training with 3411 pos 5789 neg
--- Gather features---
--- Train BOW---
--- Make hists---
--- Fit model---
--- Overall training model took 1559.41206193 ---
TP: 641 FP: 91 TN 1083 FN: 248
--- kfold: 3, accuracy: 0.835676199709, exp_mean*coverage: 0.679434868303
----- Fold: 4
Testing with 775 pos 1375 neg
Training with 3525 pos 5588 neg
--- Gather features---
--- Train BOW---
--- Make hists---
--- Fit model---
--- Overall training model took 1303.82009602 ---
TP: 503 FP: 225 TN 1150 FN: 272
--- kfold: 4, accuracy: 0.768837209302, exp_mean*coverage: 0.528921487617
----- Overall exp mean: 0.612838878855
----- Overall kfold took 7400.62901211 ---
Got result -0.612839

Job file reloaded.
Completed successfully in 7406.48 seconds. [-0.612839]
setting job 20147 complete
set...
