Running in wrapper mode for '20003'

Running python job.

{u'nfeatures': array([78]), u'bow_size': array([550]), u'svm_gamma': array([ 0.22319867]), u'edgeThreshold': array([ 28.39015453]), u'svm_C': array([-4.]), u'sigma': array([ 3.18226224]), u'contrastThreshold': array([ 0.04777679])}
----- Fold: 0
Testing with 951 pos 1473 neg
Training with 3349 pos 5490 neg
--- Gather features---
--- Train BOW---
--- Make hists---
--- No histograms for 3261 images ---
--- Fit model---
/usr/local/lib/python2.7/dist-packages/sklearn/svm/base.py:176: FutureWarning: elementwise comparison failed; returning scalar instead, but in the future will perform elementwise comparison
  (self.gamma == 'auto')):
/usr/local/lib/python2.7/dist-packages/sklearn/svm/base.py:179: FutureWarning: elementwise comparison failed; returning scalar instead, but in the future will perform elementwise comparison
  elif self.gamma == 'auto':
--- Overall training model took 242.170293093 ---
--- No histograms for 1082 images ---
TP: 0 FP: 0 TN 1473 FN: 951
--- kfold: 0, accuracy: 0.607673267327, exp_mean*coverage: 0.0
----- Fold: 1
Testing with 900 pos 1372 neg
Training with 3400 pos 5591 neg
--- Gather features---
--- Train BOW---
--- Make hists---
--- No histograms for 3537 images ---
--- Fit model---
--- Overall training model took 217.74566102 ---
--- No histograms for 806 images ---
TP: 657 FP: 809 TN 563 FN: 243
--- kfold: 1, accuracy: 0.536971830986, exp_mean*coverage: 0.107210614297
----- Fold: 2
Testing with 785 pos 1569 neg
Training with 3515 pos 5394 neg
--- Gather features---
--- Train BOW---
--- Make hists---
--- No histograms for 3424 images ---
--- Fit model---
--- Overall training model took 254.744596958 ---
--- No histograms for 919 images ---
TP: 566 FP: 869 TN 700 FN: 219
--- kfold: 2, accuracy: 0.537807986406, exp_mean*coverage: 0.116168114947
----- Fold: 3
Testing with 889 pos 1174 neg
Training with 3411 pos 5789 neg
--- Gather features---
--- Train BOW---
--- Make hists---
--- No histograms for 3668 images ---
--- Fit model---
--- Overall training model took 258.404413939 ---
--- No histograms for 675 images ---
TP: 0 FP: 0 TN 1174 FN: 889
--- kfold: 3, accuracy: 0.569074163839, exp_mean*coverage: 0.0
----- Fold: 4
Testing with 775 pos 1375 neg
Training with 3525 pos 5588 neg
--- Gather features---
--- Train BOW---
--- Make hists---
--- No histograms for 3482 images ---
--- Fit model---
--- Overall training model took 273.256109953 ---
--- No histograms for 861 images ---
TP: 534 FP: 755 TN 620 FN: 241
--- kfold: 4, accuracy: 0.536744186047, exp_mean*coverage: 0.112499309843
----- Overall exp mean: 0.0671756078174
----- Overall kfold took 1402.20364308 ---
Got result -0.067176

Job file reloaded.
Completed successfully in 1402.42 seconds. [-0.067176]
setting job 20003 complete
set...
