Running in wrapper mode for '20316'

Running python job.

{u'nfeatures': array([56]), u'bow_size': array([1590]), u'svm_gamma': array([-1.73206613]), u'edgeThreshold': array([ 50.]), u'svm_C': array([ 3.]), u'sigma': array([ 1.58663892]), u'contrastThreshold': array([ 0.01325381])}
----- Fold: 0
Testing with 951 pos 1473 neg
Training with 3349 pos 5490 neg
--- Gather features---
--- Train BOW---
--- Make hists---
--- No histograms for 84 images ---
--- Fit model---
/usr/local/lib/python2.7/dist-packages/sklearn/svm/base.py:176: FutureWarning: elementwise comparison failed; returning scalar instead, but in the future will perform elementwise comparison
  (self.gamma == 'auto')):
/usr/local/lib/python2.7/dist-packages/sklearn/svm/base.py:179: FutureWarning: elementwise comparison failed; returning scalar instead, but in the future will perform elementwise comparison
  elif self.gamma == 'auto':
--- Overall training model took 4079.87707114 ---
--- No histograms for 45 images ---
TP: 705 FP: 290 TN 1183 FN: 246
--- kfold: 0, accuracy: 0.778877887789, exp_mean*coverage: 0.534240456376
----- Fold: 1
Testing with 900 pos 1372 neg
Training with 3400 pos 5591 neg
--- Gather features---
--- Train BOW---
--- Make hists---
--- No histograms for 102 images ---
--- Fit model---
--- Overall training model took 4043.11847806 ---
--- No histograms for 27 images ---
TP: 697 FP: 249 TN 1123 FN: 203
--- kfold: 1, accuracy: 0.801056338028, exp_mean*coverage: 0.574573508472
----- Fold: 2
Testing with 785 pos 1569 neg
Training with 3515 pos 5394 neg
--- Gather features---
--- Train BOW---
--- Make hists---
--- No histograms for 97 images ---
--- Fit model---
--- Overall training model took 4114.07455087 ---
--- No histograms for 32 images ---
TP: 598 FP: 282 TN 1287 FN: 187
--- kfold: 2, accuracy: 0.800764655905, exp_mean*coverage: 0.568658726528
----- Fold: 3
Testing with 889 pos 1174 neg
Training with 3411 pos 5789 neg
--- Gather features---
--- Train BOW---
--- Make hists---
--- No histograms for 108 images ---
--- Fit model---
--- Overall training model took 4257.10242701 ---
--- No histograms for 21 images ---
TP: 716 FP: 179 TN 995 FN: 173
--- kfold: 3, accuracy: 0.829374697043, exp_mean*coverage: 0.629993657937
----- Fold: 4
Testing with 775 pos 1375 neg
Training with 3525 pos 5588 neg
--- Gather features---
--- Train BOW---
--- Make hists---
--- No histograms for 125 images ---
--- Fit model---
--- Overall training model took 4116.53919411 ---
--- No histograms for 4 images ---
TP: 536 FP: 288 TN 1087 FN: 239
--- kfold: 4, accuracy: 0.75488372093, exp_mean*coverage: 0.501719006329
----- Overall exp mean: 0.561837071128
----- Overall kfold took 20993.3866739 ---
Got result -0.561837

Job file reloaded.
Completed successfully in 20993.63 seconds. [-0.561837]
setting job 20316 complete
set...
