Running in wrapper mode for '20000'

Running python job.

{u'nfeatures': array([100]), u'bow_size': array([2000]), u'svm_gamma': array([ 3.]), u'edgeThreshold': array([ 3.]), u'svm_C': array([ 3.]), u'sigma': array([ 5.]), u'contrastThreshold': array([ 0.1])}
----- Fold: 0
Testing with 951 pos 1473 neg
Training with 3349 pos 5490 neg
--- Gather features---
--- Train BOW---
--- Make hists---
--- No histograms for 7638 images ---
--- Fit model---
/usr/local/lib/python2.7/dist-packages/sklearn/svm/base.py:176: FutureWarning: elementwise comparison failed; returning scalar instead, but in the future will perform elementwise comparison
  (self.gamma == 'auto')):
/usr/local/lib/python2.7/dist-packages/sklearn/svm/base.py:179: FutureWarning: elementwise comparison failed; returning scalar instead, but in the future will perform elementwise comparison
  elif self.gamma == 'auto':
--- Overall training model took 121.36489296 ---
--- No histograms for 2121 images ---
TP: 45 FP: 4 TN 1469 FN: 906
--- kfold: 0, accuracy: 0.624587458746, exp_mean*coverage: 0.0126216852624
----- Fold: 1
Testing with 900 pos 1372 neg
Training with 3400 pos 5591 neg
--- Gather features---
--- Train BOW---
--- Make hists---
--- No histograms for 7780 images ---
--- Fit model---
--- Overall training model took 118.13619113 ---
--- No histograms for 1979 images ---
TP: 120 FP: 144 TN 1228 FN: 780
--- kfold: 1, accuracy: 0.593309859155, exp_mean*coverage: 0.023436394122
----- Fold: 2
Testing with 785 pos 1569 neg
Training with 3515 pos 5394 neg
--- Gather features---
--- Train BOW---
--- Make hists---
--- No histograms for 7721 images ---
--- Fit model---
--- Overall training model took 124.920957088 ---
--- No histograms for 2038 images ---
TP: 93 FP: 187 TN 1382 FN: 692
--- kfold: 2, accuracy: 0.626593033135, exp_mean*coverage: 0.0217089849223
----- Fold: 3
Testing with 889 pos 1174 neg
Training with 3411 pos 5789 neg
--- Gather features---
--- Train BOW---
--- Make hists---
--- No histograms for 8002 images ---
--- Fit model---
--- Overall training model took 116.686782122 ---
--- No histograms for 1757 images ---
TP: 25 FP: 7 TN 1167 FN: 864
--- kfold: 3, accuracy: 0.577799321377, exp_mean*coverage: 0.0100798881434
----- Fold: 4
Testing with 775 pos 1375 neg
Training with 3525 pos 5588 neg
--- Gather features---
--- Train BOW---
--- Make hists---
--- No histograms for 7895 images ---
--- Fit model---
--- Overall training model took 115.612987995 ---
--- No histograms for 1864 images ---
TP: 117 FP: 132 TN 1243 FN: 658
--- kfold: 4, accuracy: 0.632558139535, exp_mean*coverage: 0.0270013479878
----- Overall exp mean: 0.0189696600876
----- Overall kfold took 736.39190197 ---
Got result -0.018970

Job file reloaded.
Completed successfully in 736.75 seconds. [-0.018970]
setting job 20000 complete
set...
