Running in wrapper mode for '20310'

Running python job.

{u'nfeatures': array([75]), u'bow_size': array([888]), u'svm_gamma': array([-0.93043222]), u'edgeThreshold': array([ 24.33824797]), u'svm_C': array([ 1.8577682]), u'sigma': array([ 2.21056858]), u'contrastThreshold': array([ 0.00746598])}
----- Fold: 0
Testing with 951 pos 1473 neg
Training with 3349 pos 5490 neg
--- Gather features---
--- Train BOW---
--- Make hists---
--- No histograms for 26 images ---
--- Fit model---
/usr/local/lib/python2.7/dist-packages/sklearn/svm/base.py:176: FutureWarning: elementwise comparison failed; returning scalar instead, but in the future will perform elementwise comparison
  (self.gamma == 'auto')):
/usr/local/lib/python2.7/dist-packages/sklearn/svm/base.py:179: FutureWarning: elementwise comparison failed; returning scalar instead, but in the future will perform elementwise comparison
  elif self.gamma == 'auto':
--- Overall training model took 2992.82903814 ---
--- No histograms for 12 images ---
TP: 738 FP: 265 TN 1208 FN: 213
--- kfold: 0, accuracy: 0.802805280528, exp_mean*coverage: 0.581452041474
----- Fold: 1
Testing with 900 pos 1372 neg
Training with 3400 pos 5591 neg
--- Gather features---
--- Train BOW---
--- Make hists---
--- No histograms for 27 images ---
--- Fit model---
--- Overall training model took 2959.3576262 ---
--- No histograms for 11 images ---
TP: 691 FP: 204 TN 1168 FN: 209
--- kfold: 1, accuracy: 0.818221830986, exp_mean*coverage: 0.615848898118
----- Fold: 2
Testing with 785 pos 1569 neg
Training with 3515 pos 5394 neg
--- Gather features---
--- Train BOW---
--- Make hists---
--- No histograms for 31 images ---
--- Fit model---
--- Overall training model took 2937.86319685 ---
--- No histograms for 7 images ---
TP: 618 FP: 277 TN 1292 FN: 167
--- kfold: 2, accuracy: 0.811384876805, exp_mean*coverage: 0.593150625168
----- Fold: 3
Testing with 889 pos 1174 neg
Training with 3411 pos 5789 neg
--- Gather features---
--- Train BOW---
--- Make hists---
--- No histograms for 30 images ---
--- Fit model---
--- Overall training model took 2943.03636408 ---
--- No histograms for 8 images ---
TP: 754 FP: 181 TN 993 FN: 135
--- kfold: 3, accuracy: 0.846825012118, exp_mean*coverage: 0.656760163315
----- Fold: 4
Testing with 775 pos 1375 neg
Training with 3525 pos 5588 neg
--- Gather features---
--- Train BOW---
--- Make hists---
--- No histograms for 38 images ---
--- Fit model---
--- Overall training model took 3119.86606312 ---
TP: 554 FP: 297 TN 1078 FN: 221
--- kfold: 4, accuracy: 0.759069767442, exp_mean*coverage: 0.507819246062
----- Overall exp mean: 0.591006194827
----- Overall kfold took 15330.6184161 ---
Got result -0.591006

Job file reloaded.
Completed successfully in 15330.88 seconds. [-0.591006]
setting job 20310 complete
set...
