Running in wrapper mode for '20227'

Running python job.

{u'nfeatures': array([46]), u'bow_size': array([186]), u'svm_gamma': array([ 0.47790799]), u'edgeThreshold': array([ 50.]), u'svm_C': array([ 0.50245382]), u'sigma': array([ 3.50636393]), u'contrastThreshold': array([ 0.001])}
----- Fold: 0
Testing with 951 pos 1473 neg
Training with 3349 pos 5490 neg
--- Gather features---
--- Train BOW---
--- Make hists---
--- Fit model---
/usr/local/lib/python2.7/dist-packages/sklearn/svm/base.py:176: FutureWarning: elementwise comparison failed; returning scalar instead, but in the future will perform elementwise comparison
  (self.gamma == 'auto')):
/usr/local/lib/python2.7/dist-packages/sklearn/svm/base.py:179: FutureWarning: elementwise comparison failed; returning scalar instead, but in the future will perform elementwise comparison
  elif self.gamma == 'auto':
--- Overall training model took 466.530104876 ---
TP: 757 FP: 352 TN 1121 FN: 194
--- kfold: 0, accuracy: 0.774752475248, exp_mean*coverage: 0.522566466164
----- Fold: 1
Testing with 900 pos 1372 neg
Training with 3400 pos 5591 neg
--- Gather features---
--- Train BOW---
--- Make hists---
--- Fit model---
--- Overall training model took 602.42983079 ---
TP: 692 FP: 210 TN 1162 FN: 208
--- kfold: 1, accuracy: 0.816021126761, exp_mean*coverage: 0.613958078141
----- Fold: 2
Testing with 785 pos 1569 neg
Training with 3515 pos 5394 neg
--- Gather features---
--- Train BOW---
--- Make hists---
--- Fit model---
--- Overall training model took 540.786181927 ---
TP: 629 FP: 341 TN 1228 FN: 156
--- kfold: 2, accuracy: 0.788870008496, exp_mean*coverage: 0.551559960923
----- Fold: 3
Testing with 889 pos 1174 neg
Training with 3411 pos 5789 neg
--- Gather features---
--- Train BOW---
--- Make hists---
--- Fit model---
--- Overall training model took 565.921583891 ---
TP: 736 FP: 161 TN 1013 FN: 153
--- kfold: 3, accuracy: 0.847794474067, exp_mean*coverage: 0.67047007654
----- Fold: 4
Testing with 775 pos 1375 neg
Training with 3525 pos 5588 neg
--- Gather features---
--- Train BOW---
--- Make hists---
--- Fit model---
--- Overall training model took 591.976759195 ---
TP: 549 FP: 317 TN 1058 FN: 226
--- kfold: 4, accuracy: 0.747441860465, exp_mean*coverage: 0.488116151136
----- Overall exp mean: 0.569334146581
----- Overall kfold took 3017.47673392 ---
Got result -0.569334

Job file reloaded.
Completed successfully in 3017.70 seconds. [-0.569334]
setting job 20227 complete
set...
