Running in wrapper mode for '20303'

Running python job.

{u'nfeatures': array([64]), u'bow_size': array([1240]), u'svm_gamma': array([-1.33449202]), u'edgeThreshold': array([ 50.]), u'svm_C': array([ 1.99336309]), u'sigma': array([ 2.30878892]), u'contrastThreshold': array([ 0.001])}
----- Fold: 0
Testing with 951 pos 1473 neg
Training with 3349 pos 5490 neg
--- Gather features---
--- Train BOW---
--- Make hists---
--- Fit model---
/usr/local/lib/python2.7/dist-packages/sklearn/svm/base.py:176: FutureWarning: elementwise comparison failed; returning scalar instead, but in the future will perform elementwise comparison
  (self.gamma == 'auto')):
/usr/local/lib/python2.7/dist-packages/sklearn/svm/base.py:179: FutureWarning: elementwise comparison failed; returning scalar instead, but in the future will perform elementwise comparison
  elif self.gamma == 'auto':
--- Overall training model took 4032.78527498 ---
TP: 728 FP: 303 TN 1170 FN: 223
--- kfold: 0, accuracy: 0.78300330033, exp_mean*coverage: 0.546932332423
----- Fold: 1
Testing with 900 pos 1372 neg
Training with 3400 pos 5591 neg
--- Gather features---
--- Train BOW---
--- Make hists---
--- Fit model---
--- Overall training model took 3974.12882018 ---
TP: 654 FP: 192 TN 1180 FN: 246
--- kfold: 1, accuracy: 0.807218309859, exp_mean*coverage: 0.604540285876
----- Fold: 2
Testing with 785 pos 1569 neg
Training with 3515 pos 5394 neg
--- Gather features---
--- Train BOW---
--- Make hists---
--- Fit model---
--- Overall training model took 3996.09185719 ---
TP: 595 FP: 246 TN 1323 FN: 190
--- kfold: 2, accuracy: 0.814783347494, exp_mean*coverage: 0.602733121827
----- Fold: 3
Testing with 889 pos 1174 neg
Training with 3411 pos 5789 neg
--- Gather features---
--- Train BOW---
--- Make hists---
--- Fit model---
--- Overall training model took 4469.79809213 ---
TP: 733 FP: 159 TN 1015 FN: 156
--- kfold: 3, accuracy: 0.847309743093, exp_mean*coverage: 0.670730514231
----- Fold: 4
Testing with 775 pos 1375 neg
Training with 3525 pos 5588 neg
--- Gather features---
--- Train BOW---
--- Make hists---
--- Fit model---
--- Overall training model took 4282.27175212 ---
TP: 555 FP: 281 TN 1094 FN: 220
--- kfold: 4, accuracy: 0.766976744186, exp_mean*coverage: 0.521787958099
----- Overall exp mean: 0.589344842491
----- Overall kfold took 21204.0586669 ---
Got result -0.589345

Job file reloaded.
Completed successfully in 21204.54 seconds. [-0.589345]
setting job 20303 complete
set...
