Running in wrapper mode for '20257'

Running python job.

{u'nfeatures': array([10]), u'bow_size': array([594]), u'svm_gamma': array([ 0.57108541]), u'edgeThreshold': array([ 50.]), u'svm_C': array([ 3.]), u'sigma': array([ 1.17973909]), u'contrastThreshold': array([ 0.00681874])}
----- Fold: 0
Testing with 951 pos 1473 neg
Training with 3349 pos 5490 neg
--- Gather features---
--- Train BOW---
--- Make hists---
--- No histograms for 12 images ---
--- Fit model---
/usr/local/lib/python2.7/dist-packages/sklearn/svm/base.py:176: FutureWarning: elementwise comparison failed; returning scalar instead, but in the future will perform elementwise comparison
  (self.gamma == 'auto')):
/usr/local/lib/python2.7/dist-packages/sklearn/svm/base.py:179: FutureWarning: elementwise comparison failed; returning scalar instead, but in the future will perform elementwise comparison
  elif self.gamma == 'auto':
--- Overall training model took 472.736894846 ---
--- No histograms for 14 images ---
TP: 603 FP: 232 TN 1241 FN: 348
--- kfold: 0, accuracy: 0.760726072607, exp_mean*coverage: 0.52339893442
----- Fold: 1
Testing with 900 pos 1372 neg
Training with 3400 pos 5591 neg
--- Gather features---
--- Train BOW---
--- Make hists---
--- No histograms for 23 images ---
--- Fit model---
--- Overall training model took 523.867151022 ---
--- No histograms for 3 images ---
TP: 532 FP: 177 TN 1195 FN: 368
--- kfold: 1, accuracy: 0.760123239437, exp_mean*coverage: 0.528691283571
----- Fold: 2
Testing with 785 pos 1569 neg
Training with 3515 pos 5394 neg
--- Gather features---
--- Train BOW---
--- Make hists---
--- No histograms for 25 images ---
--- Fit model---
--- Overall training model took 555.96688509 ---
--- No histograms for 1 images ---
TP: 503 FP: 229 TN 1340 FN: 282
--- kfold: 2, accuracy: 0.782922684792, exp_mean*coverage: 0.543165854573
----- Fold: 3
Testing with 889 pos 1174 neg
Training with 3411 pos 5789 neg
--- Gather features---
--- Train BOW---
--- Make hists---
--- No histograms for 18 images ---
--- Fit model---
--- Overall training model took 553.398339987 ---
--- No histograms for 8 images ---
TP: 598 FP: 160 TN 1014 FN: 291
--- kfold: 3, accuracy: 0.781386330587, exp_mean*coverage: 0.572544724202
----- Fold: 4
Testing with 775 pos 1375 neg
Training with 3525 pos 5588 neg
--- Gather features---
--- Train BOW---
--- Make hists---
--- No histograms for 26 images ---
--- Fit model---
--- Overall training model took 529.806566954 ---
TP: 482 FP: 249 TN 1126 FN: 293
--- kfold: 4, accuracy: 0.747906976744, exp_mean*coverage: 0.493709476558
----- Overall exp mean: 0.532302054665
----- Overall kfold took 2808.55942392 ---
Got result -0.532302

Job file reloaded.
Completed successfully in 2808.80 seconds. [-0.532302]
setting job 20257 complete
set...
