Running in wrapper mode for '20218'

Running python job.

{u'nfeatures': array([66]), u'bow_size': array([1249]), u'svm_gamma': array([ 1.32535857]), u'edgeThreshold': array([ 41.7658639]), u'svm_C': array([ 2.84895163]), u'sigma': array([ 3.22486273]), u'contrastThreshold': array([ 0.001])}
----- Fold: 0
Testing with 951 pos 1473 neg
Training with 3349 pos 5490 neg
--- Gather features---
--- Train BOW---
--- Make hists---
--- Fit model---
/usr/local/lib/python2.7/dist-packages/sklearn/svm/base.py:176: FutureWarning: elementwise comparison failed; returning scalar instead, but in the future will perform elementwise comparison
  (self.gamma == 'auto')):
/usr/local/lib/python2.7/dist-packages/sklearn/svm/base.py:179: FutureWarning: elementwise comparison failed; returning scalar instead, but in the future will perform elementwise comparison
  elif self.gamma == 'auto':
--- Overall training model took 3120.26923585 ---
TP: 677 FP: 221 TN 1252 FN: 274
--- kfold: 0, accuracy: 0.795792079208, exp_mean*coverage: 0.583121269033
----- Fold: 1
Testing with 900 pos 1372 neg
Training with 3400 pos 5591 neg
--- Gather features---
--- Train BOW---
--- Make hists---
--- Fit model---
--- Overall training model took 3243.20262814 ---
TP: 644 FP: 153 TN 1219 FN: 256
--- kfold: 1, accuracy: 0.819982394366, exp_mean*coverage: 0.632585609961
----- Fold: 2
Testing with 785 pos 1569 neg
Training with 3515 pos 5394 neg
--- Gather features---
--- Train BOW---
--- Make hists---
--- Fit model---
--- Overall training model took 3146.00275183 ---
TP: 563 FP: 215 TN 1354 FN: 222
--- kfold: 2, accuracy: 0.814358538658, exp_mean*coverage: 0.602173396594
----- Fold: 3
Testing with 889 pos 1174 neg
Training with 3411 pos 5789 neg
--- Gather features---
--- Train BOW---
--- Make hists---
--- Fit model---
--- Overall training model took 3334.48976398 ---
TP: 662 FP: 107 TN 1067 FN: 227
--- kfold: 3, accuracy: 0.838099854581, exp_mean*coverage: 0.678165567783
----- Fold: 4
Testing with 775 pos 1375 neg
Training with 3525 pos 5588 neg
--- Gather features---
--- Train BOW---
--- Make hists---
--- Fit model---
--- Overall training model took 3200.85390902 ---
TP: 480 FP: 210 TN 1165 FN: 295
--- kfold: 4, accuracy: 0.76511627907, exp_mean*coverage: 0.52239053407
----- Overall exp mean: 0.603687275488
----- Overall kfold took 16490.446125 ---
Got result -0.603687

Job file reloaded.
Completed successfully in 16490.75 seconds. [-0.603687]
setting job 20218 complete
set...
