Running in wrapper mode for '20140'

Running python job.

{u'nfeatures': array([65]), u'bow_size': array([694]), u'svm_gamma': array([ 0.65572304]), u'edgeThreshold': array([ 50.]), u'svm_C': array([-0.06146645]), u'sigma': array([ 1.19894685]), u'contrastThreshold': array([ 0.00847458])}
----- Fold: 0
Testing with 951 pos 1473 neg
Training with 3349 pos 5490 neg
--- Gather features---
--- Train BOW---
--- Make hists---
--- No histograms for 28 images ---
--- Fit model---
/usr/local/lib/python2.7/dist-packages/sklearn/svm/base.py:176: FutureWarning: elementwise comparison failed; returning scalar instead, but in the future will perform elementwise comparison
  (self.gamma == 'auto')):
/usr/local/lib/python2.7/dist-packages/sklearn/svm/base.py:179: FutureWarning: elementwise comparison failed; returning scalar instead, but in the future will perform elementwise comparison
  elif self.gamma == 'auto':
--- Overall training model took 2637.23635793 ---
--- No histograms for 23 images ---
TP: 684 FP: 247 TN 1226 FN: 267
--- kfold: 0, accuracy: 0.78795379538, exp_mean*coverage: 0.561073489562
----- Fold: 1
Testing with 900 pos 1372 neg
Training with 3400 pos 5591 neg
--- Gather features---
--- Train BOW---
--- Make hists---
--- No histograms for 45 images ---
--- Fit model---
--- Overall training model took 2605.49869299 ---
--- No histograms for 6 images ---
TP: 675 FP: 188 TN 1184 FN: 225
--- kfold: 1, accuracy: 0.818221830986, exp_mean*coverage: 0.621073944999
----- Fold: 2
Testing with 785 pos 1569 neg
Training with 3515 pos 5394 neg
--- Gather features---
--- Train BOW---
--- Make hists---
--- No histograms for 41 images ---
--- Fit model---
--- Overall training model took 2482.37277198 ---
--- No histograms for 10 images ---
TP: 562 FP: 223 TN 1346 FN: 223
--- kfold: 2, accuracy: 0.810535259133, exp_mean*coverage: 0.592638479584
----- Fold: 3
Testing with 889 pos 1174 neg
Training with 3411 pos 5789 neg
--- Gather features---
--- Train BOW---
--- Make hists---
--- No histograms for 39 images ---
--- Fit model---
--- Overall training model took 2621.537853 ---
--- No histograms for 12 images ---
TP: 711 FP: 152 TN 1022 FN: 178
--- kfold: 3, accuracy: 0.840038778478, exp_mean*coverage: 0.659647939605
----- Fold: 4
Testing with 775 pos 1375 neg
Training with 3525 pos 5588 neg
--- Gather features---
--- Train BOW---
--- Make hists---
--- No histograms for 51 images ---
--- Fit model---
--- Overall training model took 2558.07568216 ---
TP: 558 FP: 265 TN 1110 FN: 217
--- kfold: 4, accuracy: 0.775813953488, exp_mean*coverage: 0.537384163019
----- Overall exp mean: 0.594363603354
----- Overall kfold took 13180.1220651 ---
Got result -0.594364

Job file reloaded.
Completed successfully in 13181.92 seconds. [-0.594364]
setting job 20140 complete
set...
