Running in wrapper mode for '20242'

Running python job.

{u'nfeatures': array([100]), u'bow_size': array([762]), u'svm_gamma': array([ 1.06961404]), u'edgeThreshold': array([ 32.3527314]), u'svm_C': array([ 0.55172731]), u'sigma': array([ 3.33420093]), u'contrastThreshold': array([ 0.00894755])}
----- Fold: 0
Testing with 951 pos 1473 neg
Training with 3349 pos 5490 neg
--- Gather features---
--- Train BOW---
--- Make hists---
--- No histograms for 78 images ---
--- Fit model---
/usr/local/lib/python2.7/dist-packages/sklearn/svm/base.py:176: FutureWarning: elementwise comparison failed; returning scalar instead, but in the future will perform elementwise comparison
  (self.gamma == 'auto')):
/usr/local/lib/python2.7/dist-packages/sklearn/svm/base.py:179: FutureWarning: elementwise comparison failed; returning scalar instead, but in the future will perform elementwise comparison
  elif self.gamma == 'auto':
--- Overall training model took 1894.71977401 ---
--- No histograms for 30 images ---
TP: 745 FP: 250 TN 1223 FN: 206
--- kfold: 0, accuracy: 0.811881188119, exp_mean*coverage: 0.593902071769
----- Fold: 1
Testing with 900 pos 1372 neg
Training with 3400 pos 5591 neg
--- Gather features---
--- Train BOW---
--- Make hists---
--- No histograms for 85 images ---
--- Fit model---
--- Overall training model took 1712.50635791 ---
--- No histograms for 23 images ---
TP: 699 FP: 179 TN 1193 FN: 201
--- kfold: 1, accuracy: 0.832746478873, exp_mean*coverage: 0.641221697753
----- Fold: 2
Testing with 785 pos 1569 neg
Training with 3515 pos 5394 neg
--- Gather features---
--- Train BOW---
--- Make hists---
--- No histograms for 84 images ---
--- Fit model---
--- Overall training model took 1818.7157321 ---
--- No histograms for 24 images ---
TP: 632 FP: 256 TN 1313 FN: 153
--- kfold: 2, accuracy: 0.826253186066, exp_mean*coverage: 0.615967996064
----- Fold: 3
Testing with 889 pos 1174 neg
Training with 3411 pos 5789 neg
--- Gather features---
--- Train BOW---
--- Make hists---
--- No histograms for 89 images ---
--- Fit model---
--- Overall training model took 1746.42944312 ---
--- No histograms for 19 images ---
TP: 726 FP: 106 TN 1068 FN: 163
--- kfold: 3, accuracy: 0.869607367911, exp_mean*coverage: 0.721254159732
----- Fold: 4
Testing with 775 pos 1375 neg
Training with 3525 pos 5588 neg
--- Gather features---
--- Train BOW---
--- Make hists---
--- No histograms for 96 images ---
--- Fit model---
--- Overall training model took 1790.69467807 ---
--- No histograms for 12 images ---
TP: 527 FP: 252 TN 1123 FN: 248
--- kfold: 4, accuracy: 0.767441860465, exp_mean*coverage: 0.52249937724
----- Overall exp mean: 0.618969060512
----- Overall kfold took 9301.1715219 ---
Got result -0.618969

Job file reloaded.
Completed successfully in 9303.15 seconds. [-0.618969]
setting job 20242 complete
set...
