Running in wrapper mode for '20298'

Running python job.

{u'nfeatures': array([90]), u'bow_size': array([100]), u'svm_gamma': array([ 1.12425187]), u'edgeThreshold': array([ 50.]), u'svm_C': array([-0.02720281]), u'sigma': array([ 3.36409455]), u'contrastThreshold': array([ 0.0021658])}
----- Fold: 0
Testing with 951 pos 1473 neg
Training with 3349 pos 5490 neg
--- Gather features---
--- Train BOW---
--- Make hists---
--- No histograms for 1 images ---
--- Fit model---
/usr/local/lib/python2.7/dist-packages/sklearn/svm/base.py:176: FutureWarning: elementwise comparison failed; returning scalar instead, but in the future will perform elementwise comparison
  (self.gamma == 'auto')):
/usr/local/lib/python2.7/dist-packages/sklearn/svm/base.py:179: FutureWarning: elementwise comparison failed; returning scalar instead, but in the future will perform elementwise comparison
  elif self.gamma == 'auto':
--- Overall training model took 478.273157835 ---
TP: 764 FP: 287 TN 1186 FN: 187
--- kfold: 0, accuracy: 0.804455445545, exp_mean*coverage: 0.580735038745
----- Fold: 1
Testing with 900 pos 1372 neg
Training with 3400 pos 5591 neg
--- Gather features---
--- Train BOW---
--- Make hists---
--- No histograms for 1 images ---
--- Fit model---
--- Overall training model took 513.48367095 ---
TP: 703 FP: 211 TN 1161 FN: 197
--- kfold: 1, accuracy: 0.820422535211, exp_mean*coverage: 0.620327881151
----- Fold: 2
Testing with 785 pos 1569 neg
Training with 3515 pos 5394 neg
--- Gather features---
--- Train BOW---
--- Make hists---
--- Fit model---
--- Overall training model took 492.601148129 ---
--- No histograms for 1 images ---
TP: 625 FP: 304 TN 1265 FN: 160
--- kfold: 2, accuracy: 0.802888700085, exp_mean*coverage: 0.577951649393
----- Fold: 3
Testing with 889 pos 1174 neg
Training with 3411 pos 5789 neg
--- Gather features---
--- Train BOW---
--- Make hists---
--- No histograms for 1 images ---
--- Fit model---
--- Overall training model took 435.269227028 ---
TP: 745 FP: 143 TN 1031 FN: 144
--- kfold: 3, accuracy: 0.860882210373, exp_mean*coverage: 0.697789417057
----- Fold: 4
Testing with 775 pos 1375 neg
Training with 3525 pos 5588 neg
--- Gather features---
--- Train BOW---
--- Make hists---
--- No histograms for 1 images ---
--- Fit model---
--- Overall training model took 504.508409023 ---
TP: 529 FP: 293 TN 1082 FN: 246
--- kfold: 4, accuracy: 0.749302325581, exp_mean*coverage: 0.493723116504
----- Overall exp mean: 0.59410542057
----- Overall kfold took 2708.69998503 ---
Got result -0.594105

Job file reloaded.
Completed successfully in 2708.94 seconds. [-0.594105]
setting job 20298 complete
set...
