Running in wrapper mode for '20275'

Running python job.

{u'nfeatures': array([61]), u'bow_size': array([811]), u'svm_gamma': array([ 1.81303847]), u'edgeThreshold': array([ 35.03925749]), u'svm_C': array([ 1.27046973]), u'sigma': array([ 1.74005406]), u'contrastThreshold': array([ 0.001])}
----- Fold: 0
Testing with 951 pos 1473 neg
Training with 3349 pos 5490 neg
--- Gather features---
--- Train BOW---
--- Make hists---
--- Fit model---
/usr/local/lib/python2.7/dist-packages/sklearn/svm/base.py:176: FutureWarning: elementwise comparison failed; returning scalar instead, but in the future will perform elementwise comparison
  (self.gamma == 'auto')):
/usr/local/lib/python2.7/dist-packages/sklearn/svm/base.py:179: FutureWarning: elementwise comparison failed; returning scalar instead, but in the future will perform elementwise comparison
  elif self.gamma == 'auto':
--- Overall training model took 2987.28547406 ---
TP: 644 FP: 161 TN 1312 FN: 307
--- kfold: 0, accuracy: 0.806930693069, exp_mean*coverage: 0.609618891859
----- Fold: 1
Testing with 900 pos 1372 neg
Training with 3400 pos 5591 neg
--- Gather features---
--- Train BOW---
--- Make hists---
--- Fit model---
--- Overall training model took 2699.32513189 ---
TP: 593 FP: 128 TN 1244 FN: 307
--- kfold: 1, accuracy: 0.808538732394, exp_mean*coverage: 0.616133905834
----- Fold: 2
Testing with 785 pos 1569 neg
Training with 3515 pos 5394 neg
--- Gather features---
--- Train BOW---
--- Make hists---
--- Fit model---
--- Overall training model took 2848.44189906 ---
TP: 528 FP: 166 TN 1403 FN: 257
--- kfold: 2, accuracy: 0.820305862362, exp_mean*coverage: 0.610708510831
----- Fold: 3
Testing with 889 pos 1174 neg
Training with 3411 pos 5789 neg
--- Gather features---
--- Train BOW---
--- Make hists---
--- Fit model---
--- Overall training model took 3007.93908715 ---
TP: 667 FP: 87 TN 1087 FN: 222
--- kfold: 3, accuracy: 0.850218128938, exp_mean*coverage: 0.704531778759
----- Fold: 4
Testing with 775 pos 1375 neg
Training with 3525 pos 5588 neg
--- Gather features---
--- Train BOW---
--- Make hists---
--- Fit model---
--- Overall training model took 3017.13644791 ---
TP: 507 FP: 175 TN 1200 FN: 268
--- kfold: 4, accuracy: 0.793953488372, exp_mean*coverage: 0.573214478434
----- Overall exp mean: 0.622841513143
----- Overall kfold took 14913.6345069 ---
Got result -0.622842

Job file reloaded.
Completed successfully in 14914.08 seconds. [-0.622842]
setting job 20275 complete
set...
