Running in wrapper mode for '20268'

Running python job.

{u'nfeatures': array([11]), u'bow_size': array([100]), u'svm_gamma': array([-0.63893645]), u'edgeThreshold': array([ 50.]), u'svm_C': array([ 3.]), u'sigma': array([ 4.17981711]), u'contrastThreshold': array([ 0.001])}
----- Fold: 0
Testing with 951 pos 1473 neg
Training with 3349 pos 5490 neg
--- Gather features---
--- Train BOW---
--- Make hists---
--- No histograms for 5 images ---
--- Fit model---
/usr/local/lib/python2.7/dist-packages/sklearn/svm/base.py:176: FutureWarning: elementwise comparison failed; returning scalar instead, but in the future will perform elementwise comparison
  (self.gamma == 'auto')):
/usr/local/lib/python2.7/dist-packages/sklearn/svm/base.py:179: FutureWarning: elementwise comparison failed; returning scalar instead, but in the future will perform elementwise comparison
  elif self.gamma == 'auto':
--- Overall training model took 294.96250701 ---
--- No histograms for 3 images ---
TP: 715 FP: 386 TN 1087 FN: 236
--- kfold: 0, accuracy: 0.743399339934, exp_mean*coverage: 0.473808898413
----- Fold: 1
Testing with 900 pos 1372 neg
Training with 3400 pos 5591 neg
--- Gather features---
--- Train BOW---
--- Make hists---
--- No histograms for 7 images ---
--- Fit model---
--- Overall training model took 278.065676928 ---
--- No histograms for 1 images ---
TP: 656 FP: 271 TN 1101 FN: 244
--- kfold: 1, accuracy: 0.773327464789, exp_mean*coverage: 0.536491589439
----- Fold: 2
Testing with 785 pos 1569 neg
Training with 3515 pos 5394 neg
--- Gather features---
--- Train BOW---
--- Make hists---
--- No histograms for 6 images ---
--- Fit model---
--- Overall training model took 255.131194115 ---
--- No histograms for 2 images ---
TP: 561 FP: 332 TN 1237 FN: 224
--- kfold: 2, accuracy: 0.763806287171, exp_mean*coverage: 0.512280217633
----- Fold: 3
Testing with 889 pos 1174 neg
Training with 3411 pos 5789 neg
--- Gather features---
--- Train BOW---
--- Make hists---
--- No histograms for 8 images ---
--- Fit model---
--- Overall training model took 282.72337985 ---
TP: 654 FP: 235 TN 939 FN: 235
--- kfold: 3, accuracy: 0.772176442075, exp_mean*coverage: 0.537344251776
----- Fold: 4
Testing with 775 pos 1375 neg
Training with 3525 pos 5588 neg
--- Gather features---
--- Train BOW---
--- Make hists---
--- No histograms for 6 images ---
--- Fit model---
--- Overall training model took 231.53428483 ---
--- No histograms for 2 images ---
TP: 492 FP: 317 TN 1058 FN: 283
--- kfold: 4, accuracy: 0.720930232558, exp_mean*coverage: 0.449172918564
----- Overall exp mean: 0.501819575165
----- Overall kfold took 1563.3644352 ---
Got result -0.501820

Job file reloaded.
Completed successfully in 1569.37 seconds. [-0.501820]
setting job 20268 complete
set...
