Running in wrapper mode for '20181'

Running python job.

{u'nfeatures': array([52]), u'bow_size': array([762]), u'svm_gamma': array([-0.70964284]), u'edgeThreshold': array([ 50.]), u'svm_C': array([ 1.29323515]), u'sigma': array([ 2.79045195]), u'contrastThreshold': array([ 0.001])}
----- Fold: 0
Testing with 951 pos 1473 neg
Training with 3349 pos 5490 neg
--- Gather features---
--- Train BOW---
--- Make hists---
--- Fit model---
/usr/local/lib/python2.7/dist-packages/sklearn/svm/base.py:176: FutureWarning: elementwise comparison failed; returning scalar instead, but in the future will perform elementwise comparison
  (self.gamma == 'auto')):
/usr/local/lib/python2.7/dist-packages/sklearn/svm/base.py:179: FutureWarning: elementwise comparison failed; returning scalar instead, but in the future will perform elementwise comparison
  elif self.gamma == 'auto':
--- Overall training model took 1953.130548 ---
TP: 760 FP: 355 TN 1118 FN: 191
--- kfold: 0, accuracy: 0.774752475248, exp_mean*coverage: 0.521666749048
----- Fold: 1
Testing with 900 pos 1372 neg
Training with 3400 pos 5591 neg
--- Gather features---
--- Train BOW---
--- Make hists---
--- Fit model---
--- Overall training model took 2014.34134197 ---
TP: 662 FP: 182 TN 1190 FN: 238
--- kfold: 1, accuracy: 0.81514084507, exp_mean*coverage: 0.619154590993
----- Fold: 2
Testing with 785 pos 1569 neg
Training with 3515 pos 5394 neg
--- Gather features---
--- Train BOW---
--- Make hists---
--- Fit model---
--- Overall training model took 2071.74268603 ---
TP: 630 FP: 283 TN 1286 FN: 155
--- kfold: 2, accuracy: 0.813933729822, exp_mean*coverage: 0.598666164447
----- Fold: 3
Testing with 889 pos 1174 neg
Training with 3411 pos 5789 neg
--- Gather features---
--- Train BOW---
--- Make hists---
--- Fit model---
--- Overall training model took 2057.42600203 ---
TP: 737 FP: 162 TN 1012 FN: 152
--- kfold: 3, accuracy: 0.847794474067, exp_mean*coverage: 0.669994168116
----- Fold: 4
Testing with 775 pos 1375 neg
Training with 3525 pos 5588 neg
--- Gather features---
--- Train BOW---
--- Make hists---
--- Fit model---
--- Overall training model took 2075.35773492 ---
TP: 545 FP: 295 TN 1080 FN: 230
--- kfold: 4, accuracy: 0.755813953488, exp_mean*coverage: 0.503249034252
----- Overall exp mean: 0.582546141371
----- Overall kfold took 10509.342365 ---
Got result -0.582546

Job file reloaded.
Completed successfully in 10509.57 seconds. [-0.582546]
setting job 20181 complete
set...
