Running in wrapper mode for '20121'

Running python job.

{u'nfeatures': array([10]), u'bow_size': array([1272]), u'svm_gamma': array([ 0.87310443]), u'edgeThreshold': array([ 50.]), u'svm_C': array([-0.12412196]), u'sigma': array([ 0.93990578]), u'contrastThreshold': array([ 0.001])}
----- Fold: 0
Testing with 951 pos 1473 neg
Training with 3349 pos 5490 neg
--- Gather features---
--- Train BOW---
--- Make hists---
--- Fit model---
/usr/local/lib/python2.7/dist-packages/sklearn/svm/base.py:176: FutureWarning: elementwise comparison failed; returning scalar instead, but in the future will perform elementwise comparison
  (self.gamma == 'auto')):
/usr/local/lib/python2.7/dist-packages/sklearn/svm/base.py:179: FutureWarning: elementwise comparison failed; returning scalar instead, but in the future will perform elementwise comparison
  elif self.gamma == 'auto':
--- Overall training model took 685.4495821 ---
TP: 674 FP: 322 TN 1151 FN: 277
--- kfold: 0, accuracy: 0.752887788779, exp_mean*coverage: 0.501633514216
----- Fold: 1
Testing with 900 pos 1372 neg
Training with 3400 pos 5591 neg
--- Gather features---
--- Train BOW---
--- Make hists---
--- Fit model---
--- Overall training model took 764.921295881 ---
TP: 578 FP: 232 TN 1140 FN: 322
--- kfold: 1, accuracy: 0.756161971831, exp_mean*coverage: 0.51877350996
----- Fold: 2
Testing with 785 pos 1569 neg
Training with 3515 pos 5394 neg
--- Gather features---
--- Train BOW---
--- Make hists---
--- Fit model---
--- Overall training model took 787.1866889 ---
TP: 536 FP: 272 TN 1297 FN: 249
--- kfold: 2, accuracy: 0.778674596432, exp_mean*coverage: 0.538302202272
----- Fold: 3
Testing with 889 pos 1174 neg
Training with 3411 pos 5789 neg
--- Gather features---
--- Train BOW---
--- Make hists---
--- Fit model---
--- Overall training model took 776.479176044 ---
TP: 651 FP: 188 TN 986 FN: 238
--- kfold: 3, accuracy: 0.793504604944, exp_mean*coverage: 0.583277001004
----- Fold: 4
Testing with 775 pos 1375 neg
Training with 3525 pos 5588 neg
--- Gather features---
--- Train BOW---
--- Make hists---
--- Fit model---
--- Overall training model took 780.267060995 ---
TP: 522 FP: 282 TN 1093 FN: 253
--- kfold: 4, accuracy: 0.751162790698, exp_mean*coverage: 0.497544766026
----- Overall exp mean: 0.527906198695
----- Overall kfold took 4046.21296406 ---
Got result -0.527906

Job file reloaded.
Completed successfully in 4046.43 seconds. [-0.527906]
setting job 20121 complete
set...
