Running in wrapper mode for '20279'

Running python job.

{u'nfeatures': array([73]), u'bow_size': array([1634]), u'svm_gamma': array([ 1.59355239]), u'edgeThreshold': array([ 44.29142888]), u'svm_C': array([ 0.36102828]), u'sigma': array([ 4.46134935]), u'contrastThreshold': array([ 0.001])}
----- Fold: 0
Testing with 951 pos 1473 neg
Training with 3349 pos 5490 neg
--- Gather features---
--- Train BOW---
--- Make hists---
--- No histograms for 9 images ---
--- Fit model---
/usr/local/lib/python2.7/dist-packages/sklearn/svm/base.py:176: FutureWarning: elementwise comparison failed; returning scalar instead, but in the future will perform elementwise comparison
  (self.gamma == 'auto')):
/usr/local/lib/python2.7/dist-packages/sklearn/svm/base.py:179: FutureWarning: elementwise comparison failed; returning scalar instead, but in the future will perform elementwise comparison
  elif self.gamma == 'auto':
--- Overall training model took 2575.86163211 ---
--- No histograms for 5 images ---
TP: 568 FP: 110 TN 1363 FN: 383
--- kfold: 0, accuracy: 0.796617161716, exp_mean*coverage: 0.591891437931
----- Fold: 1
Testing with 900 pos 1372 neg
Training with 3400 pos 5591 neg
--- Gather features---
--- Train BOW---
--- Make hists---
--- No histograms for 12 images ---
--- Fit model---
--- Overall training model took 2495.86253214 ---
--- No histograms for 2 images ---
TP: 502 FP: 84 TN 1288 FN: 398
--- kfold: 1, accuracy: 0.787852112676, exp_mean*coverage: 0.577359746129
----- Fold: 2
Testing with 785 pos 1569 neg
Training with 3515 pos 5394 neg
--- Gather features---
--- Train BOW---
--- Make hists---
--- No histograms for 10 images ---
--- Fit model---
--- Overall training model took 2717.50809193 ---
--- No histograms for 4 images ---
TP: 427 FP: 134 TN 1435 FN: 358
--- kfold: 2, accuracy: 0.790994052676, exp_mean*coverage: 0.54085486814
----- Fold: 3
Testing with 889 pos 1174 neg
Training with 3411 pos 5789 neg
--- Gather features---
--- Train BOW---
--- Make hists---
--- No histograms for 13 images ---
--- Fit model---
--- Overall training model took 2793.90320301 ---
--- No histograms for 1 images ---
TP: 489 FP: 50 TN 1124 FN: 400
--- kfold: 3, accuracy: 0.781871061561, exp_mean*coverage: 0.591584288932
----- Fold: 4
Testing with 775 pos 1375 neg
Training with 3525 pos 5588 neg
--- Gather features---
--- Train BOW---
--- Make hists---
--- No histograms for 12 images ---
--- Fit model---
--- Overall training model took 2848.26441598 ---
--- No histograms for 2 images ---
TP: 351 FP: 137 TN 1238 FN: 424
--- kfold: 4, accuracy: 0.739069767442, exp_mean*coverage: 0.459019656873
----- Overall exp mean: 0.552141999601
----- Overall kfold took 13985.1010869 ---
Got result -0.552142

Job file reloaded.
Completed successfully in 13985.37 seconds. [-0.552142]
setting job 20279 complete
set...
