Running in wrapper mode for '20228'

Running python job.

{u'nfeatures': array([80]), u'bow_size': array([220]), u'svm_gamma': array([ 1.39603284]), u'edgeThreshold': array([ 30.65067502]), u'svm_C': array([ 0.61285293]), u'sigma': array([ 3.70303733]), u'contrastThreshold': array([ 0.001])}
----- Fold: 0
Testing with 951 pos 1473 neg
Training with 3349 pos 5490 neg
--- Gather features---
--- Train BOW---
--- Make hists---
--- No histograms for 1 images ---
--- Fit model---
/usr/local/lib/python2.7/dist-packages/sklearn/svm/base.py:176: FutureWarning: elementwise comparison failed; returning scalar instead, but in the future will perform elementwise comparison
  (self.gamma == 'auto')):
/usr/local/lib/python2.7/dist-packages/sklearn/svm/base.py:179: FutureWarning: elementwise comparison failed; returning scalar instead, but in the future will perform elementwise comparison
  elif self.gamma == 'auto':
--- Overall training model took 643.39803195 ---
TP: 688 FP: 206 TN 1267 FN: 263
--- kfold: 0, accuracy: 0.806518151815, exp_mean*coverage: 0.602643129974
----- Fold: 1
Testing with 900 pos 1372 neg
Training with 3400 pos 5591 neg
--- Gather features---
--- Train BOW---
--- Make hists---
--- No histograms for 1 images ---
--- Fit model---
--- Overall training model took 693.190358877 ---
TP: 630 FP: 135 TN 1237 FN: 270
--- kfold: 1, accuracy: 0.821742957746, exp_mean*coverage: 0.638411658618
----- Fold: 2
Testing with 785 pos 1569 neg
Training with 3515 pos 5394 neg
--- Gather features---
--- Train BOW---
--- Make hists---
--- Fit model---
--- Overall training model took 643.317971945 ---
--- No histograms for 1 images ---
TP: 550 FP: 231 TN 1338 FN: 235
--- kfold: 2, accuracy: 0.802039082413, exp_mean*coverage: 0.579286343767
----- Fold: 3
Testing with 889 pos 1174 neg
Training with 3411 pos 5789 neg
--- Gather features---
--- Train BOW---
--- Make hists---
--- No histograms for 1 images ---
--- Fit model---
--- Overall training model took 735.977760077 ---
TP: 654 FP: 91 TN 1083 FN: 235
--- kfold: 3, accuracy: 0.841977702375, exp_mean*coverage: 0.689743505631
----- Fold: 4
Testing with 775 pos 1375 neg
Training with 3525 pos 5588 neg
--- Gather features---
--- Train BOW---
--- Make hists---
--- No histograms for 1 images ---
--- Fit model---
--- Overall training model took 733.660881042 ---
TP: 479 FP: 223 TN 1152 FN: 296
--- kfold: 4, accuracy: 0.758604651163, exp_mean*coverage: 0.511431501517
----- Overall exp mean: 0.604303227901
----- Overall kfold took 3735.16606998 ---
Got result -0.604303

Job file reloaded.
Completed successfully in 3735.42 seconds. [-0.604303]
setting job 20228 complete
set...
