Running in wrapper mode for '20276'

Running python job.

{u'nfeatures': array([81]), u'bow_size': array([116]), u'svm_gamma': array([ 1.1116043]), u'edgeThreshold': array([ 50.]), u'svm_C': array([ 0.44391482]), u'sigma': array([ 4.72378166]), u'contrastThreshold': array([ 0.001])}
----- Fold: 0
Testing with 951 pos 1473 neg
Training with 3349 pos 5490 neg
--- Gather features---
--- Train BOW---
--- Make hists---
--- No histograms for 13 images ---
--- Fit model---
/usr/local/lib/python2.7/dist-packages/sklearn/svm/base.py:176: FutureWarning: elementwise comparison failed; returning scalar instead, but in the future will perform elementwise comparison
  (self.gamma == 'auto')):
/usr/local/lib/python2.7/dist-packages/sklearn/svm/base.py:179: FutureWarning: elementwise comparison failed; returning scalar instead, but in the future will perform elementwise comparison
  elif self.gamma == 'auto':
--- Overall training model took 383.223374844 ---
--- No histograms for 6 images ---
TP: 738 FP: 289 TN 1184 FN: 213
--- kfold: 0, accuracy: 0.792904290429, exp_mean*coverage: 0.56278334558
----- Fold: 1
Testing with 900 pos 1372 neg
Training with 3400 pos 5591 neg
--- Gather features---
--- Train BOW---
--- Make hists---
--- No histograms for 17 images ---
--- Fit model---
--- Overall training model took 442.857709169 ---
--- No histograms for 2 images ---
TP: 677 FP: 196 TN 1176 FN: 223
--- kfold: 1, accuracy: 0.815580985915, exp_mean*coverage: 0.61619797637
----- Fold: 2
Testing with 785 pos 1569 neg
Training with 3515 pos 5394 neg
--- Gather features---
--- Train BOW---
--- Make hists---
--- No histograms for 14 images ---
--- Fit model---
--- Overall training model took 444.095247984 ---
--- No histograms for 5 images ---
TP: 575 FP: 308 TN 1261 FN: 210
--- kfold: 2, accuracy: 0.77994902294, exp_mean*coverage: 0.538997125967
----- Fold: 3
Testing with 889 pos 1174 neg
Training with 3411 pos 5789 neg
--- Gather features---
--- Train BOW---
--- Make hists---
--- No histograms for 16 images ---
--- Fit model---
--- Overall training model took 443.44530797 ---
--- No histograms for 3 images ---
TP: 661 FP: 143 TN 1031 FN: 228
--- kfold: 3, accuracy: 0.820164808531, exp_mean*coverage: 0.636980681183
----- Fold: 4
Testing with 775 pos 1375 neg
Training with 3525 pos 5588 neg
--- Gather features---
--- Train BOW---
--- Make hists---
--- No histograms for 16 images ---
--- Fit model---
--- Overall training model took 374.234347105 ---
--- No histograms for 3 images ---
TP: 506 FP: 275 TN 1100 FN: 269
--- kfold: 4, accuracy: 0.746976744186, exp_mean*coverage: 0.49083742888
----- Overall exp mean: 0.569159311596
----- Overall kfold took 2383.56897712 ---
Got result -0.569159

Job file reloaded.
Completed successfully in 2383.80 seconds. [-0.569159]
setting job 20276 complete
set...
