Running in wrapper mode for '20208'

Running python job.

{u'nfeatures': array([18]), u'bow_size': array([1099]), u'svm_gamma': array([-0.76338216]), u'edgeThreshold': array([ 50.]), u'svm_C': array([ 3.]), u'sigma': array([ 2.37585801]), u'contrastThreshold': array([ 0.001])}
----- Fold: 0
Testing with 951 pos 1473 neg
Training with 3349 pos 5490 neg
--- Gather features---
--- Train BOW---
--- Make hists---
--- Fit model---
/usr/local/lib/python2.7/dist-packages/sklearn/svm/base.py:176: FutureWarning: elementwise comparison failed; returning scalar instead, but in the future will perform elementwise comparison
  (self.gamma == 'auto')):
/usr/local/lib/python2.7/dist-packages/sklearn/svm/base.py:179: FutureWarning: elementwise comparison failed; returning scalar instead, but in the future will perform elementwise comparison
  elif self.gamma == 'auto':
--- Overall training model took 1136.71482897 ---
TP: 710 FP: 333 TN 1140 FN: 241
--- kfold: 0, accuracy: 0.763201320132, exp_mean*coverage: 0.512905146375
----- Fold: 1
Testing with 900 pos 1372 neg
Training with 3400 pos 5591 neg
--- Gather features---
--- Train BOW---
--- Make hists---
--- Fit model---
--- Overall training model took 1359.37044406 ---
TP: 641 FP: 264 TN 1108 FN: 259
--- kfold: 1, accuracy: 0.769806338028, exp_mean*coverage: 0.533379752904
----- Fold: 2
Testing with 785 pos 1569 neg
Training with 3515 pos 5394 neg
--- Gather features---
--- Train BOW---
--- Make hists---
--- Fit model---
--- Overall training model took 1293.19951797 ---
TP: 587 FP: 307 TN 1262 FN: 198
--- kfold: 2, accuracy: 0.785471537808, exp_mean*coverage: 0.549338520086
----- Fold: 3
Testing with 889 pos 1174 neg
Training with 3411 pos 5789 neg
--- Gather features---
--- Train BOW---
--- Make hists---
--- Fit model---
--- Overall training model took 1412.05782199 ---
TP: 685 FP: 244 TN 930 FN: 204
--- kfold: 3, accuracy: 0.782840523509, exp_mean*coverage: 0.547038129253
----- Fold: 4
Testing with 775 pos 1375 neg
Training with 3525 pos 5588 neg
--- Gather features---
--- Train BOW---
--- Make hists---
--- Fit model---
--- Overall training model took 1420.02158689 ---
TP: 536 FP: 307 TN 1068 FN: 239
--- kfold: 4, accuracy: 0.746046511628, exp_mean*coverage: 0.487379531123
----- Overall exp mean: 0.526008215948
----- Overall kfold took 6872.15171385 ---
Got result -0.526008

Job file reloaded.
Completed successfully in 6872.38 seconds. [-0.526008]
setting job 20208 complete
set...
