Running in wrapper mode for '20113'

Running python job.

{u'nfeatures': array([82]), u'bow_size': array([1186]), u'svm_gamma': array([ 0.65984876]), u'edgeThreshold': array([ 22.8980116]), u'svm_C': array([ 1.60413987]), u'sigma': array([ 3.69830932]), u'contrastThreshold': array([ 0.001])}
----- Fold: 0
Testing with 951 pos 1473 neg
Training with 3349 pos 5490 neg
--- Gather features---
--- Train BOW---
--- Make hists---
--- No histograms for 1 images ---
--- Fit model---
/usr/local/lib/python2.7/dist-packages/sklearn/svm/base.py:176: FutureWarning: elementwise comparison failed; returning scalar instead, but in the future will perform elementwise comparison
  (self.gamma == 'auto')):
/usr/local/lib/python2.7/dist-packages/sklearn/svm/base.py:179: FutureWarning: elementwise comparison failed; returning scalar instead, but in the future will perform elementwise comparison
  elif self.gamma == 'auto':
--- Overall training model took 2503.22674489 ---
TP: 712 FP: 271 TN 1202 FN: 239
--- kfold: 0, accuracy: 0.789603960396, exp_mean*coverage: 0.563900680868
----- Fold: 1
Testing with 900 pos 1372 neg
Training with 3400 pos 5591 neg
--- Gather features---
--- Train BOW---
--- Make hists---
--- No histograms for 1 images ---
--- Fit model---
--- Overall training model took 2642.64735103 ---
TP: 681 FP: 215 TN 1157 FN: 219
--- kfold: 1, accuracy: 0.808978873239, exp_mean*coverage: 0.602063272851
----- Fold: 2
Testing with 785 pos 1569 neg
Training with 3515 pos 5394 neg
--- Gather features---
--- Train BOW---
--- Make hists---
--- Fit model---
--- Overall training model took 2728.71568298 ---
--- No histograms for 1 images ---
TP: 575 FP: 257 TN 1312 FN: 210
--- kfold: 2, accuracy: 0.801614273577, exp_mean*coverage: 0.578706245896
----- Fold: 3
Testing with 889 pos 1174 neg
Training with 3411 pos 5789 neg
--- Gather features---
--- Train BOW---
--- Make hists---
--- No histograms for 1 images ---
--- Fit model---
--- Overall training model took 2447.29341102 ---
TP: 670 FP: 142 TN 1032 FN: 219
--- kfold: 3, accuracy: 0.825012118274, exp_mean*coverage: 0.645505700592
----- Fold: 4
Testing with 775 pos 1375 neg
Training with 3525 pos 5588 neg
--- Gather features---
--- Train BOW---
--- Make hists---
--- No histograms for 1 images ---
--- Fit model---
--- Overall training model took 2647.20075393 ---
TP: 515 FP: 299 TN 1076 FN: 260
--- kfold: 4, accuracy: 0.74, exp_mean*coverage: 0.47920451133
----- Overall exp mean: 0.573876082308
----- Overall kfold took 13379.8595691 ---
Got result -0.573876

Job file reloaded.
Completed successfully in 13380.08 seconds. [-0.573876]
setting job 20113 complete
set...
