Running in wrapper mode for '20027'

Running python job.

{u'nfeatures': array([50]), u'bow_size': array([601]), u'svm_gamma': array([ 0.28934001]), u'edgeThreshold': array([ 44.71926483]), u'svm_C': array([ 2.4502625]), u'sigma': array([ 2.27388001]), u'contrastThreshold': array([ 0.001])}
----- Fold: 0
Testing with 951 pos 1473 neg
Training with 3349 pos 5490 neg
--- Gather features---
--- Train BOW---
--- Make hists---
--- Fit model---
/usr/local/lib/python2.7/dist-packages/sklearn/svm/base.py:176: FutureWarning: elementwise comparison failed; returning scalar instead, but in the future will perform elementwise comparison
  (self.gamma == 'auto')):
/usr/local/lib/python2.7/dist-packages/sklearn/svm/base.py:179: FutureWarning: elementwise comparison failed; returning scalar instead, but in the future will perform elementwise comparison
  elif self.gamma == 'auto':
--- Overall training model took 1782.04493809 ---
TP: 712 FP: 270 TN 1203 FN: 239
--- kfold: 0, accuracy: 0.79001650165, exp_mean*coverage: 0.56472192383
----- Fold: 1
Testing with 900 pos 1372 neg
Training with 3400 pos 5591 neg
--- Gather features---
--- Train BOW---
--- Make hists---
--- Fit model---
--- Overall training model took 1794.08319807 ---
TP: 671 FP: 203 TN 1169 FN: 229
--- kfold: 1, accuracy: 0.80985915493, exp_mean*coverage: 0.606269482182
----- Fold: 2
Testing with 785 pos 1569 neg
Training with 3515 pos 5394 neg
--- Gather features---
--- Train BOW---
--- Make hists---
--- Fit model---
--- Overall training model took 1809.62431216 ---
TP: 601 FP: 245 TN 1324 FN: 184
--- kfold: 2, accuracy: 0.817757009346, exp_mean*coverage: 0.608089401522
----- Fold: 3
Testing with 889 pos 1174 neg
Training with 3411 pos 5789 neg
--- Gather features---
--- Train BOW---
--- Make hists---
--- Fit model---
--- Overall training model took 2011.94669104 ---
TP: 713 FP: 145 TN 1029 FN: 176
--- kfold: 3, accuracy: 0.844401357247, exp_mean*coverage: 0.672896954794
----- Fold: 4
Testing with 775 pos 1375 neg
Training with 3525 pos 5588 neg
--- Gather features---
--- Train BOW---
--- Make hists---
--- Fit model---
--- Overall training model took 1977.35414314 ---
TP: 563 FP: 234 TN 1141 FN: 212
--- kfold: 4, accuracy: 0.792558139535, exp_mean*coverage: 0.567708210408
----- Overall exp mean: 0.603937194547
----- Overall kfold took 9656.77308798 ---
Got result -0.603937

Job file reloaded.
Completed successfully in 9656.99 seconds. [-0.603937]
setting job 20027 complete
set...
