Running in wrapper mode for '20313'

Running python job.

{u'nfeatures': array([35]), u'bow_size': array([183]), u'svm_gamma': array([-1.77758641]), u'edgeThreshold': array([ 24.76666664]), u'svm_C': array([ 3.]), u'sigma': array([ 2.02312705]), u'contrastThreshold': array([ 0.001])}
----- Fold: 0
Testing with 951 pos 1473 neg
Training with 3349 pos 5490 neg
--- Gather features---
--- Train BOW---
--- Make hists---
--- Fit model---
/usr/local/lib/python2.7/dist-packages/sklearn/svm/base.py:176: FutureWarning: elementwise comparison failed; returning scalar instead, but in the future will perform elementwise comparison
  (self.gamma == 'auto')):
/usr/local/lib/python2.7/dist-packages/sklearn/svm/base.py:179: FutureWarning: elementwise comparison failed; returning scalar instead, but in the future will perform elementwise comparison
  elif self.gamma == 'auto':
--- Overall training model took 584.929908991 ---
TP: 694 FP: 305 TN 1168 FN: 257
--- kfold: 0, accuracy: 0.768151815182, exp_mean*coverage: 0.526083139205
----- Fold: 1
Testing with 900 pos 1372 neg
Training with 3400 pos 5591 neg
--- Gather features---
--- Train BOW---
--- Make hists---
--- Fit model---
--- Overall training model took 466.039040089 ---
TP: 661 FP: 241 TN 1131 FN: 239
--- kfold: 1, accuracy: 0.788732394366, exp_mean*coverage: 0.56579496226
----- Fold: 2
Testing with 785 pos 1569 neg
Training with 3515 pos 5394 neg
--- Gather features---
--- Train BOW---
--- Make hists---
--- Fit model---
--- Overall training model took 580.530832052 ---
TP: 589 FP: 294 TN 1275 FN: 196
--- kfold: 2, accuracy: 0.791843670348, exp_mean*coverage: 0.560708191191
----- Fold: 3
Testing with 889 pos 1174 neg
Training with 3411 pos 5789 neg
--- Gather features---
--- Train BOW---
--- Make hists---
--- Fit model---
--- Overall training model took 530.460601091 ---
TP: 712 FP: 170 TN 1004 FN: 177
--- kfold: 3, accuracy: 0.831798351915, exp_mean*coverage: 0.643870462488
----- Fold: 4
Testing with 775 pos 1375 neg
Training with 3525 pos 5588 neg
--- Gather features---
--- Train BOW---
--- Make hists---
--- Fit model---
--- Overall training model took 576.126109838 ---
TP: 553 FP: 278 TN 1097 FN: 222
--- kfold: 4, accuracy: 0.767441860465, exp_mean*coverage: 0.522876890799
----- Overall exp mean: 0.563866729189
----- Overall kfold took 2915.82778811 ---
Got result -0.563867

Job file reloaded.
Completed successfully in 2916.07 seconds. [-0.563867]
setting job 20313 complete
set...
