Running in wrapper mode for '20040'

Running python job.

{u'nfeatures': array([55]), u'bow_size': array([606]), u'svm_gamma': array([ 0.0528283]), u'edgeThreshold': array([ 45.53337286]), u'svm_C': array([ 3.]), u'sigma': array([ 3.15604385]), u'contrastThreshold': array([ 0.001])}
----- Fold: 0
Testing with 951 pos 1473 neg
Training with 3349 pos 5490 neg
--- Gather features---
--- Train BOW---
--- Make hists---
--- Fit model---
/usr/local/lib/python2.7/dist-packages/sklearn/svm/base.py:176: FutureWarning: elementwise comparison failed; returning scalar instead, but in the future will perform elementwise comparison
  (self.gamma == 'auto')):
/usr/local/lib/python2.7/dist-packages/sklearn/svm/base.py:179: FutureWarning: elementwise comparison failed; returning scalar instead, but in the future will perform elementwise comparison
  elif self.gamma == 'auto':
--- Overall training model took 1682.70719099 ---
TP: 707 FP: 256 TN 1217 FN: 244
--- kfold: 0, accuracy: 0.793729372937, exp_mean*coverage: 0.573235235377
----- Fold: 1
Testing with 900 pos 1372 neg
Training with 3400 pos 5591 neg
--- Gather features---
--- Train BOW---
--- Make hists---
--- Fit model---
--- Overall training model took 1750.78719687 ---
TP: 675 FP: 179 TN 1193 FN: 225
--- kfold: 1, accuracy: 0.822183098592, exp_mean*coverage: 0.631025673561
----- Fold: 2
Testing with 785 pos 1569 neg
Training with 3515 pos 5394 neg
--- Gather features---
--- Train BOW---
--- Make hists---
--- Fit model---
--- Overall training model took 1573.03035688 ---
TP: 604 FP: 255 TN 1314 FN: 181
--- kfold: 2, accuracy: 0.814783347494, exp_mean*coverage: 0.602319882307
----- Fold: 3
Testing with 889 pos 1174 neg
Training with 3411 pos 5789 neg
--- Gather features---
--- Train BOW---
--- Make hists---
--- Fit model---
--- Overall training model took 1632.56894398 ---
TP: 676 FP: 124 TN 1050 FN: 213
--- kfold: 3, accuracy: 0.836645661658, exp_mean*coverage: 0.669801020679
----- Fold: 4
Testing with 775 pos 1375 neg
Training with 3525 pos 5588 neg
--- Gather features---
--- Train BOW---
--- Make hists---
--- Fit model---
--- Overall training model took 1628.15171099 ---
TP: 523 FP: 250 TN 1125 FN: 252
--- kfold: 4, accuracy: 0.766511627907, exp_mean*coverage: 0.524067445045
----- Overall exp mean: 0.600089851394
----- Overall kfold took 8593.11431599 ---
Got result -0.600090

Job file reloaded.
Completed successfully in 8593.89 seconds. [-0.600090]
setting job 20040 complete
set...
