Running in wrapper mode for '20131'

Running python job.

{u'nfeatures': array([56]), u'bow_size': array([446]), u'svm_gamma': array([ 1.50119225]), u'edgeThreshold': array([ 37.99663165]), u'svm_C': array([ 2.37691458]), u'sigma': array([ 2.09131527]), u'contrastThreshold': array([ 0.001])}
----- Fold: 0
Testing with 951 pos 1473 neg
Training with 3349 pos 5490 neg
--- Gather features---
--- Train BOW---
--- Make hists---
--- Fit model---
/usr/local/lib/python2.7/dist-packages/sklearn/svm/base.py:176: FutureWarning: elementwise comparison failed; returning scalar instead, but in the future will perform elementwise comparison
  (self.gamma == 'auto')):
/usr/local/lib/python2.7/dist-packages/sklearn/svm/base.py:179: FutureWarning: elementwise comparison failed; returning scalar instead, but in the future will perform elementwise comparison
  elif self.gamma == 'auto':
--- Overall training model took 1570.24590588 ---
TP: 657 FP: 190 TN 1283 FN: 294
--- kfold: 0, accuracy: 0.800330033003, exp_mean*coverage: 0.59508702491
----- Fold: 1
Testing with 900 pos 1372 neg
Training with 3400 pos 5591 neg
--- Gather features---
--- Train BOW---
--- Make hists---
--- Fit model---
--- Overall training model took 1663.11051512 ---
TP: 607 FP: 132 TN 1240 FN: 293
--- kfold: 1, accuracy: 0.812940140845, exp_mean*coverage: 0.623487700157
----- Fold: 2
Testing with 785 pos 1569 neg
Training with 3515 pos 5394 neg
--- Gather features---
--- Train BOW---
--- Make hists---
--- Fit model---
--- Overall training model took 1623.80121899 ---
TP: 564 FP: 184 TN 1385 FN: 221
--- kfold: 2, accuracy: 0.82795242141, exp_mean*coverage: 0.627341528303
----- Fold: 3
Testing with 889 pos 1174 neg
Training with 3411 pos 5789 neg
--- Gather features---
--- Train BOW---
--- Make hists---
--- Fit model---
--- Overall training model took 1705.85735989 ---
TP: 669 FP: 98 TN 1076 FN: 220
--- kfold: 3, accuracy: 0.84585555017, exp_mean*coverage: 0.693658277028
----- Fold: 4
Testing with 775 pos 1375 neg
Training with 3525 pos 5588 neg
--- Gather features---
--- Train BOW---
--- Make hists---
--- Fit model---
--- Overall training model took 1644.554142 ---
TP: 520 FP: 217 TN 1158 FN: 255
--- kfold: 4, accuracy: 0.780465116279, exp_mean*coverage: 0.548891477927
----- Overall exp mean: 0.617693201665
----- Overall kfold took 8469.67012286 ---
Got result -0.617693

Job file reloaded.
Completed successfully in 8469.92 seconds. [-0.617693]
setting job 20131 complete
set...
