Running in wrapper mode for '20239'

Running python job.

{u'nfeatures': array([64]), u'bow_size': array([1165]), u'svm_gamma': array([-0.27235127]), u'edgeThreshold': array([ 50.]), u'svm_C': array([ 0.54720532]), u'sigma': array([ 2.1601755]), u'contrastThreshold': array([ 0.001])}
----- Fold: 0
Testing with 951 pos 1473 neg
Training with 3349 pos 5490 neg
--- Gather features---
--- Train BOW---
--- Make hists---
--- Fit model---
/usr/local/lib/python2.7/dist-packages/sklearn/svm/base.py:176: FutureWarning: elementwise comparison failed; returning scalar instead, but in the future will perform elementwise comparison
  (self.gamma == 'auto')):
/usr/local/lib/python2.7/dist-packages/sklearn/svm/base.py:179: FutureWarning: elementwise comparison failed; returning scalar instead, but in the future will perform elementwise comparison
  elif self.gamma == 'auto':
--- Overall training model took 4019.83176208 ---
TP: 713 FP: 313 TN 1160 FN: 238
--- kfold: 0, accuracy: 0.772689768977, exp_mean*coverage: 0.530430433569
----- Fold: 1
Testing with 900 pos 1372 neg
Training with 3400 pos 5591 neg
--- Gather features---
--- Train BOW---
--- Make hists---
--- Fit model---
--- Overall training model took 4172.39836502 ---
TP: 661 FP: 172 TN 1200 FN: 239
--- kfold: 1, accuracy: 0.819102112676, exp_mean*coverage: 0.627576536751
----- Fold: 2
Testing with 785 pos 1569 neg
Training with 3515 pos 5394 neg
--- Gather features---
--- Train BOW---
--- Make hists---
--- Fit model---
--- Overall training model took 4228.80990887 ---
TP: 606 FP: 255 TN 1314 FN: 179
--- kfold: 2, accuracy: 0.815632965166, exp_mean*coverage: 0.603815091548
----- Fold: 3
Testing with 889 pos 1174 neg
Training with 3411 pos 5789 neg
--- Gather features---
--- Train BOW---
--- Make hists---
--- Fit model---
--- Overall training model took 4258.29141593 ---
TP: 733 FP: 157 TN 1017 FN: 156
--- kfold: 3, accuracy: 0.848279205041, exp_mean*coverage: 0.673045086805
----- Fold: 4
Testing with 775 pos 1375 neg
Training with 3525 pos 5588 neg
--- Gather features---
--- Train BOW---
--- Make hists---
--- Fit model---
--- Overall training model took 4223.08456206 ---
TP: 549 FP: 270 TN 1105 FN: 226
--- kfold: 4, accuracy: 0.769302325581, exp_mean*coverage: 0.526692635916
----- Overall exp mean: 0.592311956918
----- Overall kfold took 21382.4909558 ---
Got result -0.592312

Job file reloaded.
Completed successfully in 21382.93 seconds. [-0.592312]
setting job 20239 complete
set...
