Running in wrapper mode for '20255'

Running python job.

{u'nfeatures': array([71]), u'bow_size': array([870]), u'svm_gamma': array([ 1.37868467]), u'edgeThreshold': array([ 37.96993294]), u'svm_C': array([ 1.32175553]), u'sigma': array([ 3.29062522]), u'contrastThreshold': array([ 0.001])}
----- Fold: 0
Testing with 951 pos 1473 neg
Training with 3349 pos 5490 neg
--- Gather features---
--- Train BOW---
--- Make hists---
--- Fit model---
/usr/local/lib/python2.7/dist-packages/sklearn/svm/base.py:176: FutureWarning: elementwise comparison failed; returning scalar instead, but in the future will perform elementwise comparison
  (self.gamma == 'auto')):
/usr/local/lib/python2.7/dist-packages/sklearn/svm/base.py:179: FutureWarning: elementwise comparison failed; returning scalar instead, but in the future will perform elementwise comparison
  elif self.gamma == 'auto':
--- Overall training model took 2340.63411903 ---
TP: 669 FP: 194 TN 1279 FN: 282
--- kfold: 0, accuracy: 0.803630363036, exp_mean*coverage: 0.59993313127
----- Fold: 1
Testing with 900 pos 1372 neg
Training with 3400 pos 5591 neg
--- Gather features---
--- Train BOW---
--- Make hists---
--- Fit model---
--- Overall training model took 2453.04041886 ---
TP: 624 FP: 133 TN 1239 FN: 276
--- kfold: 1, accuracy: 0.819982394366, exp_mean*coverage: 0.635640632953
----- Fold: 2
Testing with 785 pos 1569 neg
Training with 3515 pos 5394 neg
--- Gather features---
--- Train BOW---
--- Make hists---
--- Fit model---
--- Overall training model took 2327.11330199 ---
TP: 575 FP: 211 TN 1358 FN: 210
--- kfold: 2, accuracy: 0.821155480034, exp_mean*coverage: 0.614940486477
----- Fold: 3
Testing with 889 pos 1174 neg
Training with 3411 pos 5789 neg
--- Gather features---
--- Train BOW---
--- Make hists---
--- Fit model---
--- Overall training model took 2189.842273 ---
TP: 663 FP: 104 TN 1070 FN: 226
--- kfold: 3, accuracy: 0.840038778478, exp_mean*coverage: 0.682277841667
----- Fold: 4
Testing with 775 pos 1375 neg
Training with 3525 pos 5588 neg
--- Gather features---
--- Train BOW---
--- Make hists---
--- Fit model---
--- Overall training model took 2468.50929499 ---
TP: 505 FP: 189 TN 1186 FN: 270
--- kfold: 4, accuracy: 0.786511627907, exp_mean*coverage: 0.559900352244
----- Overall exp mean: 0.618538488922
----- Overall kfold took 12169.6210709 ---
Got result -0.618538

Job file reloaded.
Completed successfully in 12171.32 seconds. [-0.618538]
setting job 20255 complete
set...
