Running in wrapper mode for '20305'

Running python job.

{u'nfeatures': array([58]), u'bow_size': array([100]), u'svm_gamma': array([-1.70445724]), u'edgeThreshold': array([ 21.77721158]), u'svm_C': array([ 3.]), u'sigma': array([ 3.48233334]), u'contrastThreshold': array([ 0.001])}
----- Fold: 0
Testing with 951 pos 1473 neg
Training with 3349 pos 5490 neg
--- Gather features---
--- Train BOW---
--- Make hists---
--- No histograms for 1 images ---
--- Fit model---
/usr/local/lib/python2.7/dist-packages/sklearn/svm/base.py:176: FutureWarning: elementwise comparison failed; returning scalar instead, but in the future will perform elementwise comparison
  (self.gamma == 'auto')):
/usr/local/lib/python2.7/dist-packages/sklearn/svm/base.py:179: FutureWarning: elementwise comparison failed; returning scalar instead, but in the future will perform elementwise comparison
  elif self.gamma == 'auto':
--- Overall training model took 371.061274052 ---
TP: 754 FP: 372 TN 1101 FN: 197
--- kfold: 0, accuracy: 0.765264026403, exp_mean*coverage: 0.504854373577
----- Fold: 1
Testing with 900 pos 1372 neg
Training with 3400 pos 5591 neg
--- Gather features---
--- Train BOW---
--- Make hists---
--- No histograms for 1 images ---
--- Fit model---
--- Overall training model took 456.273490191 ---
TP: 689 FP: 221 TN 1151 FN: 211
--- kfold: 1, accuracy: 0.80985915493, exp_mean*coverage: 0.601858856701
----- Fold: 2
Testing with 785 pos 1569 neg
Training with 3515 pos 5394 neg
--- Gather features---
--- Train BOW---
--- Make hists---
--- No histograms for 1 images ---
--- Fit model---
--- Overall training model took 478.804043055 ---
TP: 606 FP: 343 TN 1226 FN: 179
--- kfold: 2, accuracy: 0.778249787596, exp_mean*coverage: 0.53483571062
----- Fold: 3
Testing with 889 pos 1174 neg
Training with 3411 pos 5789 neg
--- Gather features---
--- Train BOW---
--- Make hists---
--- Fit model---
--- Overall training model took 382.823724031 ---
--- No histograms for 1 images ---
TP: 722 FP: 165 TN 1009 FN: 167
--- kfold: 3, accuracy: 0.839069316529, exp_mean*coverage: 0.656003840247
----- Fold: 4
Testing with 775 pos 1375 neg
Training with 3525 pos 5588 neg
--- Gather features---
--- Train BOW---
--- Make hists---
--- No histograms for 1 images ---
--- Fit model---
--- Overall training model took 458.965307951 ---
TP: 511 FP: 323 TN 1052 FN: 264
--- kfold: 4, accuracy: 0.726976744186, exp_mean*coverage: 0.457970201703
----- Overall exp mean: 0.55110459657
----- Overall kfold took 2445.74429202 ---
Got result -0.551105

Job file reloaded.
Completed successfully in 2446.05 seconds. [-0.551105]
setting job 20305 complete
set...
