Running in wrapper mode for '20175'

Running python job.

{u'nfeatures': array([63]), u'bow_size': array([680]), u'svm_gamma': array([ 1.70906895]), u'edgeThreshold': array([ 44.20502714]), u'svm_C': array([ 1.34123332]), u'sigma': array([ 2.37966187]), u'contrastThreshold': array([ 0.001])}
----- Fold: 0
Testing with 951 pos 1473 neg
Training with 3349 pos 5490 neg
--- Gather features---
--- Train BOW---
--- Make hists---
--- Fit model---
/usr/local/lib/python2.7/dist-packages/sklearn/svm/base.py:176: FutureWarning: elementwise comparison failed; returning scalar instead, but in the future will perform elementwise comparison
  (self.gamma == 'auto')):
/usr/local/lib/python2.7/dist-packages/sklearn/svm/base.py:179: FutureWarning: elementwise comparison failed; returning scalar instead, but in the future will perform elementwise comparison
  elif self.gamma == 'auto':
--- Overall training model took 2259.69245291 ---
TP: 647 FP: 182 TN 1291 FN: 304
--- kfold: 0, accuracy: 0.799504950495, exp_mean*coverage: 0.594715064779
----- Fold: 1
Testing with 900 pos 1372 neg
Training with 3400 pos 5591 neg
--- Gather features---
--- Train BOW---
--- Make hists---
--- Fit model---
--- Overall training model took 2214.87858605 ---
TP: 619 FP: 127 TN 1245 FN: 281
--- kfold: 1, accuracy: 0.820422535211, exp_mean*coverage: 0.637180937835
----- Fold: 2
Testing with 785 pos 1569 neg
Training with 3515 pos 5394 neg
--- Gather features---
--- Train BOW---
--- Make hists---
--- Fit model---
--- Overall training model took 2347.97599912 ---
TP: 567 FP: 179 TN 1390 FN: 218
--- kfold: 2, accuracy: 0.831350892099, exp_mean*coverage: 0.633827095288
----- Fold: 3
Testing with 889 pos 1174 neg
Training with 3411 pos 5789 neg
--- Gather features---
--- Train BOW---
--- Make hists---
--- Fit model---
--- Overall training model took 2382.72760105 ---
TP: 660 FP: 74 TN 1100 FN: 229
--- kfold: 3, accuracy: 0.853126514784, exp_mean*coverage: 0.713673646994
----- Fold: 4
Testing with 775 pos 1375 neg
Training with 3525 pos 5588 neg
--- Gather features---
--- Train BOW---
--- Make hists---
--- Fit model---
--- Overall training model took 2429.27860022 ---
TP: 491 FP: 173 TN 1202 FN: 284
--- kfold: 4, accuracy: 0.787441860465, exp_mean*coverage: 0.5612262021
----- Overall exp mean: 0.628124589399
----- Overall kfold took 12005.0782571 ---
Got result -0.628125

Job file reloaded.
Completed successfully in 12005.33 seconds. [-0.628125]
setting job 20175 complete
set...
