Running in wrapper mode for '20030'

Running python job.

{u'nfeatures': array([52]), u'bow_size': array([772]), u'svm_gamma': array([-0.12483859]), u'edgeThreshold': array([ 38.61226601]), u'svm_C': array([ 3.]), u'sigma': array([ 1.70288289]), u'contrastThreshold': array([ 0.001])}
----- Fold: 0
Testing with 951 pos 1473 neg
Training with 3349 pos 5490 neg
--- Gather features---
--- Train BOW---
--- Make hists---
--- Fit model---
/usr/local/lib/python2.7/dist-packages/sklearn/svm/base.py:176: FutureWarning: elementwise comparison failed; returning scalar instead, but in the future will perform elementwise comparison
  (self.gamma == 'auto')):
/usr/local/lib/python2.7/dist-packages/sklearn/svm/base.py:179: FutureWarning: elementwise comparison failed; returning scalar instead, but in the future will perform elementwise comparison
  elif self.gamma == 'auto':
--- Overall training model took 2464.28390789 ---
TP: 702 FP: 270 TN 1203 FN: 249
--- kfold: 0, accuracy: 0.785891089109, exp_mean*coverage: 0.558762802959
----- Fold: 1
Testing with 900 pos 1372 neg
Training with 3400 pos 5591 neg
--- Gather features---
--- Train BOW---
--- Make hists---
--- Fit model---
--- Overall training model took 2418.53078318 ---
TP: 659 FP: 220 TN 1152 FN: 241
--- kfold: 1, accuracy: 0.797095070423, exp_mean*coverage: 0.582980894653
----- Fold: 2
Testing with 785 pos 1569 neg
Training with 3515 pos 5394 neg
--- Gather features---
--- Train BOW---
--- Make hists---
--- Fit model---
--- Overall training model took 2439.09314299 ---
TP: 582 FP: 255 TN 1314 FN: 203
--- kfold: 2, accuracy: 0.805437553101, exp_mean*coverage: 0.58578970354
----- Fold: 3
Testing with 889 pos 1174 neg
Training with 3411 pos 5789 neg
--- Gather features---
--- Train BOW---
--- Make hists---
--- Fit model---
--- Overall training model took 2529.17323208 ---
TP: 715 FP: 184 TN 990 FN: 174
--- kfold: 3, accuracy: 0.826466311197, exp_mean*coverage: 0.630225006731
----- Fold: 4
Testing with 775 pos 1375 neg
Training with 3525 pos 5588 neg
--- Gather features---
--- Train BOW---
--- Make hists---
--- Fit model---
--- Overall training model took 2505.90577888 ---
TP: 546 FP: 266 TN 1109 FN: 229
--- kfold: 4, accuracy: 0.76976744186, exp_mean*coverage: 0.52785992184
----- Overall exp mean: 0.577123665945
----- Overall kfold took 12645.461488 ---
Got result -0.577124

Job file reloaded.
Completed successfully in 12645.68 seconds. [-0.577124]
setting job 20030 complete
set...
