Running in wrapper mode for '20116'

Running python job.

{u'nfeatures': array([62]), u'bow_size': array([1013]), u'svm_gamma': array([ 1.84396278]), u'edgeThreshold': array([ 33.85618674]), u'svm_C': array([ 0.03679664]), u'sigma': array([ 1.70794287]), u'contrastThreshold': array([ 0.001])}
----- Fold: 0
Testing with 951 pos 1473 neg
Training with 3349 pos 5490 neg
--- Gather features---
--- Train BOW---
--- Make hists---
--- Fit model---
/usr/local/lib/python2.7/dist-packages/sklearn/svm/base.py:176: FutureWarning: elementwise comparison failed; returning scalar instead, but in the future will perform elementwise comparison
  (self.gamma == 'auto')):
/usr/local/lib/python2.7/dist-packages/sklearn/svm/base.py:179: FutureWarning: elementwise comparison failed; returning scalar instead, but in the future will perform elementwise comparison
  elif self.gamma == 'auto':
--- Overall training model took 3640.92396593 ---
TP: 678 FP: 191 TN 1282 FN: 273
--- kfold: 0, accuracy: 0.808580858086, exp_mean*coverage: 0.60846572561
----- Fold: 1
Testing with 900 pos 1372 neg
Training with 3400 pos 5591 neg
--- Gather features---
--- Train BOW---
--- Make hists---
--- Fit model---
--- Overall training model took 3695.04892397 ---
TP: 639 FP: 151 TN 1221 FN: 261
--- kfold: 1, accuracy: 0.818661971831, exp_mean*coverage: 0.630705297143
----- Fold: 2
Testing with 785 pos 1569 neg
Training with 3515 pos 5394 neg
--- Gather features---
--- Train BOW---
--- Make hists---
--- Fit model---
--- Overall training model took 3694.94258118 ---
TP: 574 FP: 193 TN 1376 FN: 211
--- kfold: 2, accuracy: 0.828377230246, exp_mean*coverage: 0.62845441965
----- Fold: 3
Testing with 889 pos 1174 neg
Training with 3411 pos 5789 neg
--- Gather features---
--- Train BOW---
--- Make hists---
--- Fit model---
--- Overall training model took 3736.66750693 ---
TP: 691 FP: 105 TN 1069 FN: 198
--- kfold: 3, accuracy: 0.853126514784, exp_mean*coverage: 0.702625697331
----- Fold: 4
Testing with 775 pos 1375 neg
Training with 3525 pos 5588 neg
--- Gather features---
--- Train BOW---
--- Make hists---
--- Fit model---
--- Overall training model took 3889.67984796 ---
TP: 507 FP: 191 TN 1184 FN: 268
--- kfold: 4, accuracy: 0.786511627907, exp_mean*coverage: 0.559906423577
----- Overall exp mean: 0.626031512662
----- Overall kfold took 19088.1764901 ---
Got result -0.626032

Job file reloaded.
Completed successfully in 19089.33 seconds. [-0.626032]
setting job 20116 complete
set...
