Running in wrapper mode for '20259'

Running python job.

{u'nfeatures': array([20]), u'bow_size': array([996]), u'svm_gamma': array([ 1.30779752]), u'edgeThreshold': array([ 50.]), u'svm_C': array([-0.32135565]), u'sigma': array([ 3.97268894]), u'contrastThreshold': array([ 0.001])}
----- Fold: 0
Testing with 951 pos 1473 neg
Training with 3349 pos 5490 neg
--- Gather features---
--- Train BOW---
--- Make hists---
--- No histograms for 3 images ---
--- Fit model---
/usr/local/lib/python2.7/dist-packages/sklearn/svm/base.py:176: FutureWarning: elementwise comparison failed; returning scalar instead, but in the future will perform elementwise comparison
  (self.gamma == 'auto')):
/usr/local/lib/python2.7/dist-packages/sklearn/svm/base.py:179: FutureWarning: elementwise comparison failed; returning scalar instead, but in the future will perform elementwise comparison
  elif self.gamma == 'auto':
--- Overall training model took 1233.67108703 ---
TP: 742 FP: 323 TN 1150 FN: 209
--- kfold: 0, accuracy: 0.780528052805, exp_mean*coverage: 0.538311868272
----- Fold: 1
Testing with 900 pos 1372 neg
Training with 3400 pos 5591 neg
--- Gather features---
--- Train BOW---
--- Make hists---
--- No histograms for 3 images ---
--- Fit model---
--- Overall training model took 1408.02137303 ---
TP: 696 FP: 220 TN 1152 FN: 204
--- kfold: 1, accuracy: 0.81338028169, exp_mean*coverage: 0.607361405102
----- Fold: 2
Testing with 785 pos 1569 neg
Training with 3515 pos 5394 neg
--- Gather features---
--- Train BOW---
--- Make hists---
--- No histograms for 1 images ---
--- Fit model---
--- Overall training model took 1104.24055195 ---
--- No histograms for 2 images ---
TP: 610 FP: 276 TN 1293 FN: 175
--- kfold: 2, accuracy: 0.808411214953, exp_mean*coverage: 0.589431389323
----- Fold: 3
Testing with 889 pos 1174 neg
Training with 3411 pos 5789 neg
--- Gather features---
--- Train BOW---
--- Make hists---
--- No histograms for 3 images ---
--- Fit model---
--- Overall training model took 1325.40304613 ---
TP: 681 FP: 118 TN 1056 FN: 208
--- kfold: 3, accuracy: 0.841977702375, exp_mean*coverage: 0.680262765747
----- Fold: 4
Testing with 775 pos 1375 neg
Training with 3525 pos 5588 neg
--- Gather features---
--- Train BOW---
--- Make hists---
--- No histograms for 2 images ---
--- Fit model---
--- Overall training model took 1390.72892499 ---
--- No histograms for 1 images ---
TP: 508 FP: 286 TN 1089 FN: 267
--- kfold: 4, accuracy: 0.742790697674, exp_mean*coverage: 0.484159581215
----- Overall exp mean: 0.579905401932
----- Overall kfold took 6813.41971397 ---
Got result -0.579905

Job file reloaded.
Completed successfully in 6813.64 seconds. [-0.579905]
setting job 20259 complete
set...
