Running in wrapper mode for '20073'

Running python job.

{u'nfeatures': array([100]), u'bow_size': array([665]), u'svm_gamma': array([ 0.64485306]), u'edgeThreshold': array([ 23.23640486]), u'svm_C': array([ 1.60218309]), u'sigma': array([ 1.22919993]), u'contrastThreshold': array([ 0.001])}
----- Fold: 0
Testing with 951 pos 1473 neg
Training with 3349 pos 5490 neg
--- Gather features---
--- Train BOW---
--- Make hists---
--- Fit model---
/usr/local/lib/python2.7/dist-packages/sklearn/svm/base.py:176: FutureWarning: elementwise comparison failed; returning scalar instead, but in the future will perform elementwise comparison
  (self.gamma == 'auto')):
/usr/local/lib/python2.7/dist-packages/sklearn/svm/base.py:179: FutureWarning: elementwise comparison failed; returning scalar instead, but in the future will perform elementwise comparison
  elif self.gamma == 'auto':
--- Overall training model took 3789.46122694 ---
TP: 696 FP: 272 TN 1201 FN: 255
--- kfold: 0, accuracy: 0.782590759076, exp_mean*coverage: 0.553562928228
----- Fold: 1
Testing with 900 pos 1372 neg
Training with 3400 pos 5591 neg
--- Gather features---
--- Train BOW---
--- Make hists---
--- Fit model---
--- Overall training model took 3989.45107198 ---
TP: 702 FP: 243 TN 1129 FN: 198
--- kfold: 1, accuracy: 0.805897887324, exp_mean*coverage: 0.590086468104
----- Fold: 2
Testing with 785 pos 1569 neg
Training with 3515 pos 5394 neg
--- Gather features---
--- Train BOW---
--- Make hists---
--- Fit model---
--- Overall training model took 3952.40948892 ---
TP: 593 FP: 290 TN 1279 FN: 192
--- kfold: 2, accuracy: 0.795242141037, exp_mean*coverage: 0.566659375979
----- Fold: 3
Testing with 889 pos 1174 neg
Training with 3411 pos 5789 neg
--- Gather features---
--- Train BOW---
--- Make hists---
--- Fit model---
--- Overall training model took 4177.17328382 ---
TP: 723 FP: 176 TN 998 FN: 166
--- kfold: 3, accuracy: 0.834222006786, exp_mean*coverage: 0.644520417731
----- Fold: 4
Testing with 775 pos 1375 neg
Training with 3525 pos 5588 neg
--- Gather features---
--- Train BOW---
--- Make hists---
--- Fit model---
--- Overall training model took 4001.41187382 ---
TP: 587 FP: 276 TN 1099 FN: 188
--- kfold: 4, accuracy: 0.784186046512, exp_mean*coverage: 0.548552929871
----- Overall exp mean: 0.580676423982
----- Overall kfold took 20272.090301 ---
Got result -0.580676

Job file reloaded.
Completed successfully in 20272.98 seconds. [-0.580676]
setting job 20073 complete
set...
