Running in wrapper mode for '20088'

Running python job.

{u'nfeatures': array([100]), u'bow_size': array([1037]), u'svm_gamma': array([ 1.07864795]), u'edgeThreshold': array([ 3.]), u'svm_C': array([ 1.13628368]), u'sigma': array([ 1.12477852]), u'contrastThreshold': array([ 0.001])}
----- Fold: 0
Testing with 951 pos 1473 neg
Training with 3349 pos 5490 neg
--- Gather features---
--- Train BOW---
--- Make hists---
--- Fit model---
/usr/local/lib/python2.7/dist-packages/sklearn/svm/base.py:176: FutureWarning: elementwise comparison failed; returning scalar instead, but in the future will perform elementwise comparison
  (self.gamma == 'auto')):
/usr/local/lib/python2.7/dist-packages/sklearn/svm/base.py:179: FutureWarning: elementwise comparison failed; returning scalar instead, but in the future will perform elementwise comparison
  elif self.gamma == 'auto':
--- Overall training model took 6373.32757807 ---
TP: 655 FP: 312 TN 1161 FN: 296
--- kfold: 0, accuracy: 0.749174917492, exp_mean*coverage: 0.49847934187
----- Fold: 1
Testing with 900 pos 1372 neg
Training with 3400 pos 5591 neg
--- Gather features---
--- Train BOW---
--- Make hists---
--- Fit model---
--- Overall training model took 6237.46652007 ---
TP: 626 FP: 262 TN 1110 FN: 274
--- kfold: 1, accuracy: 0.764084507042, exp_mean*coverage: 0.525647236838
----- Fold: 2
Testing with 785 pos 1569 neg
Training with 3515 pos 5394 neg
--- Gather features---
--- Train BOW---
--- Make hists---
--- Fit model---
--- Overall training model took 6245.32498598 ---
TP: 568 FP: 338 TN 1231 FN: 217
--- kfold: 2, accuracy: 0.764231096007, exp_mean*coverage: 0.5131217817
----- Fold: 3
Testing with 889 pos 1174 neg
Training with 3411 pos 5789 neg
--- Gather features---
--- Train BOW---
--- Make hists---
--- Fit model---
--- Overall training model took 6542.92793798 ---
TP: 673 FP: 193 TN 981 FN: 216
--- kfold: 3, accuracy: 0.801745031508, exp_mean*coverage: 0.592702242987
----- Fold: 4
Testing with 775 pos 1375 neg
Training with 3525 pos 5588 neg
--- Gather features---
--- Train BOW---
--- Make hists---
--- Fit model---
--- Overall training model took 6087.17311502 ---
TP: 553 FP: 326 TN 1049 FN: 222
--- kfold: 4, accuracy: 0.74511627907, exp_mean*coverage: 0.483498303031
----- Overall exp mean: 0.522689781285
----- Overall kfold took 31938.3650441 ---
Got result -0.522690

Job file reloaded.
Completed successfully in 31940.20 seconds. [-0.522690]
setting job 20088 complete
set...
