Running in wrapper mode for '20078'

Running python job.

{u'nfeatures': array([100]), u'bow_size': array([1074]), u'svm_gamma': array([ 0.81758374]), u'edgeThreshold': array([ 3.]), u'svm_C': array([ 3.]), u'sigma': array([ 4.51604467]), u'contrastThreshold': array([ 0.001])}
----- Fold: 0
Testing with 951 pos 1473 neg
Training with 3349 pos 5490 neg
--- Gather features---
--- Train BOW---
--- Make hists---
--- No histograms for 114 images ---
--- Fit model---
/usr/local/lib/python2.7/dist-packages/sklearn/svm/base.py:176: FutureWarning: elementwise comparison failed; returning scalar instead, but in the future will perform elementwise comparison
  (self.gamma == 'auto')):
/usr/local/lib/python2.7/dist-packages/sklearn/svm/base.py:179: FutureWarning: elementwise comparison failed; returning scalar instead, but in the future will perform elementwise comparison
  elif self.gamma == 'auto':
--- Overall training model took 907.882761002 ---
--- No histograms for 28 images ---
TP: 668 FP: 293 TN 1180 FN: 283
--- kfold: 0, accuracy: 0.762376237624, exp_mean*coverage: 0.514446081035
----- Fold: 1
Testing with 900 pos 1372 neg
Training with 3400 pos 5591 neg
--- Gather features---
--- Train BOW---
--- Make hists---
--- No histograms for 112 images ---
--- Fit model---
--- Overall training model took 1185.05265188 ---
--- No histograms for 30 images ---
TP: 586 FP: 200 TN 1172 FN: 314
--- kfold: 1, accuracy: 0.773767605634, exp_mean*coverage: 0.542902993988
----- Fold: 2
Testing with 785 pos 1569 neg
Training with 3515 pos 5394 neg
--- Gather features---
--- Train BOW---
--- Make hists---
--- No histograms for 107 images ---
--- Fit model---
--- Overall training model took 1219.78041697 ---
--- No histograms for 35 images ---
TP: 544 FP: 299 TN 1270 FN: 241
--- kfold: 2, accuracy: 0.770603228547, exp_mean*coverage: 0.51684174337
----- Fold: 3
Testing with 889 pos 1174 neg
Training with 3411 pos 5789 neg
--- Gather features---
--- Train BOW---
--- Make hists---
--- No histograms for 112 images ---
--- Fit model---
--- Overall training model took 1088.01306891 ---
--- No histograms for 30 images ---
TP: 575 FP: 147 TN 1027 FN: 314
--- kfold: 3, accuracy: 0.776539020843, exp_mean*coverage: 0.562395478154
----- Fold: 4
Testing with 775 pos 1375 neg
Training with 3525 pos 5588 neg
--- Gather features---
--- Train BOW---
--- Make hists---
--- No histograms for 123 images ---
--- Fit model---
--- Overall training model took 1093.5908649 ---
--- No histograms for 19 images ---
TP: 474 FP: 286 TN 1089 FN: 301
--- kfold: 4, accuracy: 0.726976744186, exp_mean*coverage: 0.455797078268
----- Overall exp mean: 0.518476674963
----- Overall kfold took 5844.03930998 ---
Got result -0.518477

Job file reloaded.
Completed successfully in 5844.27 seconds. [-0.518477]
setting job 20078 complete
set...
