Running in wrapper mode for '20092'

Running python job.

{u'nfeatures': array([77]), u'bow_size': array([537]), u'svm_gamma': array([ 0.30023138]), u'edgeThreshold': array([ 5.74621334]), u'svm_C': array([ 0.2243106]), u'sigma': array([ 1.52581797]), u'contrastThreshold': array([ 0.001])}
----- Fold: 0
Testing with 951 pos 1473 neg
Training with 3349 pos 5490 neg
--- Gather features---
--- Train BOW---
--- Make hists---
--- Fit model---
/usr/local/lib/python2.7/dist-packages/sklearn/svm/base.py:176: FutureWarning: elementwise comparison failed; returning scalar instead, but in the future will perform elementwise comparison
  (self.gamma == 'auto')):
/usr/local/lib/python2.7/dist-packages/sklearn/svm/base.py:179: FutureWarning: elementwise comparison failed; returning scalar instead, but in the future will perform elementwise comparison
  elif self.gamma == 'auto':
--- Overall training model took 2642.98455906 ---
TP: 703 FP: 298 TN 1175 FN: 248
--- kfold: 0, accuracy: 0.774752475248, exp_mean*coverage: 0.536775352307
----- Fold: 1
Testing with 900 pos 1372 neg
Training with 3400 pos 5591 neg
--- Gather features---
--- Train BOW---
--- Make hists---
--- Fit model---
--- Overall training model took 2697.48024607 ---
TP: 674 FP: 215 TN 1157 FN: 226
--- kfold: 1, accuracy: 0.805897887324, exp_mean*coverage: 0.597415826518
----- Fold: 2
Testing with 785 pos 1569 neg
Training with 3515 pos 5394 neg
--- Gather features---
--- Train BOW---
--- Make hists---
--- Fit model---
--- Overall training model took 2474.02614093 ---
TP: 579 FP: 270 TN 1299 FN: 206
--- kfold: 2, accuracy: 0.797790994053, exp_mean*coverage: 0.571916390771
----- Fold: 3
Testing with 889 pos 1174 neg
Training with 3411 pos 5789 neg
--- Gather features---
--- Train BOW---
--- Make hists---
--- Fit model---
--- Overall training model took 2520.72309589 ---
TP: 717 FP: 163 TN 1011 FN: 172
--- kfold: 3, accuracy: 0.837615123606, exp_mean*coverage: 0.655176631309
----- Fold: 4
Testing with 775 pos 1375 neg
Training with 3525 pos 5588 neg
--- Gather features---
--- Train BOW---
--- Make hists---
--- Fit model---
--- Overall training model took 2546.59899211 ---
TP: 559 FP: 279 TN 1096 FN: 216
--- kfold: 4, accuracy: 0.76976744186, exp_mean*coverage: 0.52628540587
----- Overall exp mean: 0.577513921355
----- Overall kfold took 13187.8401909 ---
Got result -0.577514

Job file reloaded.
Completed successfully in 13188.08 seconds. [-0.577514]
setting job 20092 complete
set...
