Running in wrapper mode for '20084'

Running python job.

{u'nfeatures': array([10]), u'bow_size': array([564]), u'svm_gamma': array([-1.17303901]), u'edgeThreshold': array([ 3.]), u'svm_C': array([ 3.]), u'sigma': array([ 5.]), u'contrastThreshold': array([ 0.001])}
----- Fold: 0
Testing with 951 pos 1473 neg
Training with 3349 pos 5490 neg
--- Gather features---
--- Train BOW---
--- Make hists---
--- No histograms for 205 images ---
--- Fit model---
/usr/local/lib/python2.7/dist-packages/sklearn/svm/base.py:176: FutureWarning: elementwise comparison failed; returning scalar instead, but in the future will perform elementwise comparison
  (self.gamma == 'auto')):
/usr/local/lib/python2.7/dist-packages/sklearn/svm/base.py:179: FutureWarning: elementwise comparison failed; returning scalar instead, but in the future will perform elementwise comparison
  elif self.gamma == 'auto':
--- Overall training model took 360.413064003 ---
--- No histograms for 47 images ---
TP: 722 FP: 461 TN 1012 FN: 229
--- kfold: 0, accuracy: 0.715346534653, exp_mean*coverage: 0.413499669355
----- Fold: 1
Testing with 900 pos 1372 neg
Training with 3400 pos 5591 neg
--- Gather features---
--- Train BOW---
--- Make hists---
--- No histograms for 199 images ---
--- Fit model---
--- Overall training model took 380.292636871 ---
--- No histograms for 53 images ---
TP: 668 FP: 329 TN 1043 FN: 232
--- kfold: 1, accuracy: 0.753080985915, exp_mean*coverage: 0.483367319985
----- Fold: 2
Testing with 785 pos 1569 neg
Training with 3515 pos 5394 neg
--- Gather features---
--- Train BOW---
--- Make hists---
--- No histograms for 195 images ---
--- Fit model---
--- Overall training model took 350.985671043 ---
--- No histograms for 57 images ---
TP: 588 FP: 399 TN 1170 FN: 197
--- kfold: 2, accuracy: 0.74681393373, exp_mean*coverage: 0.470132630661
----- Fold: 3
Testing with 889 pos 1174 neg
Training with 3411 pos 5789 neg
--- Gather features---
--- Train BOW---
--- Make hists---
--- No histograms for 186 images ---
--- Fit model---
--- Overall training model took 413.827932835 ---
--- No histograms for 66 images ---
TP: 652 FP: 212 TN 962 FN: 237
--- kfold: 3, accuracy: 0.782355792535, exp_mean*coverage: 0.541408935849
----- Fold: 4
Testing with 775 pos 1375 neg
Training with 3525 pos 5588 neg
--- Gather features---
--- Train BOW---
--- Make hists---
--- No histograms for 223 images ---
--- Fit model---
--- Overall training model took 419.706204176 ---
--- No histograms for 29 images ---
TP: 533 FP: 409 TN 966 FN: 242
--- kfold: 4, accuracy: 0.697209302326, exp_mean*coverage: 0.40165352976
----- Overall exp mean: 0.462012417122
----- Overall kfold took 2183.46656513 ---
Got result -0.462012

Job file reloaded.
Completed successfully in 2183.69 seconds. [-0.462012]
setting job 20084 complete
set...
