Running in wrapper mode for '20220'

Running python job.

{u'nfeatures': array([52]), u'bow_size': array([1088]), u'svm_gamma': array([ 1.76908062]), u'edgeThreshold': array([ 33.4586803]), u'svm_C': array([ 0.52001362]), u'sigma': array([ 1.90559305]), u'contrastThreshold': array([ 0.001])}
----- Fold: 0
Testing with 951 pos 1473 neg
Training with 3349 pos 5490 neg
--- Gather features---
--- Train BOW---
--- Make hists---
--- Fit model---
/usr/local/lib/python2.7/dist-packages/sklearn/svm/base.py:176: FutureWarning: elementwise comparison failed; returning scalar instead, but in the future will perform elementwise comparison
  (self.gamma == 'auto')):
/usr/local/lib/python2.7/dist-packages/sklearn/svm/base.py:179: FutureWarning: elementwise comparison failed; returning scalar instead, but in the future will perform elementwise comparison
  elif self.gamma == 'auto':
--- Overall training model took 3533.34049392 ---
TP: 632 FP: 160 TN 1313 FN: 319
--- kfold: 0, accuracy: 0.802392739274, exp_mean*coverage: 0.601881347619
----- Fold: 1
Testing with 900 pos 1372 neg
Training with 3400 pos 5591 neg
--- Gather features---
--- Train BOW---
--- Make hists---
--- Fit model---
--- Overall training model took 3417.72500682 ---
TP: 595 FP: 122 TN 1250 FN: 305
--- kfold: 1, accuracy: 0.812059859155, exp_mean*coverage: 0.622914829499
----- Fold: 2
Testing with 785 pos 1569 neg
Training with 3515 pos 5394 neg
--- Gather features---
--- Train BOW---
--- Make hists---
--- Fit model---
--- Overall training model took 3569.37663317 ---
TP: 553 FP: 163 TN 1406 FN: 232
--- kfold: 2, accuracy: 0.832200509771, exp_mean*coverage: 0.634637551665
----- Fold: 3
Testing with 889 pos 1174 neg
Training with 3411 pos 5789 neg
--- Gather features---
--- Train BOW---
--- Make hists---
--- Fit model---
--- Overall training model took 3539.48073292 ---
TP: 659 FP: 69 TN 1105 FN: 230
--- kfold: 3, accuracy: 0.855065438682, exp_mean*coverage: 0.718542659647
----- Fold: 4
Testing with 775 pos 1375 neg
Training with 3525 pos 5588 neg
--- Gather features---
--- Train BOW---
--- Make hists---
--- Fit model---
--- Overall training model took 3501.13949895 ---
TP: 487 FP: 152 TN 1223 FN: 288
--- kfold: 4, accuracy: 0.795348837209, exp_mean*coverage: 0.574959192697
----- Overall exp mean: 0.630587116225
----- Overall kfold took 17959.2089221 ---
Got result -0.630587

Job file reloaded.
Completed successfully in 17960.93 seconds. [-0.630587]
setting job 20220 complete
set...
