Running in wrapper mode for '20130'

Running python job.

{u'nfeatures': array([58]), u'bow_size': array([570]), u'svm_gamma': array([ 0.58898033]), u'edgeThreshold': array([ 3.]), u'svm_C': array([ 0.48628099]), u'sigma': array([ 1.95944084]), u'contrastThreshold': array([ 0.001])}
----- Fold: 0
Testing with 951 pos 1473 neg
Training with 3349 pos 5490 neg
--- Gather features---
--- Train BOW---
--- Make hists---
--- Fit model---
/usr/local/lib/python2.7/dist-packages/sklearn/svm/base.py:176: FutureWarning: elementwise comparison failed; returning scalar instead, but in the future will perform elementwise comparison
  (self.gamma == 'auto')):
/usr/local/lib/python2.7/dist-packages/sklearn/svm/base.py:179: FutureWarning: elementwise comparison failed; returning scalar instead, but in the future will perform elementwise comparison
  elif self.gamma == 'auto':
--- Overall training model took 1909.72549701 ---
TP: 729 FP: 347 TN 1126 FN: 222
--- kfold: 0, accuracy: 0.765264026403, exp_mean*coverage: 0.511973680013
----- Fold: 1
Testing with 900 pos 1372 neg
Training with 3400 pos 5591 neg
--- Gather features---
--- Train BOW---
--- Make hists---
--- Fit model---
--- Overall training model took 1917.45198989 ---
TP: 681 FP: 283 TN 1089 FN: 219
--- kfold: 1, accuracy: 0.779049295775, exp_mean*coverage: 0.541511328457
----- Fold: 2
Testing with 785 pos 1569 neg
Training with 3515 pos 5394 neg
--- Gather features---
--- Train BOW---
--- Make hists---
--- Fit model---
--- Overall training model took 1843.84086299 ---
TP: 602 FP: 328 TN 1241 FN: 183
--- kfold: 2, accuracy: 0.782922684792, exp_mean*coverage: 0.543632725257
----- Fold: 3
Testing with 889 pos 1174 neg
Training with 3411 pos 5789 neg
--- Gather features---
--- Train BOW---
--- Make hists---
--- Fit model---
--- Overall training model took 1988.52922416 ---
TP: 714 FP: 192 TN 982 FN: 175
--- kfold: 3, accuracy: 0.822103732429, exp_mean*coverage: 0.620687890027
----- Fold: 4
Testing with 775 pos 1375 neg
Training with 3525 pos 5588 neg
--- Gather features---
--- Train BOW---
--- Make hists---
--- Fit model---
--- Overall training model took 1967.29402208 ---
TP: 556 FP: 331 TN 1044 FN: 219
--- kfold: 4, accuracy: 0.744186046512, exp_mean*coverage: 0.48142203871
----- Overall exp mean: 0.539845532493
----- Overall kfold took 9885.60571909 ---
Got result -0.539846

Job file reloaded.
Completed successfully in 9885.82 seconds. [-0.539846]
setting job 20130 complete
set...
