Running in wrapper mode for '20225'

Running python job.

{u'nfeatures': array([72]), u'bow_size': array([792]), u'svm_gamma': array([ 1.36547918]), u'edgeThreshold': array([ 14.84639684]), u'svm_C': array([ 0.6946088]), u'sigma': array([ 4.22692295]), u'contrastThreshold': array([ 0.001])}
----- Fold: 0
Testing with 951 pos 1473 neg
Training with 3349 pos 5490 neg
--- Gather features---
--- Train BOW---
--- Make hists---
--- No histograms for 10 images ---
--- Fit model---
/usr/local/lib/python2.7/dist-packages/sklearn/svm/base.py:176: FutureWarning: elementwise comparison failed; returning scalar instead, but in the future will perform elementwise comparison
  (self.gamma == 'auto')):
/usr/local/lib/python2.7/dist-packages/sklearn/svm/base.py:179: FutureWarning: elementwise comparison failed; returning scalar instead, but in the future will perform elementwise comparison
  elif self.gamma == 'auto':
--- Overall training model took 1412.84795499 ---
--- No histograms for 4 images ---
TP: 656 FP: 191 TN 1282 FN: 295
--- kfold: 0, accuracy: 0.799504950495, exp_mean*coverage: 0.592617510039
----- Fold: 1
Testing with 900 pos 1372 neg
Training with 3400 pos 5591 neg
--- Gather features---
--- Train BOW---
--- Make hists---
--- No histograms for 11 images ---
--- Fit model---
--- Overall training model took 1555.24547696 ---
--- No histograms for 3 images ---
TP: 589 FP: 126 TN 1246 FN: 311
--- kfold: 1, accuracy: 0.807658450704, exp_mean*coverage: 0.613928276941
----- Fold: 2
Testing with 785 pos 1569 neg
Training with 3515 pos 5394 neg
--- Gather features---
--- Train BOW---
--- Make hists---
--- No histograms for 12 images ---
--- Fit model---
--- Overall training model took 1442.66587782 ---
--- No histograms for 2 images ---
TP: 542 FP: 179 TN 1390 FN: 243
--- kfold: 2, accuracy: 0.820730671198, exp_mean*coverage: 0.612228905612
----- Fold: 3
Testing with 889 pos 1174 neg
Training with 3411 pos 5789 neg
--- Gather features---
--- Train BOW---
--- Make hists---
--- No histograms for 11 images ---
--- Fit model---
--- Overall training model took 1601.30438995 ---
--- No histograms for 3 images ---
TP: 607 FP: 82 TN 1092 FN: 282
--- kfold: 3, accuracy: 0.823557925351, exp_mean*coverage: 0.660775051968
----- Fold: 4
Testing with 775 pos 1375 neg
Training with 3525 pos 5588 neg
--- Gather features---
--- Train BOW---
--- Make hists---
--- No histograms for 12 images ---
--- Fit model---
--- Overall training model took 1358.28201199 ---
--- No histograms for 2 images ---
TP: 463 FP: 197 TN 1178 FN: 312
--- kfold: 4, accuracy: 0.763255813953, exp_mean*coverage: 0.517940438332
----- Overall exp mean: 0.599498036578
----- Overall kfold took 7790.44201994 ---
Got result -0.599498

Job file reloaded.
Completed successfully in 7791.05 seconds. [-0.599498]
setting job 20225 complete
set...
