Running in wrapper mode for '20101'

Running python job.

{u'nfeatures': array([27]), u'bow_size': array([1233]), u'svm_gamma': array([ 0.70905612]), u'edgeThreshold': array([ 33.21280984]), u'svm_C': array([ 3.]), u'sigma': array([ 3.86340446]), u'contrastThreshold': array([ 0.001])}
----- Fold: 0
Testing with 951 pos 1473 neg
Training with 3349 pos 5490 neg
--- Gather features---
--- Train BOW---
--- Make hists---
--- No histograms for 2 images ---
--- Fit model---
/usr/local/lib/python2.7/dist-packages/sklearn/svm/base.py:176: FutureWarning: elementwise comparison failed; returning scalar instead, but in the future will perform elementwise comparison
  (self.gamma == 'auto')):
/usr/local/lib/python2.7/dist-packages/sklearn/svm/base.py:179: FutureWarning: elementwise comparison failed; returning scalar instead, but in the future will perform elementwise comparison
  elif self.gamma == 'auto':
--- Overall training model took 1964.76417112 ---
TP: 686 FP: 247 TN 1226 FN: 265
--- kfold: 0, accuracy: 0.788778877888, exp_mean*coverage: 0.567689961875
----- Fold: 1
Testing with 900 pos 1372 neg
Training with 3400 pos 5591 neg
--- Gather features---
--- Train BOW---
--- Make hists---
--- No histograms for 2 images ---
--- Fit model---
--- Overall training model took 1862.71549106 ---
TP: 626 FP: 166 TN 1206 FN: 274
--- kfold: 1, accuracy: 0.806338028169, exp_mean*coverage: 0.607766784688
----- Fold: 2
Testing with 785 pos 1569 neg
Training with 3515 pos 5394 neg
--- Gather features---
--- Train BOW---
--- Make hists---
--- No histograms for 1 images ---
--- Fit model---
--- Overall training model took 1841.70891809 ---
--- No histograms for 1 images ---
TP: 559 FP: 236 TN 1333 FN: 226
--- kfold: 2, accuracy: 0.803738317757, exp_mean*coverage: 0.58255199278
----- Fold: 3
Testing with 889 pos 1174 neg
Training with 3411 pos 5789 neg
--- Gather features---
--- Train BOW---
--- Make hists---
--- No histograms for 1 images ---
--- Fit model---
--- Overall training model took 1999.38203096 ---
--- No histograms for 1 images ---
TP: 649 FP: 121 TN 1053 FN: 240
--- kfold: 3, accuracy: 0.825012118274, exp_mean*coverage: 0.652570015531
----- Fold: 4
Testing with 775 pos 1375 neg
Training with 3525 pos 5588 neg
--- Gather features---
--- Train BOW---
--- Make hists---
--- No histograms for 2 images ---
--- Fit model---
--- Overall training model took 1779.41039705 ---
TP: 483 FP: 267 TN 1108 FN: 292
--- kfold: 4, accuracy: 0.74, exp_mean*coverage: 0.480727459531
----- Overall exp mean: 0.578261242881
----- Overall kfold took 9824.83896303 ---
Got result -0.578261

Job file reloaded.
Completed successfully in 9825.08 seconds. [-0.578261]
setting job 20101 complete
set...
