Running in wrapper mode for '20280'

Running python job.

{u'nfeatures': array([89]), u'bow_size': array([100]), u'svm_gamma': array([-0.67409765]), u'edgeThreshold': array([ 10.31456865]), u'svm_C': array([ 3.]), u'sigma': array([ 4.79265796]), u'contrastThreshold': array([ 0.001])}
----- Fold: 0
Testing with 951 pos 1473 neg
Training with 3349 pos 5490 neg
--- Gather features---
--- Train BOW---
--- Make hists---
--- No histograms for 25 images ---
--- Fit model---
/usr/local/lib/python2.7/dist-packages/sklearn/svm/base.py:176: FutureWarning: elementwise comparison failed; returning scalar instead, but in the future will perform elementwise comparison
  (self.gamma == 'auto')):
/usr/local/lib/python2.7/dist-packages/sklearn/svm/base.py:179: FutureWarning: elementwise comparison failed; returning scalar instead, but in the future will perform elementwise comparison
  elif self.gamma == 'auto':
--- Overall training model took 399.153273106 ---
--- No histograms for 6 images ---
TP: 804 FP: 401 TN 1072 FN: 147
--- kfold: 0, accuracy: 0.773927392739, exp_mean*coverage: 0.504331851537
----- Fold: 1
Testing with 900 pos 1372 neg
Training with 3400 pos 5591 neg
--- Gather features---
--- Train BOW---
--- Make hists---
--- No histograms for 27 images ---
--- Fit model---
--- Overall training model took 357.029557943 ---
--- No histograms for 4 images ---
TP: 726 FP: 303 TN 1069 FN: 174
--- kfold: 1, accuracy: 0.790052816901, exp_mean*coverage: 0.549030657509
----- Fold: 2
Testing with 785 pos 1569 neg
Training with 3515 pos 5394 neg
--- Gather features---
--- Train BOW---
--- Make hists---
--- No histograms for 20 images ---
--- Fit model---
--- Overall training model took 412.635390043 ---
--- No histograms for 11 images ---
TP: 628 FP: 399 TN 1170 FN: 157
--- kfold: 2, accuracy: 0.763806287171, exp_mean*coverage: 0.503811906758
----- Fold: 3
Testing with 889 pos 1174 neg
Training with 3411 pos 5789 neg
--- Gather features---
--- Train BOW---
--- Make hists---
--- No histograms for 23 images ---
--- Fit model---
--- Overall training model took 364.265969038 ---
--- No histograms for 8 images ---
TP: 708 FP: 201 TN 973 FN: 181
--- kfold: 3, accuracy: 0.814832767814, exp_mean*coverage: 0.604560156527
----- Fold: 4
Testing with 775 pos 1375 neg
Training with 3525 pos 5588 neg
--- Gather features---
--- Train BOW---
--- Make hists---
--- No histograms for 29 images ---
--- Fit model---
--- Overall training model took 389.424499989 ---
--- No histograms for 2 images ---
TP: 547 FP: 343 TN 1032 FN: 228
--- kfold: 4, accuracy: 0.734418604651, exp_mean*coverage: 0.465607302886
----- Overall exp mean: 0.525468375043
----- Overall kfold took 2215.39054918 ---
Got result -0.525468

Job file reloaded.
Completed successfully in 2215.62 seconds. [-0.525468]
setting job 20280 complete
set...
