Running in wrapper mode for '20199'

Running python job.

{u'nfeatures': array([81]), u'bow_size': array([798]), u'svm_gamma': array([ 1.18455872]), u'edgeThreshold': array([ 50.]), u'svm_C': array([ 1.47469714]), u'sigma': array([ 3.95957528]), u'contrastThreshold': array([ 0.001])}
----- Fold: 0
Testing with 951 pos 1473 neg
Training with 3349 pos 5490 neg
--- Gather features---
--- Train BOW---
--- Make hists---
--- No histograms for 2 images ---
--- Fit model---
/usr/local/lib/python2.7/dist-packages/sklearn/svm/base.py:176: FutureWarning: elementwise comparison failed; returning scalar instead, but in the future will perform elementwise comparison
  (self.gamma == 'auto')):
/usr/local/lib/python2.7/dist-packages/sklearn/svm/base.py:179: FutureWarning: elementwise comparison failed; returning scalar instead, but in the future will perform elementwise comparison
  elif self.gamma == 'auto':
--- Overall training model took 1688.30109501 ---
TP: 689 FP: 230 TN 1243 FN: 262
--- kfold: 0, accuracy: 0.79702970297, exp_mean*coverage: 0.583443353618
----- Fold: 1
Testing with 900 pos 1372 neg
Training with 3400 pos 5591 neg
--- Gather features---
--- Train BOW---
--- Make hists---
--- No histograms for 2 images ---
--- Fit model---
--- Overall training model took 1616.433254 ---
TP: 641 FP: 149 TN 1223 FN: 259
--- kfold: 1, accuracy: 0.820422535211, exp_mean*coverage: 0.63399852132
----- Fold: 2
Testing with 785 pos 1569 neg
Training with 3515 pos 5394 neg
--- Gather features---
--- Train BOW---
--- Make hists---
--- Fit model---
--- Overall training model took 1869.39627409 ---
--- No histograms for 2 images ---
TP: 556 FP: 213 TN 1356 FN: 229
--- kfold: 2, accuracy: 0.812234494477, exp_mean*coverage: 0.597584074953
----- Fold: 3
Testing with 889 pos 1174 neg
Training with 3411 pos 5789 neg
--- Gather features---
--- Train BOW---
--- Make hists---
--- No histograms for 2 images ---
--- Fit model---
--- Overall training model took 1782.67200208 ---
TP: 620 FP: 86 TN 1088 FN: 269
--- kfold: 3, accuracy: 0.82792050412, exp_mean*coverage: 0.668034426025
----- Fold: 4
Testing with 775 pos 1375 neg
Training with 3525 pos 5588 neg
--- Gather features---
--- Train BOW---
--- Make hists---
--- No histograms for 2 images ---
--- Fit model---
--- Overall training model took 1786.57823992 ---
TP: 507 FP: 230 TN 1145 FN: 268
--- kfold: 4, accuracy: 0.768372093023, exp_mean*coverage: 0.528031185265
----- Overall exp mean: 0.602218312236
----- Overall kfold took 9130.7596209 ---
Got result -0.602218

Job file reloaded.
Completed successfully in 9134.24 seconds. [-0.602218]
setting job 20199 complete
set...
