Running in wrapper mode for '20144'

Running python job.

{u'nfeatures': array([100]), u'bow_size': array([1203]), u'svm_gamma': array([ 1.69405856]), u'edgeThreshold': array([ 50.]), u'svm_C': array([ 2.45529018]), u'sigma': array([ 2.556865]), u'contrastThreshold': array([ 0.001])}
----- Fold: 0
Testing with 951 pos 1473 neg
Training with 3349 pos 5490 neg
--- Gather features---
--- Train BOW---
--- Make hists---
--- Fit model---
/usr/local/lib/python2.7/dist-packages/sklearn/svm/base.py:176: FutureWarning: elementwise comparison failed; returning scalar instead, but in the future will perform elementwise comparison
  (self.gamma == 'auto')):
/usr/local/lib/python2.7/dist-packages/sklearn/svm/base.py:179: FutureWarning: elementwise comparison failed; returning scalar instead, but in the future will perform elementwise comparison
  elif self.gamma == 'auto':
--- Overall training model took 4677.78306913 ---
TP: 643 FP: 180 TN 1293 FN: 308
--- kfold: 0, accuracy: 0.798679867987, exp_mean*coverage: 0.593561130825
----- Fold: 1
Testing with 900 pos 1372 neg
Training with 3400 pos 5591 neg
--- Gather features---
--- Train BOW---
--- Make hists---
--- Fit model---
--- Overall training model took 4676.64153099 ---
TP: 617 FP: 152 TN 1220 FN: 283
--- kfold: 1, accuracy: 0.808538732394, exp_mean*coverage: 0.613468121399
----- Fold: 2
Testing with 785 pos 1569 neg
Training with 3515 pos 5394 neg
--- Gather features---
--- Train BOW---
--- Make hists---
--- Fit model---
--- Overall training model took 4561.78280783 ---
TP: 571 FP: 175 TN 1394 FN: 214
--- kfold: 2, accuracy: 0.834749362787, exp_mean*coverage: 0.640389999779
----- Fold: 3
Testing with 889 pos 1174 neg
Training with 3411 pos 5789 neg
--- Gather features---
--- Train BOW---
--- Make hists---
--- Fit model---
--- Overall training model took 4800.27484894 ---
TP: 642 FP: 63 TN 1111 FN: 247
--- kfold: 3, accuracy: 0.849733397964, exp_mean*coverage: 0.711304217712
----- Fold: 4
Testing with 775 pos 1375 neg
Training with 3525 pos 5588 neg
--- Gather features---
--- Train BOW---
--- Make hists---
--- Fit model---
--- Overall training model took 4526.87497783 ---
TP: 473 FP: 180 TN 1195 FN: 302
--- kfold: 4, accuracy: 0.775813953488, exp_mean*coverage: 0.540174018053
----- Overall exp mean: 0.619779497554
----- Overall kfold took 23757.5818579 ---
Got result -0.619779

Job file reloaded.
Completed successfully in 23759.77 seconds. [-0.619779]
setting job 20144 complete
set...
