Running in wrapper mode for '20112'

Running python job.

{u'nfeatures': array([77]), u'bow_size': array([635]), u'svm_gamma': array([ 0.9095039]), u'edgeThreshold': array([ 23.17309031]), u'svm_C': array([ 0.3806878]), u'sigma': array([ 3.05883609]), u'contrastThreshold': array([ 0.001])}
----- Fold: 0
Testing with 951 pos 1473 neg
Training with 3349 pos 5490 neg
--- Gather features---
--- Train BOW---
--- Make hists---
--- Fit model---
/usr/local/lib/python2.7/dist-packages/sklearn/svm/base.py:176: FutureWarning: elementwise comparison failed; returning scalar instead, but in the future will perform elementwise comparison
  (self.gamma == 'auto')):
/usr/local/lib/python2.7/dist-packages/sklearn/svm/base.py:179: FutureWarning: elementwise comparison failed; returning scalar instead, but in the future will perform elementwise comparison
  elif self.gamma == 'auto':
--- Overall training model took 1851.32553792 ---
TP: 763 FP: 307 TN 1166 FN: 188
--- kfold: 0, accuracy: 0.795792079208, exp_mean*coverage: 0.563152053432
----- Fold: 1
Testing with 900 pos 1372 neg
Training with 3400 pos 5591 neg
--- Gather features---
--- Train BOW---
--- Make hists---
--- Fit model---
--- Overall training model took 1899.96023393 ---
TP: 720 FP: 215 TN 1157 FN: 180
--- kfold: 1, accuracy: 0.826144366197, exp_mean*coverage: 0.627741980889
----- Fold: 2
Testing with 785 pos 1569 neg
Training with 3515 pos 5394 neg
--- Gather features---
--- Train BOW---
--- Make hists---
--- Fit model---
--- Overall training model took 1981.16444397 ---
TP: 658 FP: 293 TN 1276 FN: 127
--- kfold: 2, accuracy: 0.82158028887, exp_mean*coverage: 0.610120625104
----- Fold: 3
Testing with 889 pos 1174 neg
Training with 3411 pos 5789 neg
--- Gather features---
--- Train BOW---
--- Make hists---
--- Fit model---
--- Overall training model took 1892.31103206 ---
TP: 741 FP: 152 TN 1022 FN: 148
--- kfold: 3, accuracy: 0.854580707707, exp_mean*coverage: 0.684395638646
----- Fold: 4
Testing with 775 pos 1375 neg
Training with 3525 pos 5588 neg
--- Gather features---
--- Train BOW---
--- Make hists---
--- Fit model---
--- Overall training model took 1909.47698402 ---
TP: 539 FP: 295 TN 1080 FN: 236
--- kfold: 4, accuracy: 0.753023255814, exp_mean*coverage: 0.499088022345
----- Overall exp mean: 0.596899664083
----- Overall kfold took 9861.64581203 ---
Got result -0.596900

Job file reloaded.
Completed successfully in 9862.13 seconds. [-0.596900]
setting job 20112 complete
set...
