Running in wrapper mode for '20296'

Running python job.

{u'nfeatures': array([67]), u'bow_size': array([1002]), u'svm_gamma': array([ 1.25680896]), u'edgeThreshold': array([ 37.22501739]), u'svm_C': array([-0.01014499]), u'sigma': array([ 3.2525118]), u'contrastThreshold': array([ 0.01640397])}
----- Fold: 0
Testing with 951 pos 1473 neg
Training with 3349 pos 5490 neg
--- Gather features---
--- Train BOW---
--- Make hists---
--- No histograms for 361 images ---
--- Fit model---
/usr/local/lib/python2.7/dist-packages/sklearn/svm/base.py:176: FutureWarning: elementwise comparison failed; returning scalar instead, but in the future will perform elementwise comparison
  (self.gamma == 'auto')):
/usr/local/lib/python2.7/dist-packages/sklearn/svm/base.py:179: FutureWarning: elementwise comparison failed; returning scalar instead, but in the future will perform elementwise comparison
  elif self.gamma == 'auto':
--- Overall training model took 1653.28617811 ---
--- No histograms for 136 images ---
TP: 640 FP: 162 TN 1311 FN: 311
--- kfold: 0, accuracy: 0.804867986799, exp_mean*coverage: 0.571969539549
----- Fold: 1
Testing with 900 pos 1372 neg
Training with 3400 pos 5591 neg
--- Gather features---
--- Train BOW---
--- Make hists---
--- No histograms for 415 images ---
--- Fit model---
--- Overall training model took 1498.47614288 ---
--- No histograms for 82 images ---
TP: 633 FP: 152 TN 1220 FN: 267
--- kfold: 1, accuracy: 0.815580985915, exp_mean*coverage: 0.602790913363
----- Fold: 2
Testing with 785 pos 1569 neg
Training with 3515 pos 5394 neg
--- Gather features---
--- Train BOW---
--- Make hists---
--- No histograms for 415 images ---
--- Fit model---
--- Overall training model took 1638.82608509 ---
--- No histograms for 82 images ---
TP: 546 FP: 176 TN 1393 FN: 239
--- kfold: 2, accuracy: 0.82370433305, exp_mean*coverage: 0.596923133984
----- Fold: 3
Testing with 889 pos 1174 neg
Training with 3411 pos 5789 neg
--- Gather features---
--- Train BOW---
--- Make hists---
--- No histograms for 392 images ---
--- Fit model---
--- Overall training model took 1641.88464808 ---
--- No histograms for 105 images ---
TP: 670 FP: 70 TN 1104 FN: 219
--- kfold: 3, accuracy: 0.859912748425, exp_mean*coverage: 0.689397889652
----- Fold: 4
Testing with 775 pos 1375 neg
Training with 3525 pos 5588 neg
--- Gather features---
--- Train BOW---
--- Make hists---
--- No histograms for 405 images ---
--- Fit model---
--- Overall training model took 1444.26191592 ---
--- No histograms for 92 images ---
TP: 425 FP: 176 TN 1199 FN: 350
--- kfold: 4, accuracy: 0.755348837209, exp_mean*coverage: 0.479983358042
----- Overall exp mean: 0.588212966918
----- Overall kfold took 8200.56539917 ---
Got result -0.588213

Job file reloaded.
Completed successfully in 8200.88 seconds. [-0.588213]
setting job 20296 complete
set...
