Running in wrapper mode for '20231'

Running python job.

{u'nfeatures': array([89]), u'bow_size': array([1177]), u'svm_gamma': array([ 0.50272245]), u'edgeThreshold': array([ 50.]), u'svm_C': array([ 0.62305184]), u'sigma': array([ 1.67287947]), u'contrastThreshold': array([ 0.001])}
----- Fold: 0
Testing with 951 pos 1473 neg
Training with 3349 pos 5490 neg
--- Gather features---
--- Train BOW---
--- Make hists---
--- Fit model---
/usr/local/lib/python2.7/dist-packages/sklearn/svm/base.py:176: FutureWarning: elementwise comparison failed; returning scalar instead, but in the future will perform elementwise comparison
  (self.gamma == 'auto')):
/usr/local/lib/python2.7/dist-packages/sklearn/svm/base.py:179: FutureWarning: elementwise comparison failed; returning scalar instead, but in the future will perform elementwise comparison
  elif self.gamma == 'auto':
--- Overall training model took 5797.83340096 ---
TP: 712 FP: 260 TN 1213 FN: 239
--- kfold: 0, accuracy: 0.794141914191, exp_mean*coverage: 0.572962504542
----- Fold: 1
Testing with 900 pos 1372 neg
Training with 3400 pos 5591 neg
--- Gather features---
--- Train BOW---
--- Make hists---
--- Fit model---
--- Overall training model took 5932.45866513 ---
TP: 674 FP: 215 TN 1157 FN: 226
--- kfold: 1, accuracy: 0.805897887324, exp_mean*coverage: 0.597415826518
----- Fold: 2
Testing with 785 pos 1569 neg
Training with 3515 pos 5394 neg
--- Gather features---
--- Train BOW---
--- Make hists---
--- Fit model---
--- Overall training model took 6037.57991481 ---
TP: 589 FP: 242 TN 1327 FN: 196
--- kfold: 2, accuracy: 0.813933729822, exp_mean*coverage: 0.601337367829
----- Fold: 3
Testing with 889 pos 1174 neg
Training with 3411 pos 5789 neg
--- Gather features---
--- Train BOW---
--- Make hists---
--- Fit model---
--- Overall training model took 6069.750458 ---
TP: 734 FP: 165 TN 1009 FN: 155
--- kfold: 3, accuracy: 0.844886088221, exp_mean*coverage: 0.664486398219
----- Fold: 4
Testing with 775 pos 1375 neg
Training with 3525 pos 5588 neg
--- Gather features---
--- Train BOW---
--- Make hists---
--- Fit model---
--- Overall training model took 5993.76778889 ---
TP: 549 FP: 266 TN 1109 FN: 226
--- kfold: 4, accuracy: 0.771162790698, exp_mean*coverage: 0.530033678192
----- Overall exp mean: 0.59324715506
----- Overall kfold took 30316.977514 ---
Got result -0.593247

Job file reloaded.
Completed successfully in 30317.28 seconds. [-0.593247]
setting job 20231 complete
set...
