Running in wrapper mode for '20019'

Running python job.

{u'nfeatures': array([14]), u'bow_size': array([983]), u'svm_gamma': array([ 0.05106694]), u'edgeThreshold': array([ 50.]), u'svm_C': array([ 1.72969295]), u'sigma': array([ 2.65886145]), u'contrastThreshold': array([ 0.00920183])}
----- Fold: 0
Testing with 951 pos 1473 neg
Training with 3349 pos 5490 neg
--- Gather features---
--- Train BOW---
--- Make hists---
--- No histograms for 58 images ---
--- Fit model---
/usr/local/lib/python2.7/dist-packages/sklearn/svm/base.py:176: FutureWarning: elementwise comparison failed; returning scalar instead, but in the future will perform elementwise comparison
  (self.gamma == 'auto')):
/usr/local/lib/python2.7/dist-packages/sklearn/svm/base.py:179: FutureWarning: elementwise comparison failed; returning scalar instead, but in the future will perform elementwise comparison
  elif self.gamma == 'auto':
--- Overall training model took 881.109899998 ---
--- No histograms for 23 images ---
TP: 682 FP: 306 TN 1167 FN: 269
--- kfold: 0, accuracy: 0.762788778878, exp_mean*coverage: 0.513548693822
----- Fold: 1
Testing with 900 pos 1372 neg
Training with 3400 pos 5591 neg
--- Gather features---
--- Train BOW---
--- Make hists---
--- No histograms for 63 images ---
--- Fit model---
--- Overall training model took 830.698871851 ---
--- No histograms for 18 images ---
TP: 653 FP: 227 TN 1145 FN: 247
--- kfold: 1, accuracy: 0.791373239437, exp_mean*coverage: 0.568314184025
----- Fold: 2
Testing with 785 pos 1569 neg
Training with 3515 pos 5394 neg
--- Gather features---
--- Train BOW---
--- Make hists---
--- No histograms for 62 images ---
--- Fit model---
--- Overall training model took 737.821452856 ---
--- No histograms for 19 images ---
TP: 588 FP: 294 TN 1275 FN: 197
--- kfold: 2, accuracy: 0.791418861512, exp_mean*coverage: 0.555474146674
----- Fold: 3
Testing with 889 pos 1174 neg
Training with 3411 pos 5789 neg
--- Gather features---
--- Train BOW---
--- Make hists---
--- No histograms for 65 images ---
--- Fit model---
--- Overall training model took 829.147778988 ---
--- No histograms for 16 images ---
TP: 694 FP: 183 TN 991 FN: 195
--- kfold: 3, accuracy: 0.816771691711, exp_mean*coverage: 0.612592425442
----- Fold: 4
Testing with 775 pos 1375 neg
Training with 3525 pos 5588 neg
--- Gather features---
--- Train BOW---
--- Make hists---
--- No histograms for 76 images ---
--- Fit model---
--- Overall training model took 807.424993992 ---
--- No histograms for 5 images ---
TP: 520 FP: 287 TN 1088 FN: 255
--- kfold: 4, accuracy: 0.747906976744, exp_mean*coverage: 0.491004997618
----- Overall exp mean: 0.548186889516
----- Overall kfold took 4326.59071898 ---
Got result -0.548187

Job file reloaded.
Completed successfully in 4326.81 seconds. [-0.548187]
setting job 20019 complete
set...
