Running in wrapper mode for '20289'

Running python job.

{u'nfeatures': array([40]), u'bow_size': array([1506]), u'svm_gamma': array([ 0.51188778]), u'edgeThreshold': array([ 6.48689653]), u'svm_C': array([ 1.31430057]), u'sigma': array([ 4.92258221]), u'contrastThreshold': array([ 0.001])}
----- Fold: 0
Testing with 951 pos 1473 neg
Training with 3349 pos 5490 neg
--- Gather features---
--- Train BOW---
--- Make hists---
--- No histograms for 49 images ---
--- Fit model---
/usr/local/lib/python2.7/dist-packages/sklearn/svm/base.py:176: FutureWarning: elementwise comparison failed; returning scalar instead, but in the future will perform elementwise comparison
  (self.gamma == 'auto')):
/usr/local/lib/python2.7/dist-packages/sklearn/svm/base.py:179: FutureWarning: elementwise comparison failed; returning scalar instead, but in the future will perform elementwise comparison
  elif self.gamma == 'auto':
--- Overall training model took 1481.11425805 ---
--- No histograms for 8 images ---
TP: 709 FP: 333 TN 1140 FN: 242
--- kfold: 0, accuracy: 0.762788778878, exp_mean*coverage: 0.510672281899
----- Fold: 1
Testing with 900 pos 1372 neg
Training with 3400 pos 5591 neg
--- Gather features---
--- Train BOW---
--- Make hists---
--- No histograms for 45 images ---
--- Fit model---
--- Overall training model took 1348.47802806 ---
--- No histograms for 12 images ---
TP: 629 FP: 234 TN 1138 FN: 271
--- kfold: 1, accuracy: 0.777728873239, exp_mean*coverage: 0.548132404952
----- Fold: 2
Testing with 785 pos 1569 neg
Training with 3515 pos 5394 neg
--- Gather features---
--- Train BOW---
--- Make hists---
--- No histograms for 40 images ---
--- Fit model---
--- Overall training model took 1461.60989499 ---
--- No histograms for 17 images ---
TP: 555 FP: 303 TN 1266 FN: 230
--- kfold: 2, accuracy: 0.773576890399, exp_mean*coverage: 0.525821793719
----- Fold: 3
Testing with 889 pos 1174 neg
Training with 3411 pos 5789 neg
--- Gather features---
--- Train BOW---
--- Make hists---
--- No histograms for 40 images ---
--- Fit model---
--- Overall training model took 1495.29911304 ---
--- No histograms for 17 images ---
TP: 657 FP: 135 TN 1039 FN: 232
--- kfold: 3, accuracy: 0.822103732429, exp_mean*coverage: 0.638354826665
----- Fold: 4
Testing with 775 pos 1375 neg
Training with 3525 pos 5588 neg
--- Gather features---
--- Train BOW---
--- Make hists---
--- No histograms for 54 images ---
--- Fit model---
--- Overall training model took 1563.41998696 ---
--- No histograms for 3 images ---
TP: 484 FP: 309 TN 1066 FN: 291
--- kfold: 4, accuracy: 0.720930232558, exp_mean*coverage: 0.44936238437
----- Overall exp mean: 0.534468738321
----- Overall kfold took 7765.63592815 ---
Got result -0.534469

Job file reloaded.
Completed successfully in 7765.87 seconds. [-0.534469]
setting job 20289 complete
set...
