Running in wrapper mode for '20145'

Running python job.

{u'nfeatures': array([100]), u'bow_size': array([1173]), u'svm_gamma': array([ 1.02214995]), u'edgeThreshold': array([ 34.33120497]), u'svm_C': array([ 1.73391706]), u'sigma': array([ 2.97176404]), u'contrastThreshold': array([ 0.001])}
----- Fold: 0
Testing with 951 pos 1473 neg
Training with 3349 pos 5490 neg
--- Gather features---
--- Train BOW---
--- Make hists---
--- Fit model---
/usr/local/lib/python2.7/dist-packages/sklearn/svm/base.py:176: FutureWarning: elementwise comparison failed; returning scalar instead, but in the future will perform elementwise comparison
  (self.gamma == 'auto')):
/usr/local/lib/python2.7/dist-packages/sklearn/svm/base.py:179: FutureWarning: elementwise comparison failed; returning scalar instead, but in the future will perform elementwise comparison
  elif self.gamma == 'auto':
--- Overall training model took 3578.45774698 ---
TP: 701 FP: 250 TN 1223 FN: 250
--- kfold: 0, accuracy: 0.793729372937, exp_mean*coverage: 0.574506066007
----- Fold: 1
Testing with 900 pos 1372 neg
Training with 3400 pos 5591 neg
--- Gather features---
--- Train BOW---
--- Make hists---
--- Fit model---
--- Overall training model took 3813.92639112 ---
TP: 662 FP: 193 TN 1179 FN: 238
--- kfold: 1, accuracy: 0.810299295775, exp_mean*coverage: 0.609173600196
----- Fold: 2
Testing with 785 pos 1569 neg
Training with 3515 pos 5394 neg
--- Gather features---
--- Train BOW---
--- Make hists---
--- Fit model---
--- Overall training model took 3666.78949714 ---
TP: 594 FP: 246 TN 1323 FN: 191
--- kfold: 2, accuracy: 0.814358538658, exp_mean*coverage: 0.601973214472
----- Fold: 3
Testing with 889 pos 1174 neg
Training with 3411 pos 5789 neg
--- Gather features---
--- Train BOW---
--- Make hists---
--- Fit model---
--- Overall training model took 3615.52501392 ---
TP: 681 FP: 110 TN 1064 FN: 208
--- kfold: 3, accuracy: 0.84585555017, exp_mean*coverage: 0.689307005885
----- Fold: 4
Testing with 775 pos 1375 neg
Training with 3525 pos 5588 neg
--- Gather features---
--- Train BOW---
--- Make hists---
--- Fit model---
--- Overall training model took 3695.46935606 ---
TP: 527 FP: 249 TN 1126 FN: 248
--- kfold: 4, accuracy: 0.768837209302, exp_mean*coverage: 0.52789086429
----- Overall exp mean: 0.60057015017
----- Overall kfold took 18820.719739 ---
Got result -0.600570

Job file reloaded.
Completed successfully in 18824.49 seconds. [-0.600570]
setting job 20145 complete
set...
