Running in wrapper mode for '20153'

Running python job.

{u'nfeatures': array([34]), u'bow_size': array([1165]), u'svm_gamma': array([ 1.68402717]), u'edgeThreshold': array([ 38.53972203]), u'svm_C': array([ 0.25889843]), u'sigma': array([ 1.94173663]), u'contrastThreshold': array([ 0.00705578])}
----- Fold: 0
Testing with 951 pos 1473 neg
Training with 3349 pos 5490 neg
--- Gather features---
--- Train BOW---
--- Make hists---
--- No histograms for 18 images ---
--- Fit model---
/usr/local/lib/python2.7/dist-packages/sklearn/svm/base.py:176: FutureWarning: elementwise comparison failed; returning scalar instead, but in the future will perform elementwise comparison
  (self.gamma == 'auto')):
/usr/local/lib/python2.7/dist-packages/sklearn/svm/base.py:179: FutureWarning: elementwise comparison failed; returning scalar instead, but in the future will perform elementwise comparison
  elif self.gamma == 'auto':
--- Overall training model took 2429.75293803 ---
--- No histograms for 6 images ---
TP: 595 FP: 170 TN 1303 FN: 356
--- kfold: 0, accuracy: 0.78300330033, exp_mean*coverage: 0.566205310244
----- Fold: 1
Testing with 900 pos 1372 neg
Training with 3400 pos 5591 neg
--- Gather features---
--- Train BOW---
--- Make hists---
--- No histograms for 19 images ---
--- Fit model---
--- Overall training model took 2465.91135907 ---
--- No histograms for 5 images ---
TP: 569 FP: 102 TN 1270 FN: 331
--- kfold: 1, accuracy: 0.809419014085, exp_mean*coverage: 0.61799125217
----- Fold: 2
Testing with 785 pos 1569 neg
Training with 3515 pos 5394 neg
--- Gather features---
--- Train BOW---
--- Make hists---
--- No histograms for 20 images ---
--- Fit model---
--- Overall training model took 2264.72629499 ---
--- No histograms for 4 images ---
TP: 538 FP: 159 TN 1410 FN: 247
--- kfold: 2, accuracy: 0.827527612574, exp_mean*coverage: 0.623719272735
----- Fold: 3
Testing with 889 pos 1174 neg
Training with 3411 pos 5789 neg
--- Gather features---
--- Train BOW---
--- Make hists---
--- No histograms for 15 images ---
--- Fit model---
--- Overall training model took 2390.14498901 ---
--- No histograms for 9 images ---
TP: 657 FP: 90 TN 1084 FN: 232
--- kfold: 3, accuracy: 0.843916626272, exp_mean*coverage: 0.690209594388
----- Fold: 4
Testing with 775 pos 1375 neg
Training with 3525 pos 5588 neg
--- Gather features---
--- Train BOW---
--- Make hists---
--- No histograms for 24 images ---
--- Fit model---
--- Overall training model took 2281.84735799 ---
TP: 479 FP: 167 TN 1208 FN: 296
--- kfold: 4, accuracy: 0.784651162791, exp_mean*coverage: 0.555728630084
----- Overall exp mean: 0.610770811924
----- Overall kfold took 12186.1246569 ---
Got result -0.610771

Job file reloaded.
Completed successfully in 12187.55 seconds. [-0.610771]
setting job 20153 complete
set...
