Running in wrapper mode for '20206'

Running python job.

{u'nfeatures': array([60]), u'bow_size': array([1013]), u'svm_gamma': array([ 1.7507582]), u'edgeThreshold': array([ 50.]), u'svm_C': array([ 0.47862167]), u'sigma': array([ 2.25901868]), u'contrastThreshold': array([ 0.001])}
----- Fold: 0
Testing with 951 pos 1473 neg
Training with 3349 pos 5490 neg
--- Gather features---
--- Train BOW---
--- Make hists---
--- Fit model---
/usr/local/lib/python2.7/dist-packages/sklearn/svm/base.py:176: FutureWarning: elementwise comparison failed; returning scalar instead, but in the future will perform elementwise comparison
  (self.gamma == 'auto')):
/usr/local/lib/python2.7/dist-packages/sklearn/svm/base.py:179: FutureWarning: elementwise comparison failed; returning scalar instead, but in the future will perform elementwise comparison
  elif self.gamma == 'auto':
--- Overall training model took 3183.34960198 ---
TP: 649 FP: 187 TN 1286 FN: 302
--- kfold: 0, accuracy: 0.798267326733, exp_mean*coverage: 0.592059048612
----- Fold: 1
Testing with 900 pos 1372 neg
Training with 3400 pos 5591 neg
--- Gather features---
--- Train BOW---
--- Make hists---
--- Fit model---
--- Overall training model took 3161.05686212 ---
TP: 629 FP: 119 TN 1253 FN: 271
--- kfold: 1, accuracy: 0.828345070423, exp_mean*coverage: 0.652154929468
----- Fold: 2
Testing with 785 pos 1569 neg
Training with 3515 pos 5394 neg
--- Gather features---
--- Train BOW---
--- Make hists---
--- Fit model---
--- Overall training model took 3195.37347889 ---
TP: 572 FP: 179 TN 1390 FN: 213
--- kfold: 2, accuracy: 0.833474936279, exp_mean*coverage: 0.638014469539
----- Fold: 3
Testing with 889 pos 1174 neg
Training with 3411 pos 5789 neg
--- Gather features---
--- Train BOW---
--- Make hists---
--- Fit model---
--- Overall training model took 3575.82159019 ---
TP: 667 FP: 83 TN 1091 FN: 222
--- kfold: 3, accuracy: 0.852157052836, exp_mean*coverage: 0.70907504083
----- Fold: 4
Testing with 775 pos 1375 neg
Training with 3525 pos 5588 neg
--- Gather features---
--- Train BOW---
--- Make hists---
--- Fit model---
--- Overall training model took 3480.18453002 ---
TP: 506 FP: 171 TN 1204 FN: 269
--- kfold: 4, accuracy: 0.795348837209, exp_mean*coverage: 0.575709294662
----- Overall exp mean: 0.633402556622
----- Overall kfold took 17005.822752 ---
Got result -0.633403

Job file reloaded.
Completed successfully in 17007.37 seconds. [-0.633403]
setting job 20206 complete
set...
