Running in wrapper mode for '20169'

Running python job.

{u'nfeatures': array([87]), u'bow_size': array([1410]), u'svm_gamma': array([ 1.43157453]), u'edgeThreshold': array([ 41.0605278]), u'svm_C': array([ 0.77588265]), u'sigma': array([ 3.30641475]), u'contrastThreshold': array([ 0.001])}
----- Fold: 0
Testing with 951 pos 1473 neg
Training with 3349 pos 5490 neg
--- Gather features---
--- Train BOW---
--- Make hists---
--- Fit model---
/usr/local/lib/python2.7/dist-packages/sklearn/svm/base.py:176: FutureWarning: elementwise comparison failed; returning scalar instead, but in the future will perform elementwise comparison
  (self.gamma == 'auto')):
/usr/local/lib/python2.7/dist-packages/sklearn/svm/base.py:179: FutureWarning: elementwise comparison failed; returning scalar instead, but in the future will perform elementwise comparison
  elif self.gamma == 'auto':
--- Overall training model took 3763.93422508 ---
TP: 668 FP: 190 TN 1283 FN: 283
--- kfold: 0, accuracy: 0.804867986799, exp_mean*coverage: 0.602544048053
----- Fold: 1
Testing with 900 pos 1372 neg
Training with 3400 pos 5591 neg
--- Gather features---
--- Train BOW---
--- Make hists---
--- Fit model---
--- Overall training model took 3579.66050005 ---
TP: 622 FP: 148 TN 1224 FN: 278
--- kfold: 1, accuracy: 0.8125, exp_mean*coverage: 0.620738514699
----- Fold: 2
Testing with 785 pos 1569 neg
Training with 3515 pos 5394 neg
--- Gather features---
--- Train BOW---
--- Make hists---
--- Fit model---
--- Overall training model took 3652.86024404 ---
TP: 560 FP: 225 TN 1344 FN: 225
--- kfold: 2, accuracy: 0.808836023789, exp_mean*coverage: 0.592034951629
----- Fold: 3
Testing with 889 pos 1174 neg
Training with 3411 pos 5789 neg
--- Gather features---
--- Train BOW---
--- Make hists---
--- Fit model---
--- Overall training model took 3667.87959123 ---
TP: 649 FP: 92 TN 1082 FN: 240
--- kfold: 3, accuracy: 0.839069316529, exp_mean*coverage: 0.68467699928
----- Fold: 4
Testing with 775 pos 1375 neg
Training with 3525 pos 5588 neg
--- Gather features---
--- Train BOW---
--- Make hists---
--- Fit model---
--- Overall training model took 3551.11214685 ---
TP: 503 FP: 205 TN 1170 FN: 272
--- kfold: 4, accuracy: 0.778139534884, exp_mean*coverage: 0.545123931195
----- Overall exp mean: 0.609023688971
----- Overall kfold took 18716.381119 ---
Got result -0.609024

Job file reloaded.
Completed successfully in 18717.96 seconds. [-0.609024]
setting job 20169 complete
set...
