Running in wrapper mode for '20108'

Running python job.

{u'nfeatures': array([96]), u'bow_size': array([500]), u'svm_gamma': array([ 1.06727555]), u'edgeThreshold': array([ 25.19960571]), u'svm_C': array([ 0.7118874]), u'sigma': array([ 1.88421326]), u'contrastThreshold': array([ 0.001])}
----- Fold: 0
Testing with 951 pos 1473 neg
Training with 3349 pos 5490 neg
--- Gather features---
--- Train BOW---
--- Make hists---
--- Fit model---
/usr/local/lib/python2.7/dist-packages/sklearn/svm/base.py:176: FutureWarning: elementwise comparison failed; returning scalar instead, but in the future will perform elementwise comparison
  (self.gamma == 'auto')):
/usr/local/lib/python2.7/dist-packages/sklearn/svm/base.py:179: FutureWarning: elementwise comparison failed; returning scalar instead, but in the future will perform elementwise comparison
  elif self.gamma == 'auto':
--- Overall training model took 2775.40571404 ---
TP: 751 FP: 281 TN 1192 FN: 200
--- kfold: 0, accuracy: 0.801567656766, exp_mean*coverage: 0.578393235412
----- Fold: 1
Testing with 900 pos 1372 neg
Training with 3400 pos 5591 neg
--- Gather features---
--- Train BOW---
--- Make hists---
--- Fit model---
--- Overall training model took 2645.3625381 ---
TP: 691 FP: 233 TN 1139 FN: 209
--- kfold: 1, accuracy: 0.805457746479, exp_mean*coverage: 0.592206917043
----- Fold: 2
Testing with 785 pos 1569 neg
Training with 3515 pos 5394 neg
--- Gather features---
--- Train BOW---
--- Make hists---
--- Fit model---
--- Overall training model took 2842.649822 ---
TP: 623 FP: 289 TN 1280 FN: 162
--- kfold: 2, accuracy: 0.808411214953, exp_mean*coverage: 0.588831572089
----- Fold: 3
Testing with 889 pos 1174 neg
Training with 3411 pos 5789 neg
--- Gather features---
--- Train BOW---
--- Make hists---
--- Fit model---
--- Overall training model took 2642.69288898 ---
TP: 731 FP: 150 TN 1024 FN: 158
--- kfold: 3, accuracy: 0.850702859913, exp_mean*coverage: 0.679778565576
----- Fold: 4
Testing with 775 pos 1375 neg
Training with 3525 pos 5588 neg
--- Gather features---
--- Train BOW---
--- Make hists---
--- Fit model---
--- Overall training model took 2807.62141013 ---
TP: 581 FP: 275 TN 1100 FN: 194
--- kfold: 4, accuracy: 0.781860465116, exp_mean*coverage: 0.545209355703
----- Overall exp mean: 0.596883929165
----- Overall kfold took 14030.6056049 ---
Got result -0.596884

Job file reloaded.
Completed successfully in 14032.12 seconds. [-0.596884]
setting job 20108 complete
set...
