Running in wrapper mode for '20146'

Running python job.

{u'nfeatures': array([100]), u'bow_size': array([293]), u'svm_gamma': array([ 1.60183899]), u'edgeThreshold': array([ 35.7161951]), u'svm_C': array([ 2.90336295]), u'sigma': array([ 1.72661003]), u'contrastThreshold': array([ 0.001])}
----- Fold: 0
Testing with 951 pos 1473 neg
Training with 3349 pos 5490 neg
--- Gather features---
--- Train BOW---
--- Make hists---
--- Fit model---
/usr/local/lib/python2.7/dist-packages/sklearn/svm/base.py:176: FutureWarning: elementwise comparison failed; returning scalar instead, but in the future will perform elementwise comparison
  (self.gamma == 'auto')):
/usr/local/lib/python2.7/dist-packages/sklearn/svm/base.py:179: FutureWarning: elementwise comparison failed; returning scalar instead, but in the future will perform elementwise comparison
  elif self.gamma == 'auto':
--- Overall training model took 1943.53469014 ---
TP: 654 FP: 219 TN 1254 FN: 297
--- kfold: 0, accuracy: 0.787128712871, exp_mean*coverage: 0.569788665013
----- Fold: 1
Testing with 900 pos 1372 neg
Training with 3400 pos 5591 neg
--- Gather features---
--- Train BOW---
--- Make hists---
--- Fit model---
--- Overall training model took 1823.69541001 ---
TP: 622 FP: 171 TN 1201 FN: 278
--- kfold: 1, accuracy: 0.802376760563, exp_mean*coverage: 0.600470221141
----- Fold: 2
Testing with 785 pos 1569 neg
Training with 3515 pos 5394 neg
--- Gather features---
--- Train BOW---
--- Make hists---
--- Fit model---
--- Overall training model took 1835.78095007 ---
TP: 566 FP: 205 TN 1364 FN: 219
--- kfold: 2, accuracy: 0.819881053526, exp_mean*coverage: 0.612413953961
----- Fold: 3
Testing with 889 pos 1174 neg
Training with 3411 pos 5789 neg
--- Gather features---
--- Train BOW---
--- Make hists---
--- Fit model---
--- Overall training model took 1880.10896897 ---
TP: 656 FP: 105 TN 1069 FN: 233
--- kfold: 3, accuracy: 0.836160930683, exp_mean*coverage: 0.675761388182
----- Fold: 4
Testing with 775 pos 1375 neg
Training with 3525 pos 5588 neg
--- Gather features---
--- Train BOW---
--- Make hists---
--- Fit model---
--- Overall training model took 1894.81570292 ---
TP: 538 FP: 214 TN 1161 FN: 237
--- kfold: 4, accuracy: 0.79023255814, exp_mean*coverage: 0.56563606539
----- Overall exp mean: 0.604814058737
----- Overall kfold took 9657.974828 ---
Got result -0.604814

Job file reloaded.
Completed successfully in 9664.22 seconds. [-0.604814]
setting job 20146 complete
set...
