Running in wrapper mode for '20156'

Running python job.

{u'nfeatures': array([99]), u'bow_size': array([724]), u'svm_gamma': array([-0.03150269]), u'edgeThreshold': array([ 50.]), u'svm_C': array([ 0.35325055]), u'sigma': array([ 2.42647794]), u'contrastThreshold': array([ 0.00257907])}
----- Fold: 0
Testing with 951 pos 1473 neg
Training with 3349 pos 5490 neg
--- Gather features---
--- Train BOW---
--- Make hists---
--- Fit model---
/usr/local/lib/python2.7/dist-packages/sklearn/svm/base.py:176: FutureWarning: elementwise comparison failed; returning scalar instead, but in the future will perform elementwise comparison
  (self.gamma == 'auto')):
/usr/local/lib/python2.7/dist-packages/sklearn/svm/base.py:179: FutureWarning: elementwise comparison failed; returning scalar instead, but in the future will perform elementwise comparison
  elif self.gamma == 'auto':
--- Overall training model took 2909.96770883 ---
TP: 749 FP: 343 TN 1130 FN: 202
--- kfold: 0, accuracy: 0.775165016502, exp_mean*coverage: 0.525724776069
----- Fold: 1
Testing with 900 pos 1372 neg
Training with 3400 pos 5591 neg
--- Gather features---
--- Train BOW---
--- Make hists---
--- Fit model---
--- Overall training model took 3089.7248559 ---
TP: 697 FP: 229 TN 1143 FN: 203
--- kfold: 1, accuracy: 0.80985915493, exp_mean*coverage: 0.599727425823
----- Fold: 2
Testing with 785 pos 1569 neg
Training with 3515 pos 5394 neg
--- Gather features---
--- Train BOW---
--- Make hists---
--- Fit model---
--- Overall training model took 3004.72969103 ---
TP: 633 FP: 316 TN 1253 FN: 152
--- kfold: 2, accuracy: 0.801189464741, exp_mean*coverage: 0.574083100964
----- Fold: 3
Testing with 889 pos 1174 neg
Training with 3411 pos 5789 neg
--- Gather features---
--- Train BOW---
--- Make hists---
--- Fit model---
--- Overall training model took 3121.4808979 ---
TP: 766 FP: 166 TN 1008 FN: 123
--- kfold: 3, accuracy: 0.859912748425, exp_mean*coverage: 0.684907651659
----- Fold: 4
Testing with 775 pos 1375 neg
Training with 3525 pos 5588 neg
--- Gather features---
--- Train BOW---
--- Make hists---
--- Fit model---
--- Overall training model took 3141.02806401 ---
TP: 560 FP: 303 TN 1072 FN: 215
--- kfold: 4, accuracy: 0.759069767442, exp_mean*coverage: 0.506962570256
----- Overall exp mean: 0.578281104954
----- Overall kfold took 15672.422838 ---
Got result -0.578281

Job file reloaded.
Completed successfully in 15673.43 seconds. [-0.578281]
setting job 20156 complete
set...
