Running in wrapper mode for '20038'

Running python job.

{u'nfeatures': array([47]), u'bow_size': array([457]), u'svm_gamma': array([-0.78370494]), u'edgeThreshold': array([ 36.46333156]), u'svm_C': array([ 3.]), u'sigma': array([ 5.]), u'contrastThreshold': array([ 0.001])}
----- Fold: 0
Testing with 951 pos 1473 neg
Training with 3349 pos 5490 neg
--- Gather features---
--- Train BOW---
--- Make hists---
--- No histograms for 16 images ---
--- Fit model---
/usr/local/lib/python2.7/dist-packages/sklearn/svm/base.py:176: FutureWarning: elementwise comparison failed; returning scalar instead, but in the future will perform elementwise comparison
  (self.gamma == 'auto')):
/usr/local/lib/python2.7/dist-packages/sklearn/svm/base.py:179: FutureWarning: elementwise comparison failed; returning scalar instead, but in the future will perform elementwise comparison
  elif self.gamma == 'auto':
--- Overall training model took 818.551969051 ---
--- No histograms for 3 images ---
TP: 767 FP: 359 TN 1114 FN: 184
--- kfold: 0, accuracy: 0.77599009901, exp_mean*coverage: 0.521335844838
----- Fold: 1
Testing with 900 pos 1372 neg
Training with 3400 pos 5591 neg
--- Gather features---
--- Train BOW---
--- Make hists---
--- No histograms for 17 images ---
--- Fit model---
--- Overall training model took 773.987086058 ---
--- No histograms for 2 images ---
TP: 701 FP: 260 TN 1112 FN: 199
--- kfold: 1, accuracy: 0.797975352113, exp_mean*coverage: 0.573505839549
----- Fold: 2
Testing with 785 pos 1569 neg
Training with 3515 pos 5394 neg
--- Gather features---
--- Train BOW---
--- Make hists---
--- No histograms for 12 images ---
--- Fit model---
--- Overall training model took 841.036054134 ---
--- No histograms for 7 images ---
TP: 624 FP: 346 TN 1223 FN: 161
--- kfold: 2, accuracy: 0.784621920136, exp_mean*coverage: 0.542748934238
----- Fold: 3
Testing with 889 pos 1174 neg
Training with 3411 pos 5789 neg
--- Gather features---
--- Train BOW---
--- Make hists---
--- No histograms for 14 images ---
--- Fit model---
--- Overall training model took 794.602698803 ---
--- No histograms for 5 images ---
TP: 700 FP: 173 TN 1001 FN: 189
--- kfold: 3, accuracy: 0.8245273873, exp_mean*coverage: 0.630861200022
----- Fold: 4
Testing with 775 pos 1375 neg
Training with 3525 pos 5588 neg
--- Gather features---
--- Train BOW---
--- Make hists---
--- No histograms for 17 images ---
--- Fit model---
--- Overall training model took 752.709859848 ---
--- No histograms for 2 images ---
TP: 551 FP: 330 TN 1045 FN: 224
--- kfold: 4, accuracy: 0.742325581395, exp_mean*coverage: 0.478527637746
----- Overall exp mean: 0.549395891279
----- Overall kfold took 4306.40799999 ---
Got result -0.549396

Job file reloaded.
Completed successfully in 4306.63 seconds. [-0.549396]
setting job 20038 complete
set...
