Running in wrapper mode for '20023'

Running python job.

{u'nfeatures': array([10]), u'bow_size': array([874]), u'svm_gamma': array([ 0.28936839]), u'edgeThreshold': array([ 50.]), u'svm_C': array([ 1.15933311]), u'sigma': array([ 2.90602249]), u'contrastThreshold': array([ 0.001])}
----- Fold: 0
Testing with 951 pos 1473 neg
Training with 3349 pos 5490 neg
--- Gather features---
--- Train BOW---
--- Make hists---
--- Fit model---
/usr/local/lib/python2.7/dist-packages/sklearn/svm/base.py:176: FutureWarning: elementwise comparison failed; returning scalar instead, but in the future will perform elementwise comparison
  (self.gamma == 'auto')):
/usr/local/lib/python2.7/dist-packages/sklearn/svm/base.py:179: FutureWarning: elementwise comparison failed; returning scalar instead, but in the future will perform elementwise comparison
  elif self.gamma == 'auto':
--- Overall training model took 639.829466105 ---
TP: 680 FP: 306 TN 1167 FN: 271
--- kfold: 0, accuracy: 0.76196369637, exp_mean*coverage: 0.517327407996
----- Fold: 1
Testing with 900 pos 1372 neg
Training with 3400 pos 5591 neg
--- Gather features---
--- Train BOW---
--- Make hists---
--- Fit model---
--- Overall training model took 559.891646147 ---
TP: 638 FP: 229 TN 1143 FN: 262
--- kfold: 1, accuracy: 0.78389084507, exp_mean*coverage: 0.56123511421
----- Fold: 2
Testing with 785 pos 1569 neg
Training with 3515 pos 5394 neg
--- Gather features---
--- Train BOW---
--- Make hists---
--- Fit model---
--- Overall training model took 554.687618017 ---
TP: 566 FP: 278 TN 1291 FN: 219
--- kfold: 2, accuracy: 0.788870008496, exp_mean*coverage: 0.556212639342
----- Fold: 3
Testing with 889 pos 1174 neg
Training with 3411 pos 5789 neg
--- Gather features---
--- Train BOW---
--- Make hists---
--- Fit model---
--- Overall training model took 652.548156023 ---
TP: 660 FP: 194 TN 980 FN: 229
--- kfold: 3, accuracy: 0.794958797867, exp_mean*coverage: 0.5830530799
----- Fold: 4
Testing with 775 pos 1375 neg
Training with 3525 pos 5588 neg
--- Gather features---
--- Train BOW---
--- Make hists---
--- Fit model---
--- Overall training model took 556.142961979 ---
TP: 519 FP: 294 TN 1081 FN: 256
--- kfold: 4, accuracy: 0.744186046512, exp_mean*coverage: 0.485919675035
----- Overall exp mean: 0.540749583296
----- Overall kfold took 3199.45628095 ---
Got result -0.540750

Job file reloaded.
Completed successfully in 3199.74 seconds. [-0.540750]
setting job 20023 complete
set...
