Running in wrapper mode for '20210'

Running python job.

{u'nfeatures': array([51]), u'bow_size': array([1282]), u'svm_gamma': array([ 1.68870391]), u'edgeThreshold': array([ 50.]), u'svm_C': array([ 2.16469554]), u'sigma': array([ 1.83146733]), u'contrastThreshold': array([ 0.001])}
----- Fold: 0
Testing with 951 pos 1473 neg
Training with 3349 pos 5490 neg
--- Gather features---
--- Train BOW---
--- Make hists---
--- Fit model---
/usr/local/lib/python2.7/dist-packages/sklearn/svm/base.py:176: FutureWarning: elementwise comparison failed; returning scalar instead, but in the future will perform elementwise comparison
  (self.gamma == 'auto')):
/usr/local/lib/python2.7/dist-packages/sklearn/svm/base.py:179: FutureWarning: elementwise comparison failed; returning scalar instead, but in the future will perform elementwise comparison
  elif self.gamma == 'auto':
--- Overall training model took 3829.37877202 ---
TP: 638 FP: 180 TN 1293 FN: 313
--- kfold: 0, accuracy: 0.796617161716, exp_mean*coverage: 0.59009608444
----- Fold: 1
Testing with 900 pos 1372 neg
Training with 3400 pos 5591 neg
--- Gather features---
--- Train BOW---
--- Make hists---
--- Fit model---
--- Overall training model took 3991.73256803 ---
TP: 614 FP: 144 TN 1228 FN: 286
--- kfold: 1, accuracy: 0.81073943662, exp_mean*coverage: 0.618260987596
----- Fold: 2
Testing with 785 pos 1569 neg
Training with 3515 pos 5394 neg
--- Gather features---
--- Train BOW---
--- Make hists---
--- Fit model---
--- Overall training model took 3907.42163992 ---
TP: 548 FP: 172 TN 1397 FN: 237
--- kfold: 2, accuracy: 0.826253186066, exp_mean*coverage: 0.623285086765
----- Fold: 3
Testing with 889 pos 1174 neg
Training with 3411 pos 5789 neg
--- Gather features---
--- Train BOW---
--- Make hists---
--- Fit model---
--- Overall training model took 4141.99605918 ---
TP: 650 FP: 93 TN 1081 FN: 239
--- kfold: 3, accuracy: 0.839069316529, exp_mean*coverage: 0.684359801363
----- Fold: 4
Testing with 775 pos 1375 neg
Training with 3525 pos 5588 neg
--- Gather features---
--- Train BOW---
--- Make hists---
--- Fit model---
--- Overall training model took 4182.88259888 ---
TP: 501 FP: 187 TN 1188 FN: 274
--- kfold: 4, accuracy: 0.785581395349, exp_mean*coverage: 0.558214440188
----- Overall exp mean: 0.61484328007
----- Overall kfold took 20481.11168 ---
Got result -0.614843

Job file reloaded.
Completed successfully in 20481.38 seconds. [-0.614843]
setting job 20210 complete
set...
