Running in wrapper mode for '20204'

Running python job.

{u'nfeatures': array([73]), u'bow_size': array([957]), u'svm_gamma': array([ 1.38398411]), u'edgeThreshold': array([ 50.]), u'svm_C': array([ 0.22995612]), u'sigma': array([ 2.79552913]), u'contrastThreshold': array([ 0.01041902])}
----- Fold: 0
Testing with 951 pos 1473 neg
Training with 3349 pos 5490 neg
--- Gather features---
--- Train BOW---
--- Make hists---
--- No histograms for 86 images ---
--- Fit model---
/usr/local/lib/python2.7/dist-packages/sklearn/svm/base.py:176: FutureWarning: elementwise comparison failed; returning scalar instead, but in the future will perform elementwise comparison
  (self.gamma == 'auto')):
/usr/local/lib/python2.7/dist-packages/sklearn/svm/base.py:179: FutureWarning: elementwise comparison failed; returning scalar instead, but in the future will perform elementwise comparison
  elif self.gamma == 'auto':
--- Overall training model took 2276.90046811 ---
--- No histograms for 36 images ---
TP: 681 FP: 190 TN 1283 FN: 270
--- kfold: 0, accuracy: 0.810231023102, exp_mean*coverage: 0.602238471107
----- Fold: 1
Testing with 900 pos 1372 neg
Training with 3400 pos 5591 neg
--- Gather features---
--- Train BOW---
--- Make hists---
--- No histograms for 95 images ---
--- Fit model---
--- Overall training model took 2321.84034109 ---
--- No histograms for 27 images ---
TP: 674 FP: 155 TN 1217 FN: 226
--- kfold: 1, accuracy: 0.832306338028, exp_mean*coverage: 0.644925984976
----- Fold: 2
Testing with 785 pos 1569 neg
Training with 3515 pos 5394 neg
--- Gather features---
--- Train BOW---
--- Make hists---
--- No histograms for 92 images ---
--- Fit model---
--- Overall training model took 2294.64977503 ---
--- No histograms for 30 images ---
TP: 588 FP: 216 TN 1353 FN: 197
--- kfold: 2, accuracy: 0.824553950722, exp_mean*coverage: 0.613396664375
----- Fold: 3
Testing with 889 pos 1174 neg
Training with 3411 pos 5789 neg
--- Gather features---
--- Train BOW---
--- Make hists---
--- No histograms for 103 images ---
--- Fit model---
--- Overall training model took 2445.79473305 ---
--- No histograms for 19 images ---
TP: 709 FP: 93 TN 1081 FN: 180
--- kfold: 3, accuracy: 0.867668444014, exp_mean*coverage: 0.723712066941
----- Fold: 4
Testing with 775 pos 1375 neg
Training with 3525 pos 5588 neg
--- Gather features---
--- Train BOW---
--- Make hists---
--- No histograms for 112 images ---
--- Fit model---
--- Overall training model took 2285.5438509 ---
--- No histograms for 10 images ---
TP: 493 FP: 190 TN 1185 FN: 282
--- kfold: 4, accuracy: 0.780465116279, exp_mean*coverage: 0.546526993857
----- Overall exp mean: 0.626160036251
----- Overall kfold took 11985.4779291 ---
Got result -0.626160

Job file reloaded.
Completed successfully in 11985.70 seconds. [-0.626160]
setting job 20204 complete
set...
