Running in wrapper mode for '20249'

Running python job.

{u'nfeatures': array([55]), u'bow_size': array([708]), u'svm_gamma': array([ 1.8605184]), u'edgeThreshold': array([ 30.53408444]), u'svm_C': array([ 0.6063223]), u'sigma': array([ 1.76009865]), u'contrastThreshold': array([ 0.001])}
----- Fold: 0
Testing with 951 pos 1473 neg
Training with 3349 pos 5490 neg
--- Gather features---
--- Train BOW---
--- Make hists---
--- Fit model---
/usr/local/lib/python2.7/dist-packages/sklearn/svm/base.py:176: FutureWarning: elementwise comparison failed; returning scalar instead, but in the future will perform elementwise comparison
  (self.gamma == 'auto')):
/usr/local/lib/python2.7/dist-packages/sklearn/svm/base.py:179: FutureWarning: elementwise comparison failed; returning scalar instead, but in the future will perform elementwise comparison
  elif self.gamma == 'auto':
--- Overall training model took 2472.22523594 ---
TP: 613 FP: 150 TN 1323 FN: 338
--- kfold: 0, accuracy: 0.798679867987, exp_mean*coverage: 0.596121641321
----- Fold: 1
Testing with 900 pos 1372 neg
Training with 3400 pos 5591 neg
--- Gather features---
--- Train BOW---
--- Make hists---
--- Fit model---
--- Overall training model took 2457.59501696 ---
TP: 584 FP: 119 TN 1253 FN: 316
--- kfold: 1, accuracy: 0.808538732394, exp_mean*coverage: 0.616839863795
----- Fold: 2
Testing with 785 pos 1569 neg
Training with 3515 pos 5394 neg
--- Gather features---
--- Train BOW---
--- Make hists---
--- Fit model---
--- Overall training model took 2489.98804498 ---
TP: 531 FP: 140 TN 1429 FN: 254
--- kfold: 2, accuracy: 0.832625318607, exp_mean*coverage: 0.633337053661
----- Fold: 3
Testing with 889 pos 1174 neg
Training with 3411 pos 5789 neg
--- Gather features---
--- Train BOW---
--- Make hists---
--- Fit model---
--- Overall training model took 2608.79906106 ---
TP: 643 FP: 70 TN 1104 FN: 246
--- kfold: 3, accuracy: 0.846825012118, exp_mean*coverage: 0.704301507245
----- Fold: 4
Testing with 775 pos 1375 neg
Training with 3525 pos 5588 neg
--- Gather features---
--- Train BOW---
--- Make hists---
--- Fit model---
--- Overall training model took 2601.37758994 ---
TP: 490 FP: 166 TN 1209 FN: 285
--- kfold: 4, accuracy: 0.79023255814, exp_mean*coverage: 0.566092091725
----- Overall exp mean: 0.623338431549
----- Overall kfold took 12951.676187 ---
Got result -0.623338

Job file reloaded.
Completed successfully in 12951.94 seconds. [-0.623338]
setting job 20249 complete
set...
