Running in wrapper mode for '20083'

Running python job.

{u'nfeatures': array([10]), u'bow_size': array([943]), u'svm_gamma': array([-0.55529528]), u'edgeThreshold': array([ 3.]), u'svm_C': array([ 3.]), u'sigma': array([ 5.]), u'contrastThreshold': array([ 0.001])}
----- Fold: 0
Testing with 951 pos 1473 neg
Training with 3349 pos 5490 neg
--- Gather features---
--- Train BOW---
--- Make hists---
--- No histograms for 205 images ---
--- Fit model---
/usr/local/lib/python2.7/dist-packages/sklearn/svm/base.py:176: FutureWarning: elementwise comparison failed; returning scalar instead, but in the future will perform elementwise comparison
  (self.gamma == 'auto')):
/usr/local/lib/python2.7/dist-packages/sklearn/svm/base.py:179: FutureWarning: elementwise comparison failed; returning scalar instead, but in the future will perform elementwise comparison
  elif self.gamma == 'auto':
--- Overall training model took 535.711009979 ---
--- No histograms for 47 images ---
TP: 641 FP: 339 TN 1134 FN: 310
--- kfold: 0, accuracy: 0.732260726073, exp_mean*coverage: 0.461554233906
----- Fold: 1
Testing with 900 pos 1372 neg
Training with 3400 pos 5591 neg
--- Gather features---
--- Train BOW---
--- Make hists---
--- No histograms for 199 images ---
--- Fit model---
--- Overall training model took 485.891576052 ---
--- No histograms for 53 images ---
TP: 599 FP: 254 TN 1118 FN: 301
--- kfold: 1, accuracy: 0.755721830986, exp_mean*coverage: 0.502968366102
----- Fold: 2
Testing with 785 pos 1569 neg
Training with 3515 pos 5394 neg
--- Gather features---
--- Train BOW---
--- Make hists---
--- No histograms for 195 images ---
--- Fit model---
--- Overall training model took 500.990849972 ---
--- No histograms for 57 images ---
TP: 552 FP: 357 TN 1212 FN: 233
--- kfold: 2, accuracy: 0.749362786746, exp_mean*coverage: 0.476920549699
----- Fold: 3
Testing with 889 pos 1174 neg
Training with 3411 pos 5789 neg
--- Gather features---
--- Train BOW---
--- Make hists---
--- No histograms for 186 images ---
--- Fit model---
--- Overall training model took 545.994410038 ---
--- No histograms for 66 images ---
TP: 569 FP: 167 TN 1007 FN: 320
--- kfold: 3, accuracy: 0.763936015511, exp_mean*coverage: 0.529564812025
----- Fold: 4
Testing with 775 pos 1375 neg
Training with 3525 pos 5588 neg
--- Gather features---
--- Train BOW---
--- Make hists---
--- No histograms for 223 images ---
--- Fit model---
--- Overall training model took 500.71082592 ---
--- No histograms for 29 images ---
TP: 453 FP: 322 TN 1053 FN: 322
--- kfold: 4, accuracy: 0.700465116279, exp_mean*coverage: 0.413446682041
----- Overall exp mean: 0.476890928755
----- Overall kfold took 2876.74311304 ---
Got result -0.476891

Job file reloaded.
Completed successfully in 2876.97 seconds. [-0.476891]
setting job 20083 complete
set...
