Running in wrapper mode for '20179'

Running python job.

{u'nfeatures': array([68]), u'bow_size': array([830]), u'svm_gamma': array([ 1.25653875]), u'edgeThreshold': array([ 33.27312964]), u'svm_C': array([ 0.32866181]), u'sigma': array([ 2.88861262]), u'contrastThreshold': array([ 0.00966645])}
----- Fold: 0
Testing with 951 pos 1473 neg
Training with 3349 pos 5490 neg
--- Gather features---
--- Train BOW---
--- Make hists---
--- No histograms for 75 images ---
--- Fit model---
/usr/local/lib/python2.7/dist-packages/sklearn/svm/base.py:176: FutureWarning: elementwise comparison failed; returning scalar instead, but in the future will perform elementwise comparison
  (self.gamma == 'auto')):
/usr/local/lib/python2.7/dist-packages/sklearn/svm/base.py:179: FutureWarning: elementwise comparison failed; returning scalar instead, but in the future will perform elementwise comparison
  elif self.gamma == 'auto':
--- Overall training model took 2031.54800415 ---
--- No histograms for 36 images ---
TP: 694 FP: 201 TN 1272 FN: 257
--- kfold: 0, accuracy: 0.811056105611, exp_mean*coverage: 0.601704916249
----- Fold: 1
Testing with 900 pos 1372 neg
Training with 3400 pos 5591 neg
--- Gather features---
--- Train BOW---
--- Make hists---
--- No histograms for 86 images ---
--- Fit model---
--- Overall training model took 1920.46447897 ---
--- No histograms for 25 images ---
TP: 686 FP: 168 TN 1204 FN: 214
--- kfold: 1, accuracy: 0.831866197183, exp_mean*coverage: 0.641922513163
----- Fold: 2
Testing with 785 pos 1569 neg
Training with 3515 pos 5394 neg
--- Gather features---
--- Train BOW---
--- Make hists---
--- No histograms for 90 images ---
--- Fit model---
--- Overall training model took 1887.47280693 ---
--- No histograms for 21 images ---
TP: 614 FP: 239 TN 1330 FN: 171
--- kfold: 2, accuracy: 0.82582837723, exp_mean*coverage: 0.617280469802
----- Fold: 3
Testing with 889 pos 1174 neg
Training with 3411 pos 5789 neg
--- Gather features---
--- Train BOW---
--- Make hists---
--- No histograms for 92 images ---
--- Fit model---
--- Overall training model took 1908.50713205 ---
--- No histograms for 19 images ---
TP: 725 FP: 98 TN 1076 FN: 164
--- kfold: 3, accuracy: 0.873000484731, exp_mean*coverage: 0.729980321788
----- Fold: 4
Testing with 775 pos 1375 neg
Training with 3525 pos 5588 neg
--- Gather features---
--- Train BOW---
--- Make hists---
--- No histograms for 101 images ---
--- Fit model---
--- Overall training model took 1912.12395 ---
--- No histograms for 10 images ---
TP: 518 FP: 223 TN 1152 FN: 257
--- kfold: 4, accuracy: 0.776744186047, exp_mean*coverage: 0.539831811078
----- Overall exp mean: 0.626144006416
----- Overall kfold took 9995.61037993 ---
Got result -0.626144

Job file reloaded.
Completed successfully in 9995.99 seconds. [-0.626144]
setting job 20179 complete
set...
