Running in wrapper mode for '20076'

Running python job.

{u'nfeatures': array([100]), u'bow_size': array([779]), u'svm_gamma': array([ 0.90019562]), u'edgeThreshold': array([ 3.]), u'svm_C': array([ 3.]), u'sigma': array([ 4.3072128]), u'contrastThreshold': array([ 0.001])}
----- Fold: 0
Testing with 951 pos 1473 neg
Training with 3349 pos 5490 neg
--- Gather features---
--- Train BOW---
--- Make hists---
--- No histograms for 86 images ---
--- Fit model---
/usr/local/lib/python2.7/dist-packages/sklearn/svm/base.py:176: FutureWarning: elementwise comparison failed; returning scalar instead, but in the future will perform elementwise comparison
  (self.gamma == 'auto')):
/usr/local/lib/python2.7/dist-packages/sklearn/svm/base.py:179: FutureWarning: elementwise comparison failed; returning scalar instead, but in the future will perform elementwise comparison
  elif self.gamma == 'auto':
--- Overall training model took 890.955440044 ---
--- No histograms for 22 images ---
TP: 656 FP: 301 TN 1172 FN: 295
--- kfold: 0, accuracy: 0.754125412541, exp_mean*coverage: 0.502749205409
----- Fold: 1
Testing with 900 pos 1372 neg
Training with 3400 pos 5591 neg
--- Gather features---
--- Train BOW---
--- Make hists---
--- No histograms for 84 images ---
--- Fit model---
--- Overall training model took 937.619950056 ---
--- No histograms for 24 images ---
TP: 552 FP: 170 TN 1202 FN: 348
--- kfold: 1, accuracy: 0.772007042254, exp_mean*coverage: 0.544030852437
----- Fold: 2
Testing with 785 pos 1569 neg
Training with 3515 pos 5394 neg
--- Gather features---
--- Train BOW---
--- Make hists---
--- No histograms for 81 images ---
--- Fit model---
--- Overall training model took 990.58413887 ---
--- No histograms for 27 images ---
TP: 517 FP: 297 TN 1272 FN: 268
--- kfold: 2, accuracy: 0.759983007647, exp_mean*coverage: 0.500573532753
----- Fold: 3
Testing with 889 pos 1174 neg
Training with 3411 pos 5789 neg
--- Gather features---
--- Train BOW---
--- Make hists---
--- No histograms for 86 images ---
--- Fit model---
--- Overall training model took 949.605917215 ---
--- No histograms for 22 images ---
TP: 603 FP: 137 TN 1037 FN: 286
--- kfold: 3, accuracy: 0.794958797867, exp_mean*coverage: 0.595112529785
----- Fold: 4
Testing with 775 pos 1375 neg
Training with 3525 pos 5588 neg
--- Gather features---
--- Train BOW---
--- Make hists---
--- No histograms for 95 images ---
--- Fit model---
--- Overall training model took 1039.33567619 ---
--- No histograms for 13 images ---
TP: 457 FP: 252 TN 1123 FN: 318
--- kfold: 4, accuracy: 0.73488372093, exp_mean*coverage: 0.469312138438
----- Overall exp mean: 0.522355651764
----- Overall kfold took 5129.96303105 ---
Got result -0.522356

Job file reloaded.
Completed successfully in 5130.20 seconds. [-0.522356]
setting job 20076 complete
set...
