Running in wrapper mode for '20292'

Running python job.

{u'nfeatures': array([90]), u'bow_size': array([448]), u'svm_gamma': array([ 1.39628587]), u'edgeThreshold': array([ 26.70559052]), u'svm_C': array([-0.2357519]), u'sigma': array([ 1.99526881]), u'contrastThreshold': array([ 0.0092113])}
----- Fold: 0
Testing with 951 pos 1473 neg
Training with 3349 pos 5490 neg
--- Gather features---
--- Train BOW---
--- Make hists---
--- No histograms for 41 images ---
--- Fit model---
/usr/local/lib/python2.7/dist-packages/sklearn/svm/base.py:176: FutureWarning: elementwise comparison failed; returning scalar instead, but in the future will perform elementwise comparison
  (self.gamma == 'auto')):
/usr/local/lib/python2.7/dist-packages/sklearn/svm/base.py:179: FutureWarning: elementwise comparison failed; returning scalar instead, but in the future will perform elementwise comparison
  elif self.gamma == 'auto':
--- Overall training model took 1727.40977097 ---
--- No histograms for 19 images ---
TP: 668 FP: 230 TN 1243 FN: 283
--- kfold: 0, accuracy: 0.788366336634, exp_mean*coverage: 0.565586575263
----- Fold: 1
Testing with 900 pos 1372 neg
Training with 3400 pos 5591 neg
--- Gather features---
--- Train BOW---
--- Make hists---
--- No histograms for 48 images ---
--- Fit model---
--- Overall training model took 1720.88175297 ---
--- No histograms for 12 images ---
TP: 682 FP: 183 TN 1189 FN: 218
--- kfold: 1, accuracy: 0.823503521127, exp_mean*coverage: 0.628861578815
----- Fold: 2
Testing with 785 pos 1569 neg
Training with 3515 pos 5394 neg
--- Gather features---
--- Train BOW---
--- Make hists---
--- No histograms for 47 images ---
--- Fit model---
--- Overall training model took 1653.96611309 ---
--- No histograms for 13 images ---
TP: 610 FP: 239 TN 1330 FN: 175
--- kfold: 2, accuracy: 0.824129141886, exp_mean*coverage: 0.616368320684
----- Fold: 3
Testing with 889 pos 1174 neg
Training with 3411 pos 5789 neg
--- Gather features---
--- Train BOW---
--- Make hists---
--- No histograms for 44 images ---
--- Fit model---
--- Overall training model took 1772.61555409 ---
--- No histograms for 16 images ---
TP: 739 FP: 139 TN 1035 FN: 150
--- kfold: 3, accuracy: 0.859912748425, exp_mean*coverage: 0.692870490925
----- Fold: 4
Testing with 775 pos 1375 neg
Training with 3525 pos 5588 neg
--- Gather features---
--- Train BOW---
--- Make hists---
--- No histograms for 60 images ---
--- Fit model---
--- Overall training model took 1791.00790381 ---
TP: 551 FP: 239 TN 1136 FN: 224
--- kfold: 4, accuracy: 0.784651162791, exp_mean*coverage: 0.554331783626
----- Overall exp mean: 0.611603749863
----- Overall kfold took 8931.41862106 ---
Got result -0.611604

Job file reloaded.
Completed successfully in 8931.85 seconds. [-0.611604]
setting job 20292 complete
set...
