Running in wrapper mode for '20017'

Running python job.

{u'nfeatures': array([10]), u'bow_size': array([870]), u'svm_gamma': array([ 0.25618716]), u'edgeThreshold': array([ 32.47577361]), u'svm_C': array([ 0.92623544]), u'sigma': array([ 1.98515918]), u'contrastThreshold': array([ 0.00501988])}
----- Fold: 0
Testing with 951 pos 1473 neg
Training with 3349 pos 5490 neg
--- Gather features---
--- Train BOW---
--- Make hists---
--- No histograms for 7 images ---
--- Fit model---
/usr/local/lib/python2.7/dist-packages/sklearn/svm/base.py:176: FutureWarning: elementwise comparison failed; returning scalar instead, but in the future will perform elementwise comparison
  (self.gamma == 'auto')):
/usr/local/lib/python2.7/dist-packages/sklearn/svm/base.py:179: FutureWarning: elementwise comparison failed; returning scalar instead, but in the future will perform elementwise comparison
  elif self.gamma == 'auto':
--- Overall training model took 567.197976112 ---
--- No histograms for 3 images ---
TP: 698 FP: 313 TN 1160 FN: 253
--- kfold: 0, accuracy: 0.766501650165, exp_mean*coverage: 0.521392797305
----- Fold: 1
Testing with 900 pos 1372 neg
Training with 3400 pos 5591 neg
--- Gather features---
--- Train BOW---
--- Make hists---
--- No histograms for 9 images ---
--- Fit model---
--- Overall training model took 459.538383961 ---
--- No histograms for 1 images ---
TP: 607 FP: 248 TN 1124 FN: 293
--- kfold: 1, accuracy: 0.761883802817, exp_mean*coverage: 0.524795126316
----- Fold: 2
Testing with 785 pos 1569 neg
Training with 3515 pos 5394 neg
--- Gather features---
--- Train BOW---
--- Make hists---
--- No histograms for 10 images ---
--- Fit model---
--- Overall training model took 546.592133045 ---
TP: 565 FP: 315 TN 1254 FN: 220
--- kfold: 2, accuracy: 0.772727272727, exp_mean*coverage: 0.527915764375
----- Fold: 3
Testing with 889 pos 1174 neg
Training with 3411 pos 5789 neg
--- Gather features---
--- Train BOW---
--- Make hists---
--- No histograms for 4 images ---
--- Fit model---
--- Overall training model took 421.804920912 ---
--- No histograms for 6 images ---
TP: 673 FP: 222 TN 952 FN: 216
--- kfold: 3, accuracy: 0.787687833253, exp_mean*coverage: 0.560745156805
----- Fold: 4
Testing with 775 pos 1375 neg
Training with 3525 pos 5588 neg
--- Gather features---
--- Train BOW---
--- Make hists---
--- No histograms for 10 images ---
--- Fit model---
--- Overall training model took 643.646269083 ---
TP: 532 FP: 326 TN 1049 FN: 243
--- kfold: 4, accuracy: 0.735348837209, exp_mean*coverage: 0.469661358411
----- Overall exp mean: 0.520902040642
----- Overall kfold took 2837.18856001 ---
Got result -0.520902

Job file reloaded.
Completed successfully in 2837.40 seconds. [-0.520902]
setting job 20017 complete
set...
