Running in wrapper mode for '20152'

Running python job.

{u'nfeatures': array([61]), u'bow_size': array([838]), u'svm_gamma': array([ 1.36274849]), u'edgeThreshold': array([ 39.41574927]), u'svm_C': array([ 1.91570111]), u'sigma': array([ 2.68565534]), u'contrastThreshold': array([ 0.001])}
----- Fold: 0
Testing with 951 pos 1473 neg
Training with 3349 pos 5490 neg
--- Gather features---
--- Train BOW---
--- Make hists---
--- Fit model---
/usr/local/lib/python2.7/dist-packages/sklearn/svm/base.py:176: FutureWarning: elementwise comparison failed; returning scalar instead, but in the future will perform elementwise comparison
  (self.gamma == 'auto')):
/usr/local/lib/python2.7/dist-packages/sklearn/svm/base.py:179: FutureWarning: elementwise comparison failed; returning scalar instead, but in the future will perform elementwise comparison
  elif self.gamma == 'auto':
--- Overall training model took 2296.91263795 ---
TP: 675 FP: 201 TN 1272 FN: 276
--- kfold: 0, accuracy: 0.803217821782, exp_mean*coverage: 0.598191282523
----- Fold: 1
Testing with 900 pos 1372 neg
Training with 3400 pos 5591 neg
--- Gather features---
--- Train BOW---
--- Make hists---
--- Fit model---
--- Overall training model took 2615.35420418 ---
TP: 626 FP: 155 TN 1217 FN: 274
--- kfold: 1, accuracy: 0.811179577465, exp_mean*coverage: 0.617501027854
----- Fold: 2
Testing with 785 pos 1569 neg
Training with 3515 pos 5394 neg
--- Gather features---
--- Train BOW---
--- Make hists---
--- Fit model---
--- Overall training model took 2674.21024799 ---
TP: 574 FP: 192 TN 1377 FN: 211
--- kfold: 2, accuracy: 0.828802039082, exp_mean*coverage: 0.629253907253
----- Fold: 3
Testing with 889 pos 1174 neg
Training with 3411 pos 5789 neg
--- Gather features---
--- Train BOW---
--- Make hists---
--- Fit model---
--- Overall training model took 2720.15026593 ---
TP: 676 FP: 93 TN 1081 FN: 213
--- kfold: 3, accuracy: 0.851672321861, exp_mean*coverage: 0.704789614811
----- Fold: 4
Testing with 775 pos 1375 neg
Training with 3525 pos 5588 neg
--- Gather features---
--- Train BOW---
--- Make hists---
--- Fit model---
--- Overall training model took 2567.28742099 ---
TP: 511 FP: 194 TN 1181 FN: 264
--- kfold: 4, accuracy: 0.786976744186, exp_mean*coverage: 0.560721226911
----- Overall exp mean: 0.62209141187
----- Overall kfold took 13242.2649388 ---
Got result -0.622091

Job file reloaded.
Completed successfully in 13242.98 seconds. [-0.622091]
setting job 20152 complete
set...
