Running in wrapper mode for '20203'

Running python job.

{u'nfeatures': array([95]), u'bow_size': array([986]), u'svm_gamma': array([ 0.85789207]), u'edgeThreshold': array([ 50.]), u'svm_C': array([ 0.25071134]), u'sigma': array([ 2.26222288]), u'contrastThreshold': array([ 0.0100815])}
----- Fold: 0
Testing with 951 pos 1473 neg
Training with 3349 pos 5490 neg
--- Gather features---
--- Train BOW---
--- Make hists---
--- No histograms for 53 images ---
--- Fit model---
/usr/local/lib/python2.7/dist-packages/sklearn/svm/base.py:176: FutureWarning: elementwise comparison failed; returning scalar instead, but in the future will perform elementwise comparison
  (self.gamma == 'auto')):
/usr/local/lib/python2.7/dist-packages/sklearn/svm/base.py:179: FutureWarning: elementwise comparison failed; returning scalar instead, but in the future will perform elementwise comparison
  elif self.gamma == 'auto':
--- Overall training model took 3183.09512711 ---
--- No histograms for 28 images ---
TP: 714 FP: 267 TN 1206 FN: 237
--- kfold: 0, accuracy: 0.792079207921, exp_mean*coverage: 0.561817743411
----- Fold: 1
Testing with 900 pos 1372 neg
Training with 3400 pos 5591 neg
--- Gather features---
--- Train BOW---
--- Make hists---
--- No histograms for 63 images ---
--- Fit model---
--- Overall training model took 3121.79719305 ---
--- No histograms for 18 images ---
TP: 715 FP: 193 TN 1179 FN: 185
--- kfold: 1, accuracy: 0.833626760563, exp_mean*coverage: 0.640284071573
----- Fold: 2
Testing with 785 pos 1569 neg
Training with 3515 pos 5394 neg
--- Gather features---
--- Train BOW---
--- Make hists---
--- No histograms for 61 images ---
--- Fit model---
--- Overall training model took 3204.45191908 ---
--- No histograms for 20 images ---
TP: 626 FP: 275 TN 1294 FN: 159
--- kfold: 2, accuracy: 0.815632965166, exp_mean*coverage: 0.597197158771
----- Fold: 3
Testing with 889 pos 1174 neg
Training with 3411 pos 5789 neg
--- Gather features---
--- Train BOW---
--- Make hists---
--- No histograms for 69 images ---
--- Fit model---
--- Overall training model took 3156.42300296 ---
--- No histograms for 12 images ---
TP: 762 FP: 153 TN 1021 FN: 127
--- kfold: 3, accuracy: 0.864275327193, exp_mean*coverage: 0.693636948887
----- Fold: 4
Testing with 775 pos 1375 neg
Training with 3525 pos 5588 neg
--- Gather features---
--- Train BOW---
--- Make hists---
--- No histograms for 78 images ---
--- Fit model---
--- Overall training model took 3277.45923185 ---
--- No histograms for 3 images ---
TP: 562 FP: 251 TN 1124 FN: 213
--- kfold: 4, accuracy: 0.784186046512, exp_mean*coverage: 0.551481397154
----- Overall exp mean: 0.608883463959
----- Overall kfold took 16306.988812 ---
Got result -0.608883

Job file reloaded.
Completed successfully in 16307.43 seconds. [-0.608883]
setting job 20203 complete
set...
