Running in wrapper mode for '20266'

Running python job.

{u'nfeatures': array([87]), u'bow_size': array([1179]), u'svm_gamma': array([ 1.24779216]), u'edgeThreshold': array([ 24.98961754]), u'svm_C': array([ 0.7309746]), u'sigma': array([ 3.88707967]), u'contrastThreshold': array([ 0.001])}
----- Fold: 0
Testing with 951 pos 1473 neg
Training with 3349 pos 5490 neg
--- Gather features---
--- Train BOW---
--- Make hists---
--- No histograms for 3 images ---
--- Fit model---
/usr/local/lib/python2.7/dist-packages/sklearn/svm/base.py:176: FutureWarning: elementwise comparison failed; returning scalar instead, but in the future will perform elementwise comparison
  (self.gamma == 'auto')):
/usr/local/lib/python2.7/dist-packages/sklearn/svm/base.py:179: FutureWarning: elementwise comparison failed; returning scalar instead, but in the future will perform elementwise comparison
  elif self.gamma == 'auto':
--- Overall training model took 2457.12202811 ---
TP: 713 FP: 219 TN 1254 FN: 238
--- kfold: 0, accuracy: 0.811468646865, exp_mean*coverage: 0.60792169385
----- Fold: 1
Testing with 900 pos 1372 neg
Training with 3400 pos 5591 neg
--- Gather features---
--- Train BOW---
--- Make hists---
--- No histograms for 3 images ---
--- Fit model---
--- Overall training model took 2346.84927297 ---
TP: 649 FP: 147 TN 1225 FN: 251
--- kfold: 1, accuracy: 0.824823943662, exp_mean*coverage: 0.641756241035
----- Fold: 2
Testing with 785 pos 1569 neg
Training with 3515 pos 5394 neg
--- Gather features---
--- Train BOW---
--- Make hists---
--- No histograms for 1 images ---
--- Fit model---
--- Overall training model took 2333.29263711 ---
--- No histograms for 2 images ---
TP: 597 FP: 219 TN 1350 FN: 188
--- kfold: 2, accuracy: 0.827102803738, exp_mean*coverage: 0.625465426259
----- Fold: 3
Testing with 889 pos 1174 neg
Training with 3411 pos 5789 neg
--- Gather features---
--- Train BOW---
--- Make hists---
--- No histograms for 2 images ---
--- Fit model---
--- Overall training model took 2495.21485019 ---
--- No histograms for 1 images ---
TP: 642 FP: 98 TN 1076 FN: 247
--- kfold: 3, accuracy: 0.832767813863, exp_mean*coverage: 0.672228140167
----- Fold: 4
Testing with 775 pos 1375 neg
Training with 3525 pos 5588 neg
--- Gather features---
--- Train BOW---
--- Make hists---
--- No histograms for 3 images ---
--- Fit model---
--- Overall training model took 2540.97523403 ---
TP: 479 FP: 244 TN 1131 FN: 296
--- kfold: 4, accuracy: 0.748837209302, exp_mean*coverage: 0.495228003947
----- Overall exp mean: 0.608519901051
----- Overall kfold took 12631.267534 ---
Got result -0.608520

Job file reloaded.
Completed successfully in 12631.78 seconds. [-0.608520]
setting job 20266 complete
set...
