Running in wrapper mode for '20064'

Running python job.

{u'nfeatures': array([65]), u'bow_size': array([648]), u'svm_gamma': array([ 0.64119366]), u'edgeThreshold': array([ 31.90922539]), u'svm_C': array([ 3.]), u'sigma': array([ 2.47521411]), u'contrastThreshold': array([ 0.001])}
----- Fold: 0
Testing with 951 pos 1473 neg
Training with 3349 pos 5490 neg
--- Gather features---
--- Train BOW---
--- Make hists---
--- Fit model---
/usr/local/lib/python2.7/dist-packages/sklearn/svm/base.py:176: FutureWarning: elementwise comparison failed; returning scalar instead, but in the future will perform elementwise comparison
  (self.gamma == 'auto')):
/usr/local/lib/python2.7/dist-packages/sklearn/svm/base.py:179: FutureWarning: elementwise comparison failed; returning scalar instead, but in the future will perform elementwise comparison
  elif self.gamma == 'auto':
--- Overall training model took 2270.90216303 ---
TP: 680 FP: 230 TN 1243 FN: 271
--- kfold: 0, accuracy: 0.793316831683, exp_mean*coverage: 0.577718087636
----- Fold: 1
Testing with 900 pos 1372 neg
Training with 3400 pos 5591 neg
--- Gather features---
--- Train BOW---
--- Make hists---
--- Fit model---
--- Overall training model took 2307.24209404 ---
TP: 636 FP: 157 TN 1215 FN: 264
--- kfold: 1, accuracy: 0.814700704225, exp_mean*coverage: 0.623088514846
----- Fold: 2
Testing with 785 pos 1569 neg
Training with 3515 pos 5394 neg
--- Gather features---
--- Train BOW---
--- Make hists---
--- Fit model---
--- Overall training model took 2266.43847179 ---
TP: 578 FP: 215 TN 1354 FN: 207
--- kfold: 2, accuracy: 0.820730671198, exp_mean*coverage: 0.614166533422
----- Fold: 3
Testing with 889 pos 1174 neg
Training with 3411 pos 5789 neg
--- Gather features---
--- Train BOW---
--- Make hists---
--- Fit model---
--- Overall training model took 2283.24281597 ---
TP: 700 FP: 115 TN 1059 FN: 189
--- kfold: 3, accuracy: 0.85264178381, exp_mean*coverage: 0.697904453823
----- Fold: 4
Testing with 775 pos 1375 neg
Training with 3525 pos 5588 neg
--- Gather features---
--- Train BOW---
--- Make hists---
--- Fit model---
--- Overall training model took 2342.35152197 ---
TP: 525 FP: 207 TN 1168 FN: 250
--- kfold: 4, accuracy: 0.787441860465, exp_mean*coverage: 0.561226867496
----- Overall exp mean: 0.614820891444
----- Overall kfold took 11797.2919869 ---
Got result -0.614821

Job file reloaded.
Completed successfully in 11797.51 seconds. [-0.614821]
setting job 20064 complete
set...
