Running in wrapper mode for '20307'

Running python job.

{u'nfeatures': array([64]), u'bow_size': array([1325]), u'svm_gamma': array([-1.59066574]), u'edgeThreshold': array([ 11.4968201]), u'svm_C': array([ 3.]), u'sigma': array([ 2.26739881]), u'contrastThreshold': array([ 0.00460451])}
----- Fold: 0
Testing with 951 pos 1473 neg
Training with 3349 pos 5490 neg
--- Gather features---
--- Train BOW---
--- Make hists---
--- No histograms for 5 images ---
--- Fit model---
/usr/local/lib/python2.7/dist-packages/sklearn/svm/base.py:176: FutureWarning: elementwise comparison failed; returning scalar instead, but in the future will perform elementwise comparison
  (self.gamma == 'auto')):
/usr/local/lib/python2.7/dist-packages/sklearn/svm/base.py:179: FutureWarning: elementwise comparison failed; returning scalar instead, but in the future will perform elementwise comparison
  elif self.gamma == 'auto':
--- Overall training model took 4227.5436821 ---
--- No histograms for 3 images ---
TP: 730 FP: 305 TN 1168 FN: 221
--- kfold: 0, accuracy: 0.78300330033, exp_mean*coverage: 0.545744162754
----- Fold: 1
Testing with 900 pos 1372 neg
Training with 3400 pos 5591 neg
--- Gather features---
--- Train BOW---
--- Make hists---
--- No histograms for 7 images ---
--- Fit model---
--- Overall training model took 4212.19697785 ---
--- No histograms for 1 images ---
TP: 676 FP: 252 TN 1120 FN: 224
--- kfold: 1, accuracy: 0.790492957746, exp_mean*coverage: 0.565390870861
----- Fold: 2
Testing with 785 pos 1569 neg
Training with 3515 pos 5394 neg
--- Gather features---
--- Train BOW---
--- Make hists---
--- No histograms for 7 images ---
--- Fit model---
--- Overall training model took 4261.57647681 ---
--- No histograms for 1 images ---
TP: 601 FP: 288 TN 1281 FN: 184
--- kfold: 2, accuracy: 0.799490229397, exp_mean*coverage: 0.573706678987
----- Fold: 3
Testing with 889 pos 1174 neg
Training with 3411 pos 5789 neg
--- Gather features---
--- Train BOW---
--- Make hists---
--- No histograms for 5 images ---
--- Fit model---
--- Overall training model took 4240.45235586 ---
--- No histograms for 3 images ---
TP: 731 FP: 193 TN 981 FN: 158
--- kfold: 3, accuracy: 0.829859428017, exp_mean*coverage: 0.629696526545
----- Fold: 4
Testing with 775 pos 1375 neg
Training with 3525 pos 5588 neg
--- Gather features---
--- Train BOW---
--- Make hists---
--- No histograms for 8 images ---
--- Fit model---
--- Overall training model took 4143.11334991 ---
TP: 575 FP: 303 TN 1072 FN: 200
--- kfold: 4, accuracy: 0.766046511628, exp_mean*coverage: 0.517113361179
----- Overall exp mean: 0.566330320065
----- Overall kfold took 21505.26001 ---
Got result -0.566330

Job file reloaded.
Completed successfully in 21505.71 seconds. [-0.566330]
setting job 20307 complete
set...
