Running in wrapper mode for '20157'

Running python job.

{u'nfeatures': array([77]), u'bow_size': array([806]), u'svm_gamma': array([ 1.79607053]), u'edgeThreshold': array([ 41.32289775]), u'svm_C': array([ 2.53968114]), u'sigma': array([ 2.09693226]), u'contrastThreshold': array([ 0.001])}
----- Fold: 0
Testing with 951 pos 1473 neg
Training with 3349 pos 5490 neg
--- Gather features---
--- Train BOW---
--- Make hists---
--- Fit model---
/usr/local/lib/python2.7/dist-packages/sklearn/svm/base.py:176: FutureWarning: elementwise comparison failed; returning scalar instead, but in the future will perform elementwise comparison
  (self.gamma == 'auto')):
/usr/local/lib/python2.7/dist-packages/sklearn/svm/base.py:179: FutureWarning: elementwise comparison failed; returning scalar instead, but in the future will perform elementwise comparison
  elif self.gamma == 'auto':
--- Overall training model took 3340.96615386 ---
TP: 633 FP: 168 TN 1305 FN: 318
--- kfold: 0, accuracy: 0.799504950495, exp_mean*coverage: 0.596184915259
----- Fold: 1
Testing with 900 pos 1372 neg
Training with 3400 pos 5591 neg
--- Gather features---
--- Train BOW---
--- Make hists---
--- Fit model---
--- Overall training model took 3355.78673887 ---
TP: 615 FP: 147 TN 1225 FN: 285
--- kfold: 1, accuracy: 0.80985915493, exp_mean*coverage: 0.616372018917
----- Fold: 2
Testing with 785 pos 1569 neg
Training with 3515 pos 5394 neg
--- Gather features---
--- Train BOW---
--- Make hists---
--- Fit model---
--- Overall training model took 3372.47056413 ---
TP: 568 FP: 172 TN 1397 FN: 217
--- kfold: 2, accuracy: 0.834749362787, exp_mean*coverage: 0.640269138014
----- Fold: 3
Testing with 889 pos 1174 neg
Training with 3411 pos 5789 neg
--- Gather features---
--- Train BOW---
--- Make hists---
--- Fit model---
--- Overall training model took 3481.3030448 ---
TP: 652 FP: 85 TN 1089 FN: 237
--- kfold: 3, accuracy: 0.843916626272, exp_mean*coverage: 0.694846694824
----- Fold: 4
Testing with 775 pos 1375 neg
Training with 3525 pos 5588 neg
--- Gather features---
--- Train BOW---
--- Make hists---
--- Fit model---
--- Overall training model took 3521.65981412 ---
TP: 489 FP: 184 TN 1191 FN: 286
--- kfold: 4, accuracy: 0.781395348837, exp_mean*coverage: 0.550581010167
----- Overall exp mean: 0.619650755436
----- Overall kfold took 17467.4992881 ---
Got result -0.619651

Job file reloaded.
Completed successfully in 17473.90 seconds. [-0.619651]
setting job 20157 complete
set...
