Running in wrapper mode for '20068'

Running python job.

{u'nfeatures': array([75]), u'bow_size': array([636]), u'svm_gamma': array([ 0.47826551]), u'edgeThreshold': array([ 32.29415597]), u'svm_C': array([ 3.]), u'sigma': array([ 2.39891265]), u'contrastThreshold': array([ 0.001])}
----- Fold: 0
Testing with 951 pos 1473 neg
Training with 3349 pos 5490 neg
--- Gather features---
--- Train BOW---
--- Make hists---
--- Fit model---
/usr/local/lib/python2.7/dist-packages/sklearn/svm/base.py:176: FutureWarning: elementwise comparison failed; returning scalar instead, but in the future will perform elementwise comparison
  (self.gamma == 'auto')):
/usr/local/lib/python2.7/dist-packages/sklearn/svm/base.py:179: FutureWarning: elementwise comparison failed; returning scalar instead, but in the future will perform elementwise comparison
  elif self.gamma == 'auto':
--- Overall training model took 2390.96546698 ---
TP: 694 FP: 226 TN 1247 FN: 257
--- kfold: 0, accuracy: 0.800742574257, exp_mean*coverage: 0.589923506553
----- Fold: 1
Testing with 900 pos 1372 neg
Training with 3400 pos 5591 neg
--- Gather features---
--- Train BOW---
--- Make hists---
--- Fit model---
--- Overall training model took 2362.90977597 ---
TP: 648 FP: 150 TN 1222 FN: 252
--- kfold: 1, accuracy: 0.823063380282, exp_mean*coverage: 0.638269787755
----- Fold: 2
Testing with 785 pos 1569 neg
Training with 3515 pos 5394 neg
--- Gather features---
--- Train BOW---
--- Make hists---
--- Fit model---
--- Overall training model took 2354.268466 ---
TP: 595 FP: 238 TN 1331 FN: 190
--- kfold: 2, accuracy: 0.818181818182, exp_mean*coverage: 0.609125705702
----- Fold: 3
Testing with 889 pos 1174 neg
Training with 3411 pos 5789 neg
--- Gather features---
--- Train BOW---
--- Make hists---
--- Fit model---
--- Overall training model took 2414.42779279 ---
TP: 705 FP: 84 TN 1090 FN: 184
--- kfold: 3, accuracy: 0.870092098885, exp_mean*coverage: 0.737976816697
----- Fold: 4
Testing with 775 pos 1375 neg
Training with 3525 pos 5588 neg
--- Gather features---
--- Train BOW---
--- Make hists---
--- Fit model---
--- Overall training model took 2411.64762092 ---
TP: 534 FP: 236 TN 1139 FN: 241
--- kfold: 4, accuracy: 0.778139534884, exp_mean*coverage: 0.5439593689
----- Overall exp mean: 0.623851037121
----- Overall kfold took 12267.928654 ---
Got result -0.623851

Job file reloaded.
Completed successfully in 12268.15 seconds. [-0.623851]
setting job 20068 complete
set...
