Running in wrapper mode for '20118'

Running python job.

{u'nfeatures': array([83]), u'bow_size': array([539]), u'svm_gamma': array([ 2.77390038]), u'edgeThreshold': array([ 40.43091867]), u'svm_C': array([-0.42630415]), u'sigma': array([ 1.75464511]), u'contrastThreshold': array([ 0.001])}
----- Fold: 0
Testing with 951 pos 1473 neg
Training with 3349 pos 5490 neg
--- Gather features---
--- Train BOW---
--- Make hists---
--- Fit model---
/usr/local/lib/python2.7/dist-packages/sklearn/svm/base.py:176: FutureWarning: elementwise comparison failed; returning scalar instead, but in the future will perform elementwise comparison
  (self.gamma == 'auto')):
/usr/local/lib/python2.7/dist-packages/sklearn/svm/base.py:179: FutureWarning: elementwise comparison failed; returning scalar instead, but in the future will perform elementwise comparison
  elif self.gamma == 'auto':
--- Overall training model took 2617.12185001 ---
TP: 951 FP: 1473 TN 0 FN: 0
--- kfold: 0, accuracy: 0.392326732673, exp_mean*coverage: 0.0
----- Fold: 1
Testing with 900 pos 1372 neg
Training with 3400 pos 5591 neg
--- Gather features---
--- Train BOW---
--- Make hists---
--- Fit model---
--- Overall training model took 2567.18403602 ---
TP: 900 FP: 1372 TN 0 FN: 0
--- kfold: 1, accuracy: 0.396126760563, exp_mean*coverage: 0.0
----- Fold: 2
Testing with 785 pos 1569 neg
Training with 3515 pos 5394 neg
--- Gather features---
--- Train BOW---
--- Make hists---
--- Fit model---
--- Overall training model took 2761.88314891 ---
TP: 0 FP: 0 TN 1569 FN: 785
--- kfold: 2, accuracy: 0.666525063721, exp_mean*coverage: 0.0
----- Fold: 3
Testing with 889 pos 1174 neg
Training with 3411 pos 5789 neg
--- Gather features---
--- Train BOW---
--- Make hists---
--- Fit model---
--- Overall training model took 2833.05957103 ---
TP: 889 FP: 1174 TN 0 FN: 0
--- kfold: 3, accuracy: 0.430925836161, exp_mean*coverage: 0.0
----- Fold: 4
Testing with 775 pos 1375 neg
Training with 3525 pos 5588 neg
--- Gather features---
--- Train BOW---
--- Make hists---
--- Fit model---
--- Overall training model took 2627.7854929 ---
TP: 0 FP: 0 TN 1375 FN: 775
--- kfold: 4, accuracy: 0.639534883721, exp_mean*coverage: 0.0
----- Overall exp mean: 0.0
----- Overall kfold took 13748.6017768 ---
Got result -0.000000

Job file reloaded.
Completed successfully in 13749.07 seconds. [-0.000000]
setting job 20118 complete
set...
