Running in wrapper mode for '20128'

Running python job.

{u'nfeatures': array([75]), u'bow_size': array([509]), u'svm_gamma': array([ 1.69336997]), u'edgeThreshold': array([ 50.]), u'svm_C': array([ 2.62435035]), u'sigma': array([ 2.30898493]), u'contrastThreshold': array([ 0.001])}
----- Fold: 0
Testing with 951 pos 1473 neg
Training with 3349 pos 5490 neg
--- Gather features---
--- Train BOW---
--- Make hists---
--- Fit model---
/usr/local/lib/python2.7/dist-packages/sklearn/svm/base.py:176: FutureWarning: elementwise comparison failed; returning scalar instead, but in the future will perform elementwise comparison
  (self.gamma == 'auto')):
/usr/local/lib/python2.7/dist-packages/sklearn/svm/base.py:179: FutureWarning: elementwise comparison failed; returning scalar instead, but in the future will perform elementwise comparison
  elif self.gamma == 'auto':
--- Overall training model took 2214.99503803 ---
TP: 648 FP: 187 TN 1286 FN: 303
--- kfold: 0, accuracy: 0.797854785479, exp_mean*coverage: 0.59137471908
----- Fold: 1
Testing with 900 pos 1372 neg
Training with 3400 pos 5591 neg
--- Gather features---
--- Train BOW---
--- Make hists---
--- Fit model---
--- Overall training model took 1928.51854205 ---
TP: 633 FP: 118 TN 1254 FN: 267
--- kfold: 1, accuracy: 0.830545774648, exp_mean*coverage: 0.656178345861
----- Fold: 2
Testing with 785 pos 1569 neg
Training with 3515 pos 5394 neg
--- Gather features---
--- Train BOW---
--- Make hists---
--- Fit model---
--- Overall training model took 2106.89764595 ---
TP: 566 FP: 190 TN 1379 FN: 219
--- kfold: 2, accuracy: 0.826253186066, exp_mean*coverage: 0.624248338869
----- Fold: 3
Testing with 889 pos 1174 neg
Training with 3411 pos 5789 neg
--- Gather features---
--- Train BOW---
--- Make hists---
--- Fit model---
--- Overall training model took 2174.07465386 ---
TP: 665 FP: 80 TN 1094 FN: 224
--- kfold: 3, accuracy: 0.85264178381, exp_mean*coverage: 0.710887793555
----- Fold: 4
Testing with 775 pos 1375 neg
Training with 3525 pos 5588 neg
--- Gather features---
--- Train BOW---
--- Make hists---
--- Fit model---
--- Overall training model took 1995.76751113 ---
TP: 494 FP: 174 TN 1201 FN: 281
--- kfold: 4, accuracy: 0.788372093023, exp_mean*coverage: 0.562975474949
----- Overall exp mean: 0.629132934463
----- Overall kfold took 10736.8758349 ---
Got result -0.629133

Job file reloaded.
Completed successfully in 10739.14 seconds. [-0.629133]
setting job 20128 complete
set...
