Running in wrapper mode for '20062'

Running python job.

{u'nfeatures': array([100]), u'bow_size': array([813]), u'svm_gamma': array([-0.56076362]), u'edgeThreshold': array([ 3.]), u'svm_C': array([ 3.]), u'sigma': array([ 2.77929032]), u'contrastThreshold': array([ 0.001])}
----- Fold: 0
Testing with 951 pos 1473 neg
Training with 3349 pos 5490 neg
--- Gather features---
--- Train BOW---
--- Make hists---
--- No histograms for 2 images ---
--- Fit model---
/usr/local/lib/python2.7/dist-packages/sklearn/svm/base.py:176: FutureWarning: elementwise comparison failed; returning scalar instead, but in the future will perform elementwise comparison
  (self.gamma == 'auto')):
/usr/local/lib/python2.7/dist-packages/sklearn/svm/base.py:179: FutureWarning: elementwise comparison failed; returning scalar instead, but in the future will perform elementwise comparison
  elif self.gamma == 'auto':
--- Overall training model took 2141.20540786 ---
TP: 736 FP: 362 TN 1111 FN: 215
--- kfold: 0, accuracy: 0.76196369637, exp_mean*coverage: 0.503695150112
----- Fold: 1
Testing with 900 pos 1372 neg
Training with 3400 pos 5591 neg
--- Gather features---
--- Train BOW---
--- Make hists---
--- No histograms for 2 images ---
--- Fit model---
--- Overall training model took 2079.33976102 ---
TP: 673 FP: 299 TN 1073 FN: 227
--- kfold: 1, accuracy: 0.768485915493, exp_mean*coverage: 0.523009087079
----- Fold: 2
Testing with 785 pos 1569 neg
Training with 3515 pos 5394 neg
--- Gather features---
--- Train BOW---
--- Make hists---
--- Fit model---
--- Overall training model took 1995.45950603 ---
--- No histograms for 2 images ---
TP: 612 FP: 397 TN 1172 FN: 173
--- kfold: 2, accuracy: 0.757858963466, exp_mean*coverage: 0.497536964422
----- Fold: 3
Testing with 889 pos 1174 neg
Training with 3411 pos 5789 neg
--- Gather features---
--- Train BOW---
--- Make hists---
--- No histograms for 2 images ---
--- Fit model---
--- Overall training model took 2089.38071513 ---
TP: 719 FP: 232 TN 942 FN: 170
--- kfold: 3, accuracy: 0.805138148328, exp_mean*coverage: 0.580149947597
----- Fold: 4
Testing with 775 pos 1375 neg
Training with 3525 pos 5588 neg
--- Gather features---
--- Train BOW---
--- Make hists---
--- No histograms for 2 images ---
--- Fit model---
--- Overall training model took 2185.64599299 ---
TP: 550 FP: 343 TN 1032 FN: 225
--- kfold: 4, accuracy: 0.735813953488, exp_mean*coverage: 0.467956504986
----- Overall exp mean: 0.514469530839
----- Overall kfold took 10809.526772 ---
Got result -0.514470

Job file reloaded.
Completed successfully in 10809.75 seconds. [-0.514470]
setting job 20062 complete
set...
