Running in wrapper mode for '20290'

Running python job.

{u'nfeatures': array([38]), u'bow_size': array([2000]), u'svm_gamma': array([ 0.50121117]), u'edgeThreshold': array([ 3.]), u'svm_C': array([ 1.95725612]), u'sigma': array([ 4.19454646]), u'contrastThreshold': array([ 0.001])}
----- Fold: 0
Testing with 951 pos 1473 neg
Training with 3349 pos 5490 neg
--- Gather features---
--- Train BOW---
--- Make hists---
--- No histograms for 68 images ---
--- Fit model---
/usr/local/lib/python2.7/dist-packages/sklearn/svm/base.py:176: FutureWarning: elementwise comparison failed; returning scalar instead, but in the future will perform elementwise comparison
  (self.gamma == 'auto')):
/usr/local/lib/python2.7/dist-packages/sklearn/svm/base.py:179: FutureWarning: elementwise comparison failed; returning scalar instead, but in the future will perform elementwise comparison
  elif self.gamma == 'auto':
--- Overall training model took 1435.8948319 ---
--- No histograms for 17 images ---
TP: 660 FP: 344 TN 1129 FN: 291
--- kfold: 0, accuracy: 0.73803630363, exp_mean*coverage: 0.474051614627
----- Fold: 1
Testing with 900 pos 1372 neg
Training with 3400 pos 5591 neg
--- Gather features---
--- Train BOW---
--- Make hists---
--- No histograms for 61 images ---
--- Fit model---
--- Overall training model took 1356.03617287 ---
--- No histograms for 24 images ---
TP: 601 FP: 270 TN 1102 FN: 299
--- kfold: 1, accuracy: 0.749559859155, exp_mean*coverage: 0.498092551459
----- Fold: 2
Testing with 785 pos 1569 neg
Training with 3515 pos 5394 neg
--- Gather features---
--- Train BOW---
--- Make hists---
--- No histograms for 66 images ---
--- Fit model---
--- Overall training model took 1513.24584913 ---
--- No histograms for 19 images ---
TP: 530 FP: 325 TN 1244 FN: 255
--- kfold: 2, accuracy: 0.753610875106, exp_mean*coverage: 0.492187523317
----- Fold: 3
Testing with 889 pos 1174 neg
Training with 3411 pos 5789 neg
--- Gather features---
--- Train BOW---
--- Make hists---
--- No histograms for 69 images ---
--- Fit model---
--- Overall training model took 1524.42414284 ---
--- No histograms for 16 images ---
TP: 605 FP: 176 TN 998 FN: 284
--- kfold: 3, accuracy: 0.777023751818, exp_mean*coverage: 0.559523204946
----- Fold: 4
Testing with 775 pos 1375 neg
Training with 3525 pos 5588 neg
--- Gather features---
--- Train BOW---
--- Make hists---
--- No histograms for 76 images ---
--- Fit model---
--- Overall training model took 1447.34103203 ---
--- No histograms for 9 images ---
TP: 485 FP: 321 TN 1054 FN: 290
--- kfold: 4, accuracy: 0.715813953488, exp_mean*coverage: 0.439996864561
----- Overall exp mean: 0.492770351782
----- Overall kfold took 7692.34594703 ---
Got result -0.492770

Job file reloaded.
Completed successfully in 7692.58 seconds. [-0.492770]
setting job 20290 complete
set...
