Running in wrapper mode for '20295'

Running python job.

{u'nfeatures': array([37]), u'bow_size': array([1029]), u'svm_gamma': array([ 0.98868047]), u'edgeThreshold': array([ 32.51528745]), u'svm_C': array([ 0.07545349]), u'sigma': array([ 2.90749608]), u'contrastThreshold': array([ 0.00918488])}
----- Fold: 0
Testing with 951 pos 1473 neg
Training with 3349 pos 5490 neg
--- Gather features---
--- Train BOW---
--- Make hists---
--- No histograms for 70 images ---
--- Fit model---
/usr/local/lib/python2.7/dist-packages/sklearn/svm/base.py:176: FutureWarning: elementwise comparison failed; returning scalar instead, but in the future will perform elementwise comparison
  (self.gamma == 'auto')):
/usr/local/lib/python2.7/dist-packages/sklearn/svm/base.py:179: FutureWarning: elementwise comparison failed; returning scalar instead, but in the future will perform elementwise comparison
  elif self.gamma == 'auto':
--- Overall training model took 1908.27482796 ---
--- No histograms for 29 images ---
TP: 736 FP: 289 TN 1184 FN: 215
--- kfold: 0, accuracy: 0.792079207921, exp_mean*coverage: 0.556296781765
----- Fold: 1
Testing with 900 pos 1372 neg
Training with 3400 pos 5591 neg
--- Gather features---
--- Train BOW---
--- Make hists---
--- No histograms for 77 images ---
--- Fit model---
--- Overall training model took 1709.20488286 ---
--- No histograms for 22 images ---
TP: 688 FP: 176 TN 1196 FN: 212
--- kfold: 1, accuracy: 0.829225352113, exp_mean*coverage: 0.63671269221
----- Fold: 2
Testing with 785 pos 1569 neg
Training with 3515 pos 5394 neg
--- Gather features---
--- Train BOW---
--- Make hists---
--- No histograms for 79 images ---
--- Fit model---
--- Overall training model took 1850.66354084 ---
--- No histograms for 20 images ---
TP: 609 FP: 267 TN 1302 FN: 176
--- kfold: 2, accuracy: 0.811809685641, exp_mean*coverage: 0.591335825699
----- Fold: 3
Testing with 889 pos 1174 neg
Training with 3411 pos 5789 neg
--- Gather features---
--- Train BOW---
--- Make hists---
--- No histograms for 81 images ---
--- Fit model---
--- Overall training model took 1910.777704 ---
--- No histograms for 18 images ---
TP: 747 FP: 138 TN 1036 FN: 142
--- kfold: 3, accuracy: 0.864275327193, exp_mean*coverage: 0.698986225378
----- Fold: 4
Testing with 775 pos 1375 neg
Training with 3525 pos 5588 neg
--- Gather features---
--- Train BOW---
--- Make hists---
--- No histograms for 89 images ---
--- Fit model---
--- Overall training model took 1791.20163918 ---
--- No histograms for 10 images ---
TP: 561 FP: 260 TN 1115 FN: 214
--- kfold: 4, accuracy: 0.779534883721, exp_mean*coverage: 0.541280620908
----- Overall exp mean: 0.604922429192
----- Overall kfold took 9490.88996005 ---
Got result -0.604922

Job file reloaded.
Completed successfully in 9491.32 seconds. [-0.604922]
setting job 20295 complete
set...
