Running in wrapper mode for '20013'

Running python job.

{u'nfeatures': array([10]), u'bow_size': array([510]), u'svm_gamma': array([ 0.62487136]), u'edgeThreshold': array([ 50.]), u'svm_C': array([ 1.76003236]), u'sigma': array([ 2.10599955]), u'contrastThreshold': array([ 0.01425041])}
----- Fold: 0
Testing with 951 pos 1473 neg
Training with 3349 pos 5490 neg
--- Gather features---
--- Train BOW---
--- Make hists---
--- No histograms for 127 images ---
--- Fit model---
/usr/local/lib/python2.7/dist-packages/sklearn/svm/base.py:176: FutureWarning: elementwise comparison failed; returning scalar instead, but in the future will perform elementwise comparison
  (self.gamma == 'auto')):
/usr/local/lib/python2.7/dist-packages/sklearn/svm/base.py:179: FutureWarning: elementwise comparison failed; returning scalar instead, but in the future will perform elementwise comparison
  elif self.gamma == 'auto':
--- Overall training model took 448.278300047 ---
--- No histograms for 50 images ---
TP: 622 FP: 238 TN 1235 FN: 329
--- kfold: 0, accuracy: 0.766089108911, exp_mean*coverage: 0.52326039987
----- Fold: 1
Testing with 900 pos 1372 neg
Training with 3400 pos 5591 neg
--- Gather features---
--- Train BOW---
--- Make hists---
--- No histograms for 133 images ---
--- Fit model---
--- Overall training model took 378.85906291 ---
--- No histograms for 44 images ---
TP: 597 FP: 175 TN 1197 FN: 303
--- kfold: 1, accuracy: 0.789612676056, exp_mean*coverage: 0.56767634034
----- Fold: 2
Testing with 785 pos 1569 neg
Training with 3515 pos 5394 neg
--- Gather features---
--- Train BOW---
--- Make hists---
--- No histograms for 137 images ---
--- Fit model---
--- Overall training model took 340.36305809 ---
--- No histograms for 40 images ---
TP: 546 FP: 222 TN 1347 FN: 239
--- kfold: 2, accuracy: 0.804163126593, exp_mean*coverage: 0.573260841455
----- Fold: 3
Testing with 889 pos 1174 neg
Training with 3411 pos 5789 neg
--- Gather features---
--- Train BOW---
--- Make hists---
--- No histograms for 151 images ---
--- Fit model---
--- Overall training model took 492.581573963 ---
--- No histograms for 26 images ---
TP: 644 FP: 156 TN 1018 FN: 245
--- kfold: 3, accuracy: 0.805622879302, exp_mean*coverage: 0.6041145875
----- Fold: 4
Testing with 775 pos 1375 neg
Training with 3525 pos 5588 neg
--- Gather features---
--- Train BOW---
--- Make hists---
--- No histograms for 160 images ---
--- Fit model---
--- Overall training model took 449.895857811 ---
--- No histograms for 17 images ---
TP: 486 FP: 243 TN 1132 FN: 289
--- kfold: 4, accuracy: 0.752558139535, exp_mean*coverage: 0.497456197453
----- Overall exp mean: 0.553153673324
----- Overall kfold took 2284.91886902 ---
Got result -0.553154

Job file reloaded.
Completed successfully in 2286.10 seconds. [-0.553154]
setting job 20013 complete
set...
