Running in wrapper mode for '20263'

Running python job.

{u'nfeatures': array([62]), u'bow_size': array([1880]), u'svm_gamma': array([ 1.46273642]), u'edgeThreshold': array([ 23.87782544]), u'svm_C': array([ 1.55612239]), u'sigma': array([ 3.86885777]), u'contrastThreshold': array([ 0.001])}
----- Fold: 0
Testing with 951 pos 1473 neg
Training with 3349 pos 5490 neg
--- Gather features---
--- Train BOW---
--- Make hists---
--- No histograms for 2 images ---
--- Fit model---
/usr/local/lib/python2.7/dist-packages/sklearn/svm/base.py:176: FutureWarning: elementwise comparison failed; returning scalar instead, but in the future will perform elementwise comparison
  (self.gamma == 'auto')):
/usr/local/lib/python2.7/dist-packages/sklearn/svm/base.py:179: FutureWarning: elementwise comparison failed; returning scalar instead, but in the future will perform elementwise comparison
  elif self.gamma == 'auto':
--- Overall training model took 3406.09073615 ---
TP: 626 FP: 165 TN 1308 FN: 325
--- kfold: 0, accuracy: 0.797854785479, exp_mean*coverage: 0.593613962091
----- Fold: 1
Testing with 900 pos 1372 neg
Training with 3400 pos 5591 neg
--- Gather features---
--- Train BOW---
--- Make hists---
--- No histograms for 2 images ---
--- Fit model---
--- Overall training model took 3623.02065992 ---
TP: 595 FP: 110 TN 1262 FN: 305
--- kfold: 1, accuracy: 0.817341549296, exp_mean*coverage: 0.633417442474
----- Fold: 2
Testing with 785 pos 1569 neg
Training with 3515 pos 5394 neg
--- Gather features---
--- Train BOW---
--- Make hists---
--- No histograms for 1 images ---
--- Fit model---
--- Overall training model took 3624.61332798 ---
--- No histograms for 1 images ---
TP: 518 FP: 183 TN 1386 FN: 267
--- kfold: 2, accuracy: 0.808836023789, exp_mean*coverage: 0.589055272513
----- Fold: 3
Testing with 889 pos 1174 neg
Training with 3411 pos 5789 neg
--- Gather features---
--- Train BOW---
--- Make hists---
--- No histograms for 1 images ---
--- Fit model---
--- Overall training model took 3515.94068694 ---
--- No histograms for 1 images ---
TP: 611 FP: 65 TN 1109 FN: 278
--- kfold: 3, accuracy: 0.833737275812, exp_mean*coverage: 0.682896766099
----- Fold: 4
Testing with 775 pos 1375 neg
Training with 3525 pos 5588 neg
--- Gather features---
--- Train BOW---
--- Make hists---
--- No histograms for 2 images ---
--- Fit model---
--- Overall training model took 3498.55753207 ---
TP: 432 FP: 187 TN 1188 FN: 343
--- kfold: 4, accuracy: 0.753488372093, exp_mean*coverage: 0.499500103521
----- Overall exp mean: 0.59969670934
----- Overall kfold took 18243.6824169 ---
Got result -0.599697

Job file reloaded.
Completed successfully in 18243.93 seconds. [-0.599697]
setting job 20263 complete
set...
