Running in wrapper mode for '20051'

Running python job.

{u'nfeatures': array([76]), u'bow_size': array([1381]), u'svm_gamma': array([-0.41958179]), u'edgeThreshold': array([ 50.]), u'svm_C': array([ 3.]), u'sigma': array([ 1.10326414]), u'contrastThreshold': array([ 0.001])}
----- Fold: 0
Testing with 951 pos 1473 neg
Training with 3349 pos 5490 neg
--- Gather features---
--- Train BOW---
--- Make hists---
--- Fit model---
/usr/local/lib/python2.7/dist-packages/sklearn/svm/base.py:176: FutureWarning: elementwise comparison failed; returning scalar instead, but in the future will perform elementwise comparison
  (self.gamma == 'auto')):
/usr/local/lib/python2.7/dist-packages/sklearn/svm/base.py:179: FutureWarning: elementwise comparison failed; returning scalar instead, but in the future will perform elementwise comparison
  elif self.gamma == 'auto':
--- Overall training model took 6168.03165817 ---
TP: 668 FP: 347 TN 1126 FN: 283
--- kfold: 0, accuracy: 0.740099009901, exp_mean*coverage: 0.479495279018
----- Fold: 1
Testing with 900 pos 1372 neg
Training with 3400 pos 5591 neg
--- Gather features---
--- Train BOW---
--- Make hists---
--- Fit model---
--- Overall training model took 6622.29095602 ---
TP: 664 FP: 307 TN 1065 FN: 236
--- kfold: 1, accuracy: 0.761003521127, exp_mean*coverage: 0.5110181156
----- Fold: 2
Testing with 785 pos 1569 neg
Training with 3515 pos 5394 neg
--- Gather features---
--- Train BOW---
--- Make hists---
--- Fit model---
--- Overall training model took 6569.54779601 ---
TP: 565 FP: 297 TN 1272 FN: 220
--- kfold: 2, accuracy: 0.780373831776, exp_mean*coverage: 0.541248102506
----- Fold: 3
Testing with 889 pos 1174 neg
Training with 3411 pos 5789 neg
--- Gather features---
--- Train BOW---
--- Make hists---
--- Fit model---
--- Overall training model took 6602.57505202 ---
TP: 693 FP: 232 TN 942 FN: 196
--- kfold: 3, accuracy: 0.792535142996, exp_mean*coverage: 0.564343484711
----- Fold: 4
Testing with 775 pos 1375 neg
Training with 3525 pos 5588 neg
--- Gather features---
--- Train BOW---
--- Make hists---
--- Fit model---
--- Overall training model took 6081.09226489 ---
TP: 558 FP: 334 TN 1041 FN: 217
--- kfold: 4, accuracy: 0.743720930233, exp_mean*coverage: 0.48029539994
----- Overall exp mean: 0.515280076355
----- Overall kfold took 32504.255265 ---
Got result -0.515280

Job file reloaded.
Completed successfully in 32505.66 seconds. [-0.515280]
setting job 20051 complete
set...
