Running in wrapper mode for '20054'

Running python job.

{u'nfeatures': array([100]), u'bow_size': array([1367]), u'svm_gamma': array([-0.71316828]), u'edgeThreshold': array([ 50.]), u'svm_C': array([-0.15575999]), u'sigma': array([ 5.]), u'contrastThreshold': array([ 0.001])}
----- Fold: 0
Testing with 951 pos 1473 neg
Training with 3349 pos 5490 neg
--- Gather features---
--- Train BOW---
--- Make hists---
--- No histograms for 15 images ---
--- Fit model---
/usr/local/lib/python2.7/dist-packages/sklearn/svm/base.py:176: FutureWarning: elementwise comparison failed; returning scalar instead, but in the future will perform elementwise comparison
  (self.gamma == 'auto')):
/usr/local/lib/python2.7/dist-packages/sklearn/svm/base.py:179: FutureWarning: elementwise comparison failed; returning scalar instead, but in the future will perform elementwise comparison
  elif self.gamma == 'auto':
--- Overall training model took 1981.27666521 ---
--- No histograms for 3 images ---
TP: 919 FP: 961 TN 512 FN: 32
--- kfold: 0, accuracy: 0.590346534653, exp_mean*coverage: 0.153172585979
----- Fold: 1
Testing with 900 pos 1372 neg
Training with 3400 pos 5591 neg
--- Gather features---
--- Train BOW---
--- Make hists---
--- No histograms for 16 images ---
--- Fit model---
--- Overall training model took 2005.14639306 ---
--- No histograms for 2 images ---
TP: 843 FP: 833 TN 539 FN: 57
--- kfold: 1, accuracy: 0.608274647887, exp_mean*coverage: 0.185445787788
----- Fold: 2
Testing with 785 pos 1569 neg
Training with 3515 pos 5394 neg
--- Gather features---
--- Train BOW---
--- Make hists---
--- No histograms for 12 images ---
--- Fit model---
--- Overall training model took 2049.86129093 ---
--- No histograms for 6 images ---
TP: 750 FP: 944 TN 625 FN: 35
--- kfold: 2, accuracy: 0.584112149533, exp_mean*coverage: 0.192524151544
----- Fold: 3
Testing with 889 pos 1174 neg
Training with 3411 pos 5789 neg
--- Gather features---
--- Train BOW---
--- Make hists---
--- No histograms for 13 images ---
--- Fit model---
--- Overall training model took 2138.234653 ---
--- No histograms for 5 images ---
TP: 845 FP: 577 TN 597 FN: 44
--- kfold: 3, accuracy: 0.698982064954, exp_mean*coverage: 0.294068335483
----- Fold: 4
Testing with 775 pos 1375 neg
Training with 3525 pos 5588 neg
--- Gather features---
--- Train BOW---
--- Make hists---
--- No histograms for 16 images ---
--- Fit model---
--- Overall training model took 2106.1282959 ---
--- No histograms for 2 images ---
TP: 733 FP: 916 TN 459 FN: 42
--- kfold: 4, accuracy: 0.554418604651, exp_mean*coverage: 0.140472075456
----- Overall exp mean: 0.19313658725
----- Overall kfold took 10807.3435469 ---
Got result -0.193137

Job file reloaded.
Completed successfully in 10807.56 seconds. [-0.193137]
setting job 20054 complete
set...
