Running in wrapper mode for '20151'

Running python job.

{u'nfeatures': array([67]), u'bow_size': array([591]), u'svm_gamma': array([-0.08084812]), u'edgeThreshold': array([ 38.87068378]), u'svm_C': array([ 3.]), u'sigma': array([ 4.56875257]), u'contrastThreshold': array([ 0.02170759])}
----- Fold: 0
Testing with 951 pos 1473 neg
Training with 3349 pos 5490 neg
--- Gather features---
--- Train BOW---
--- Make hists---
--- No histograms for 1033 images ---
--- Fit model---
/usr/local/lib/python2.7/dist-packages/sklearn/svm/base.py:176: FutureWarning: elementwise comparison failed; returning scalar instead, but in the future will perform elementwise comparison
  (self.gamma == 'auto')):
/usr/local/lib/python2.7/dist-packages/sklearn/svm/base.py:179: FutureWarning: elementwise comparison failed; returning scalar instead, but in the future will perform elementwise comparison
  elif self.gamma == 'auto':
--- Overall training model took 606.08669591 ---
--- No histograms for 413 images ---
TP: 679 FP: 220 TN 1253 FN: 272
--- kfold: 0, accuracy: 0.79702970297, exp_mean*coverage: 0.485518704176
----- Fold: 1
Testing with 900 pos 1372 neg
Training with 3400 pos 5591 neg
--- Gather features---
--- Train BOW---
--- Make hists---
--- No histograms for 1200 images ---
--- Fit model---
--- Overall training model took 604.573235035 ---
--- No histograms for 246 images ---
TP: 646 FP: 254 TN 1118 FN: 254
--- kfold: 1, accuracy: 0.776408450704, exp_mean*coverage: 0.485989718727
----- Fold: 2
Testing with 785 pos 1569 neg
Training with 3515 pos 5394 neg
--- Gather features---
--- Train BOW---
--- Make hists---
--- No histograms for 1194 images ---
--- Fit model---
--- Overall training model took 537.637411833 ---
--- No histograms for 252 images ---
TP: 549 FP: 298 TN 1271 FN: 236
--- kfold: 2, accuracy: 0.773152081563, exp_mean*coverage: 0.472354254229
----- Fold: 3
Testing with 889 pos 1174 neg
Training with 3411 pos 5789 neg
--- Gather features---
--- Train BOW---
--- Make hists---
--- No histograms for 1188 images ---
--- Fit model---
--- Overall training model took 644.344617844 ---
--- No histograms for 258 images ---
TP: 641 FP: 129 TN 1045 FN: 248
--- kfold: 3, accuracy: 0.817256422685, exp_mean*coverage: 0.558443857511
----- Fold: 4
Testing with 775 pos 1375 neg
Training with 3525 pos 5588 neg
--- Gather features---
--- Train BOW---
--- Make hists---
--- No histograms for 1169 images ---
--- Fit model---
--- Overall training model took 549.766107082 ---
--- No histograms for 277 images ---
TP: 436 FP: 261 TN 1114 FN: 339
--- kfold: 4, accuracy: 0.720930232558, exp_mean*coverage: 0.391522990944
----- Overall exp mean: 0.478765905117
----- Overall kfold took 3198.12985802 ---
Got result -0.478766

Job file reloaded.
Completed successfully in 3201.21 seconds. [-0.478766]
setting job 20151 complete
set...
