Running in wrapper mode for '20009'

Running python job.

{u'nfeatures': array([11]), u'bow_size': array([1142]), u'svm_gamma': array([-0.50534259]), u'edgeThreshold': array([ 37.72967361]), u'svm_C': array([-0.03907466]), u'sigma': array([ 2.53178011]), u'contrastThreshold': array([ 0.04360296])}
----- Fold: 0
Testing with 951 pos 1473 neg
Training with 3349 pos 5490 neg
--- Gather features---
--- Train BOW---
--- Make hists---
--- No histograms for 2615 images ---
--- Fit model---
/usr/local/lib/python2.7/dist-packages/sklearn/svm/base.py:176: FutureWarning: elementwise comparison failed; returning scalar instead, but in the future will perform elementwise comparison
  (self.gamma == 'auto')):
/usr/local/lib/python2.7/dist-packages/sklearn/svm/base.py:179: FutureWarning: elementwise comparison failed; returning scalar instead, but in the future will perform elementwise comparison
  elif self.gamma == 'auto':
--- Overall training model took 345.388949871 ---
--- No histograms for 908 images ---
TP: 606 FP: 143 TN 1330 FN: 345
--- kfold: 0, accuracy: 0.798679867987, exp_mean*coverage: 0.373053596234
----- Fold: 1
Testing with 900 pos 1372 neg
Training with 3400 pos 5591 neg
--- Gather features---
--- Train BOW---
--- Make hists---
--- No histograms for 2865 images ---
--- Fit model---
--- Overall training model took 286.59314394 ---
--- No histograms for 658 images ---
TP: 546 FP: 173 TN 1199 FN: 354
--- kfold: 1, accuracy: 0.768045774648, exp_mean*coverage: 0.385719574336
----- Fold: 2
Testing with 785 pos 1569 neg
Training with 3515 pos 5394 neg
--- Gather features---
--- Train BOW---
--- Make hists---
--- No histograms for 2787 images ---
--- Fit model---
--- Overall training model took 310.090193033 ---
--- No histograms for 736 images ---
TP: 486 FP: 196 TN 1373 FN: 299
--- kfold: 2, accuracy: 0.789719626168, exp_mean*coverage: 0.379822166839
----- Fold: 3
Testing with 889 pos 1174 neg
Training with 3411 pos 5789 neg
--- Gather features---
--- Train BOW---
--- Make hists---
--- No histograms for 2986 images ---
--- Fit model---
--- Overall training model took 327.518989801 ---
--- No histograms for 537 images ---
TP: 590 FP: 79 TN 1095 FN: 299
--- kfold: 3, accuracy: 0.816771691711, exp_mean*coverage: 0.481474768047
----- Fold: 4
Testing with 775 pos 1375 neg
Training with 3525 pos 5588 neg
--- Gather features---
--- Train BOW---
--- Make hists---
--- No histograms for 2839 images ---
--- Fit model---
--- Overall training model took 384.931774855 ---
--- No histograms for 684 images ---
TP: 414 FP: 163 TN 1212 FN: 361
--- kfold: 4, accuracy: 0.756279069767, exp_mean*coverage: 0.341640502726
----- Overall exp mean: 0.392342121636
----- Overall kfold took 1879.58021307 ---
Got result -0.392342

Job file reloaded.
Completed successfully in 1879.99 seconds. [-0.392342]
setting job 20009 complete
set...
