Running in wrapper mode for '20122'

Running python job.

{u'nfeatures': array([81]), u'bow_size': array([841]), u'svm_gamma': array([ 1.63152817]), u'edgeThreshold': array([ 28.77773058]), u'svm_C': array([ 1.83939721]), u'sigma': array([ 2.12740878]), u'contrastThreshold': array([ 0.001])}
----- Fold: 0
Testing with 951 pos 1473 neg
Training with 3349 pos 5490 neg
--- Gather features---
--- Train BOW---
--- Make hists---
--- Fit model---
/usr/local/lib/python2.7/dist-packages/sklearn/svm/base.py:176: FutureWarning: elementwise comparison failed; returning scalar instead, but in the future will perform elementwise comparison
  (self.gamma == 'auto')):
/usr/local/lib/python2.7/dist-packages/sklearn/svm/base.py:179: FutureWarning: elementwise comparison failed; returning scalar instead, but in the future will perform elementwise comparison
  elif self.gamma == 'auto':
--- Overall training model took 3428.71996713 ---
TP: 663 FP: 189 TN 1284 FN: 288
--- kfold: 0, accuracy: 0.803217821782, exp_mean*coverage: 0.599975813362
----- Fold: 1
Testing with 900 pos 1372 neg
Training with 3400 pos 5591 neg
--- Gather features---
--- Train BOW---
--- Make hists---
--- Fit model---
--- Overall training model took 3650.95497704 ---
TP: 624 FP: 139 TN 1233 FN: 276
--- kfold: 1, accuracy: 0.817341549296, exp_mean*coverage: 0.630263634179
----- Fold: 2
Testing with 785 pos 1569 neg
Training with 3515 pos 5394 neg
--- Gather features---
--- Train BOW---
--- Make hists---
--- Fit model---
--- Overall training model took 3675.84851193 ---
TP: 554 FP: 194 TN 1375 FN: 231
--- kfold: 2, accuracy: 0.81945624469, exp_mean*coverage: 0.611180728096
----- Fold: 3
Testing with 889 pos 1174 neg
Training with 3411 pos 5789 neg
--- Gather features---
--- Train BOW---
--- Make hists---
--- Fit model---
--- Overall training model took 3662.95792198 ---
TP: 669 FP: 82 TN 1092 FN: 220
--- kfold: 3, accuracy: 0.853611245759, exp_mean*coverage: 0.711809393844
----- Fold: 4
Testing with 775 pos 1375 neg
Training with 3525 pos 5588 neg
--- Gather features---
--- Train BOW---
--- Make hists---
--- Fit model---
--- Overall training model took 3753.97431993 ---
TP: 504 FP: 196 TN 1179 FN: 271
--- kfold: 4, accuracy: 0.782790697674, exp_mean*coverage: 0.553306870026
----- Overall exp mean: 0.621307287901
----- Overall kfold took 18593.6402299 ---
Got result -0.621307

Job file reloaded.
Completed successfully in 18594.89 seconds. [-0.621307]
setting job 20122 complete
set...
