Running in wrapper mode for '20286'

Running python job.

{u'nfeatures': array([38]), u'bow_size': array([1320]), u'svm_gamma': array([ 0.78916135]), u'edgeThreshold': array([ 25.55256681]), u'svm_C': array([ 1.50098179]), u'sigma': array([ 3.63487916]), u'contrastThreshold': array([ 0.001])}
----- Fold: 0
Testing with 951 pos 1473 neg
Training with 3349 pos 5490 neg
--- Gather features---
--- Train BOW---
--- Make hists---
--- Fit model---
/usr/local/lib/python2.7/dist-packages/sklearn/svm/base.py:176: FutureWarning: elementwise comparison failed; returning scalar instead, but in the future will perform elementwise comparison
  (self.gamma == 'auto')):
/usr/local/lib/python2.7/dist-packages/sklearn/svm/base.py:179: FutureWarning: elementwise comparison failed; returning scalar instead, but in the future will perform elementwise comparison
  elif self.gamma == 'auto':
--- Overall training model took 2343.070786 ---
TP: 678 FP: 249 TN 1224 FN: 273
--- kfold: 0, accuracy: 0.784653465347, exp_mean*coverage: 0.561112000283
----- Fold: 1
Testing with 900 pos 1372 neg
Training with 3400 pos 5591 neg
--- Gather features---
--- Train BOW---
--- Make hists---
--- Fit model---
--- Overall training model took 2147.696558 ---
TP: 648 FP: 189 TN 1183 FN: 252
--- kfold: 1, accuracy: 0.805897887324, exp_mean*coverage: 0.603049526115
----- Fold: 2
Testing with 785 pos 1569 neg
Training with 3515 pos 5394 neg
--- Gather features---
--- Train BOW---
--- Make hists---
--- Fit model---
--- Overall training model took 2220.613621 ---
TP: 569 FP: 249 TN 1320 FN: 216
--- kfold: 2, accuracy: 0.802463891249, exp_mean*coverage: 0.580558764136
----- Fold: 3
Testing with 889 pos 1174 neg
Training with 3411 pos 5789 neg
--- Gather features---
--- Train BOW---
--- Make hists---
--- Fit model---
--- Overall training model took 2216.14515686 ---
TP: 650 FP: 129 TN 1045 FN: 239
--- kfold: 3, accuracy: 0.821619001454, exp_mean*coverage: 0.644975229081
----- Fold: 4
Testing with 775 pos 1375 neg
Training with 3525 pos 5588 neg
--- Gather features---
--- Train BOW---
--- Make hists---
--- Fit model---
--- Overall training model took 2240.585217 ---
TP: 503 FP: 255 TN 1120 FN: 272
--- kfold: 4, accuracy: 0.75488372093, exp_mean*coverage: 0.505011804562
----- Overall exp mean: 0.578941464835
----- Overall kfold took 11567.9984941 ---
Got result -0.578941

Job file reloaded.
Completed successfully in 11568.23 seconds. [-0.578941]
setting job 20286 complete
set...
