Running in wrapper mode for '20312'

Running python job.

{u'nfeatures': array([69]), u'bow_size': array([1162]), u'svm_gamma': array([-1.41415141]), u'edgeThreshold': array([ 29.4907918]), u'svm_C': array([ 2.25518019]), u'sigma': array([ 2.57067877]), u'contrastThreshold': array([ 0.01699083])}
----- Fold: 0
Testing with 951 pos 1473 neg
Training with 3349 pos 5490 neg
--- Gather features---
--- Train BOW---
--- Make hists---
--- No histograms for 290 images ---
--- Fit model---
/usr/local/lib/python2.7/dist-packages/sklearn/svm/base.py:176: FutureWarning: elementwise comparison failed; returning scalar instead, but in the future will perform elementwise comparison
  (self.gamma == 'auto')):
/usr/local/lib/python2.7/dist-packages/sklearn/svm/base.py:179: FutureWarning: elementwise comparison failed; returning scalar instead, but in the future will perform elementwise comparison
  elif self.gamma == 'auto':
--- Overall training model took 2186.26084399 ---
--- No histograms for 116 images ---
TP: 715 FP: 300 TN 1173 FN: 236
--- kfold: 0, accuracy: 0.778877887789, exp_mean*coverage: 0.516076456422
----- Fold: 1
Testing with 900 pos 1372 neg
Training with 3400 pos 5591 neg
--- Gather features---
--- Train BOW---
--- Make hists---
--- No histograms for 333 images ---
--- Fit model---
--- Overall training model took 2038.47009706 ---
--- No histograms for 73 images ---
TP: 714 FP: 250 TN 1122 FN: 186
--- kfold: 1, accuracy: 0.808098591549, exp_mean*coverage: 0.572171845297
----- Fold: 2
Testing with 785 pos 1569 neg
Training with 3515 pos 5394 neg
--- Gather features---
--- Train BOW---
--- Make hists---
--- No histograms for 337 images ---
--- Fit model---
--- Overall training model took 2237.2714901 ---
--- No histograms for 69 images ---
TP: 628 FP: 314 TN 1255 FN: 157
--- kfold: 2, accuracy: 0.799915038233, exp_mean*coverage: 0.555499413882
----- Fold: 3
Testing with 889 pos 1174 neg
Training with 3411 pos 5789 neg
--- Gather features---
--- Train BOW---
--- Make hists---
--- No histograms for 326 images ---
--- Fit model---
--- Overall training model took 2167.38526201 ---
--- No histograms for 80 images ---
TP: 756 FP: 161 TN 1013 FN: 133
--- kfold: 3, accuracy: 0.857489093553, exp_mean*coverage: 0.657560734524
----- Fold: 4
Testing with 775 pos 1375 neg
Training with 3525 pos 5588 neg
--- Gather features---
--- Train BOW---
--- Make hists---
--- No histograms for 338 images ---
--- Fit model---
--- Overall training model took 1988.24981308 ---
--- No histograms for 68 images ---
TP: 543 FP: 275 TN 1100 FN: 232
--- kfold: 4, accuracy: 0.764186046512, exp_mean*coverage: 0.50184931744
----- Overall exp mean: 0.560631553513
----- Overall kfold took 10975.355782 ---
Got result -0.560632

Job file reloaded.
Completed successfully in 10977.00 seconds. [-0.560632]
setting job 20312 complete
set...
