Running in wrapper mode for '20045'

Running python job.

{u'nfeatures': array([58]), u'bow_size': array([688]), u'svm_gamma': array([ 0.65355933]), u'edgeThreshold': array([ 50.]), u'svm_C': array([ 3.]), u'sigma': array([ 1.80640536]), u'contrastThreshold': array([ 0.001])}
----- Fold: 0
Testing with 951 pos 1473 neg
Training with 3349 pos 5490 neg
--- Gather features---
--- Train BOW---
--- Make hists---
--- Fit model---
/usr/local/lib/python2.7/dist-packages/sklearn/svm/base.py:176: FutureWarning: elementwise comparison failed; returning scalar instead, but in the future will perform elementwise comparison
  (self.gamma == 'auto')):
/usr/local/lib/python2.7/dist-packages/sklearn/svm/base.py:179: FutureWarning: elementwise comparison failed; returning scalar instead, but in the future will perform elementwise comparison
  elif self.gamma == 'auto':
--- Overall training model took 2454.56329918 ---
TP: 664 FP: 218 TN 1255 FN: 287
--- kfold: 0, accuracy: 0.791666666667, exp_mean*coverage: 0.577115030127
----- Fold: 1
Testing with 900 pos 1372 neg
Training with 3400 pos 5591 neg
--- Gather features---
--- Train BOW---
--- Make hists---
--- Fit model---
--- Overall training model took 2485.91499686 ---
TP: 620 FP: 186 TN 1186 FN: 280
--- kfold: 1, accuracy: 0.794894366197, exp_mean*coverage: 0.585990257929
----- Fold: 2
Testing with 785 pos 1569 neg
Training with 3515 pos 5394 neg
--- Gather features---
--- Train BOW---
--- Make hists---
--- Fit model---
--- Overall training model took 2449.63020611 ---
TP: 554 FP: 196 TN 1373 FN: 231
--- kfold: 2, accuracy: 0.818606627018, exp_mean*coverage: 0.609625844018
----- Fold: 3
Testing with 889 pos 1174 neg
Training with 3411 pos 5789 neg
--- Gather features---
--- Train BOW---
--- Make hists---
--- Fit model---
--- Overall training model took 2564.67532086 ---
TP: 690 FP: 121 TN 1053 FN: 199
--- kfold: 3, accuracy: 0.844886088221, exp_mean*coverage: 0.683582564905
----- Fold: 4
Testing with 775 pos 1375 neg
Training with 3525 pos 5588 neg
--- Gather features---
--- Train BOW---
--- Make hists---
--- Fit model---
--- Overall training model took 2536.60029411 ---
TP: 535 FP: 232 TN 1143 FN: 240
--- kfold: 4, accuracy: 0.780465116279, exp_mean*coverage: 0.548075313612
----- Overall exp mean: 0.600877802118
----- Overall kfold took 12792.3943019 ---
Got result -0.600878

Job file reloaded.
Completed successfully in 12796.79 seconds. [-0.600878]
setting job 20045 complete
set...
