Running in wrapper mode for '20029'

Running python job.

{u'nfeatures': array([50]), u'bow_size': array([100]), u'svm_gamma': array([ 0.6594468]), u'edgeThreshold': array([ 50.]), u'svm_C': array([ 3.]), u'sigma': array([ 0.9]), u'contrastThreshold': array([ 0.1])}
----- Fold: 0
Testing with 234 pos 1473 neg
Training with 1277 pos 5490 neg
--- Gather features---
--- Train BOW---
--- Make hists---
--- No histograms for 5479 images ---
--- Fit model---
/usr/local/lib/python2.7/dist-packages/sklearn/svm/base.py:176: FutureWarning: elementwise comparison failed; returning scalar instead, but in the future will perform elementwise comparison
  (self.gamma == 'auto')):
/usr/local/lib/python2.7/dist-packages/sklearn/svm/base.py:179: FutureWarning: elementwise comparison failed; returning scalar instead, but in the future will perform elementwise comparison
  elif self.gamma == 'auto':
--- Overall training model took 33.9424209595 ---
--- No histograms for 1481 images ---
TP: 21 FP: 14 TN 1459 FN: 213
--- kfold: 0, accuracy: 0.867018160516, exp_mean*coverage: 0.0213486024462
----- Fold: 1
Testing with 361 pos 1372 neg
Training with 1150 pos 5591 neg
--- Gather features---
--- Train BOW---
--- Make hists---
--- No histograms for 5549 images ---
--- Fit model---
--- Overall training model took 37.4288110733 ---
--- No histograms for 1411 images ---
TP: 8 FP: 28 TN 1344 FN: 353
--- kfold: 1, accuracy: 0.780150028852, exp_mean*coverage: 0.0102937454169
----- Fold: 2
Testing with 292 pos 1569 neg
Training with 1219 pos 5394 neg
--- Gather features---
--- Train BOW---
--- Make hists---
--- No histograms for 5455 images ---
--- Fit model---
--- Overall training model took 31.84471488 ---
--- No histograms for 1505 images ---
TP: 7 FP: 19 TN 1550 FN: 285
--- kfold: 2, accuracy: 0.836646963998, exp_mean*coverage: 0.011408547023
----- Fold: 3
Testing with 321 pos 1174 neg
Training with 1190 pos 5789 neg
--- Gather features---
--- Train BOW---
--- Make hists---
--- No histograms for 5725 images ---
--- Fit model---
--- Overall training model took 33.1914710999 ---
--- No histograms for 1235 images ---
TP: 9 FP: 12 TN 1162 FN: 312
--- kfold: 3, accuracy: 0.783277591973, exp_mean*coverage: 0.0117037980013
----- Fold: 4
Testing with 303 pos 1375 neg
Training with 1208 pos 5588 neg
--- Gather features---
--- Train BOW---
--- Make hists---
--- No histograms for 5632 images ---
--- Fit model---
--- Overall training model took 32.3929431438 ---
--- No histograms for 1328 images ---
TP: 27 FP: 16 TN 1359 FN: 276
--- kfold: 4, accuracy: 0.825983313468, exp_mean*coverage: 0.0333289220112
----- Overall exp mean: 0.0176167229797
----- Overall kfold took 206.342970133 ---
Got result -0.017617

Job file reloaded.
Completed successfully in 206.59 seconds. [-0.017617]
setting job 20029 complete
set...
