Running in wrapper mode for '20021'

Running python job.

{u'nfeatures': array([18]), u'bow_size': array([100]), u'svm_gamma': array([ 3.]), u'edgeThreshold': array([ 37.06542247]), u'svm_C': array([ 3.]), u'sigma': array([ 0.9]), u'contrastThreshold': array([ 0.1])}
----- Fold: 0
Testing with 234 pos 1473 neg
Training with 1277 pos 5490 neg
--- Gather features---
--- Train BOW---
--- Make hists---
--- No histograms for 5479 images ---
--- Fit model---
/usr/local/lib/python2.7/dist-packages/sklearn/svm/base.py:176: FutureWarning: elementwise comparison failed; returning scalar instead, but in the future will perform elementwise comparison
  (self.gamma == 'auto')):
/usr/local/lib/python2.7/dist-packages/sklearn/svm/base.py:179: FutureWarning: elementwise comparison failed; returning scalar instead, but in the future will perform elementwise comparison
  elif self.gamma == 'auto':
--- Overall training model took 33.1970100403 ---
--- No histograms for 1481 images ---
TP: 6 FP: 6 TN 1467 FN: 228
--- kfold: 0, accuracy: 0.862917398946, exp_mean*coverage: 0.0084231465149
----- Fold: 1
Testing with 361 pos 1372 neg
Training with 1150 pos 5591 neg
--- Gather features---
--- Train BOW---
--- Make hists---
--- No histograms for 5549 images ---
--- Fit model---
--- Overall training model took 33.23832798 ---
--- No histograms for 1411 images ---
TP: 1 FP: 3 TN 1369 FN: 360
--- kfold: 1, accuracy: 0.790536641662, exp_mean*coverage: 0.00223492650938
----- Fold: 2
Testing with 292 pos 1569 neg
Training with 1219 pos 5394 neg
--- Gather features---
--- Train BOW---
--- Make hists---
--- No histograms for 5455 images ---
--- Fit model---
--- Overall training model took 30.7651162148 ---
--- No histograms for 1505 images ---
TP: 3 FP: 7 TN 1562 FN: 289
--- kfold: 2, accuracy: 0.840945728103, exp_mean*coverage: 0.00612504209407
----- Fold: 3
Testing with 321 pos 1174 neg
Training with 1190 pos 5789 neg
--- Gather features---
--- Train BOW---
--- Make hists---
--- No histograms for 5725 images ---
--- Fit model---
--- Overall training model took 30.5958790779 ---
--- No histograms for 1235 images ---
TP: 8 FP: 5 TN 1169 FN: 313
--- kfold: 3, accuracy: 0.7872909699, exp_mean*coverage: 0.0108274726701
----- Fold: 4
Testing with 303 pos 1375 neg
Training with 1208 pos 5588 neg
--- Gather features---
--- Train BOW---
--- Make hists---
--- No histograms for 5632 images ---
--- Fit model---
--- Overall training model took 27.9140450954 ---
--- No histograms for 1328 images ---
TP: 12 FP: 11 TN 1364 FN: 291
--- kfold: 4, accuracy: 0.820023837902, exp_mean*coverage: 0.0182589364592
----- Overall exp mean: 0.00917390484953
----- Overall kfold took 189.761268854 ---
Got result -0.009174

Job file reloaded.
Completed successfully in 190.04 seconds. [-0.009174]
setting job 20021 complete
set...
