Running in wrapper mode for '20018'

Running python job.

{u'nfeatures': array([50]), u'bow_size': array([436]), u'svm_gamma': array([ 3.]), u'edgeThreshold': array([ 50.]), u'svm_C': array([ 3.]), u'sigma': array([ 0.9]), u'contrastThreshold': array([ 0.1])}
----- Fold: 0
Testing with 234 pos 1473 neg
Training with 1277 pos 5490 neg
--- Gather features---
--- Train BOW---
--- Make hists---
--- No histograms for 5479 images ---
--- Fit model---
/usr/local/lib/python2.7/dist-packages/sklearn/svm/base.py:176: FutureWarning: elementwise comparison failed; returning scalar instead, but in the future will perform elementwise comparison
  (self.gamma == 'auto')):
/usr/local/lib/python2.7/dist-packages/sklearn/svm/base.py:179: FutureWarning: elementwise comparison failed; returning scalar instead, but in the future will perform elementwise comparison
  elif self.gamma == 'auto':
--- Overall training model took 37.9741728306 ---
--- No histograms for 1481 images ---
TP: 6 FP: 4 TN 1469 FN: 228
--- kfold: 0, accuracy: 0.864089045108, exp_mean*coverage: 0.00844325291107
----- Fold: 1
Testing with 361 pos 1372 neg
Training with 1150 pos 5591 neg
--- Gather features---
--- Train BOW---
--- Make hists---
--- No histograms for 5549 images ---
--- Fit model---
--- Overall training model took 34.4000971317 ---
--- No histograms for 1411 images ---
TP: 6 FP: 7 TN 1365 FN: 355
--- kfold: 1, accuracy: 0.791113675707, exp_mean*coverage: 0.00852418350306
----- Fold: 2
Testing with 292 pos 1569 neg
Training with 1219 pos 5394 neg
--- Gather features---
--- Train BOW---
--- Make hists---
--- No histograms for 5455 images ---
--- Fit model---
--- Overall training model took 31.7797889709 ---
--- No histograms for 1505 images ---
TP: 1 FP: 5 TN 1564 FN: 291
--- kfold: 2, accuracy: 0.840945728103, exp_mean*coverage: 0.0026930266132
----- Fold: 3
Testing with 321 pos 1174 neg
Training with 1190 pos 5789 neg
--- Gather features---
--- Train BOW---
--- Make hists---
--- No histograms for 5725 images ---
--- Fit model---
--- Overall training model took 34.1012909412 ---
--- No histograms for 1235 images ---
TP: 3 FP: 4 TN 1170 FN: 318
--- kfold: 3, accuracy: 0.784615384615, exp_mean*coverage: 0.00519637411235
----- Fold: 4
Testing with 303 pos 1375 neg
Training with 1208 pos 5588 neg
--- Gather features---
--- Train BOW---
--- Make hists---
--- No histograms for 5632 images ---
--- Fit model---
--- Overall training model took 29.739169836 ---
--- No histograms for 1328 images ---
TP: 6 FP: 7 TN 1368 FN: 297
--- kfold: 4, accuracy: 0.818831942789, exp_mean*coverage: 0.0109126066943
----- Overall exp mean: 0.00715388876679
----- Overall kfold took 200.564327955 ---
Got result -0.007154

Job file reloaded.
Completed successfully in 200.81 seconds. [-0.007154]
setting job 20018 complete
set...
