Running in wrapper mode for '20026'

Running python job.

{u'nfeatures': array([50]), u'bow_size': array([100]), u'svm_gamma': array([ 3.]), u'edgeThreshold': array([ 50.]), u'svm_C': array([ 3.]), u'sigma': array([ 0.65586461]), u'contrastThreshold': array([ 0.1])}
----- Fold: 0
Testing with 234 pos 1473 neg
Training with 1277 pos 5490 neg
--- Gather features---
--- Train BOW---
--- Make hists---
--- No histograms for 5637 images ---
--- Fit model---
/usr/local/lib/python2.7/dist-packages/sklearn/svm/base.py:176: FutureWarning: elementwise comparison failed; returning scalar instead, but in the future will perform elementwise comparison
  (self.gamma == 'auto')):
/usr/local/lib/python2.7/dist-packages/sklearn/svm/base.py:179: FutureWarning: elementwise comparison failed; returning scalar instead, but in the future will perform elementwise comparison
  elif self.gamma == 'auto':
--- Overall training model took 31.8653979301 ---
--- No histograms for 1508 images ---
TP: 5 FP: 4 TN 1469 FN: 229
--- kfold: 0, accuracy: 0.863503222027, exp_mean*coverage: 0.00648438065012
----- Fold: 1
Testing with 361 pos 1372 neg
Training with 1150 pos 5591 neg
--- Gather features---
--- Train BOW---
--- Make hists---
--- No histograms for 5706 images ---
--- Fit model---
--- Overall training model took 25.245871067 ---
--- No histograms for 1439 images ---
TP: 3 FP: 4 TN 1368 FN: 358
--- kfold: 1, accuracy: 0.791113675707, exp_mean*coverage: 0.00464558363172
----- Fold: 2
Testing with 292 pos 1569 neg
Training with 1219 pos 5394 neg
--- Gather features---
--- Train BOW---
--- Make hists---
--- No histograms for 5580 images ---
--- Fit model---
--- Overall training model took 24.2101459503 ---
--- No histograms for 1565 images ---
TP: 3 FP: 8 TN 1561 FN: 289
--- kfold: 2, accuracy: 0.84040838259, exp_mean*coverage: 0.00508702731341
----- Fold: 3
Testing with 321 pos 1174 neg
Training with 1190 pos 5789 neg
--- Gather features---
--- Train BOW---
--- Make hists---
--- No histograms for 5874 images ---
--- Fit model---
--- Overall training model took 24.2354829311 ---
--- No histograms for 1271 images ---
TP: 5 FP: 4 TN 1170 FN: 316
--- kfold: 3, accuracy: 0.785953177258, exp_mean*coverage: 0.00656691875186
----- Fold: 4
Testing with 303 pos 1375 neg
Training with 1208 pos 5588 neg
--- Gather features---
--- Train BOW---
--- Make hists---
--- No histograms for 5783 images ---
--- Fit model---
--- Overall training model took 25.0796191692 ---
--- No histograms for 1362 images ---
TP: 15 FP: 17 TN 1358 FN: 288
--- kfold: 4, accuracy: 0.818235995232, exp_mean*coverage: 0.0193386643047
----- Overall exp mean: 0.00842451493036
----- Overall kfold took 162.057101965 ---
Got result -0.008425

Job file reloaded.
Completed successfully in 162.34 seconds. [-0.008425]
setting job 20026 complete
set...
