Running in wrapper mode for '20019'

Running python job.

{u'nfeatures': array([10]), u'bow_size': array([100]), u'svm_gamma': array([ 3.]), u'edgeThreshold': array([ 29.59244322]), u'svm_C': array([ 0.79647231]), u'sigma': array([ 0.9]), u'contrastThreshold': array([ 0.1])}
----- Fold: 0
Testing with 234 pos 1473 neg
Training with 1277 pos 5490 neg
--- Gather features---
--- Train BOW---
--- Make hists---
--- No histograms for 5481 images ---
--- Fit model---
/usr/local/lib/python2.7/dist-packages/sklearn/svm/base.py:176: FutureWarning: elementwise comparison failed; returning scalar instead, but in the future will perform elementwise comparison
  (self.gamma == 'auto')):
/usr/local/lib/python2.7/dist-packages/sklearn/svm/base.py:179: FutureWarning: elementwise comparison failed; returning scalar instead, but in the future will perform elementwise comparison
  elif self.gamma == 'auto':
--- Overall training model took 27.7940659523 ---
--- No histograms for 1481 images ---
TP: 7 FP: 1 TN 1472 FN: 227
--- kfold: 0, accuracy: 0.866432337434, exp_mean*coverage: 0.00951196876541
----- Fold: 1
Testing with 361 pos 1372 neg
Training with 1150 pos 5591 neg
--- Gather features---
--- Train BOW---
--- Make hists---
--- No histograms for 5551 images ---
--- Fit model---
--- Overall training model took 28.5263149738 ---
--- No histograms for 1411 images ---
TP: 11 FP: 5 TN 1367 FN: 350
--- kfold: 1, accuracy: 0.795152914022, exp_mean*coverage: 0.0134646983088
----- Fold: 2
Testing with 292 pos 1569 neg
Training with 1219 pos 5394 neg
--- Gather features---
--- Train BOW---
--- Make hists---
--- No histograms for 5455 images ---
--- Fit model---
--- Overall training model took 27.7934551239 ---
--- No histograms for 1507 images ---
TP: 5 FP: 8 TN 1561 FN: 287
--- kfold: 2, accuracy: 0.841483073616, exp_mean*coverage: 0.00892405385781
----- Fold: 3
Testing with 321 pos 1174 neg
Training with 1190 pos 5789 neg
--- Gather features---
--- Train BOW---
--- Make hists---
--- No histograms for 5727 images ---
--- Fit model---
--- Overall training model took 32.6336619854 ---
--- No histograms for 1235 images ---
TP: 7 FP: 6 TN 1168 FN: 314
--- kfold: 3, accuracy: 0.785953177258, exp_mean*coverage: 0.00978098777922
----- Fold: 4
Testing with 303 pos 1375 neg
Training with 1208 pos 5588 neg
--- Gather features---
--- Train BOW---
--- Make hists---
--- No histograms for 5634 images ---
--- Fit model---
--- Overall training model took 29.4557049274 ---
--- No histograms for 1328 images ---
TP: 11 FP: 10 TN 1365 FN: 292
--- kfold: 4, accuracy: 0.820023837902, exp_mean*coverage: 0.0171273845382
----- Overall exp mean: 0.0117618186499
----- Overall kfold took 180.513478994 ---
Got result -0.011762

Job file reloaded.
Completed successfully in 180.77 seconds. [-0.011762]
setting job 20019 complete
set...
