Running in wrapper mode for '20051'

Running python job.

{u'nfeatures': array([50]), u'bow_size': array([100]), u'svm_gamma': array([ 0.21761003]), u'edgeThreshold': array([ 50.]), u'svm_C': array([ 3.]), u'sigma': array([ 0.9]), u'contrastThreshold': array([ 0.04966176])}
----- Fold: 0
Testing with 234 pos 1473 neg
Training with 1277 pos 5490 neg
--- Gather features---
--- Train BOW---
--- Make hists---
--- No histograms for 3050 images ---
--- Fit model---
/usr/local/lib/python2.7/dist-packages/sklearn/svm/base.py:176: FutureWarning: elementwise comparison failed; returning scalar instead, but in the future will perform elementwise comparison
  (self.gamma == 'auto')):
/usr/local/lib/python2.7/dist-packages/sklearn/svm/base.py:179: FutureWarning: elementwise comparison failed; returning scalar instead, but in the future will perform elementwise comparison
  elif self.gamma == 'auto':
--- Overall training model took 107.226236105 ---
--- No histograms for 900 images ---
TP: 70 FP: 92 TN 1381 FN: 164
--- kfold: 0, accuracy: 0.850029291154, exp_mean*coverage: 0.170818845024
----- Fold: 1
Testing with 361 pos 1372 neg
Training with 1150 pos 5591 neg
--- Gather features---
--- Train BOW---
--- Make hists---
--- No histograms for 3162 images ---
--- Fit model---
--- Overall training model took 93.779747963 ---
--- No histograms for 788 images ---
TP: 77 FP: 98 TN 1274 FN: 284
--- kfold: 1, accuracy: 0.779572994807, exp_mean*coverage: 0.150330704372
----- Fold: 2
Testing with 292 pos 1569 neg
Training with 1219 pos 5394 neg
--- Gather features---
--- Train BOW---
--- Make hists---
--- No histograms for 3057 images ---
--- Fit model---
--- Overall training model took 104.965197086 ---
--- No histograms for 893 images ---
TP: 43 FP: 85 TN 1484 FN: 249
--- kfold: 2, accuracy: 0.820526598603, exp_mean*coverage: 0.112166291863
----- Fold: 3
Testing with 321 pos 1174 neg
Training with 1190 pos 5789 neg
--- Gather features---
--- Train BOW---
--- Make hists---
--- No histograms for 3298 images ---
--- Fit model---
--- Overall training model took 105.232088089 ---
--- No histograms for 652 images ---
TP: 88 FP: 60 TN 1114 FN: 233
--- kfold: 3, accuracy: 0.804013377926, exp_mean*coverage: 0.194894474338
----- Fold: 4
Testing with 303 pos 1375 neg
Training with 1208 pos 5588 neg
--- Gather features---
--- Train BOW---
--- Make hists---
--- No histograms for 3233 images ---
--- Fit model---
--- Overall training model took 99.2179608345 ---
--- No histograms for 717 images ---
TP: 63 FP: 126 TN 1249 FN: 240
--- kfold: 4, accuracy: 0.781883194279, exp_mean*coverage: 0.149042256533
----- Overall exp mean: 0.155450514426
----- Overall kfold took 552.247496128 ---
Got result -0.155451

Job file reloaded.
Completed successfully in 552.65 seconds. [-0.155451]
setting job 20051 complete
set...
