Running in wrapper mode for '20039'

Running python job.

{u'nfeatures': array([10]), u'bow_size': array([100]), u'svm_gamma': array([-2.59307101]), u'edgeThreshold': array([ 50.]), u'svm_C': array([ 3.]), u'sigma': array([ 0.75378154]), u'contrastThreshold': array([ 0.1])}
----- Fold: 0
Testing with 234 pos 1473 neg
Training with 1277 pos 5490 neg
--- Gather features---
--- Train BOW---
--- Make hists---
--- No histograms for 5614 images ---
--- Fit model---
/usr/local/lib/python2.7/dist-packages/sklearn/svm/base.py:176: FutureWarning: elementwise comparison failed; returning scalar instead, but in the future will perform elementwise comparison
  (self.gamma == 'auto')):
/usr/local/lib/python2.7/dist-packages/sklearn/svm/base.py:179: FutureWarning: elementwise comparison failed; returning scalar instead, but in the future will perform elementwise comparison
  elif self.gamma == 'auto':
--- Overall training model took 30.9202730656 ---
--- No histograms for 1500 images ---
TP: 9 FP: 5 TN 1468 FN: 225
--- kfold: 0, accuracy: 0.865260691271, exp_mean*coverage: 0.0104694195415
----- Fold: 1
Testing with 361 pos 1372 neg
Training with 1150 pos 5591 neg
--- Gather features---
--- Train BOW---
--- Make hists---
--- No histograms for 5669 images ---
--- Fit model---
--- Overall training model took 30.9700682163 ---
--- No histograms for 1445 images ---
TP: 7 FP: 6 TN 1366 FN: 354
--- kfold: 1, accuracy: 0.792267743797, exp_mean*coverage: 0.00856951182868
----- Fold: 2
Testing with 292 pos 1569 neg
Training with 1219 pos 5394 neg
--- Gather features---
--- Train BOW---
--- Make hists---
--- No histograms for 5571 images ---
--- Fit model---
--- Overall training model took 31.6414589882 ---
--- No histograms for 1543 images ---
TP: 4 FP: 16 TN 1553 FN: 288
--- kfold: 2, accuracy: 0.836646963998, exp_mean*coverage: 0.00672045222385
----- Fold: 3
Testing with 321 pos 1174 neg
Training with 1190 pos 5789 neg
--- Gather features---
--- Train BOW---
--- Make hists---
--- No histograms for 5847 images ---
--- Fit model---
--- Overall training model took 27.4140439034 ---
--- No histograms for 1267 images ---
TP: 5 FP: 3 TN 1171 FN: 316
--- kfold: 3, accuracy: 0.786622073579, exp_mean*coverage: 0.00669418607515
----- Fold: 4
Testing with 303 pos 1375 neg
Training with 1208 pos 5588 neg
--- Gather features---
--- Train BOW---
--- Make hists---
--- No histograms for 5755 images ---
--- Fit model---
--- Overall training model took 26.1833379269 ---
--- No histograms for 1359 images ---
TP: 6 FP: 7 TN 1368 FN: 297
--- kfold: 4, accuracy: 0.818831942789, exp_mean*coverage: 0.00994606152992
----- Overall exp mean: 0.00847992623982
----- Overall kfold took 180.755350113 ---
Got result -0.008480

Job file reloaded.
Completed successfully in 181.05 seconds. [-0.008480]
setting job 20039 complete
set...
