Running in wrapper mode for '20032'

Running python job.

{u'nfeatures': array([38]), u'bow_size': array([100]), u'svm_gamma': array([-2.52319098]), u'edgeThreshold': array([ 50.]), u'svm_C': array([ 2.96300404]), u'sigma': array([ 0.9]), u'contrastThreshold': array([ 0.1])}
----- Fold: 0
Testing with 234 pos 1473 neg
Training with 1277 pos 5490 neg
--- Gather features---
--- Train BOW---
--- Make hists---
--- No histograms for 5479 images ---
--- Fit model---
/usr/local/lib/python2.7/dist-packages/sklearn/svm/base.py:176: FutureWarning: elementwise comparison failed; returning scalar instead, but in the future will perform elementwise comparison
  (self.gamma == 'auto')):
/usr/local/lib/python2.7/dist-packages/sklearn/svm/base.py:179: FutureWarning: elementwise comparison failed; returning scalar instead, but in the future will perform elementwise comparison
  elif self.gamma == 'auto':
--- Overall training model took 36.8311769962 ---
--- No histograms for 1481 images ---
TP: 10 FP: 5 TN 1468 FN: 224
--- kfold: 0, accuracy: 0.865846514353, exp_mean*coverage: 0.0123702596432
----- Fold: 1
Testing with 361 pos 1372 neg
Training with 1150 pos 5591 neg
--- Gather features---
--- Train BOW---
--- Make hists---
--- No histograms for 5549 images ---
--- Fit model---
--- Overall training model took 30.16862607 ---
--- No histograms for 1411 images ---
TP: 13 FP: 9 TN 1363 FN: 348
--- kfold: 1, accuracy: 0.793998845932, exp_mean*coverage: 0.0151838699232
----- Fold: 2
Testing with 292 pos 1569 neg
Training with 1219 pos 5394 neg
--- Gather features---
--- Train BOW---
--- Make hists---
--- No histograms for 5455 images ---
--- Fit model---
--- Overall training model took 33.4116671085 ---
--- No histograms for 1505 images ---
TP: 8 FP: 12 TN 1557 FN: 284
--- kfold: 2, accuracy: 0.840945728103, exp_mean*coverage: 0.0127100979433
----- Fold: 3
Testing with 321 pos 1174 neg
Training with 1190 pos 5789 neg
--- Gather features---
--- Train BOW---
--- Make hists---
--- No histograms for 5725 images ---
--- Fit model---
--- Overall training model took 33.3270931244 ---
--- No histograms for 1235 images ---
TP: 11 FP: 4 TN 1170 FN: 310
--- kfold: 3, accuracy: 0.789966555184, exp_mean*coverage: 0.0137690502007
----- Fold: 4
Testing with 303 pos 1375 neg
Training with 1208 pos 5588 neg
--- Gather features---
--- Train BOW---
--- Make hists---
--- No histograms for 5632 images ---
--- Fit model---
--- Overall training model took 29.5135698318 ---
--- No histograms for 1328 images ---
TP: 16 FP: 13 TN 1362 FN: 287
--- kfold: 4, accuracy: 0.821215733015, exp_mean*coverage: 0.0225977042227
----- Overall exp mean: 0.0153261963866
----- Overall kfold took 197.810728073 ---
Got result -0.015326

Job file reloaded.
Completed successfully in 198.07 seconds. [-0.015326]
setting job 20032 complete
set...
