Running in wrapper mode for '20038'

Running python job.

{u'nfeatures': array([29]), u'bow_size': array([100]), u'svm_gamma': array([-0.45326114]), u'edgeThreshold': array([ 35.46346108]), u'svm_C': array([ 3.]), u'sigma': array([ 0.9]), u'contrastThreshold': array([ 0.1])}
----- Fold: 0
Testing with 234 pos 1473 neg
Training with 1277 pos 5490 neg
--- Gather features---
--- Train BOW---
--- Make hists---
--- No histograms for 5479 images ---
--- Fit model---
/usr/local/lib/python2.7/dist-packages/sklearn/svm/base.py:176: FutureWarning: elementwise comparison failed; returning scalar instead, but in the future will perform elementwise comparison
  (self.gamma == 'auto')):
/usr/local/lib/python2.7/dist-packages/sklearn/svm/base.py:179: FutureWarning: elementwise comparison failed; returning scalar instead, but in the future will perform elementwise comparison
  elif self.gamma == 'auto':
--- Overall training model took 36.0078008175 ---
--- No histograms for 1481 images ---
TP: 13 FP: 24 TN 1449 FN: 221
--- kfold: 0, accuracy: 0.85647334505, exp_mean*coverage: 0.0147209353972
----- Fold: 1
Testing with 361 pos 1372 neg
Training with 1150 pos 5591 neg
--- Gather features---
--- Train BOW---
--- Make hists---
--- No histograms for 5549 images ---
--- Fit model---
--- Overall training model took 38.739770174 ---
--- No histograms for 1411 images ---
TP: 7 FP: 33 TN 1339 FN: 354
--- kfold: 1, accuracy: 0.776687824582, exp_mean*coverage: 0.00925223707576
----- Fold: 2
Testing with 292 pos 1569 neg
Training with 1219 pos 5394 neg
--- Gather features---
--- Train BOW---
--- Make hists---
--- No histograms for 5455 images ---
--- Fit model---
--- Overall training model took 29.8550710678 ---
--- No histograms for 1505 images ---
TP: 11 FP: 22 TN 1547 FN: 281
--- kfold: 2, accuracy: 0.837184309511, exp_mean*coverage: 0.0159580160605
----- Fold: 3
Testing with 321 pos 1174 neg
Training with 1190 pos 5789 neg
--- Gather features---
--- Train BOW---
--- Make hists---
--- No histograms for 5725 images ---
--- Fit model---
--- Overall training model took 31.5518500805 ---
--- No histograms for 1235 images ---
TP: 12 FP: 19 TN 1155 FN: 309
--- kfold: 3, accuracy: 0.780602006689, exp_mean*coverage: 0.0143693994697
----- Fold: 4
Testing with 303 pos 1375 neg
Training with 1208 pos 5588 neg
--- Gather features---
--- Train BOW---
--- Make hists---
--- No histograms for 5632 images ---
--- Fit model---
--- Overall training model took 28.0009601116 ---
--- No histograms for 1328 images ---
TP: 21 FP: 25 TN 1350 FN: 282
--- kfold: 4, accuracy: 0.817044100119, exp_mean*coverage: 0.0272843090786
----- Overall exp mean: 0.0163169794164
----- Overall kfold took 201.366851091 ---
Got result -0.016317

Job file reloaded.
Completed successfully in 201.72 seconds. [-0.016317]
setting job 20038 complete
set...
