Running in wrapper mode for '20020'

Running python job.

{u'nfeatures': array([10]), u'bow_size': array([100]), u'svm_gamma': array([ 3.]), u'edgeThreshold': array([ 3.]), u'svm_C': array([ 3.]), u'sigma': array([ 0.9]), u'contrastThreshold': array([ 0.09445708])}
----- Fold: 0
Testing with 234 pos 1473 neg
Training with 1277 pos 5490 neg
--- Gather features---
--- Train BOW---
--- Make hists---
--- No histograms for 5595 images ---
--- Fit model---
/usr/local/lib/python2.7/dist-packages/sklearn/svm/base.py:176: FutureWarning: elementwise comparison failed; returning scalar instead, but in the future will perform elementwise comparison
  (self.gamma == 'auto')):
/usr/local/lib/python2.7/dist-packages/sklearn/svm/base.py:179: FutureWarning: elementwise comparison failed; returning scalar instead, but in the future will perform elementwise comparison
  elif self.gamma == 'auto':
--- Overall training model took 32.9809880257 ---
--- No histograms for 1487 images ---
TP: 6 FP: 3 TN 1470 FN: 228
--- kfold: 0, accuracy: 0.86467486819, exp_mean*coverage: 0.00822888955202
----- Fold: 1
Testing with 361 pos 1372 neg
Training with 1150 pos 5591 neg
--- Gather features---
--- Train BOW---
--- Make hists---
--- No histograms for 5656 images ---
--- Fit model---
--- Overall training model took 28.0132758617 ---
--- No histograms for 1426 images ---
TP: 6 FP: 6 TN 1366 FN: 355
--- kfold: 1, accuracy: 0.791690709752, exp_mean*coverage: 0.00813751642327
----- Fold: 2
Testing with 292 pos 1569 neg
Training with 1219 pos 5394 neg
--- Gather features---
--- Train BOW---
--- Make hists---
--- No histograms for 5537 images ---
--- Fit model---
--- Overall training model took 28.709072113 ---
--- No histograms for 1545 images ---
TP: 3 FP: 7 TN 1562 FN: 289
--- kfold: 2, accuracy: 0.840945728103, exp_mean*coverage: 0.00543683511721
----- Fold: 3
Testing with 321 pos 1174 neg
Training with 1190 pos 5789 neg
--- Gather features---
--- Train BOW---
--- Make hists---
--- No histograms for 5813 images ---
--- Fit model---
--- Overall training model took 31.797342062 ---
--- No histograms for 1269 images ---
TP: 2 FP: 3 TN 1171 FN: 319
--- kfold: 3, accuracy: 0.784615384615, exp_mean*coverage: 0.00333746227776
----- Fold: 4
Testing with 303 pos 1375 neg
Training with 1208 pos 5588 neg
--- Gather features---
--- Train BOW---
--- Make hists---
--- No histograms for 5727 images ---
--- Fit model---
--- Overall training model took 28.0669589043 ---
--- No histograms for 1355 images ---
TP: 12 FP: 12 TN 1363 FN: 291
--- kfold: 4, accuracy: 0.819427890346, exp_mean*coverage: 0.0168287769743
----- Overall exp mean: 0.00839389606891
----- Overall kfold took 183.330752134 ---
Got result -0.008394

Job file reloaded.
Completed successfully in 183.66 seconds. [-0.008394]
setting job 20020 complete
set...
