Running in wrapper mode for '20042'

Running python job.

{u'nfeatures': array([50]), u'bow_size': array([100]), u'svm_gamma': array([-2.7971894]), u'edgeThreshold': array([ 50.]), u'svm_C': array([ 3.]), u'sigma': array([ 0.9]), u'contrastThreshold': array([ 0.07360362])}
----- Fold: 0
Testing with 234 pos 1473 neg
Training with 1277 pos 5490 neg
--- Gather features---
--- Train BOW---
--- Make hists---
--- No histograms for 4461 images ---
--- Fit model---
/usr/local/lib/python2.7/dist-packages/sklearn/svm/base.py:176: FutureWarning: elementwise comparison failed; returning scalar instead, but in the future will perform elementwise comparison
  (self.gamma == 'auto')):
/usr/local/lib/python2.7/dist-packages/sklearn/svm/base.py:179: FutureWarning: elementwise comparison failed; returning scalar instead, but in the future will perform elementwise comparison
  elif self.gamma == 'auto':
--- Overall training model took 55.7617571354 ---
--- No histograms for 1250 images ---
TP: 5 FP: 12 TN 1461 FN: 229
--- kfold: 0, accuracy: 0.858816637376, exp_mean*coverage: 0.0147496379488
----- Fold: 1
Testing with 361 pos 1372 neg
Training with 1150 pos 5591 neg
--- Gather features---
--- Train BOW---
--- Make hists---
--- No histograms for 4573 images ---
--- Fit model---
--- Overall training model took 58.0212440491 ---
--- No histograms for 1138 images ---
TP: 24 FP: 16 TN 1356 FN: 337
--- kfold: 1, accuracy: 0.796306982112, exp_mean*coverage: 0.0440383658092
----- Fold: 2
Testing with 292 pos 1569 neg
Training with 1219 pos 5394 neg
--- Gather features---
--- Train BOW---
--- Make hists---
--- No histograms for 4447 images ---
--- Fit model---
--- Overall training model took 51.299695015 ---
--- No histograms for 1264 images ---
TP: 5 FP: 18 TN 1551 FN: 287
--- kfold: 2, accuracy: 0.836109618485, exp_mean*coverage: 0.0148815722626
----- Fold: 3
Testing with 321 pos 1174 neg
Training with 1190 pos 5789 neg
--- Gather features---
--- Train BOW---
--- Make hists---
--- No histograms for 4709 images ---
--- Fit model---
--- Overall training model took 54.7330229282 ---
--- No histograms for 1002 images ---
TP: 14 FP: 2 TN 1172 FN: 307
--- kfold: 3, accuracy: 0.793311036789, exp_mean*coverage: 0.0313781351991
----- Fold: 4
Testing with 303 pos 1375 neg
Training with 1208 pos 5588 neg
--- Gather features---
--- Train BOW---
--- Make hists---
--- No histograms for 4654 images ---
--- Fit model---
--- Overall training model took 46.9760670662 ---
--- No histograms for 1057 images ---
TP: 19 FP: 7 TN 1368 FN: 284
--- kfold: 4, accuracy: 0.826579261025, exp_mean*coverage: 0.0459625189203
----- Overall exp mean: 0.030202046028
----- Overall kfold took 306.424664021 ---
Got result -0.030202

Job file reloaded.
Completed successfully in 306.70 seconds. [-0.030202]
setting job 20042 complete
set...
