Running in wrapper mode for '20014'

Running python job.

{u'nfeatures': array([50]), u'bow_size': array([100]), u'svm_gamma': array([-3.48651552]), u'edgeThreshold': array([ 3.]), u'svm_C': array([ 2.27953132]), u'sigma': array([ 0.9]), u'contrastThreshold': array([ 0.1])}
----- Fold: 0
Testing with 234 pos 1473 neg
Training with 1277 pos 5490 neg
--- Gather features---
--- Train BOW---
--- Make hists---
--- No histograms for 5740 images ---
--- Fit model---
/usr/local/lib/python2.7/dist-packages/sklearn/svm/base.py:176: FutureWarning: elementwise comparison failed; returning scalar instead, but in the future will perform elementwise comparison
  (self.gamma == 'auto')):
/usr/local/lib/python2.7/dist-packages/sklearn/svm/base.py:179: FutureWarning: elementwise comparison failed; returning scalar instead, but in the future will perform elementwise comparison
  elif self.gamma == 'auto':
--- Overall training model took 29.611011982 ---
--- No histograms for 1513 images ---
TP: 1 FP: 0 TN 1473 FN: 233
--- kfold: 0, accuracy: 0.863503222027, exp_mean*coverage: 0.00189957443353
----- Fold: 1
Testing with 361 pos 1372 neg
Training with 1150 pos 5591 neg
--- Gather features---
--- Train BOW---
--- Make hists---
--- No histograms for 5789 images ---
--- Fit model---
--- Overall training model took 28.1213989258 ---
--- No histograms for 1464 images ---
TP: 2 FP: 2 TN 1370 FN: 359
--- kfold: 1, accuracy: 0.791690709752, exp_mean*coverage: 0.00314403310464
----- Fold: 2
Testing with 292 pos 1569 neg
Training with 1219 pos 5394 neg
--- Gather features---
--- Train BOW---
--- Make hists---
--- No histograms for 5663 images ---
--- Fit model---
--- Overall training model took 26.6079180241 ---
--- No histograms for 1590 images ---
TP: 1 FP: 1 TN 1568 FN: 291
--- kfold: 2, accuracy: 0.843095110156, exp_mean*coverage: 0.00205921280408
----- Fold: 3
Testing with 321 pos 1174 neg
Training with 1190 pos 5789 neg
--- Gather features---
--- Train BOW---
--- Make hists---
--- No histograms for 5961 images ---
--- Fit model---
--- Overall training model took 33.1033098698 ---
--- No histograms for 1292 images ---
TP: 2 FP: 1 TN 1173 FN: 319
--- kfold: 3, accuracy: 0.785953177258, exp_mean*coverage: 0.00300677492163
----- Fold: 4
Testing with 303 pos 1375 neg
Training with 1208 pos 5588 neg
--- Gather features---
--- Train BOW---
--- Make hists---
--- No histograms for 5859 images ---
--- Fit model---
--- Overall training model took 27.1619200706 ---
--- No histograms for 1394 images ---
TP: 0 FP: 0 TN 1375 FN: 303
--- kfold: 4, accuracy: 0.819427890346, exp_mean*coverage: 0.0
----- Overall exp mean: 0.00202191905278
----- Overall kfold took 178.582798004 ---
Got result -0.002022

Job file reloaded.
Completed successfully in 178.86 seconds. [-0.002022]
setting job 20014 complete
set...
