Running in wrapper mode for '20073'

Running python job.

{u'nfeatures': array([50]), u'bow_size': array([710]), u'svm_gamma': array([ 0.01678499]), u'edgeThreshold': array([ 50.]), u'svm_C': array([ 3.]), u'sigma': array([ 0.77411395]), u'contrastThreshold': array([ 0.01458227])}
----- Fold: 0
Testing with 234 pos 1473 neg
Training with 1277 pos 5490 neg
--- Gather features---
--- Train BOW---
--- Make hists---
--- No histograms for 199 images ---
--- Fit model---
/usr/local/lib/python2.7/dist-packages/sklearn/svm/base.py:176: FutureWarning: elementwise comparison failed; returning scalar instead, but in the future will perform elementwise comparison
  (self.gamma == 'auto')):
/usr/local/lib/python2.7/dist-packages/sklearn/svm/base.py:179: FutureWarning: elementwise comparison failed; returning scalar instead, but in the future will perform elementwise comparison
  elif self.gamma == 'auto':
--- Overall training model took 1804.86708879 ---
--- No histograms for 115 images ---
TP: 95 FP: 157 TN 1316 FN: 139
--- kfold: 0, accuracy: 0.826596367897, exp_mean*coverage: 0.389433540009
----- Fold: 1
Testing with 361 pos 1372 neg
Training with 1150 pos 5591 neg
--- Gather features---
--- Train BOW---
--- Make hists---
--- No histograms for 254 images ---
--- Fit model---
--- Overall training model took 1760.43801904 ---
--- No histograms for 60 images ---
TP: 161 FP: 111 TN 1261 FN: 200
--- kfold: 1, accuracy: 0.820542412002, exp_mean*coverage: 0.454535795586
----- Fold: 2
Testing with 292 pos 1569 neg
Training with 1219 pos 5394 neg
--- Gather features---
--- Train BOW---
--- Make hists---
--- No histograms for 236 images ---
--- Fit model---
--- Overall training model took 1688.10472703 ---
--- No histograms for 78 images ---
TP: 104 FP: 96 TN 1473 FN: 188
--- kfold: 2, accuracy: 0.847393874261, exp_mean*coverage: 0.39551002098
----- Fold: 3
Testing with 321 pos 1174 neg
Training with 1190 pos 5789 neg
--- Gather features---
--- Train BOW---
--- Make hists---
--- No histograms for 272 images ---
--- Fit model---
--- Overall training model took 1807.00074887 ---
--- No histograms for 42 images ---
TP: 152 FP: 68 TN 1106 FN: 169
--- kfold: 3, accuracy: 0.841471571906, exp_mean*coverage: 0.499782034801
----- Fold: 4
Testing with 303 pos 1375 neg
Training with 1208 pos 5588 neg
--- Gather features---
--- Train BOW---
--- Make hists---
--- No histograms for 295 images ---
--- Fit model---
--- Overall training model took 1816.27100706 ---
--- No histograms for 19 images ---
TP: 103 FP: 152 TN 1223 FN: 200
--- kfold: 4, accuracy: 0.790226460072, exp_mean*coverage: 0.358564223471
----- Overall exp mean: 0.419565122969
----- Overall kfold took 9013.89207792 ---
Got result -0.419565

Job file reloaded.
Completed successfully in 9014.25 seconds. [-0.419565]
setting job 20073 complete
set...
