Running in wrapper mode for '20065'

Running python job.

{u'nfeatures': array([45]), u'bow_size': array([100]), u'svm_gamma': array([ 0.09302797]), u'edgeThreshold': array([ 42.11204792]), u'svm_C': array([ 3.]), u'sigma': array([ 0.72369435]), u'contrastThreshold': array([ 0.01457554])}
----- Fold: 0
Testing with 234 pos 1473 neg
Training with 1277 pos 5490 neg
--- Gather features---
--- Train BOW---
--- Make hists---
--- No histograms for 221 images ---
--- Fit model---
/usr/local/lib/python2.7/dist-packages/sklearn/svm/base.py:176: FutureWarning: elementwise comparison failed; returning scalar instead, but in the future will perform elementwise comparison
  (self.gamma == 'auto')):
/usr/local/lib/python2.7/dist-packages/sklearn/svm/base.py:179: FutureWarning: elementwise comparison failed; returning scalar instead, but in the future will perform elementwise comparison
  elif self.gamma == 'auto':
--- Overall training model took 297.430600882 ---
--- No histograms for 123 images ---
TP: 82 FP: 196 TN 1277 FN: 152
--- kfold: 0, accuracy: 0.796133567663, exp_mean*coverage: 0.329192108491
----- Fold: 1
Testing with 361 pos 1372 neg
Training with 1150 pos 5591 neg
--- Gather features---
--- Train BOW---
--- Make hists---
--- No histograms for 278 images ---
--- Fit model---
--- Overall training model took 292.104284048 ---
--- No histograms for 66 images ---
TP: 125 FP: 151 TN 1221 FN: 236
--- kfold: 1, accuracy: 0.776687824582, exp_mean*coverage: 0.354055921656
----- Fold: 2
Testing with 292 pos 1569 neg
Training with 1219 pos 5394 neg
--- Gather features---
--- Train BOW---
--- Make hists---
--- No histograms for 257 images ---
--- Fit model---
--- Overall training model took 298.02245903 ---
--- No histograms for 87 images ---
TP: 109 FP: 163 TN 1406 FN: 183
--- kfold: 2, accuracy: 0.814078452445, exp_mean*coverage: 0.375728498664
----- Fold: 3
Testing with 321 pos 1174 neg
Training with 1190 pos 5789 neg
--- Gather features---
--- Train BOW---
--- Make hists---
--- No histograms for 299 images ---
--- Fit model---
--- Overall training model took 330.039147854 ---
--- No histograms for 45 images ---
TP: 135 FP: 108 TN 1066 FN: 186
--- kfold: 3, accuracy: 0.803344481605, exp_mean*coverage: 0.427813318047
----- Fold: 4
Testing with 303 pos 1375 neg
Training with 1208 pos 5588 neg
--- Gather features---
--- Train BOW---
--- Make hists---
--- No histograms for 321 images ---
--- Fit model---
--- Overall training model took 255.852287054 ---
--- No histograms for 23 images ---
TP: 100 FP: 162 TN 1213 FN: 203
--- kfold: 4, accuracy: 0.782479141836, exp_mean*coverage: 0.344866293935
----- Overall exp mean: 0.366331228159
----- Overall kfold took 1544.13380504 ---
Got result -0.366331

Job file reloaded.
Completed successfully in 1544.37 seconds. [-0.366331]
setting job 20065 complete
set...
