Running in wrapper mode for '20045'

Running python job.

{u'nfeatures': array([50]), u'bow_size': array([100]), u'svm_gamma': array([-2.34364245]), u'edgeThreshold': array([ 50.]), u'svm_C': array([ 3.]), u'sigma': array([ 0.9]), u'contrastThreshold': array([ 0.06360027])}
----- Fold: 0
Testing with 234 pos 1473 neg
Training with 1277 pos 5490 neg
--- Gather features---
--- Train BOW---
--- Make hists---
--- No histograms for 3935 images ---
--- Fit model---
/usr/local/lib/python2.7/dist-packages/sklearn/svm/base.py:176: FutureWarning: elementwise comparison failed; returning scalar instead, but in the future will perform elementwise comparison
  (self.gamma == 'auto')):
/usr/local/lib/python2.7/dist-packages/sklearn/svm/base.py:179: FutureWarning: elementwise comparison failed; returning scalar instead, but in the future will perform elementwise comparison
  elif self.gamma == 'auto':
--- Overall training model took 75.5827908516 ---
--- No histograms for 1126 images ---
TP: 4 FP: 13 TN 1460 FN: 230
--- kfold: 0, accuracy: 0.857644991213, exp_mean*coverage: 0.0158430357559
----- Fold: 1
Testing with 361 pos 1372 neg
Training with 1150 pos 5591 neg
--- Gather features---
--- Train BOW---
--- Make hists---
--- No histograms for 4056 images ---
--- Fit model---
--- Overall training model took 74.6572301388 ---
--- No histograms for 1005 images ---
TP: 17 FP: 6 TN 1366 FN: 344
--- kfold: 1, accuracy: 0.798038084247, exp_mean*coverage: 0.0421413200186
----- Fold: 2
Testing with 292 pos 1569 neg
Training with 1219 pos 5394 neg
--- Gather features---
--- Train BOW---
--- Make hists---
--- No histograms for 3927 images ---
--- Fit model---
--- Overall training model took 70.7496850491 ---
--- No histograms for 1134 images ---
TP: 5 FP: 16 TN 1553 FN: 287
--- kfold: 2, accuracy: 0.837184309511, exp_mean*coverage: 0.0181630299319
----- Fold: 3
Testing with 321 pos 1174 neg
Training with 1190 pos 5789 neg
--- Gather features---
--- Train BOW---
--- Make hists---
--- No histograms for 4186 images ---
--- Fit model---
--- Overall training model took 57.2213408947 ---
--- No histograms for 875 images ---
TP: 5 FP: 6 TN 1168 FN: 316
--- kfold: 3, accuracy: 0.784615384615, exp_mean*coverage: 0.0181219543077
----- Fold: 4
Testing with 303 pos 1375 neg
Training with 1208 pos 5588 neg
--- Gather features---
--- Train BOW---
--- Make hists---
--- No histograms for 4140 images ---
--- Fit model---
--- Overall training model took 49.2150621414 ---
--- No histograms for 921 images ---
TP: 3 FP: 2 TN 1373 FN: 300
--- kfold: 4, accuracy: 0.820023837902, exp_mean*coverage: 0.0141239642962
----- Overall exp mean: 0.0216786608621
----- Overall kfold took 367.726685047 ---
Got result -0.021679

Job file reloaded.
Completed successfully in 368.03 seconds. [-0.021679]
setting job 20045 complete
set...
