Running in wrapper mode for '20027'

Running python job.

{u'nfeatures': array([10]), u'bow_size': array([100]), u'svm_gamma': array([ 3.]), u'edgeThreshold': array([ 27.50515293]), u'svm_C': array([ 3.]), u'sigma': array([ 0.9]), u'contrastThreshold': array([ 0.1])}
----- Fold: 0
Testing with 234 pos 1473 neg
Training with 1277 pos 5490 neg
--- Gather features---
--- Train BOW---
--- Make hists---
--- No histograms for 5482 images ---
--- Fit model---
/usr/local/lib/python2.7/dist-packages/sklearn/svm/base.py:176: FutureWarning: elementwise comparison failed; returning scalar instead, but in the future will perform elementwise comparison
  (self.gamma == 'auto')):
/usr/local/lib/python2.7/dist-packages/sklearn/svm/base.py:179: FutureWarning: elementwise comparison failed; returning scalar instead, but in the future will perform elementwise comparison
  elif self.gamma == 'auto':
--- Overall training model took 31.8707230091 ---
--- No histograms for 1481 images ---
TP: 4 FP: 6 TN 1467 FN: 230
--- kfold: 0, accuracy: 0.861745752783, exp_mean*coverage: 0.00621449597001
----- Fold: 1
Testing with 361 pos 1372 neg
Training with 1150 pos 5591 neg
--- Gather features---
--- Train BOW---
--- Make hists---
--- No histograms for 5552 images ---
--- Fit model---
--- Overall training model took 27.8297359943 ---
--- No histograms for 1411 images ---
TP: 10 FP: 4 TN 1368 FN: 351
--- kfold: 1, accuracy: 0.795152914022, exp_mean*coverage: 0.0125518541177
----- Fold: 2
Testing with 292 pos 1569 neg
Training with 1219 pos 5394 neg
--- Gather features---
--- Train BOW---
--- Make hists---
--- No histograms for 5455 images ---
--- Fit model---
--- Overall training model took 26.0757730007 ---
--- No histograms for 1508 images ---
TP: 4 FP: 13 TN 1556 FN: 288
--- kfold: 2, accuracy: 0.838259000537, exp_mean*coverage: 0.00748536225694
----- Fold: 3
Testing with 321 pos 1174 neg
Training with 1190 pos 5789 neg
--- Gather features---
--- Train BOW---
--- Make hists---
--- No histograms for 5728 images ---
--- Fit model---
--- Overall training model took 29.0251820087 ---
--- No histograms for 1235 images ---
TP: 7 FP: 5 TN 1169 FN: 314
--- kfold: 3, accuracy: 0.786622073579, exp_mean*coverage: 0.00979564721736
----- Fold: 4
Testing with 303 pos 1375 neg
Training with 1208 pos 5588 neg
--- Gather features---
--- Train BOW---
--- Make hists---
--- No histograms for 5635 images ---
--- Fit model---
--- Overall training model took 25.6950960159 ---
--- No histograms for 1328 images ---
TP: 16 FP: 13 TN 1362 FN: 287
--- kfold: 4, accuracy: 0.821215733015, exp_mean*coverage: 0.0225977042227
----- Overall exp mean: 0.0117290127569
----- Overall kfold took 174.593878031 ---
Got result -0.011729

Job file reloaded.
Completed successfully in 174.95 seconds. [-0.011729]
setting job 20027 complete
set...
