Running in wrapper mode for '20024'

Running python job.

{u'nfeatures': array([10]), u'bow_size': array([550]), u'svm_gamma': array([ 3.]), u'edgeThreshold': array([ 50.]), u'svm_C': array([-0.31076534]), u'sigma': array([ 0.9]), u'contrastThreshold': array([ 0.1])}
----- Fold: 0
Testing with 234 pos 1473 neg
Training with 1277 pos 5490 neg
--- Gather features---
--- Train BOW---
--- Make hists---
--- No histograms for 5479 images ---
--- Fit model---
/usr/local/lib/python2.7/dist-packages/sklearn/svm/base.py:176: FutureWarning: elementwise comparison failed; returning scalar instead, but in the future will perform elementwise comparison
  (self.gamma == 'auto')):
/usr/local/lib/python2.7/dist-packages/sklearn/svm/base.py:179: FutureWarning: elementwise comparison failed; returning scalar instead, but in the future will perform elementwise comparison
  elif self.gamma == 'auto':
--- Overall training model took 42.4349751472 ---
--- No histograms for 1481 images ---
TP: 3 FP: 0 TN 1473 FN: 231
--- kfold: 0, accuracy: 0.86467486819, exp_mean*coverage: 0.00504433552462
----- Fold: 1
Testing with 361 pos 1372 neg
Training with 1150 pos 5591 neg
--- Gather features---
--- Train BOW---
--- Make hists---
--- No histograms for 5549 images ---
--- Fit model---
--- Overall training model took 42.9602861404 ---
--- No histograms for 1411 images ---
TP: 1 FP: 1 TN 1371 FN: 360
--- kfold: 1, accuracy: 0.791690709752, exp_mean*coverage: 0.00224064347625
----- Fold: 2
Testing with 292 pos 1569 neg
Training with 1219 pos 5394 neg
--- Gather features---
--- Train BOW---
--- Make hists---
--- No histograms for 5455 images ---
--- Fit model---
--- Overall training model took 39.5860130787 ---
--- No histograms for 1505 images ---
TP: 1 FP: 5 TN 1564 FN: 291
--- kfold: 2, accuracy: 0.840945728103, exp_mean*coverage: 0.0026930266132
----- Fold: 3
Testing with 321 pos 1174 neg
Training with 1190 pos 5789 neg
--- Gather features---
--- Train BOW---
--- Make hists---
--- No histograms for 5725 images ---
--- Fit model---
--- Overall training model took 38.3011300564 ---
--- No histograms for 1235 images ---
TP: 2 FP: 2 TN 1172 FN: 319
--- kfold: 3, accuracy: 0.785284280936, exp_mean*coverage: 0.00384529823495
----- Fold: 4
Testing with 303 pos 1375 neg
Training with 1208 pos 5588 neg
--- Gather features---
--- Train BOW---
--- Make hists---
--- No histograms for 5632 images ---
--- Fit model---
--- Overall training model took 41.5629169941 ---
--- No histograms for 1328 images ---
TP: 2 FP: 2 TN 1373 FN: 301
--- kfold: 4, accuracy: 0.819427890346, exp_mean*coverage: 0.00481792828919
----- Overall exp mean: 0.00372824642764
----- Overall kfold took 243.384922028 ---
Got result -0.003728

Job file reloaded.
Completed successfully in 243.70 seconds. [-0.003728]
setting job 20024 complete
set...
