Running in wrapper mode for '20061'

Running python job.

{u'nfeatures': array([42]), u'bow_size': array([100]), u'svm_gamma': array([ 0.11441089]), u'edgeThreshold': array([ 50.]), u'svm_C': array([ 3.]), u'sigma': array([ 0.9]), u'contrastThreshold': array([ 0.01976385])}
----- Fold: 0
Testing with 234 pos 1473 neg
Training with 1277 pos 5490 neg
--- Gather features---
--- Train BOW---
--- Make hists---
--- No histograms for 356 images ---
--- Fit model---
/usr/local/lib/python2.7/dist-packages/sklearn/svm/base.py:176: FutureWarning: elementwise comparison failed; returning scalar instead, but in the future will perform elementwise comparison
  (self.gamma == 'auto')):
/usr/local/lib/python2.7/dist-packages/sklearn/svm/base.py:179: FutureWarning: elementwise comparison failed; returning scalar instead, but in the future will perform elementwise comparison
  elif self.gamma == 'auto':
--- Overall training model took 271.443332195 ---
--- No histograms for 172 images ---
TP: 95 FP: 176 TN 1297 FN: 139
--- kfold: 0, accuracy: 0.81546572935, exp_mean*coverage: 0.366054559563
----- Fold: 1
Testing with 361 pos 1372 neg
Training with 1150 pos 5591 neg
--- Gather features---
--- Train BOW---
--- Make hists---
--- No histograms for 414 images ---
--- Fit model---
--- Overall training model took 264.799592972 ---
--- No histograms for 114 images ---
TP: 146 FP: 145 TN 1227 FN: 215
--- kfold: 1, accuracy: 0.792267743797, exp_mean*coverage: 0.389664477298
----- Fold: 2
Testing with 292 pos 1569 neg
Training with 1219 pos 5394 neg
--- Gather features---
--- Train BOW---
--- Make hists---
--- No histograms for 406 images ---
--- Fit model---
--- Overall training model took 244.748230934 ---
--- No histograms for 122 images ---
TP: 98 FP: 190 TN 1379 FN: 194
--- kfold: 2, accuracy: 0.793659322945, exp_mean*coverage: 0.328725157091
----- Fold: 3
Testing with 321 pos 1174 neg
Training with 1190 pos 5789 neg
--- Gather features---
--- Train BOW---
--- Make hists---
--- No histograms for 462 images ---
--- Fit model---
--- Overall training model took 199.650662899 ---
--- No histograms for 66 images ---
TP: 153 FP: 127 TN 1047 FN: 168
--- kfold: 3, accuracy: 0.802675585284, exp_mean*coverage: 0.448764359478
----- Fold: 4
Testing with 303 pos 1375 neg
Training with 1208 pos 5588 neg
--- Gather features---
--- Train BOW---
--- Make hists---
--- No histograms for 474 images ---
--- Fit model---
--- Overall training model took 229.220541 ---
--- No histograms for 54 images ---
TP: 104 FP: 162 TN 1213 FN: 199
--- kfold: 4, accuracy: 0.784862932062, exp_mean*coverage: 0.34850882611
----- Overall exp mean: 0.376343475908
----- Overall kfold took 1280.47464609 ---
Got result -0.376343

Job file reloaded.
Completed successfully in 1280.74 seconds. [-0.376343]
setting job 20061 complete
set...
