Running in wrapper mode for '20069'

Running python job.

{u'nfeatures': array([43]), u'bow_size': array([775]), u'svm_gamma': array([ 0.20037524]), u'edgeThreshold': array([ 50.]), u'svm_C': array([ 3.]), u'sigma': array([ 0.79330362]), u'contrastThreshold': array([ 0.0133585])}
----- Fold: 0
Testing with 234 pos 1473 neg
Training with 1277 pos 5490 neg
--- Gather features---
--- Train BOW---
--- Make hists---
--- No histograms for 162 images ---
--- Fit model---
/usr/local/lib/python2.7/dist-packages/sklearn/svm/base.py:176: FutureWarning: elementwise comparison failed; returning scalar instead, but in the future will perform elementwise comparison
  (self.gamma == 'auto')):
/usr/local/lib/python2.7/dist-packages/sklearn/svm/base.py:179: FutureWarning: elementwise comparison failed; returning scalar instead, but in the future will perform elementwise comparison
  elif self.gamma == 'auto':
--- Overall training model took 1760.59563303 ---
--- No histograms for 100 images ---
TP: 90 FP: 140 TN 1333 FN: 144
--- kfold: 0, accuracy: 0.833626244874, exp_mean*coverage: 0.386055993435
----- Fold: 1
Testing with 361 pos 1372 neg
Training with 1150 pos 5591 neg
--- Gather features---
--- Train BOW---
--- Make hists---
--- No histograms for 213 images ---
--- Fit model---
--- Overall training model took 1821.94221497 ---
--- No histograms for 49 images ---
TP: 141 FP: 111 TN 1261 FN: 220
--- kfold: 1, accuracy: 0.809001731102, exp_mean*coverage: 0.41419911261
----- Fold: 2
Testing with 292 pos 1569 neg
Training with 1219 pos 5394 neg
--- Gather features---
--- Train BOW---
--- Make hists---
--- No histograms for 198 images ---
--- Fit model---
--- Overall training model took 1778.65287089 ---
--- No histograms for 64 images ---
TP: 109 FP: 118 TN 1451 FN: 183
--- kfold: 2, accuracy: 0.838259000537, exp_mean*coverage: 0.402172396763
----- Fold: 3
Testing with 321 pos 1174 neg
Training with 1190 pos 5789 neg
--- Gather features---
--- Train BOW---
--- Make hists---
--- No histograms for 229 images ---
--- Fit model---
--- Overall training model took 1735.10606313 ---
--- No histograms for 33 images ---
TP: 157 FP: 85 TN 1089 FN: 164
--- kfold: 3, accuracy: 0.833444816054, exp_mean*coverage: 0.501454767834
----- Fold: 4
Testing with 303 pos 1375 neg
Training with 1208 pos 5588 neg
--- Gather features---
--- Train BOW---
--- Make hists---
--- No histograms for 246 images ---
--- Fit model---
--- Overall training model took 1709.35099292 ---
--- No histograms for 16 images ---
TP: 105 FP: 132 TN 1243 FN: 198
--- kfold: 4, accuracy: 0.803337306317, exp_mean*coverage: 0.374924498484
----- Overall exp mean: 0.415761353825
----- Overall kfold took 8947.65350699 ---
Got result -0.415761

Job file reloaded.
Completed successfully in 8947.91 seconds. [-0.415761]
setting job 20069 complete
set...
