Running in wrapper mode for '20047'

Running python job.

{u'nfeatures': array([50]), u'bow_size': array([100]), u'svm_gamma': array([ 1.01691739]), u'edgeThreshold': array([ 50.]), u'svm_C': array([ 3.]), u'sigma': array([ 0.9]), u'contrastThreshold': array([ 0.06321235])}
----- Fold: 0
Testing with 234 pos 1473 neg
Training with 1277 pos 5490 neg
--- Gather features---
--- Train BOW---
--- Make hists---
--- No histograms for 3916 images ---
--- Fit model---
/usr/local/lib/python2.7/dist-packages/sklearn/svm/base.py:176: FutureWarning: elementwise comparison failed; returning scalar instead, but in the future will perform elementwise comparison
  (self.gamma == 'auto')):
/usr/local/lib/python2.7/dist-packages/sklearn/svm/base.py:179: FutureWarning: elementwise comparison failed; returning scalar instead, but in the future will perform elementwise comparison
  elif self.gamma == 'auto':
--- Overall training model took 69.2676100731 ---
--- No histograms for 1122 images ---
TP: 30 FP: 36 TN 1437 FN: 204
--- kfold: 0, accuracy: 0.859402460457, exp_mean*coverage: 0.0703146679491
----- Fold: 1
Testing with 361 pos 1372 neg
Training with 1150 pos 5591 neg
--- Gather features---
--- Train BOW---
--- Make hists---
--- No histograms for 4042 images ---
--- Fit model---
--- Overall training model took 64.0895578861 ---
--- No histograms for 996 images ---
TP: 36 FP: 58 TN 1314 FN: 325
--- kfold: 1, accuracy: 0.778995960762, exp_mean*coverage: 0.0699741438593
----- Fold: 2
Testing with 292 pos 1569 neg
Training with 1219 pos 5394 neg
--- Gather features---
--- Train BOW---
--- Make hists---
--- No histograms for 3905 images ---
--- Fit model---
--- Overall training model took 66.1421279907 ---
--- No histograms for 1133 images ---
TP: 18 FP: 32 TN 1537 FN: 274
--- kfold: 2, accuracy: 0.835572272972, exp_mean*coverage: 0.0466811303115
----- Fold: 3
Testing with 321 pos 1174 neg
Training with 1190 pos 5789 neg
--- Gather features---
--- Train BOW---
--- Make hists---
--- No histograms for 4168 images ---
--- Fit model---
--- Overall training model took 73.6958949566 ---
--- No histograms for 870 images ---
TP: 43 FP: 18 TN 1156 FN: 278
--- kfold: 3, accuracy: 0.802006688963, exp_mean*coverage: 0.0900986807816
----- Fold: 4
Testing with 303 pos 1375 neg
Training with 1208 pos 5588 neg
--- Gather features---
--- Train BOW---
--- Make hists---
--- No histograms for 4121 images ---
--- Fit model---
--- Overall training model took 65.8623170853 ---
--- No histograms for 917 images ---
TP: 34 FP: 50 TN 1325 FN: 269
--- kfold: 4, accuracy: 0.80989272944, exp_mean*coverage: 0.0824077358107
----- Overall exp mean: 0.0718952717424
----- Overall kfold took 380.955395937 ---
Got result -0.071895

Job file reloaded.
Completed successfully in 381.31 seconds. [-0.071895]
setting job 20047 complete
set...
