Running in wrapper mode for '20033'

Running python job.

{u'nfeatures': array([36]), u'bow_size': array([100]), u'svm_gamma': array([-0.55684075]), u'edgeThreshold': array([ 50.]), u'svm_C': array([ 3.]), u'sigma': array([ 0.9]), u'contrastThreshold': array([ 0.1])}
----- Fold: 0
Testing with 234 pos 1473 neg
Training with 1277 pos 5490 neg
--- Gather features---
--- Train BOW---
--- Make hists---
--- No histograms for 5479 images ---
--- Fit model---
/usr/local/lib/python2.7/dist-packages/sklearn/svm/base.py:176: FutureWarning: elementwise comparison failed; returning scalar instead, but in the future will perform elementwise comparison
  (self.gamma == 'auto')):
/usr/local/lib/python2.7/dist-packages/sklearn/svm/base.py:179: FutureWarning: elementwise comparison failed; returning scalar instead, but in the future will perform elementwise comparison
  elif self.gamma == 'auto':
--- Overall training model took 36.9193799496 ---
--- No histograms for 1481 images ---
TP: 15 FP: 17 TN 1456 FN: 219
--- kfold: 0, accuracy: 0.861745752783, exp_mean*coverage: 0.0165275724081
----- Fold: 1
Testing with 361 pos 1372 neg
Training with 1150 pos 5591 neg
--- Gather features---
--- Train BOW---
--- Make hists---
--- No histograms for 5549 images ---
--- Fit model---
--- Overall training model took 29.4109039307 ---
--- No histograms for 1411 images ---
TP: 20 FP: 38 TN 1334 FN: 341
--- kfold: 1, accuracy: 0.781304096942, exp_mean*coverage: 0.0202000484528
----- Fold: 2
Testing with 292 pos 1569 neg
Training with 1219 pos 5394 neg
--- Gather features---
--- Train BOW---
--- Make hists---
--- No histograms for 5455 images ---
--- Fit model---
--- Overall training model took 27.8710827827 ---
--- No histograms for 1505 images ---
TP: 3 FP: 15 TN 1554 FN: 289
--- kfold: 2, accuracy: 0.836646963998, exp_mean*coverage: 0.00607024963243
----- Fold: 3
Testing with 321 pos 1174 neg
Training with 1190 pos 5789 neg
--- Gather features---
--- Train BOW---
--- Make hists---
--- No histograms for 5725 images ---
--- Fit model---
--- Overall training model took 27.7618660927 ---
--- No histograms for 1235 images ---
TP: 16 FP: 17 TN 1157 FN: 305
--- kfold: 3, accuracy: 0.784615384615, exp_mean*coverage: 0.0178837082615
----- Fold: 4
Testing with 303 pos 1375 neg
Training with 1208 pos 5588 neg
--- Gather features---
--- Train BOW---
--- Make hists---
--- No histograms for 5632 images ---
--- Fit model---
--- Overall training model took 26.1391069889 ---
--- No histograms for 1328 images ---
TP: 22 FP: 17 TN 1358 FN: 281
--- kfold: 4, accuracy: 0.822407628129, exp_mean*coverage: 0.0285467060269
----- Overall exp mean: 0.0178456569563
----- Overall kfold took 180.210866928 ---
Got result -0.017846

Job file reloaded.
Completed successfully in 180.47 seconds. [-0.017846]
setting job 20033 complete
set...
