Running in wrapper mode for '20057'

Running python job.

{u'nfeatures': array([50]), u'bow_size': array([100]), u'svm_gamma': array([ 0.2001219]), u'edgeThreshold': array([ 50.]), u'svm_C': array([ 3.]), u'sigma': array([ 0.9]), u'contrastThreshold': array([ 0.02274214])}
----- Fold: 0
Testing with 234 pos 1473 neg
Training with 1277 pos 5490 neg
--- Gather features---
--- Train BOW---
--- Make hists---
--- No histograms for 552 images ---
--- Fit model---
/usr/local/lib/python2.7/dist-packages/sklearn/svm/base.py:176: FutureWarning: elementwise comparison failed; returning scalar instead, but in the future will perform elementwise comparison
  (self.gamma == 'auto')):
/usr/local/lib/python2.7/dist-packages/sklearn/svm/base.py:179: FutureWarning: elementwise comparison failed; returning scalar instead, but in the future will perform elementwise comparison
  elif self.gamma == 'auto':
--- Overall training model took 275.434550047 ---
--- No histograms for 230 images ---
TP: 91 FP: 187 TN 1286 FN: 143
--- kfold: 0, accuracy: 0.806678383128, exp_mean*coverage: 0.33599515381
----- Fold: 1
Testing with 361 pos 1372 neg
Training with 1150 pos 5591 neg
--- Gather features---
--- Train BOW---
--- Make hists---
--- No histograms for 605 images ---
--- Fit model---
--- Overall training model took 201.653068066 ---
--- No histograms for 177 images ---
TP: 141 FP: 179 TN 1193 FN: 220
--- kfold: 1, accuracy: 0.769763416042, exp_mean*coverage: 0.347332997658
----- Fold: 2
Testing with 292 pos 1569 neg
Training with 1219 pos 5394 neg
--- Gather features---
--- Train BOW---
--- Make hists---
--- No histograms for 605 images ---
--- Fit model---
--- Overall training model took 258.369915009 ---
--- No histograms for 177 images ---
TP: 114 FP: 183 TN 1386 FN: 178
--- kfold: 2, accuracy: 0.806018269747, exp_mean*coverage: 0.359735017893
----- Fold: 3
Testing with 321 pos 1174 neg
Training with 1190 pos 5789 neg
--- Gather features---
--- Train BOW---
--- Make hists---
--- No histograms for 694 images ---
--- Fit model---
--- Overall training model took 254.291177988 ---
--- No histograms for 88 images ---
TP: 164 FP: 111 TN 1063 FN: 157
--- kfold: 3, accuracy: 0.820735785953, exp_mean*coverage: 0.47799247525
----- Fold: 4
Testing with 303 pos 1375 neg
Training with 1208 pos 5588 neg
--- Gather features---
--- Train BOW---
--- Make hists---
--- No histograms for 672 images ---
--- Fit model---
--- Overall training model took 210.674324989 ---
--- No histograms for 110 images ---
TP: 112 FP: 177 TN 1198 FN: 191
--- kfold: 4, accuracy: 0.780691299166, exp_mean*coverage: 0.348060994932
----- Overall exp mean: 0.373823327909
----- Overall kfold took 1268.07934499 ---
Got result -0.373823

Job file reloaded.
Completed successfully in 1268.34 seconds. [-0.373823]
setting job 20057 complete
set...
