Running in wrapper mode for '20071'

Running python job.

{u'nfeatures': array([46]), u'bow_size': array([614]), u'svm_gamma': array([ 0.13635001]), u'edgeThreshold': array([ 50.]), u'svm_C': array([ 2.96369115]), u'sigma': array([ 0.78831]), u'contrastThreshold': array([ 0.01371872])}
----- Fold: 0
Testing with 234 pos 1473 neg
Training with 1277 pos 5490 neg
--- Gather features---
--- Train BOW---
--- Make hists---
--- No histograms for 168 images ---
--- Fit model---
/usr/local/lib/python2.7/dist-packages/sklearn/svm/base.py:176: FutureWarning: elementwise comparison failed; returning scalar instead, but in the future will perform elementwise comparison
  (self.gamma == 'auto')):
/usr/local/lib/python2.7/dist-packages/sklearn/svm/base.py:179: FutureWarning: elementwise comparison failed; returning scalar instead, but in the future will perform elementwise comparison
  elif self.gamma == 'auto':
--- Overall training model took 1450.2597611 ---
--- No histograms for 106 images ---
TP: 94 FP: 135 TN 1338 FN: 140
--- kfold: 0, accuracy: 0.838898652607, exp_mean*coverage: 0.399977166514
----- Fold: 1
Testing with 361 pos 1372 neg
Training with 1150 pos 5591 neg
--- Gather features---
--- Train BOW---
--- Make hists---
--- No histograms for 224 images ---
--- Fit model---
--- Overall training model took 1410.29356194 ---
--- No histograms for 50 images ---
TP: 157 FP: 94 TN 1278 FN: 204
--- kfold: 1, accuracy: 0.828043854587, exp_mean*coverage: 0.459345208381
----- Fold: 2
Testing with 292 pos 1569 neg
Training with 1219 pos 5394 neg
--- Gather features---
--- Train BOW---
--- Make hists---
--- No histograms for 207 images ---
--- Fit model---
--- Overall training model took 1448.14888096 ---
--- No histograms for 67 images ---
TP: 110 FP: 98 TN 1471 FN: 182
--- kfold: 2, accuracy: 0.849543256314, exp_mean*coverage: 0.414062087079
----- Fold: 3
Testing with 321 pos 1174 neg
Training with 1190 pos 5789 neg
--- Gather features---
--- Train BOW---
--- Make hists---
--- No histograms for 240 images ---
--- Fit model---
--- Overall training model took 1505.46170402 ---
--- No histograms for 34 images ---
TP: 134 FP: 62 TN 1112 FN: 187
--- kfold: 3, accuracy: 0.833444816054, exp_mean*coverage: 0.461554570442
----- Fold: 4
Testing with 303 pos 1375 neg
Training with 1208 pos 5588 neg
--- Gather features---
--- Train BOW---
--- Make hists---
--- No histograms for 257 images ---
--- Fit model---
--- Overall training model took 1435.74744296 ---
--- No histograms for 17 images ---
TP: 93 FP: 141 TN 1234 FN: 210
--- kfold: 4, accuracy: 0.790822407628, exp_mean*coverage: 0.337776727417
----- Overall exp mean: 0.414543151967
----- Overall kfold took 7381.90323496 ---
Got result -0.414543

Job file reloaded.
Completed successfully in 7382.44 seconds. [-0.414543]
setting job 20071 complete
set...
