Running in wrapper mode for '20070'

Running python job.

{u'nfeatures': array([37]), u'bow_size': array([689]), u'svm_gamma': array([ 0.18423501]), u'edgeThreshold': array([ 50.]), u'svm_C': array([ 3.]), u'sigma': array([ 0.88634596]), u'contrastThreshold': array([ 0.01262649])}
----- Fold: 0
Testing with 234 pos 1473 neg
Training with 1277 pos 5490 neg
--- Gather features---
--- Train BOW---
--- Make hists---
--- No histograms for 98 images ---
--- Fit model---
/usr/local/lib/python2.7/dist-packages/sklearn/svm/base.py:176: FutureWarning: elementwise comparison failed; returning scalar instead, but in the future will perform elementwise comparison
  (self.gamma == 'auto')):
/usr/local/lib/python2.7/dist-packages/sklearn/svm/base.py:179: FutureWarning: elementwise comparison failed; returning scalar instead, but in the future will perform elementwise comparison
  elif self.gamma == 'auto':
--- Overall training model took 1448.0436101 ---
--- No histograms for 82 images ---
TP: 76 FP: 124 TN 1349 FN: 158
--- kfold: 0, accuracy: 0.834797891037, exp_mean*coverage: 0.351143190073
----- Fold: 1
Testing with 361 pos 1372 neg
Training with 1150 pos 5591 neg
--- Gather features---
--- Train BOW---
--- Make hists---
--- No histograms for 151 images ---
--- Fit model---
--- Overall training model took 1409.07907987 ---
--- No histograms for 29 images ---
TP: 140 FP: 106 TN 1266 FN: 221
--- kfold: 1, accuracy: 0.811309867282, exp_mean*coverage: 0.419784059535
----- Fold: 2
Testing with 292 pos 1569 neg
Training with 1219 pos 5394 neg
--- Gather features---
--- Train BOW---
--- Make hists---
--- No histograms for 147 images ---
--- Fit model---
--- Overall training model took 1389.2694118 ---
--- No histograms for 33 images ---
TP: 97 FP: 114 TN 1455 FN: 195
--- kfold: 2, accuracy: 0.833960236432, exp_mean*coverage: 0.376653118406
----- Fold: 3
Testing with 321 pos 1174 neg
Training with 1190 pos 5789 neg
--- Gather features---
--- Train BOW---
--- Make hists---
--- No histograms for 151 images ---
--- Fit model---
--- Overall training model took 1450.43772721 ---
--- No histograms for 29 images ---
TP: 141 FP: 68 TN 1106 FN: 180
--- kfold: 3, accuracy: 0.834113712375, exp_mean*coverage: 0.476629194713
----- Fold: 4
Testing with 303 pos 1375 neg
Training with 1208 pos 5588 neg
--- Gather features---
--- Train BOW---
--- Make hists---
--- No histograms for 173 images ---
--- Fit model---
--- Overall training model took 1402.45245314 ---
--- No histograms for 7 images ---
TP: 89 FP: 147 TN 1228 FN: 214
--- kfold: 4, accuracy: 0.784862932062, exp_mean*coverage: 0.325996132004
----- Overall exp mean: 0.390041138946
----- Overall kfold took 7234.89043999 ---
Got result -0.390041

Job file reloaded.
Completed successfully in 7235.18 seconds. [-0.390041]
setting job 20070 complete
set...
