Running in wrapper mode for '20015'

Running python job.

{u'nfeatures': array([10]), u'bow_size': array([1500]), u'svm_gamma': array([ 3.]), u'edgeThreshold': array([ 50.]), u'svm_C': array([ 3.]), u'sigma': array([ 0.9]), u'contrastThreshold': array([ 0.1])}
----- Fold: 0
Testing with 234 pos 1473 neg
Training with 1277 pos 5490 neg
--- Gather features---
--- Train BOW---
--- Make hists---
--- No histograms for 5479 images ---
--- Fit model---
/usr/local/lib/python2.7/dist-packages/sklearn/svm/base.py:176: FutureWarning: elementwise comparison failed; returning scalar instead, but in the future will perform elementwise comparison
  (self.gamma == 'auto')):
/usr/local/lib/python2.7/dist-packages/sklearn/svm/base.py:179: FutureWarning: elementwise comparison failed; returning scalar instead, but in the future will perform elementwise comparison
  elif self.gamma == 'auto':
--- Overall training model took 69.2122118473 ---
--- No histograms for 1481 images ---
TP: 4 FP: 1 TN 1472 FN: 230
--- kfold: 0, accuracy: 0.86467486819, exp_mean*coverage: 0.00625161002596
----- Fold: 1
Testing with 361 pos 1372 neg
Training with 1150 pos 5591 neg
--- Gather features---
--- Train BOW---
--- Make hists---
--- No histograms for 5549 images ---
--- Fit model---
--- Overall training model took 55.5400719643 ---
--- No histograms for 1411 images ---
TP: 4 FP: 3 TN 1369 FN: 357
--- kfold: 1, accuracy: 0.792267743797, exp_mean*coverage: 0.00632132676095
----- Fold: 2
Testing with 292 pos 1569 neg
Training with 1219 pos 5394 neg
--- Gather features---
--- Train BOW---
--- Make hists---
--- No histograms for 5455 images ---
--- Fit model---
--- Overall training model took 66.7221901417 ---
--- No histograms for 1505 images ---
TP: 4 FP: 6 TN 1563 FN: 288
--- kfold: 2, accuracy: 0.84202041913, exp_mean*coverage: 0.00760850867299
----- Fold: 3
Testing with 321 pos 1174 neg
Training with 1190 pos 5789 neg
--- Gather features---
--- Train BOW---
--- Make hists---
--- No histograms for 5725 images ---
--- Fit model---
--- Overall training model took 67.7626769543 ---
--- No histograms for 1235 images ---
TP: 3 FP: 3 TN 1171 FN: 318
--- kfold: 3, accuracy: 0.785284280936, exp_mean*coverage: 0.00520414895775
----- Fold: 4
Testing with 303 pos 1375 neg
Training with 1208 pos 5588 neg
--- Gather features---
--- Train BOW---
--- Make hists---
--- No histograms for 5632 images ---
--- Fit model---
--- Overall training model took 59.5587770939 ---
--- No histograms for 1328 images ---
TP: 6 FP: 8 TN 1367 FN: 297
--- kfold: 4, accuracy: 0.818235995232, exp_mean*coverage: 0.0108986506808
----- Overall exp mean: 0.00725684901968
----- Overall kfold took 362.201734066 ---
Got result -0.007257

Job file reloaded.
Completed successfully in 362.47 seconds. [-0.007257]
setting job 20015 complete
set...
