Running in wrapper mode for '20058'

Running python job.

{u'nfeatures': array([50]), u'bow_size': array([100]), u'svm_gamma': array([ 0.01382526]), u'edgeThreshold': array([ 50.]), u'svm_C': array([ 3.]), u'sigma': array([ 0.9]), u'contrastThreshold': array([ 0.02191709])}
----- Fold: 0
Testing with 234 pos 1473 neg
Training with 1277 pos 5490 neg
--- Gather features---
--- Train BOW---
--- Make hists---
--- No histograms for 490 images ---
--- Fit model---
/usr/local/lib/python2.7/dist-packages/sklearn/svm/base.py:176: FutureWarning: elementwise comparison failed; returning scalar instead, but in the future will perform elementwise comparison
  (self.gamma == 'auto')):
/usr/local/lib/python2.7/dist-packages/sklearn/svm/base.py:179: FutureWarning: elementwise comparison failed; returning scalar instead, but in the future will perform elementwise comparison
  elif self.gamma == 'auto':
--- Overall training model took 261.133274078 ---
--- No histograms for 217 images ---
TP: 84 FP: 148 TN 1325 FN: 150
--- kfold: 0, accuracy: 0.825424721734, exp_mean*coverage: 0.336335956569
----- Fold: 1
Testing with 361 pos 1372 neg
Training with 1150 pos 5591 neg
--- Gather features---
--- Train BOW---
--- Make hists---
--- No histograms for 550 images ---
--- Fit model---
--- Overall training model took 251.831703186 ---
--- No histograms for 157 images ---
TP: 144 FP: 121 TN 1251 FN: 217
--- kfold: 1, accuracy: 0.804962492787, exp_mean*coverage: 0.388355728037
----- Fold: 2
Testing with 292 pos 1569 neg
Training with 1219 pos 5394 neg
--- Gather features---
--- Train BOW---
--- Make hists---
--- No histograms for 550 images ---
--- Fit model---
--- Overall training model took 243.178411007 ---
--- No histograms for 157 images ---
TP: 101 FP: 152 TN 1417 FN: 191
--- kfold: 2, accuracy: 0.815690488984, exp_mean*coverage: 0.345528755305
----- Fold: 3
Testing with 321 pos 1174 neg
Training with 1190 pos 5789 neg
--- Gather features---
--- Train BOW---
--- Make hists---
--- No histograms for 627 images ---
--- Fit model---
--- Overall training model took 239.092710018 ---
--- No histograms for 80 images ---
TP: 148 FP: 115 TN 1059 FN: 173
--- kfold: 3, accuracy: 0.807357859532, exp_mean*coverage: 0.442162105928
----- Fold: 4
Testing with 303 pos 1375 neg
Training with 1208 pos 5588 neg
--- Gather features---
--- Train BOW---
--- Make hists---
--- No histograms for 611 images ---
--- Fit model---
--- Overall training model took 216.351494789 ---
--- No histograms for 96 images ---
TP: 95 FP: 139 TN 1236 FN: 208
--- kfold: 4, accuracy: 0.793206197855, exp_mean*coverage: 0.327814271869
----- Overall exp mean: 0.368039363542
----- Overall kfold took 1282.20785403 ---
Got result -0.368039

Job file reloaded.
Completed successfully in 1282.53 seconds. [-0.368039]
setting job 20058 complete
set...
