Running in wrapper mode for '20059'

Running python job.

{u'nfeatures': array([50]), u'bow_size': array([100]), u'svm_gamma': array([ 0.16348532]), u'edgeThreshold': array([ 50.]), u'svm_C': array([ 3.]), u'sigma': array([ 0.9]), u'contrastThreshold': array([ 0.01626762])}
----- Fold: 0
Testing with 234 pos 1473 neg
Training with 1277 pos 5490 neg
--- Gather features---
--- Train BOW---
--- Make hists---
--- No histograms for 206 images ---
--- Fit model---
/usr/local/lib/python2.7/dist-packages/sklearn/svm/base.py:176: FutureWarning: elementwise comparison failed; returning scalar instead, but in the future will perform elementwise comparison
  (self.gamma == 'auto')):
/usr/local/lib/python2.7/dist-packages/sklearn/svm/base.py:179: FutureWarning: elementwise comparison failed; returning scalar instead, but in the future will perform elementwise comparison
  elif self.gamma == 'auto':
--- Overall training model took 283.590436935 ---
--- No histograms for 118 images ---
TP: 78 FP: 186 TN 1287 FN: 156
--- kfold: 0, accuracy: 0.799648506151, exp_mean*coverage: 0.322446067827
----- Fold: 1
Testing with 361 pos 1372 neg
Training with 1150 pos 5591 neg
--- Gather features---
--- Train BOW---
--- Make hists---
--- No histograms for 259 images ---
--- Fit model---
--- Overall training model took 290.832766056 ---
--- No histograms for 65 images ---
TP: 146 FP: 148 TN 1224 FN: 215
--- kfold: 1, accuracy: 0.790536641662, exp_mean*coverage: 0.399741750796
----- Fold: 2
Testing with 292 pos 1569 neg
Training with 1219 pos 5394 neg
--- Gather features---
--- Train BOW---
--- Make hists---
--- No histograms for 253 images ---
--- Fit model---
--- Overall training model took 298.548505068 ---
--- No histograms for 71 images ---
TP: 92 FP: 198 TN 1371 FN: 200
--- kfold: 2, accuracy: 0.78613648576, exp_mean*coverage: 0.319437416206
----- Fold: 3
Testing with 321 pos 1174 neg
Training with 1190 pos 5789 neg
--- Gather features---
--- Train BOW---
--- Make hists---
--- No histograms for 278 images ---
--- Fit model---
--- Overall training model took 318.282980204 ---
--- No histograms for 46 images ---
TP: 142 FP: 129 TN 1045 FN: 179
--- kfold: 3, accuracy: 0.79397993311, exp_mean*coverage: 0.428843681334
----- Fold: 4
Testing with 303 pos 1375 neg
Training with 1208 pos 5588 neg
--- Gather features---
--- Train BOW---
--- Make hists---
--- No histograms for 300 images ---
--- Fit model---
--- Overall training model took 299.910405874 ---
--- No histograms for 24 images ---
TP: 100 FP: 167 TN 1208 FN: 203
--- kfold: 4, accuracy: 0.779499404052, exp_mean*coverage: 0.342175563046
----- Overall exp mean: 0.362528895842
----- Overall kfold took 1564.44452095 ---
Got result -0.362529

Job file reloaded.
Completed successfully in 1564.72 seconds. [-0.362529]
setting job 20059 complete
set...
