Running in wrapper mode for '20053'

Running python job.

{u'nfeatures': array([50]), u'bow_size': array([100]), u'svm_gamma': array([ 0.19741078]), u'edgeThreshold': array([ 50.]), u'svm_C': array([ 3.]), u'sigma': array([ 0.9]), u'contrastThreshold': array([ 0.04227523])}
----- Fold: 0
Testing with 234 pos 1473 neg
Training with 1277 pos 5490 neg
--- Gather features---
--- Train BOW---
--- Make hists---
--- No histograms for 2436 images ---
--- Fit model---
/usr/local/lib/python2.7/dist-packages/sklearn/svm/base.py:176: FutureWarning: elementwise comparison failed; returning scalar instead, but in the future will perform elementwise comparison
  (self.gamma == 'auto')):
/usr/local/lib/python2.7/dist-packages/sklearn/svm/base.py:179: FutureWarning: elementwise comparison failed; returning scalar instead, but in the future will perform elementwise comparison
  elif self.gamma == 'auto':
--- Overall training model took 103.495078087 ---
--- No histograms for 723 images ---
TP: 68 FP: 120 TN 1353 FN: 166
--- kfold: 0, accuracy: 0.832454598711, exp_mean*coverage: 0.196629061275
----- Fold: 1
Testing with 361 pos 1372 neg
Training with 1150 pos 5591 neg
--- Gather features---
--- Train BOW---
--- Make hists---
--- No histograms for 2524 images ---
--- Fit model---
--- Overall training model took 85.4820330143 ---
--- No histograms for 635 images ---
TP: 98 FP: 107 TN 1265 FN: 263
--- kfold: 1, accuracy: 0.786497403347, exp_mean*coverage: 0.206719600726
----- Fold: 2
Testing with 292 pos 1569 neg
Training with 1219 pos 5394 neg
--- Gather features---
--- Train BOW---
--- Make hists---
--- No histograms for 2431 images ---
--- Fit model---
--- Overall training model took 77.5732069016 ---
--- No histograms for 728 images ---
TP: 57 FP: 115 TN 1454 FN: 235
--- kfold: 2, accuracy: 0.811929070392, exp_mean*coverage: 0.156494867971
----- Fold: 3
Testing with 321 pos 1174 neg
Training with 1190 pos 5789 neg
--- Gather features---
--- Train BOW---
--- Make hists---
--- No histograms for 2659 images ---
--- Fit model---
--- Overall training model took 122.577632904 ---
--- No histograms for 500 images ---
TP: 116 FP: 72 TN 1102 FN: 205
--- kfold: 3, accuracy: 0.814715719064, exp_mean*coverage: 0.277680400155
----- Fold: 4
Testing with 303 pos 1375 neg
Training with 1208 pos 5588 neg
--- Gather features---
--- Train BOW---
--- Make hists---
--- No histograms for 2586 images ---
--- Fit model---
--- Overall training model took 102.770192862 ---
--- No histograms for 573 images ---
TP: 76 FP: 128 TN 1247 FN: 227
--- kfold: 4, accuracy: 0.788438617402, exp_mean*coverage: 0.196713930563
----- Overall exp mean: 0.206847572138
----- Overall kfold took 535.609400034 ---
Got result -0.206848

Job file reloaded.
Completed successfully in 535.98 seconds. [-0.206848]
setting job 20053 complete
set...
