Running in wrapper mode for '20049'

Running python job.

{u'nfeatures': array([50]), u'bow_size': array([100]), u'svm_gamma': array([ 0.18398745]), u'edgeThreshold': array([ 50.]), u'svm_C': array([ 3.]), u'sigma': array([ 0.9]), u'contrastThreshold': array([ 0.05639187])}
----- Fold: 0
Testing with 234 pos 1473 neg
Training with 1277 pos 5490 neg
--- Gather features---
--- Train BOW---
--- Make hists---
--- No histograms for 3510 images ---
--- Fit model---
/usr/local/lib/python2.7/dist-packages/sklearn/svm/base.py:176: FutureWarning: elementwise comparison failed; returning scalar instead, but in the future will perform elementwise comparison
  (self.gamma == 'auto')):
/usr/local/lib/python2.7/dist-packages/sklearn/svm/base.py:179: FutureWarning: elementwise comparison failed; returning scalar instead, but in the future will perform elementwise comparison
  elif self.gamma == 'auto':
--- Overall training model took 88.6982250214 ---
--- No histograms for 1032 images ---
TP: 55 FP: 77 TN 1396 FN: 179
--- kfold: 0, accuracy: 0.850029291154, exp_mean*coverage: 0.121513645665
----- Fold: 1
Testing with 361 pos 1372 neg
Training with 1150 pos 5591 neg
--- Gather features---
--- Train BOW---
--- Make hists---
--- No histograms for 3642 images ---
--- Fit model---
--- Overall training model took 84.1521310806 ---
--- No histograms for 900 images ---
TP: 72 FP: 108 TN 1264 FN: 289
--- kfold: 1, accuracy: 0.770917484132, exp_mean*coverage: 0.124280529267
----- Fold: 2
Testing with 292 pos 1569 neg
Training with 1219 pos 5394 neg
--- Gather features---
--- Train BOW---
--- Make hists---
--- No histograms for 3525 images ---
--- Fit model---
--- Overall training model took 88.8702559471 ---
--- No histograms for 1017 images ---
TP: 38 FP: 101 TN 1468 FN: 254
--- kfold: 2, accuracy: 0.809242342826, exp_mean*coverage: 0.0874635455094
----- Fold: 3
Testing with 321 pos 1174 neg
Training with 1190 pos 5789 neg
--- Gather features---
--- Train BOW---
--- Make hists---
--- No histograms for 3781 images ---
--- Fit model---
--- Overall training model took 80.8563711643 ---
--- No histograms for 761 images ---
TP: 73 FP: 64 TN 1110 FN: 248
--- kfold: 3, accuracy: 0.791304347826, exp_mean*coverage: 0.146576477746
----- Fold: 4
Testing with 303 pos 1375 neg
Training with 1208 pos 5588 neg
--- Gather features---
--- Train BOW---
--- Make hists---
--- No histograms for 3710 images ---
--- Fit model---
--- Overall training model took 79.4988281727 ---
--- No histograms for 832 images ---
TP: 71 FP: 97 TN 1278 FN: 232
--- kfold: 4, accuracy: 0.803933253874, exp_mean*coverage: 0.14939617182
----- Overall exp mean: 0.125846074001
----- Overall kfold took 461.878155947 ---
Got result -0.125846

Job file reloaded.
Completed successfully in 462.16 seconds. [-0.125846]
setting job 20049 complete
set...
