Running in wrapper mode for '20009'

Running python job.

{u'nfeatures': array([10]), u'bow_size': array([100]), u'svm_gamma': array([ 3.]), u'edgeThreshold': array([ 50.]), u'svm_C': array([ 3.]), u'sigma': array([ 0.9]), u'contrastThreshold': array([ 0.1])}
----- Fold: 0
Testing with 234 pos 1473 neg
Training with 1277 pos 5490 neg
--- Gather features---
--- Train BOW---
--- Make hists---
--- No histograms for 5479 images ---
--- Fit model---
/usr/local/lib/python2.7/dist-packages/sklearn/svm/base.py:176: FutureWarning: elementwise comparison failed; returning scalar instead, but in the future will perform elementwise comparison
  (self.gamma == 'auto')):
/usr/local/lib/python2.7/dist-packages/sklearn/svm/base.py:179: FutureWarning: elementwise comparison failed; returning scalar instead, but in the future will perform elementwise comparison
  elif self.gamma == 'auto':
--- Overall training model took 34.6109819412 ---
--- No histograms for 1481 images ---
TP: 7 FP: 4 TN 1469 FN: 227
--- kfold: 0, accuracy: 0.86467486819, exp_mean*coverage: 0.00947806953733
----- Fold: 1
Testing with 361 pos 1372 neg
Training with 1150 pos 5591 neg
--- Gather features---
--- Train BOW---
--- Make hists---
--- No histograms for 5549 images ---
--- Fit model---
--- Overall training model took 27.2085289955 ---
--- No histograms for 1411 images ---
TP: 11 FP: 4 TN 1368 FN: 350
--- kfold: 1, accuracy: 0.795729948067, exp_mean*coverage: 0.0134819402149
----- Fold: 2
Testing with 292 pos 1569 neg
Training with 1219 pos 5394 neg
--- Gather features---
--- Train BOW---
--- Make hists---
--- No histograms for 5455 images ---
--- Fit model---
--- Overall training model took 31.9368999004 ---
--- No histograms for 1505 images ---
TP: 3 FP: 9 TN 1560 FN: 289
--- kfold: 2, accuracy: 0.839871037077, exp_mean*coverage: 0.00611132419851
----- Fold: 3
Testing with 321 pos 1174 neg
Training with 1190 pos 5789 neg
--- Gather features---
--- Train BOW---
--- Make hists---
--- No histograms for 5725 images ---
--- Fit model---
--- Overall training model took 29.2431001663 ---
--- No histograms for 1235 images ---
TP: 5 FP: 5 TN 1169 FN: 316
--- kfold: 3, accuracy: 0.785284280936, exp_mean*coverage: 0.00761091916219
----- Fold: 4
Testing with 303 pos 1375 neg
Training with 1208 pos 5588 neg
--- Gather features---
--- Train BOW---
--- Make hists---
--- No histograms for 5632 images ---
--- Fit model---
--- Overall training model took 25.6033771038 ---
--- No histograms for 1328 images ---
TP: 5 FP: 8 TN 1367 FN: 298
--- kfold: 4, accuracy: 0.817640047676, exp_mean*coverage: 0.00950575897872
----- Overall exp mean: 0.00923760241832
----- Overall kfold took 188.954653978 ---
Got result -0.009238

Job file reloaded.
Completed successfully in 189.21 seconds. [-0.009238]
setting job 20009 complete
set...
