Running in wrapper mode for '20041'

Running python job.

{u'nfeatures': array([50]), u'bow_size': array([100]), u'svm_gamma': array([-1.31164395]), u'edgeThreshold': array([ 50.]), u'svm_C': array([ 3.]), u'sigma': array([ 0.9]), u'contrastThreshold': array([ 0.07813436])}
----- Fold: 0
Testing with 234 pos 1473 neg
Training with 1277 pos 5490 neg
--- Gather features---
--- Train BOW---
--- Make hists---
--- No histograms for 4671 images ---
--- Fit model---
/usr/local/lib/python2.7/dist-packages/sklearn/svm/base.py:176: FutureWarning: elementwise comparison failed; returning scalar instead, but in the future will perform elementwise comparison
  (self.gamma == 'auto')):
/usr/local/lib/python2.7/dist-packages/sklearn/svm/base.py:179: FutureWarning: elementwise comparison failed; returning scalar instead, but in the future will perform elementwise comparison
  elif self.gamma == 'auto':
--- Overall training model took 49.1941139698 ---
--- No histograms for 1296 images ---
TP: 16 FP: 20 TN 1453 FN: 218
--- kfold: 0, accuracy: 0.86057410662, exp_mean*coverage: 0.0314337657745
----- Fold: 1
Testing with 361 pos 1372 neg
Training with 1150 pos 5591 neg
--- Gather features---
--- Train BOW---
--- Make hists---
--- No histograms for 4763 images ---
--- Fit model---
--- Overall training model took 47.7176370621 ---
--- No histograms for 1204 images ---
TP: 21 FP: 23 TN 1349 FN: 340
--- kfold: 1, accuracy: 0.790536641662, exp_mean*coverage: 0.0351028514313
----- Fold: 2
Testing with 292 pos 1569 neg
Training with 1219 pos 5394 neg
--- Gather features---
--- Train BOW---
--- Make hists---
--- No histograms for 4653 images ---
--- Fit model---
--- Overall training model took 48.218405962 ---
--- No histograms for 1314 images ---
TP: 8 FP: 22 TN 1547 FN: 284
--- kfold: 2, accuracy: 0.835572272972, exp_mean*coverage: 0.0193103080761
----- Fold: 3
Testing with 321 pos 1174 neg
Training with 1190 pos 5789 neg
--- Gather features---
--- Train BOW---
--- Make hists---
--- No histograms for 4923 images ---
--- Fit model---
--- Overall training model took 48.1721098423 ---
--- No histograms for 1044 images ---
TP: 18 FP: 6 TN 1168 FN: 303
--- kfold: 3, accuracy: 0.793311036789, exp_mean*coverage: 0.0344521840795
----- Fold: 4
Testing with 303 pos 1375 neg
Training with 1208 pos 5588 neg
--- Gather features---
--- Train BOW---
--- Make hists---
--- No histograms for 4858 images ---
--- Fit model---
--- Overall training model took 44.0428948402 ---
--- No histograms for 1109 images ---
TP: 32 FP: 24 TN 1351 FN: 271
--- kfold: 4, accuracy: 0.824195470799, exp_mean*coverage: 0.0609141181397
----- Overall exp mean: 0.0362426455002
----- Overall kfold took 274.857333899 ---
Got result -0.036243

Job file reloaded.
Completed successfully in 275.16 seconds. [-0.036243]
setting job 20041 complete
set...
