Running in wrapper mode for '20060'

Running python job.

{u'nfeatures': array([50]), u'bow_size': array([100]), u'svm_gamma': array([ 0.18630423]), u'edgeThreshold': array([ 50.]), u'svm_C': array([ 3.]), u'sigma': array([ 0.9]), u'contrastThreshold': array([ 0.01438572])}
----- Fold: 0
Testing with 234 pos 1473 neg
Training with 1277 pos 5490 neg
--- Gather features---
--- Train BOW---
--- Make hists---
--- No histograms for 148 images ---
--- Fit model---
/usr/local/lib/python2.7/dist-packages/sklearn/svm/base.py:176: FutureWarning: elementwise comparison failed; returning scalar instead, but in the future will perform elementwise comparison
  (self.gamma == 'auto')):
/usr/local/lib/python2.7/dist-packages/sklearn/svm/base.py:179: FutureWarning: elementwise comparison failed; returning scalar instead, but in the future will perform elementwise comparison
  elif self.gamma == 'auto':
--- Overall training model took 309.204485893 ---
--- No histograms for 91 images ---
TP: 78 FP: 179 TN 1294 FN: 156
--- kfold: 0, accuracy: 0.803749267721, exp_mean*coverage: 0.331052651702
----- Fold: 1
Testing with 361 pos 1372 neg
Training with 1150 pos 5591 neg
--- Gather features---
--- Train BOW---
--- Make hists---
--- No histograms for 193 images ---
--- Fit model---
--- Overall training model took 317.346662998 ---
--- No histograms for 46 images ---
TP: 163 FP: 149 TN 1223 FN: 198
--- kfold: 1, accuracy: 0.799769186382, exp_mean*coverage: 0.438483672672
----- Fold: 2
Testing with 292 pos 1569 neg
Training with 1219 pos 5394 neg
--- Gather features---
--- Train BOW---
--- Make hists---
--- No histograms for 184 images ---
--- Fit model---
--- Overall training model took 318.418306828 ---
--- No histograms for 55 images ---
TP: 104 FP: 187 TN 1382 FN: 188
--- kfold: 2, accuracy: 0.798495432563, exp_mean*coverage: 0.358309367858
----- Fold: 3
Testing with 321 pos 1174 neg
Training with 1190 pos 5789 neg
--- Gather features---
--- Train BOW---
--- Make hists---
--- No histograms for 205 images ---
--- Fit model---
--- Overall training model took 334.642888069 ---
--- No histograms for 34 images ---
TP: 146 FP: 106 TN 1068 FN: 175
--- kfold: 3, accuracy: 0.812040133779, exp_mean*coverage: 0.458643680015
----- Fold: 4
Testing with 303 pos 1375 neg
Training with 1208 pos 5588 neg
--- Gather features---
--- Train BOW---
--- Make hists---
--- No histograms for 226 images ---
--- Fit model---
--- Overall training model took 303.889849901 ---
--- No histograms for 13 images ---
TP: 107 FP: 157 TN 1218 FN: 196
--- kfold: 4, accuracy: 0.789630512515, exp_mean*coverage: 0.367647126546
----- Overall exp mean: 0.390827299759
----- Overall kfold took 1661.15851617 ---
Got result -0.390827

Job file reloaded.
Completed successfully in 1663.72 seconds. [-0.390827]
setting job 20060 complete
set...
