Running in wrapper mode for '20036'

Running python job.

{u'nfeatures': array([37]), u'bow_size': array([100]), u'svm_gamma': array([-0.70675262]), u'edgeThreshold': array([ 50.]), u'svm_C': array([ 1.20896076]), u'sigma': array([ 0.9]), u'contrastThreshold': array([ 0.1])}
----- Fold: 0
Testing with 234 pos 1473 neg
Training with 1277 pos 5490 neg
--- Gather features---
--- Train BOW---
--- Make hists---
--- No histograms for 5479 images ---
--- Fit model---
/usr/local/lib/python2.7/dist-packages/sklearn/svm/base.py:176: FutureWarning: elementwise comparison failed; returning scalar instead, but in the future will perform elementwise comparison
  (self.gamma == 'auto')):
/usr/local/lib/python2.7/dist-packages/sklearn/svm/base.py:179: FutureWarning: elementwise comparison failed; returning scalar instead, but in the future will perform elementwise comparison
  elif self.gamma == 'auto':
--- Overall training model took 32.3101511002 ---
--- No histograms for 1481 images ---
TP: 8 FP: 4 TN 1469 FN: 226
--- kfold: 0, accuracy: 0.865260691271, exp_mean*coverage: 0.0104764429142
----- Fold: 1
Testing with 361 pos 1372 neg
Training with 1150 pos 5591 neg
--- Gather features---
--- Train BOW---
--- Make hists---
--- No histograms for 5549 images ---
--- Fit model---
--- Overall training model took 28.6007111073 ---
--- No histograms for 1411 images ---
TP: 10 FP: 13 TN 1359 FN: 351
--- kfold: 1, accuracy: 0.789959607617, exp_mean*coverage: 0.0124076993602
----- Fold: 2
Testing with 292 pos 1569 neg
Training with 1219 pos 5394 neg
--- Gather features---
--- Train BOW---
--- Make hists---
--- No histograms for 5455 images ---
--- Fit model---
--- Overall training model took 36.6363110542 ---
--- No histograms for 1505 images ---
TP: 6 FP: 15 TN 1554 FN: 286
--- kfold: 2, accuracy: 0.838259000537, exp_mean*coverage: 0.0102089023112
----- Fold: 3
Testing with 321 pos 1174 neg
Training with 1190 pos 5789 neg
--- Gather features---
--- Train BOW---
--- Make hists---
--- No histograms for 5725 images ---
--- Fit model---
--- Overall training model took 34.793336153 ---
--- No histograms for 1235 images ---
TP: 12 FP: 3 TN 1171 FN: 309
--- kfold: 3, accuracy: 0.791304347826, exp_mean*coverage: 0.0147195560733
----- Fold: 4
Testing with 303 pos 1375 neg
Training with 1208 pos 5588 neg
--- Gather features---
--- Train BOW---
--- Make hists---
--- No histograms for 5632 images ---
--- Fit model---
--- Overall training model took 34.165719986 ---
--- No histograms for 1328 images ---
TP: 10 FP: 5 TN 1370 FN: 293
--- kfold: 4, accuracy: 0.822407628129, exp_mean*coverage: 0.0160481652326
----- Overall exp mean: 0.0127721531783
----- Overall kfold took 200.810358047 ---
Got result -0.012772

Job file reloaded.
Completed successfully in 201.18 seconds. [-0.012772]
setting job 20036 complete
set...
