Running in wrapper mode for '20030'

Running python job.

{u'nfeatures': array([50]), u'bow_size': array([100]), u'svm_gamma': array([ 0.21612582]), u'edgeThreshold': array([ 50.]), u'svm_C': array([ 3.]), u'sigma': array([ 0.88795284]), u'contrastThreshold': array([ 0.1])}
----- Fold: 0
Testing with 234 pos 1473 neg
Training with 1277 pos 5490 neg
--- Gather features---
--- Train BOW---
--- Make hists---
--- No histograms for 5483 images ---
--- Fit model---
/usr/local/lib/python2.7/dist-packages/sklearn/svm/base.py:176: FutureWarning: elementwise comparison failed; returning scalar instead, but in the future will perform elementwise comparison
  (self.gamma == 'auto')):
/usr/local/lib/python2.7/dist-packages/sklearn/svm/base.py:179: FutureWarning: elementwise comparison failed; returning scalar instead, but in the future will perform elementwise comparison
  elif self.gamma == 'auto':
--- Overall training model took 40.0647468567 ---
--- No histograms for 1481 images ---
TP: 19 FP: 15 TN 1458 FN: 215
--- kfold: 0, accuracy: 0.865260691271, exp_mean*coverage: 0.0197810383844
----- Fold: 1
Testing with 361 pos 1372 neg
Training with 1150 pos 5591 neg
--- Gather features---
--- Train BOW---
--- Make hists---
--- No histograms for 5553 images ---
--- Fit model---
--- Overall training model took 30.2217111588 ---
--- No histograms for 1411 images ---
TP: 7 FP: 27 TN 1345 FN: 354
--- kfold: 1, accuracy: 0.780150028852, exp_mean*coverage: 0.00932491196202
----- Fold: 2
Testing with 292 pos 1569 neg
Training with 1219 pos 5394 neg
--- Gather features---
--- Train BOW---
--- Make hists---
--- No histograms for 5455 images ---
--- Fit model---
--- Overall training model took 29.2318770885 ---
--- No histograms for 1509 images ---
TP: 5 FP: 38 TN 1531 FN: 287
--- kfold: 2, accuracy: 0.825362708221, exp_mean*coverage: 0.0085773491225
----- Fold: 3
Testing with 321 pos 1174 neg
Training with 1190 pos 5789 neg
--- Gather features---
--- Train BOW---
--- Make hists---
--- No histograms for 5731 images ---
--- Fit model---
--- Overall training model took 34.2052080631 ---
--- No histograms for 1233 images ---
TP: 13 FP: 28 TN 1146 FN: 308
--- kfold: 3, accuracy: 0.77525083612, exp_mean*coverage: 0.0151667577417
----- Fold: 4
Testing with 303 pos 1375 neg
Training with 1208 pos 5588 neg
--- Gather features---
--- Train BOW---
--- Make hists---
--- No histograms for 5634 images ---
--- Fit model---
--- Overall training model took 30.7583928108 ---
--- No histograms for 1330 images ---
TP: 17 FP: 24 TN 1351 FN: 286
--- kfold: 4, accuracy: 0.815256257449, exp_mean*coverage: 0.0231824400896
----- Overall exp mean: 0.01520649946
----- Overall kfold took 199.762709141 ---
Got result -0.015206

Job file reloaded.
Completed successfully in 200.17 seconds. [-0.015206]
setting job 20030 complete
set...
