Running in wrapper mode for '20066'

Running python job.

{u'nfeatures': array([43]), u'bow_size': array([100]), u'svm_gamma': array([ 0.02256345]), u'edgeThreshold': array([ 50.]), u'svm_C': array([ 2.8862667]), u'sigma': array([ 0.84983916]), u'contrastThreshold': array([ 0.01234539])}
----- Fold: 0
Testing with 234 pos 1473 neg
Training with 1277 pos 5490 neg
--- Gather features---
--- Train BOW---
--- Make hists---
--- No histograms for 112 images ---
--- Fit model---
/usr/local/lib/python2.7/dist-packages/sklearn/svm/base.py:176: FutureWarning: elementwise comparison failed; returning scalar instead, but in the future will perform elementwise comparison
  (self.gamma == 'auto')):
/usr/local/lib/python2.7/dist-packages/sklearn/svm/base.py:179: FutureWarning: elementwise comparison failed; returning scalar instead, but in the future will perform elementwise comparison
  elif self.gamma == 'auto':
--- Overall training model took 331.08977294 ---
--- No histograms for 81 images ---
TP: 70 FP: 137 TN 1336 FN: 164
--- kfold: 0, accuracy: 0.82366725249, exp_mean*coverage: 0.32479187162
----- Fold: 1
Testing with 361 pos 1372 neg
Training with 1150 pos 5591 neg
--- Gather features---
--- Train BOW---
--- Make hists---
--- No histograms for 157 images ---
--- Fit model---
--- Overall training model took 328.01235795 ---
--- No histograms for 36 images ---
TP: 130 FP: 117 TN 1255 FN: 231
--- kfold: 1, accuracy: 0.799192152337, exp_mean*coverage: 0.389463908274
----- Fold: 2
Testing with 292 pos 1569 neg
Training with 1219 pos 5394 neg
--- Gather features---
--- Train BOW---
--- Make hists---
--- No histograms for 152 images ---
--- Fit model---
--- Overall training model took 260.249806166 ---
--- No histograms for 41 images ---
TP: 97 FP: 128 TN 1441 FN: 195
--- kfold: 2, accuracy: 0.826437399248, exp_mean*coverage: 0.368713035642
----- Fold: 3
Testing with 321 pos 1174 neg
Training with 1190 pos 5789 neg
--- Gather features---
--- Train BOW---
--- Make hists---
--- No histograms for 165 images ---
--- Fit model---
--- Overall training model took 332.34355402 ---
--- No histograms for 28 images ---
TP: 128 FP: 85 TN 1089 FN: 193
--- kfold: 3, accuracy: 0.814046822742, exp_mean*coverage: 0.431715104923
----- Fold: 4
Testing with 303 pos 1375 neg
Training with 1208 pos 5588 neg
--- Gather features---
--- Train BOW---
--- Make hists---
--- No histograms for 186 images ---
--- Fit model---
--- Overall training model took 335.695491076 ---
--- No histograms for 7 images ---
TP: 108 FP: 142 TN 1233 FN: 195
--- kfold: 4, accuracy: 0.799165673421, exp_mean*coverage: 0.379599822684
----- Overall exp mean: 0.378856748629
----- Overall kfold took 1670.8594141 ---
Got result -0.378857

Job file reloaded.
Completed successfully in 1671.25 seconds. [-0.378857]
setting job 20066 complete
set...
