Running in wrapper mode for '20068'

Running python job.

{u'nfeatures': array([43]), u'bow_size': array([866]), u'svm_gamma': array([ 0.03242389]), u'edgeThreshold': array([ 50.]), u'svm_C': array([ 3.]), u'sigma': array([ 0.85477061]), u'contrastThreshold': array([ 0.01225029])}
----- Fold: 0
Testing with 234 pos 1473 neg
Training with 1277 pos 5490 neg
--- Gather features---
--- Train BOW---
--- Make hists---
--- No histograms for 112 images ---
--- Fit model---
/usr/local/lib/python2.7/dist-packages/sklearn/svm/base.py:176: FutureWarning: elementwise comparison failed; returning scalar instead, but in the future will perform elementwise comparison
  (self.gamma == 'auto')):
/usr/local/lib/python2.7/dist-packages/sklearn/svm/base.py:179: FutureWarning: elementwise comparison failed; returning scalar instead, but in the future will perform elementwise comparison
  elif self.gamma == 'auto':
--- Overall training model took 1992.44934011 ---
--- No histograms for 78 images ---
TP: 98 FP: 154 TN 1319 FN: 136
--- kfold: 0, accuracy: 0.830111306385, exp_mean*coverage: 0.409514055275
----- Fold: 1
Testing with 361 pos 1372 neg
Training with 1150 pos 5591 neg
--- Gather features---
--- Train BOW---
--- Make hists---
--- No histograms for 156 images ---
--- Fit model---
--- Overall training model took 1966.44316888 ---
--- No histograms for 34 images ---
TP: 136 FP: 137 TN 1235 FN: 225
--- kfold: 1, accuracy: 0.791113675707, exp_mean*coverage: 0.392162512997
----- Fold: 2
Testing with 292 pos 1569 neg
Training with 1219 pos 5394 neg
--- Gather features---
--- Train BOW---
--- Make hists---
--- No histograms for 147 images ---
--- Fit model---
--- Overall training model took 1926.45768499 ---
--- No histograms for 43 images ---
TP: 105 FP: 105 TN 1464 FN: 187
--- kfold: 2, accuracy: 0.843095110156, exp_mean*coverage: 0.401845467746
----- Fold: 3
Testing with 321 pos 1174 neg
Training with 1190 pos 5789 neg
--- Gather features---
--- Train BOW---
--- Make hists---
--- No histograms for 162 images ---
--- Fit model---
--- Overall training model took 2012.81551719 ---
--- No histograms for 28 images ---
TP: 149 FP: 82 TN 1092 FN: 172
--- kfold: 3, accuracy: 0.830100334448, exp_mean*coverage: 0.486150006325
----- Fold: 4
Testing with 303 pos 1375 neg
Training with 1208 pos 5588 neg
--- Gather features---
--- Train BOW---
--- Make hists---
--- No histograms for 183 images ---
--- Fit model---
--- Overall training model took 1978.95674992 ---
--- No histograms for 7 images ---
TP: 101 FP: 153 TN 1222 FN: 202
--- kfold: 4, accuracy: 0.788438617402, exp_mean*coverage: 0.355376283237
----- Overall exp mean: 0.409009665116
----- Overall kfold took 10032.701581 ---
Got result -0.409010

Job file reloaded.
Completed successfully in 10032.97 seconds. [-0.409010]
setting job 20068 complete
set...
