Running in wrapper mode for '20028'

Running python job.

{u'nfeatures': array([10]), u'bow_size': array([100]), u'svm_gamma': array([ 3.]), u'edgeThreshold': array([ 26.5080545]), u'svm_C': array([ 3.]), u'sigma': array([ 0.9]), u'contrastThreshold': array([ 0.1])}
----- Fold: 0
Testing with 234 pos 1473 neg
Training with 1277 pos 5490 neg
--- Gather features---
--- Train BOW---
--- Make hists---
--- No histograms for 5483 images ---
--- Fit model---
/usr/local/lib/python2.7/dist-packages/sklearn/svm/base.py:176: FutureWarning: elementwise comparison failed; returning scalar instead, but in the future will perform elementwise comparison
  (self.gamma == 'auto')):
/usr/local/lib/python2.7/dist-packages/sklearn/svm/base.py:179: FutureWarning: elementwise comparison failed; returning scalar instead, but in the future will perform elementwise comparison
  elif self.gamma == 'auto':
--- Overall training model took 34.2388679981 ---
--- No histograms for 1481 images ---
TP: 7 FP: 6 TN 1467 FN: 227
--- kfold: 0, accuracy: 0.863503222027, exp_mean*coverage: 0.00945549887374
----- Fold: 1
Testing with 361 pos 1372 neg
Training with 1150 pos 5591 neg
--- Gather features---
--- Train BOW---
--- Make hists---
--- No histograms for 5553 images ---
--- Fit model---
--- Overall training model took 29.1325850487 ---
--- No histograms for 1411 images ---
TP: 9 FP: 6 TN 1366 FN: 352
--- kfold: 1, accuracy: 0.793421811887, exp_mean*coverage: 0.0115685204488
----- Fold: 2
Testing with 292 pos 1569 neg
Training with 1219 pos 5394 neg
--- Gather features---
--- Train BOW---
--- Make hists---
--- No histograms for 5455 images ---
--- Fit model---
--- Overall training model took 27.6442930698 ---
--- No histograms for 1509 images ---
TP: 2 FP: 13 TN 1556 FN: 290
--- kfold: 2, accuracy: 0.837184309511, exp_mean*coverage: 0.00443821446335
----- Fold: 3
Testing with 321 pos 1174 neg
Training with 1190 pos 5789 neg
--- Gather features---
--- Train BOW---
--- Make hists---
--- No histograms for 5729 images ---
--- Fit model---
--- Overall training model took 31.8176879883 ---
--- No histograms for 1235 images ---
TP: 6 FP: 2 TN 1172 FN: 315
--- kfold: 3, accuracy: 0.787959866221, exp_mean*coverage: 0.00876538446266
----- Fold: 4
Testing with 303 pos 1375 neg
Training with 1208 pos 5588 neg
--- Gather features---
--- Train BOW---
--- Make hists---
--- No histograms for 5636 images ---
--- Fit model---
--- Overall training model took 27.6385531425 ---
--- No histograms for 1328 images ---
TP: 14 FP: 10 TN 1365 FN: 289
--- kfold: 4, accuracy: 0.821811680572, exp_mean*coverage: 0.0205230811015
----- Overall exp mean: 0.01095013987
----- Overall kfold took 183.54654789 ---
Got result -0.010950

Job file reloaded.
Completed successfully in 183.82 seconds. [-0.010950]
setting job 20028 complete
set...
