Running in wrapper mode for '20063'

Running python job.

{u'nfeatures': array([44]), u'bow_size': array([100]), u'svm_gamma': array([ 0.0608986]), u'edgeThreshold': array([ 50.]), u'svm_C': array([ 3.]), u'sigma': array([ 0.71951191]), u'contrastThreshold': array([ 0.01263932])}
----- Fold: 0
Testing with 234 pos 1473 neg
Training with 1277 pos 5490 neg
--- Gather features---
--- Train BOW---
--- Make hists---
--- No histograms for 154 images ---
--- Fit model---
/usr/local/lib/python2.7/dist-packages/sklearn/svm/base.py:176: FutureWarning: elementwise comparison failed; returning scalar instead, but in the future will perform elementwise comparison
  (self.gamma == 'auto')):
/usr/local/lib/python2.7/dist-packages/sklearn/svm/base.py:179: FutureWarning: elementwise comparison failed; returning scalar instead, but in the future will perform elementwise comparison
  elif self.gamma == 'auto':
--- Overall training model took 286.297194958 ---
--- No histograms for 95 images ---
TP: 87 FP: 175 TN 1298 FN: 147
--- kfold: 0, accuracy: 0.81136496778, exp_mean*coverage: 0.360358663552
----- Fold: 1
Testing with 361 pos 1372 neg
Training with 1150 pos 5591 neg
--- Gather features---
--- Train BOW---
--- Make hists---
--- No histograms for 205 images ---
--- Fit model---
--- Overall training model took 288.611579895 ---
--- No histograms for 44 images ---
TP: 151 FP: 144 TN 1228 FN: 210
--- kfold: 1, accuracy: 0.795729948067, exp_mean*coverage: 0.417504194386
----- Fold: 2
Testing with 292 pos 1569 neg
Training with 1219 pos 5394 neg
--- Gather features---
--- Train BOW---
--- Make hists---
--- No histograms for 187 images ---
--- Fit model---
--- Overall training model took 290.057116985 ---
--- No histograms for 62 images ---
TP: 115 FP: 152 TN 1417 FN: 177
--- kfold: 2, accuracy: 0.823213326169, exp_mean*coverage: 0.402094486899
----- Fold: 3
Testing with 321 pos 1174 neg
Training with 1190 pos 5789 neg
--- Gather features---
--- Train BOW---
--- Make hists---
--- No histograms for 215 images ---
--- Fit model---
--- Overall training model took 334.442892075 ---
--- No histograms for 34 images ---
TP: 130 FP: 87 TN 1087 FN: 191
--- kfold: 3, accuracy: 0.814046822742, exp_mean*coverage: 0.433581052987
----- Fold: 4
Testing with 303 pos 1375 neg
Training with 1208 pos 5588 neg
--- Gather features---
--- Train BOW---
--- Make hists---
--- No histograms for 235 images ---
--- Fit model---
--- Overall training model took 314.235498905 ---
--- No histograms for 14 images ---
TP: 94 FP: 148 TN 1227 FN: 209
--- kfold: 4, accuracy: 0.787246722288, exp_mean*coverage: 0.337733038497
----- Overall exp mean: 0.390254287264
----- Overall kfold took 1590.86183214 ---
Got result -0.390254

Job file reloaded.
Completed successfully in 1591.11 seconds. [-0.390254]
setting job 20063 complete
set...
