Running in wrapper mode for '20007'

Running python job.

{u'nfeatures': array([50]), u'bow_size': array([100]), u'svm_gamma': array([ 3.]), u'edgeThreshold': array([ 35.04940616]), u'svm_C': array([ 3.]), u'sigma': array([ 0.9]), u'contrastThreshold': array([ 0.01780448])}
----- Fold: 0
Testing with 234 pos 1473 neg
Training with 1277 pos 5490 neg
--- Gather features---
--- Train BOW---
--- Make hists---
--- No histograms for 258 images ---
--- Fit model---
/usr/local/lib/python2.7/dist-packages/sklearn/svm/base.py:176: FutureWarning: elementwise comparison failed; returning scalar instead, but in the future will perform elementwise comparison
  (self.gamma == 'auto')):
/usr/local/lib/python2.7/dist-packages/sklearn/svm/base.py:179: FutureWarning: elementwise comparison failed; returning scalar instead, but in the future will perform elementwise comparison
  elif self.gamma == 'auto':
--- Overall training model took 247.839225054 ---
--- No histograms for 145 images ---
TP: 0 FP: 1 TN 1472 FN: 234
--- kfold: 0, accuracy: 0.862331575864, exp_mean*coverage: 0.0
----- Fold: 1
Testing with 361 pos 1372 neg
Training with 1150 pos 5591 neg
--- Gather features---
--- Train BOW---
--- Make hists---
--- No histograms for 324 images ---
--- Fit model---
--- Overall training model took 301.325396061 ---
--- No histograms for 79 images ---
TP: 0 FP: 3 TN 1369 FN: 361
--- kfold: 1, accuracy: 0.789959607617, exp_mean*coverage: 0.0
----- Fold: 2
Testing with 292 pos 1569 neg
Training with 1219 pos 5394 neg
--- Gather features---
--- Train BOW---
--- Make hists---
--- No histograms for 316 images ---
--- Fit model---
--- Overall training model took 238.068288088 ---
--- No histograms for 87 images ---
TP: 0 FP: 3 TN 1566 FN: 292
--- kfold: 2, accuracy: 0.841483073616, exp_mean*coverage: 0.0
----- Fold: 3
Testing with 321 pos 1174 neg
Training with 1190 pos 5789 neg
--- Gather features---
--- Train BOW---
--- Make hists---
--- No histograms for 350 images ---
--- Fit model---
--- Overall training model took 313.519932985 ---
--- No histograms for 53 images ---
TP: 0 FP: 2 TN 1172 FN: 321
--- kfold: 3, accuracy: 0.783946488294, exp_mean*coverage: 0.0
----- Fold: 4
Testing with 303 pos 1375 neg
Training with 1208 pos 5588 neg
--- Gather features---
--- Train BOW---
--- Make hists---
--- No histograms for 364 images ---
--- Fit model---
--- Overall training model took 298.523578167 ---
--- No histograms for 39 images ---
TP: 1 FP: 4 TN 1371 FN: 302
--- kfold: 4, accuracy: 0.817640047676, exp_mean*coverage: 0.013381070221
----- Overall exp mean: 0.0026762140442
----- Overall kfold took 1476.64662099 ---
Got result -0.002676

Job file reloaded.
Completed successfully in 1476.90 seconds. [-0.002676]
setting job 20007 complete
set...
