Running in wrapper mode for '20043'

Running python job.

{u'nfeatures': array([50]), u'bow_size': array([100]), u'svm_gamma': array([-1.11351867]), u'edgeThreshold': array([ 50.]), u'svm_C': array([ 3.]), u'sigma': array([ 0.9]), u'contrastThreshold': array([ 0.06794737])}
----- Fold: 0
Testing with 234 pos 1473 neg
Training with 1277 pos 5490 neg
--- Gather features---
--- Train BOW---
--- Make hists---
--- No histograms for 4183 images ---
--- Fit model---
/usr/local/lib/python2.7/dist-packages/sklearn/svm/base.py:176: FutureWarning: elementwise comparison failed; returning scalar instead, but in the future will perform elementwise comparison
  (self.gamma == 'auto')):
/usr/local/lib/python2.7/dist-packages/sklearn/svm/base.py:179: FutureWarning: elementwise comparison failed; returning scalar instead, but in the future will perform elementwise comparison
  elif self.gamma == 'auto':
--- Overall training model took 61.3204979897 ---
--- No histograms for 1170 images ---
TP: 16 FP: 20 TN 1453 FN: 218
--- kfold: 0, accuracy: 0.86057410662, exp_mean*coverage: 0.0410703946981
----- Fold: 1
Testing with 361 pos 1372 neg
Training with 1150 pos 5591 neg
--- Gather features---
--- Train BOW---
--- Make hists---
--- No histograms for 4295 images ---
--- Fit model---
--- Overall training model took 70.3278388977 ---
--- No histograms for 1058 images ---
TP: 33 FP: 28 TN 1344 FN: 328
--- kfold: 1, accuracy: 0.794575879977, exp_mean*coverage: 0.0624581748224
----- Fold: 2
Testing with 292 pos 1569 neg
Training with 1219 pos 5394 neg
--- Gather features---
--- Train BOW---
--- Make hists---
--- No histograms for 4147 images ---
--- Fit model---
--- Overall training model took 54.8562998772 ---
--- No histograms for 1206 images ---
TP: 14 FP: 30 TN 1539 FN: 278
--- kfold: 2, accuracy: 0.834497581945, exp_mean*coverage: 0.0348643239654
----- Fold: 3
Testing with 321 pos 1174 neg
Training with 1190 pos 5789 neg
--- Gather features---
--- Train BOW---
--- Make hists---
--- No histograms for 4421 images ---
--- Fit model---
--- Overall training model took 61.0858199596 ---
--- No histograms for 932 images ---
TP: 20 FP: 6 TN 1168 FN: 301
--- kfold: 3, accuracy: 0.794648829431, exp_mean*coverage: 0.0465443243017
----- Fold: 4
Testing with 303 pos 1375 neg
Training with 1208 pos 5588 neg
--- Gather features---
--- Train BOW---
--- Make hists---
--- No histograms for 4366 images ---
--- Fit model---
--- Overall training model took 56.1960330009 ---
--- No histograms for 987 images ---
TP: 37 FP: 31 TN 1344 FN: 266
--- kfold: 4, accuracy: 0.823003575685, exp_mean*coverage: 0.0817380760393
----- Overall exp mean: 0.0533350587654
----- Overall kfold took 345.447041988 ---
Got result -0.053335

Job file reloaded.
Completed successfully in 345.75 seconds. [-0.053335]
setting job 20043 complete
set...
