Running in wrapper mode for '20072'

Running python job.

{u'nfeatures': array([50]), u'bow_size': array([788]), u'svm_gamma': array([ 0.06699167]), u'edgeThreshold': array([ 50.]), u'svm_C': array([ 3.]), u'sigma': array([ 0.76902352]), u'contrastThreshold': array([ 0.01406337])}
----- Fold: 0
Testing with 234 pos 1473 neg
Training with 1277 pos 5490 neg
--- Gather features---
--- Train BOW---
--- Make hists---
--- No histograms for 186 images ---
--- Fit model---
/usr/local/lib/python2.7/dist-packages/sklearn/svm/base.py:176: FutureWarning: elementwise comparison failed; returning scalar instead, but in the future will perform elementwise comparison
  (self.gamma == 'auto')):
/usr/local/lib/python2.7/dist-packages/sklearn/svm/base.py:179: FutureWarning: elementwise comparison failed; returning scalar instead, but in the future will perform elementwise comparison
  elif self.gamma == 'auto':
--- Overall training model took 2010.62371492 ---
--- No histograms for 112 images ---
TP: 71 FP: 156 TN 1317 FN: 163
--- kfold: 0, accuracy: 0.813122437024, exp_mean*coverage: 0.31403592554
----- Fold: 1
Testing with 361 pos 1372 neg
Training with 1150 pos 5591 neg
--- Gather features---
--- Train BOW---
--- Make hists---
--- No histograms for 243 images ---
--- Fit model---
--- Overall training model took 1989.91672707 ---
--- No histograms for 55 images ---
TP: 153 FP: 133 TN 1239 FN: 208
--- kfold: 1, accuracy: 0.803231390652, exp_mean*coverage: 0.425487353871
----- Fold: 2
Testing with 292 pos 1569 neg
Training with 1219 pos 5394 neg
--- Gather features---
--- Train BOW---
--- Make hists---
--- No histograms for 223 images ---
--- Fit model---
--- Overall training model took 1886.20501304 ---
--- No histograms for 75 images ---
TP: 106 FP: 115 TN 1454 FN: 186
--- kfold: 2, accuracy: 0.838259000537, exp_mean*coverage: 0.39284832152
----- Fold: 3
Testing with 321 pos 1174 neg
Training with 1190 pos 5789 neg
--- Gather features---
--- Train BOW---
--- Make hists---
--- No histograms for 260 images ---
--- Fit model---
--- Overall training model took 1980.78272891 ---
--- No histograms for 38 images ---
TP: 148 FP: 87 TN 1087 FN: 173
--- kfold: 3, accuracy: 0.826086956522, exp_mean*coverage: 0.47656089631
----- Fold: 4
Testing with 303 pos 1375 neg
Training with 1208 pos 5588 neg
--- Gather features---
--- Train BOW---
--- Make hists---
--- No histograms for 280 images ---
--- Fit model---
--- Overall training model took 1956.99261498 ---
--- No histograms for 18 images ---
TP: 104 FP: 138 TN 1237 FN: 199
--- kfold: 4, accuracy: 0.799165673421, exp_mean*coverage: 0.368660338235
----- Overall exp mean: 0.395518567095
----- Overall kfold took 9973.17652702 ---
Got result -0.395519

Job file reloaded.
Completed successfully in 9973.49 seconds. [-0.395519]
setting job 20072 complete
set...
